[2026-02-19 08:30:02] Watchdog started (5-minute health checks).
[2026-02-19 08:30:02] Started app process (PID 19520).
[2026-02-19 08:30:02] Started ngrok process (PID 2604).
[2026-02-19 08:30:05] Ngrok public URL: https://unlevel-marceline-nondependably.ngrok-free.dev
[2026-02-19 08:30:05] App health check passed.
[2026-02-19 08:30:05] Ngrok process is not running. Restarting ngrok.
[2026-02-19 08:30:05] Started ngrok process (PID 10232).
[2026-02-19 08:30:07] Ngrok public URL: https://unlevel-marceline-nondependably.ngrok-free.dev
[2026-02-19 08:30:07] Ngrok health check passed.
[2026-02-19 08:35:07] App health check passed.
[2026-02-19 08:35:07] Ngrok process is not running. Restarting ngrok.
[2026-02-19 08:35:07] Started ngrok process (PID 16152).
[2026-02-19 08:35:09] Ngrok public URL: https://unlevel-marceline-nondependably.ngrok-free.dev
[2026-02-19 08:35:09] Ngrok health check passed.
[2026-02-19 08:40:09] App health check passed.
[2026-02-19 08:40:09] Ngrok process is not running. Restarting ngrok.
[2026-02-19 08:40:09] Started ngrok process (PID 11960).
[2026-02-19 08:40:11] Ngrok public URL: https://unlevel-marceline-nondependably.ngrok-free.dev
[2026-02-19 08:40:11] Ngrok health check passed.
[2026-02-19 08:45:11] App health check passed.
[2026-02-19 08:45:11] Ngrok process is not running. Restarting ngrok.
[2026-02-19 08:45:11] Started ngrok process (PID 18976).
[2026-02-19 08:45:13] Ngrok public URL: https://unlevel-marceline-nondependably.ngrok-free.dev
[2026-02-19 08:45:13] Ngrok health check passed.
[2026-02-19 08:50:13] App health check passed.
[2026-02-19 08:50:13] Ngrok process is not running. Restarting ngrok.
[2026-02-19 08:50:13] Started ngrok process (PID 8356).
[2026-02-19 08:50:15] Ngrok public URL: https://unlevel-marceline-nondependably.ngrok-free.dev
[2026-02-19 08:50:15] Ngrok health check passed.
[2026-02-19 08:55:15] App health check passed.
[2026-02-19 08:55:15] Ngrok process is not running. Restarting ngrok.
[2026-02-19 08:55:15] Started ngrok process (PID 20600).
[2026-02-19 08:55:17] Ngrok public URL: https://unlevel-marceline-nondependably.ngrok-free.dev
[2026-02-19 08:55:17] Ngrok health check passed.
[2026-02-19 09:00:17] App health check passed.
[2026-02-19 09:00:17] Ngrok process is not running. Restarting ngrok.
[2026-02-19 09:00:17] Started ngrok process (PID 20028).
[2026-02-19 09:00:19] Ngrok public URL: https://unlevel-marceline-nondependably.ngrok-free.dev
[2026-02-19 09:00:19] Ngrok health check passed.
[2026-02-19 09:05:19] App health check passed.
[2026-02-19 09:05:19] Ngrok process is not running. Restarting ngrok.
[2026-02-19 09:05:19] Started ngrok process (PID 17664).
[2026-02-19 09:05:21] Ngrok public URL: https://unlevel-marceline-nondependably.ngrok-free.dev
[2026-02-19 09:05:21] Ngrok health check passed.
[2026-02-19 09:10:21] App health check passed.
[2026-02-19 09:10:21] Ngrok process is not running. Restarting ngrok.
[2026-02-19 09:10:21] Started ngrok process (PID 17720).
[2026-02-19 09:10:23] Ngrok public URL: https://unlevel-marceline-nondependably.ngrok-free.dev
[2026-02-19 09:10:23] Ngrok health check passed.
[2026-02-19 09:15:23] App health check passed.
[2026-02-19 09:15:23] Ngrok process is not running. Restarting ngrok.
[2026-02-19 09:15:23] Started ngrok process (PID 21656).
[2026-02-19 09:15:25] Ngrok public URL: https://unlevel-marceline-nondependably.ngrok-free.dev
[2026-02-19 09:15:25] Ngrok health check passed.
[2026-02-19 09:20:25] App health check passed.
[2026-02-19 09:20:26] Ngrok process is not running. Restarting ngrok.
[2026-02-19 09:20:26] Started ngrok process (PID 15428).
[2026-02-19 09:20:28] Ngrok public URL: https://unlevel-marceline-nondependably.ngrok-free.dev
[2026-02-19 09:20:28] Ngrok health check passed.
[2026-02-19 09:25:28] App health check passed.
[2026-02-19 09:25:28] Ngrok process is not running. Restarting ngrok.
[2026-02-19 09:25:28] Started ngrok process (PID 9704).
[2026-02-19 09:25:30] Ngrok public URL: https://unlevel-marceline-nondependably.ngrok-free.dev
[2026-02-19 09:25:30] Ngrok health check passed.
[2026-02-19 09:30:30] App health check passed.
[2026-02-19 09:30:30] Ngrok process is not running. Restarting ngrok.
[2026-02-19 09:30:30] Started ngrok process (PID 12024).
[2026-02-19 09:30:32] Ngrok public URL: https://unlevel-marceline-nondependably.ngrok-free.dev
[2026-02-19 09:30:32] Ngrok health check passed.
[2026-02-19 09:35:32] App health check passed.
[2026-02-19 09:35:32] Ngrok process is not running. Restarting ngrok.
[2026-02-19 09:35:32] Started ngrok process (PID 15972).
[2026-02-19 09:35:34] Ngrok public URL: https://unlevel-marceline-nondependably.ngrok-free.dev
[2026-02-19 09:35:34] Ngrok health check passed.
[2026-02-19 09:40:34] App health check passed.
[2026-02-19 09:40:34] Ngrok process is not running. Restarting ngrok.
[2026-02-19 09:40:34] Started ngrok process (PID 19076).
[2026-02-19 09:40:36] Ngrok public URL: https://unlevel-marceline-nondependably.ngrok-free.dev
[2026-02-19 09:40:36] Ngrok health check passed.
[2026-02-19 09:45:36] App health check passed.
[2026-02-19 09:45:36] Ngrok process is not running. Restarting ngrok.
[2026-02-19 09:45:36] Started ngrok process (PID 22196).
[2026-02-19 09:45:38] Ngrok public URL: https://unlevel-marceline-nondependably.ngrok-free.dev
[2026-02-19 09:45:38] Ngrok health check passed.
[2026-02-19 09:50:38] App health check passed.
[2026-02-19 09:50:38] Ngrok process is not running. Restarting ngrok.
[2026-02-19 09:50:38] Started ngrok process (PID 4508).
[2026-02-19 09:50:40] Ngrok public URL: https://unlevel-marceline-nondependably.ngrok-free.dev
[2026-02-19 09:50:40] Ngrok health check passed.
[2026-02-19 09:55:40] App health check passed.
[2026-02-19 09:55:40] Ngrok process is not running. Restarting ngrok.
[2026-02-19 09:55:41] Started ngrok process (PID 18244).
[2026-02-19 09:55:43] Ngrok public URL: https://unlevel-marceline-nondependably.ngrok-free.dev
[2026-02-19 09:55:43] Ngrok health check passed.
[2026-02-19 10:00:43] App health check passed.
[2026-02-19 10:00:43] Ngrok process is not running. Restarting ngrok.
[2026-02-19 10:00:43] Started ngrok process (PID 17916).
[2026-02-19 10:00:45] Ngrok public URL: https://unlevel-marceline-nondependably.ngrok-free.dev
[2026-02-19 10:00:45] Ngrok health check passed.
