[2026-02-10T10:00:23] BOT STARTED
[2026-02-10T10:00:33] Price: 207.84
[2026-02-10T10:00:43] Price: 207.6
[2026-02-10T10:00:53] Price: 207.73
[2026-02-10T10:01:03] Price: 207.83
[2026-02-10T10:01:13] Price: 207.77
[2026-02-10T10:01:23] Price: 207.82
[2026-02-10T10:01:33] Price: 207.9
[2026-02-10T10:01:43] Price: 207.9
[2026-02-10T10:01:53] Price: 207.87
[2026-02-10T10:02:03] Price: 207.85
[2026-02-10T10:02:13] Price: 207.9
[2026-02-10T10:02:23] Price: 207.87
[2026-02-10T10:02:33] Price: 207.89
[2026-02-10T10:02:43] Price: 207.95
[2026-02-10T10:02:53] Price: 208.04
[2026-02-10T10:03:03] Price: 207.78
[2026-02-10T10:03:13] Price: 207.72
[2026-02-10T10:03:23] Price: 207.72
[2026-02-10T10:03:33] Price: 207.7
[2026-02-10T10:03:43] Price: 207.62
[2026-02-10T10:03:54] Price: 207.61
[2026-02-10T10:04:03] Price: 207.55
[2026-02-10T10:04:14] Price: 207.38
[2026-02-10T10:04:24] Price: 207.23
[2026-02-10T10:04:34] Price: 206.9
[2026-02-10T10:04:44] Price: 206.72
[2026-02-10T10:04:54] Price: 207.16
[2026-02-10T10:05:04] Price: 206.9
[2026-02-10T10:05:14] Price: 207.4
[2026-02-10T10:05:24] Price: 207.19
[2026-02-10T10:05:34] Price: 206.94
[2026-02-10T10:05:44] Price: 206.9
[2026-02-10T10:05:54] Price: 206.89
[2026-02-10T10:06:04] Price: 206.71
[2026-02-10T10:06:14] Price: 207.93
[2026-02-10T10:06:25] Price: 207.91
[2026-02-10T10:06:34] Price: 207.85
[2026-02-10T10:06:44] Price: 207.85
[2026-02-10T10:06:54] Price: 207.76
[2026-02-10T10:07:04] Price: 207.75
[2026-02-10T10:07:14] Price: 207.87
[2026-02-10T10:07:24] Price: 207.93
[2026-02-10T10:07:34] Price: 208.02
[2026-02-10T10:07:44] Price: 208.02
[2026-02-10T10:07:54] Price: 208.07
[2026-02-10T10:08:04] Price: 208
[2026-02-10T10:08:14] Price: 207.95
[2026-02-10T10:08:24] Price: 208.06
[2026-02-10T10:08:34] Price: 208.05
[2026-02-10T10:08:44] Price: 207.97
[2026-02-10T10:08:54] Price: 207.97
[2026-02-10T10:09:04] Price: 207.98
[2026-02-10T10:09:14] Price: 207.79
[2026-02-10T10:09:24] Price: 207.78
[2026-02-10T10:09:37] BOT STARTED
[2026-02-10T10:09:48] Price: 207.86
[2026-02-10T10:09:48] BUY @ 207.86
[2026-02-10T10:09:58] Price: 207.82
[2026-02-10T10:10:08] Price: 207.95
[2026-02-10T10:10:18] Price: 207.95
[2026-02-10T10:10:28] Price: 207.9
[2026-02-10T10:10:38] Price: 207.9
[2026-02-10T10:10:48] Price: 207.87
[2026-02-10T10:10:58] Price: 207.83
[2026-02-10T10:11:08] Price: 207.8
[2026-02-10T10:11:18] Price: 208.08
[2026-02-10T10:11:28] Price: 207.9
[2026-02-10T10:11:38] Price: 208
[2026-02-10T10:11:48] Price: 208.04
[2026-02-10T10:11:58] Price: 208.11
[2026-02-10T10:12:08] Price: 208.28
[2026-02-10T10:12:18] Price: 208.25
[2026-02-10T10:12:28] Price: 208.32
[2026-02-10T10:12:38] Price: 208.49
[2026-02-10T10:12:48] Price: 208.7
[2026-02-10T10:12:58] Price: 208.7
[2026-02-10T10:13:08] Price: 208.85
[2026-02-10T10:13:18] Price: 208.92
[2026-02-10T10:13:28] Price: 209
[2026-02-10T10:13:38] Price: 208.96
[2026-02-10T10:13:48] Price: 209.12
[2026-02-10T10:13:53] BOT STARTED
[2026-02-10T10:14:04] Price: 209
[2026-02-10T10:14:14] Price: 208.98
[2026-02-10T10:14:24] Price: 209
[2026-02-10T10:14:34] Price: 209
[2026-02-10T10:14:44] Price: 208.99
[2026-02-10T10:14:54] Price: 208.99
[2026-02-10T10:17:00] BOT STARTED
[2026-02-10T10:17:10] Price: 210.27
[2026-02-10T10:17:10] BUY @ 210.27
[2026-02-10T10:17:20] Price: 209.79
[2026-02-10T10:17:30] Price: 209.7
[2026-02-10T10:17:40] Price: 209.88
[2026-02-10T10:17:50] Price: 210.21
[2026-02-10T10:18:00] Price: 210.15
[2026-02-10T10:18:11] Price: 210.06
[2026-02-10T10:18:20] Price: 210.01
[2026-02-10T10:18:32] Price: 210.15
[2026-02-10T10:18:40] Price: 210.06
[2026-02-10T10:18:50] Price: 210.05
[2026-02-10T10:19:00] Price: 210
[2026-02-10T10:19:10] Price: 210.03
[2026-02-10T10:19:20] Price: 210.9
[2026-02-10T10:19:30] Price: 211.03
[2026-02-10T10:19:41] Price: 211
[2026-02-10T10:19:50] Price: 210.95
[2026-02-10T10:20:00] Price: 210.57
[2026-02-10T10:20:10] Price: 210.5
[2026-02-10T10:20:20] Price: 210.26
[2026-02-10T10:20:31] Price: 210.16
[2026-02-10T10:20:41] Price: 210
[2026-02-10T10:20:51] Price: 210.09
[2026-02-10T10:21:01] Price: 209.71
[2026-02-10T10:21:11] Price: 209.91
[2026-02-10T10:21:21] Price: 210.1
[2026-02-10T10:21:31] Price: 210.2
[2026-02-10T10:21:41] Price: 210.01
[2026-02-10T10:21:51] Price: 210.07
[2026-02-10T10:22:01] Price: 209.97
[2026-02-10T10:22:11] Price: 209.74
[2026-02-10T10:22:21] Price: 209.7
[2026-02-10T10:22:31] Price: 209.63
[2026-02-10T10:22:41] Price: 209.51
[2026-02-10T10:22:51] Price: 209.49
[2026-02-10T10:23:01] Price: 210.15
[2026-02-10T10:23:11] Price: 209.92
[2026-02-10T10:23:21] Price: 209.92
[2026-02-10T10:23:31] Price: 209.89
[2026-02-10T10:23:41] Price: 210
[2026-02-10T10:23:51] Price: 209.93
[2026-02-10T10:24:01] Price: 209.86
[2026-02-10T10:24:11] Price: 209.84
[2026-02-10T10:24:21] Price: 210.04
[2026-02-10T10:24:31] Price: 210
[2026-02-10T10:24:41] Price: 209.92
[2026-02-10T10:24:51] Price: 209.87
[2026-02-10T10:25:01] Price: 209.85
[2026-02-10T10:25:11] Price: 209.99
[2026-02-10T10:25:21] Price: 209.99
[2026-02-10T10:25:31] Price: 209.99
[2026-02-10T10:25:41] Price: 209.97
[2026-02-10T10:25:51] Price: 210.04
[2026-02-10T10:26:01] Price: 210.02
[2026-02-10T10:26:11] Price: 210
[2026-02-10T10:26:21] Price: 209.99
[2026-02-10T10:26:31] Price: 209.85
[2026-02-10T10:26:41] Price: 209.85
[2026-02-10T10:26:51] Price: 209.96
[2026-02-10T10:27:01] Price: 209.94
[2026-02-10T10:27:11] Price: 209.9
[2026-02-10T10:27:21] Price: 209.94
[2026-02-10T10:27:31] Price: 209.93
[2026-02-10T10:27:41] Price: 209.98
[2026-02-10T10:27:51] Price: 209.89
[2026-02-10T10:28:01] Price: 209.92
[2026-02-10T10:28:11] Price: 209.78
[2026-02-10T10:28:21] Price: 209.66
[2026-02-10T10:28:31] Price: 209.68
[2026-02-10T10:28:41] Price: 209.4
[2026-02-10T10:28:51] Price: 209.33
[2026-02-10T10:29:01] Price: 209.54
[2026-02-10T10:29:11] Price: 209.63
[2026-02-10T10:29:11] SELL @ 209.63 | P/L -0.64
[2026-02-10T10:29:21] Price: 209.6
[2026-02-10T10:29:31] Price: 209.6
[2026-02-10T10:29:41] Price: 209.69
[2026-02-10T10:29:51] Price: 209.69
[2026-02-10T10:30:01] Price: 209.68
[2026-02-10T10:30:11] Price: 209.61
[2026-02-10T10:30:21] Price: 209.55
[2026-02-10T10:30:31] Price: 209.56
[2026-02-10T10:30:41] Price: 209.5
[2026-02-10T10:30:51] Price: 209.63
[2026-02-10T10:31:01] Price: 209.83
[2026-02-10T10:31:11] Price: 209.78
[2026-02-10T10:31:21] Price: 209.71
[2026-02-10T10:31:31] Price: 209.69
[2026-02-10T10:31:41] Price: 209.7
[2026-02-10T10:31:51] Price: 209.66
[2026-02-10T10:32:01] Price: 209.51
[2026-02-10T10:32:11] Price: 209.47
[2026-02-10T10:32:21] Price: 209.35
[2026-02-10T10:32:31] Price: 209.01
[2026-02-10T10:32:41] Price: 209.17
[2026-02-10T10:32:51] Price: 208.96
[2026-02-10T10:33:01] Price: 208.81
[2026-02-10T10:33:11] Price: 209.19
[2026-02-10T10:33:21] Price: 209.01
[2026-02-10T10:33:31] Price: 208.96
[2026-02-10T10:33:41] Price: 208.9
[2026-02-10T10:33:51] Price: 209
[2026-02-10T10:34:01] Price: 209.17
[2026-02-10T10:34:11] Price: 209.05
[2026-02-10T10:34:21] Price: 208.97
[2026-02-10T10:34:31] Price: 208.97
[2026-02-10T10:34:41] Price: 209
[2026-02-10T10:34:51] Price: 209.05
[2026-02-10T10:35:01] Price: 209.09
[2026-02-10T10:35:11] Price: 209.14
[2026-02-10T10:35:21] Price: 208.89
[2026-02-10T10:35:31] Price: 208.74
[2026-02-10T10:35:41] Price: 208.88
[2026-02-10T10:35:51] Price: 208.88
[2026-02-10T10:36:01] Price: 208.81
[2026-02-10T10:36:11] Price: 208.84
[2026-02-10T10:36:21] Price: 208.73
[2026-02-10T10:36:31] Price: 208.7
[2026-02-10T10:36:41] Price: 208.33
[2026-02-10T10:36:51] Price: 208.41
[2026-02-10T10:37:01] Price: 208.38
[2026-02-10T10:37:11] Price: 208.67
[2026-02-10T10:37:21] Price: 208.63
[2026-02-10T10:37:31] Price: 208.49
[2026-02-10T10:37:41] Price: 208.62
[2026-02-10T10:37:51] Price: 208.67
[2026-02-10T10:38:01] Price: 208.75
[2026-02-10T10:38:11] Price: 208.9
[2026-02-10T10:38:21] Price: 208.88
[2026-02-10T10:38:57] BOT STARTED
[2026-02-10T10:39:08] Price: 209.27
[2026-02-10T10:39:18] Price: 209.34
[2026-02-10T10:39:28] Price: 209.4
[2026-02-10T10:39:38] Price: 209.2
[2026-02-10T10:39:48] Price: 209.1
[2026-02-10T10:39:58] Price: 209.12
[2026-02-10T10:40:08] Price: 209.11
[2026-02-10T10:40:18] Price: 209.32
[2026-02-10T10:40:28] Price: 209.45
[2026-02-10T10:40:38] Price: 209.4
[2026-02-10T10:40:48] Price: 209.49
[2026-02-10T10:40:58] Price: 209.17
[2026-02-10T10:41:08] Price: 209.21
[2026-02-10T10:41:18] Price: 208.68
[2026-02-10T10:41:28] Price: 208.66
[2026-02-10T10:41:38] Price: 208.55
[2026-02-10T10:41:48] Price: 208.56
[2026-02-10T10:41:58] Price: 208.65
[2026-02-10T10:42:08] Price: 208.65
[2026-02-10T10:42:18] Price: 208.62
[2026-02-10T10:42:28] Price: 208.67
[2026-02-10T10:42:38] Price: 208.72
[2026-02-10T10:42:48] Price: 208.4
[2026-02-10T10:42:58] Price: 208.39
[2026-02-10T10:43:08] Price: 208.57
[2026-02-10T10:43:18] Price: 208.42
[2026-02-10T10:43:32] Price: 208.4
[2026-02-10T10:43:38] Price: 208.1
[2026-02-10T10:43:48] Price: 208.14
[2026-02-10T10:43:58] Price: 208.19
[2026-02-10T10:44:08] Price: 208.13
[2026-02-10T10:44:18] Price: 208.14
[2026-02-10T10:44:28] Price: 208.34
[2026-02-10T10:44:38] Price: 208.2
[2026-02-10T10:44:48] Price: 208.14
[2026-02-10T10:44:58] Price: 208.1
[2026-02-10T10:45:08] Price: 208.05
[2026-02-10T10:45:18] Price: 208.01
[2026-02-10T10:45:28] Price: 208.26
[2026-02-10T10:45:38] Price: 208.13
[2026-02-10T10:45:48] Price: 208.09
[2026-02-10T10:45:58] Price: 208.09
[2026-02-10T10:46:08] Price: 208.11
[2026-02-10T10:46:18] Price: 208.05
[2026-02-10T10:46:28] Price: 208.09
[2026-02-10T10:46:38] Price: 208.63
[2026-02-10T10:46:48] Price: 208.35
[2026-02-10T10:46:58] Price: 208.34
[2026-02-10T10:47:08] Price: 208.26
[2026-02-10T10:47:18] Price: 208.45
[2026-02-10T10:47:28] Price: 208.49
[2026-02-10T10:47:38] Price: 208.41
[2026-02-10T10:47:48] Price: 208.4
[2026-02-10T10:48:00] Price: 208.4
[2026-02-10T10:48:08] Price: 208.27
[2026-02-10T10:48:18] Price: 208.5
[2026-02-10T10:48:28] Price: 208.33
[2026-02-10T10:48:38] Price: 208.31
[2026-02-10T10:48:49] Price: 208.15
[2026-02-10T10:48:59] Price: 208.14
[2026-02-10T10:49:09] Price: 208.15
[2026-02-10T10:49:19] Price: 208.07
[2026-02-10T10:49:29] Price: 207.89
[2026-02-10T10:49:39] Price: 207.92
[2026-02-10T10:49:49] Price: 207.81
[2026-02-10T10:49:59] Price: 207.8
[2026-02-10T10:50:09] Price: 207.96
[2026-02-10T10:50:19] Price: 208
[2026-02-10T10:50:29] Price: 207.95
[2026-02-10T10:50:39] Price: 207.9
[2026-02-10T10:50:49] Price: 208.07
[2026-02-10T10:50:59] Price: 208.08
[2026-02-10T10:51:09] Price: 208.2
[2026-02-10T10:51:19] Price: 208.13
[2026-02-10T10:51:29] Price: 208.37
[2026-02-10T10:51:39] Price: 208.38
[2026-02-10T10:51:49] Price: 208.31
[2026-02-10T10:51:59] Price: 208.2
[2026-02-10T10:52:09] Price: 208.24
[2026-02-10T10:52:19] Price: 208.3
[2026-02-10T10:52:29] Price: 208.35
[2026-02-10T10:52:39] Price: 208.31
[2026-02-10T10:52:49] Price: 208.27
[2026-02-10T10:52:59] Price: 208.41
[2026-02-10T10:53:09] Price: 208.25
[2026-02-10T10:53:19] Price: 208.22
[2026-02-10T10:53:29] Price: 208.24
[2026-02-10T10:53:39] Price: 208.28
[2026-02-10T10:53:49] Price: 208.33
[2026-02-10T10:53:59] Price: 208.25
[2026-02-10T10:54:09] Price: 208.34
[2026-02-10T10:54:19] Price: 208.15
[2026-02-10T10:54:29] Price: 208.1
[2026-02-10T10:54:39] Price: 208.11
[2026-02-10T10:54:49] Price: 208.03
[2026-02-10T10:54:59] Price: 207.9
[2026-02-10T10:55:09] Price: 207.9
[2026-02-10T10:55:19] Price: 207.97
[2026-02-10T10:55:29] Price: 207.91
[2026-02-10T10:55:39] Price: 207.95
[2026-02-10T10:55:49] Price: 207.99
[2026-02-10T10:55:59] Price: 207.96
[2026-02-10T10:56:09] Price: 207.93
[2026-02-10T10:56:19] Price: 207.98
[2026-02-10T10:56:29] Price: 208.08
[2026-02-10T10:56:39] Price: 208.08
[2026-02-10T10:56:50] Price: 208.2
[2026-02-10T10:56:59] Price: 208.17
[2026-02-10T10:57:09] Price: 208.06
[2026-02-10T10:57:19] Price: 208.05
[2026-02-10T10:57:29] Price: 208.04
[2026-02-10T10:57:39] Price: 208.05
[2026-02-10T10:57:49] Price: 208.08
[2026-02-10T10:57:59] Price: 208.05
[2026-02-10T10:58:09] Price: 208.05
[2026-02-10T10:58:19] Price: 208.08
[2026-02-10T10:58:29] Price: 208.08
[2026-02-10T10:58:39] Price: 208.05
[2026-02-10T10:58:49] Price: 208.04
[2026-02-10T10:58:59] Price: 208.1
[2026-02-10T10:59:09] Price: 208.15
[2026-02-10T10:59:19] Price: 208
[2026-02-10T10:59:29] Price: 207.91
[2026-02-10T10:59:39] Price: 208.04
[2026-02-10T10:59:49] Price: 208.02
[2026-02-10T10:59:59] Price: 208
[2026-02-10T11:00:09] Price: 207.99
[2026-02-10T11:00:19] Price: 207.87
[2026-02-10T11:00:29] Price: 208.38
[2026-02-10T11:00:39] Price: 208.65
[2026-02-10T11:00:49] Price: 208.58
[2026-02-10T11:00:59] Price: 208.36
[2026-02-10T11:01:09] Price: 208.59
[2026-02-10T11:01:19] Price: 208.63
[2026-02-10T11:01:29] Price: 208.75
[2026-02-10T11:01:39] Price: 208.62
[2026-02-10T11:01:49] Price: 208.65
[2026-02-10T11:01:59] Price: 208.57
[2026-02-10T11:02:09] Price: 208.55
[2026-02-10T11:02:19] Price: 208.57
[2026-02-10T11:02:19] BUY @ 208.57
[2026-02-10T11:02:29] Price: 208.56
[2026-02-10T11:02:39] Price: 208.77
[2026-02-10T11:02:49] Price: 208.7
[2026-02-10T11:03:00] Price: 208.73
[2026-02-10T11:03:09] Price: 208.8
[2026-02-10T11:03:19] Price: 208.73
[2026-02-10T11:03:29] Price: 208.8
[2026-02-10T11:03:39] Price: 208.89
[2026-02-10T11:03:49] Price: 208.85
[2026-02-10T11:03:59] Price: 208.88
[2026-02-10T11:04:09] Price: 208.7
[2026-02-10T11:04:19] Price: 208.66
[2026-02-10T11:04:29] Price: 208.74
[2026-02-10T11:04:39] Price: 208.7
[2026-02-10T11:04:49] Price: 208.75
[2026-02-10T11:04:59] Price: 208.65
[2026-02-10T11:05:09] Price: 208.71
[2026-02-10T11:05:19] Price: 208.67
[2026-02-10T11:05:29] Price: 208.5
[2026-02-10T11:05:39] Price: 208.5
[2026-02-10T11:05:51] Price: 208.5
[2026-02-10T11:05:59] Price: 208.6
[2026-02-10T11:06:09] Price: 208.69
[2026-02-10T11:06:19] Price: 208.78
[2026-02-10T11:06:29] Price: 208.73
[2026-02-10T11:06:39] Price: 208.8
[2026-02-10T11:06:49] Price: 209.07
[2026-02-10T11:06:59] Price: 209.04
[2026-02-10T11:07:09] Price: 208.92
[2026-02-10T11:07:19] Price: 208.88
[2026-02-10T11:07:29] Price: 208.87
[2026-02-10T11:07:39] Price: 208.8
[2026-02-10T11:07:49] Price: 208.85
[2026-02-10T11:07:59] Price: 208.95
[2026-02-10T11:08:09] Price: 208.95
[2026-02-10T11:08:19] Price: 208.93
[2026-02-10T11:08:31] Price: 209.08
[2026-02-10T11:08:39] Price: 209.22
[2026-02-10T11:08:49] Price: 209.09
[2026-02-10T11:08:59] Price: 209.1
[2026-02-10T11:09:09] Price: 209.1
[2026-02-10T11:09:19] Price: 209.1
[2026-02-10T11:09:29] Price: 209.1
[2026-02-10T11:09:39] Price: 209.09
[2026-02-10T11:09:49] Price: 209.1
[2026-02-10T11:09:59] Price: 209.15
[2026-02-10T11:10:09] Price: 209.07
[2026-02-10T11:10:19] Price: 209.09
[2026-02-10T11:10:29] Price: 208.99
[2026-02-10T11:10:39] Price: 208.96
[2026-02-10T11:10:49] Price: 208.88
[2026-02-10T11:11:00] Price: 208.85
[2026-02-10T11:11:11] Price: 208.9
[2026-02-10T11:11:20] Price: 208.75
[2026-02-10T11:11:30] Price: 208.84
[2026-02-10T11:11:40] Price: 208.75
[2026-02-10T11:11:50] Price: 208.75
[2026-02-10T11:12:00] Price: 208.8
[2026-02-10T11:12:10] Price: 208.68
[2026-02-10T11:12:20] Price: 208.6
[2026-02-10T11:12:30] Price: 208.52
[2026-02-10T11:12:40] Price: 208.55
[2026-02-10T11:12:50] Price: 208.59
[2026-02-10T11:13:00] Price: 208.41
[2026-02-10T11:13:10] Price: 208.33
[2026-02-10T11:13:20] Price: 208.44
[2026-02-10T11:13:30] Price: 208.38
[2026-02-10T11:13:40] Price: 208.38
[2026-02-10T11:13:50] Price: 208.4
[2026-02-10T11:14:00] Price: 208.4
[2026-02-10T11:14:10] Price: 208.36
[2026-02-10T11:14:20] Price: 208.36
[2026-02-10T11:14:30] Price: 208.36
[2026-02-10T11:14:40] Price: 208.3
[2026-02-10T11:14:50] Price: 208.36
[2026-02-10T11:15:00] Price: 208.34
[2026-02-10T11:15:10] Price: 208.4
[2026-02-10T11:15:20] Price: 208.48
[2026-02-10T11:15:30] Price: 208.4
[2026-02-10T11:15:40] Price: 208.49
[2026-02-10T11:15:50] Price: 208.5
[2026-02-10T11:16:00] Price: 208.89
[2026-02-10T11:16:10] Price: 208.86
[2026-02-10T11:16:20] Price: 208.95
[2026-02-10T11:16:30] Price: 208.95
[2026-02-10T11:16:40] Price: 208.86
[2026-02-10T11:16:50] Price: 208.8
[2026-02-10T11:17:00] Price: 208.72
[2026-02-10T11:17:10] Price: 208.77
[2026-02-10T11:17:20] Price: 208.71
[2026-02-10T11:17:30] Price: 208.7
[2026-02-10T11:17:40] Price: 208.67
[2026-02-10T11:17:50] Price: 208.68
[2026-02-10T11:18:01] Price: 208.61
[2026-02-10T11:18:10] Price: 208.61
[2026-02-10T11:18:20] Price: 208.55
[2026-02-10T11:18:30] Price: 208.51
[2026-02-10T11:18:40] Price: 208.57
[2026-02-10T11:18:50] Price: 208.61
[2026-02-10T11:19:00] Price: 208.64
[2026-02-10T11:19:10] Price: 208.64
[2026-02-10T11:19:20] Price: 208.61
[2026-02-10T11:19:30] Price: 208.6
[2026-02-10T11:19:40] Price: 208.52
[2026-02-10T11:19:50] Price: 208.58
[2026-02-10T11:20:00] Price: 208.58
[2026-02-10T11:20:10] Price: 208.6
[2026-02-10T11:20:20] Price: 208.6
[2026-02-10T11:20:30] Price: 208.53
[2026-02-10T11:20:40] Price: 208.59
[2026-02-10T11:20:50] Price: 208.6
[2026-02-10T11:21:00] Price: 208.72
[2026-02-10T11:21:10] Price: 208.74
[2026-02-10T11:21:20] Price: 208.7
[2026-02-10T11:21:30] Price: 208.78
[2026-02-10T11:21:40] Price: 208.68
[2026-02-10T11:21:50] Price: 208.6
[2026-02-10T11:22:00] Price: 208.25
[2026-02-10T11:22:10] Price: 208.52
[2026-02-10T11:22:20] Price: 208.5
[2026-02-10T11:22:30] Price: 208.39
[2026-02-10T11:22:40] Price: 208.49
[2026-02-10T11:22:51] Price: 208.39
[2026-02-10T11:23:00] Price: 208.51
[2026-02-10T11:23:10] Price: 208.59
[2026-02-10T11:23:20] Price: 208.47
[2026-02-10T11:23:30] Price: 208.5
[2026-02-10T11:23:40] Price: 208.47
[2026-02-10T11:23:50] Price: 208.42
[2026-02-10T11:24:00] Price: 208.46
[2026-02-10T11:24:10] Price: 208.49
[2026-02-10T11:24:20] Price: 208.48
[2026-02-10T11:24:30] Price: 208.5
[2026-02-10T11:24:40] Price: 208.53
[2026-02-10T11:24:50] Price: 208.53
[2026-02-10T11:25:00] Price: 208.52
[2026-02-10T11:25:10] Price: 208.53
[2026-02-10T11:25:20] Price: 208.53
[2026-02-10T11:25:30] Price: 208.57
[2026-02-10T11:25:40] Price: 208.6
[2026-02-10T11:25:50] Price: 208.6
[2026-02-10T11:26:00] Price: 208.6
[2026-02-10T11:26:10] Price: 208.58
[2026-02-10T11:26:20] Price: 208.5
[2026-02-10T11:26:30] Price: 208.51
[2026-02-10T11:26:40] Price: 208.58
[2026-02-10T11:26:52] Price: 208.55
[2026-02-10T11:27:00] Price: 208.58
[2026-02-10T11:27:10] Price: 208.58
[2026-02-10T11:27:20] Price: 208.57
[2026-02-10T11:27:30] Price: 208.6
[2026-02-10T11:27:40] Price: 208.57
[2026-02-10T11:27:50] Price: 208.53
[2026-02-10T11:28:00] Price: 208.59
[2026-02-10T11:28:10] Price: 208.3
[2026-02-10T11:28:20] Price: 208.26
[2026-02-10T11:28:30] Price: 208.09
[2026-02-10T11:28:40] Price: 208.39
[2026-02-10T11:28:50] Price: 208.46
[2026-02-10T11:29:00] Price: 208.45
[2026-02-10T11:29:10] Price: 208.45
[2026-02-10T11:29:20] Price: 208.4
[2026-02-10T11:29:30] Price: 208.46
[2026-02-10T11:29:40] Price: 208.45
[2026-02-10T11:29:50] Price: 208.44
[2026-02-10T11:30:00] Price: 208.44
[2026-02-10T11:30:10] Price: 208.47
[2026-02-10T11:30:20] Price: 208.4
[2026-02-10T11:30:30] Price: 208.46
[2026-02-10T11:30:40] Price: 208.33
[2026-02-10T11:30:50] Price: 208.39
[2026-02-10T11:31:00] Price: 208.43
[2026-02-10T11:31:10] Price: 208.45
[2026-02-10T11:31:20] Price: 208.44
[2026-02-10T11:31:30] Price: 208.32
[2026-02-10T11:31:40] Price: 208.3
[2026-02-10T11:31:50] Price: 208.44
[2026-02-10T11:32:00] Price: 208.4
[2026-02-10T11:32:10] Price: 208.35
[2026-02-10T11:32:20] Price: 208.42
[2026-02-10T11:32:30] Price: 208.43
[2026-02-10T11:32:40] Price: 208.49
[2026-02-10T11:32:51] Price: 208.44
[2026-02-10T11:33:01] Price: 208.47
[2026-02-10T11:33:11] Price: 208.4
[2026-02-10T11:33:21] Price: 208.53
[2026-02-10T11:33:31] Price: 208.54
[2026-02-10T11:33:41] Price: 208.5
[2026-02-10T11:33:51] Price: 208.43
[2026-02-10T11:34:01] Price: 208.5
[2026-02-10T11:34:11] Price: 208.49
[2026-02-10T11:34:21] Price: 208.47
[2026-02-10T11:34:31] Price: 208.48
[2026-02-10T11:34:41] Price: 208.49
[2026-02-10T11:34:51] Price: 208.46
[2026-02-10T11:35:01] Price: 208.46
[2026-02-10T11:35:11] Price: 208.46
[2026-02-10T11:35:21] Price: 208.44
[2026-02-10T11:35:31] Price: 208.4
[2026-02-10T11:35:41] Price: 208.31
[2026-02-10T11:35:51] Price: 208.28
[2026-02-10T11:36:01] Price: 208.29
[2026-02-10T11:36:11] Price: 208.13
[2026-02-10T11:36:21] Price: 208.23
[2026-02-10T11:36:31] Price: 208.18
[2026-02-10T11:36:41] Price: 208.05
[2026-02-10T11:36:51] Price: 208.01
[2026-02-10T11:37:01] Price: 208.07
[2026-02-10T11:37:11] Price: 208.15
[2026-02-10T11:37:21] Price: 208.05
[2026-02-10T11:37:32] Price: 208
[2026-02-10T11:37:41] Price: 208.05
[2026-02-10T11:37:51] Price: 208.05
[2026-02-10T11:38:01] Price: 207.84
[2026-02-10T11:38:11] Price: 207.95
[2026-02-10T11:38:21] Price: 207.94
[2026-02-10T11:38:21] SELL @ 207.94 | P/L -0.63
[2026-02-10T11:38:31] Price: 208.08
[2026-02-10T11:38:41] Price: 208.01
[2026-02-10T11:38:51] Price: 207.82
[2026-02-10T11:39:01] Price: 207.84
[2026-02-10T11:39:11] Price: 207.9
[2026-02-10T11:39:21] Price: 208
[2026-02-10T11:39:31] Price: 208
[2026-02-10T11:39:41] Price: 207.99
[2026-02-10T11:39:51] Price: 207.93
[2026-02-10T11:40:01] Price: 207.99
[2026-02-10T11:40:11] Price: 207.95
[2026-02-10T11:40:21] Price: 207.96
[2026-02-10T11:40:31] Price: 207.91
[2026-02-10T11:40:41] Price: 207.99
[2026-02-10T11:40:51] Price: 207.92
[2026-02-10T11:41:01] Price: 207.97
[2026-02-10T11:41:11] Price: 207.97
[2026-02-10T11:41:21] Price: 207.9
[2026-02-10T11:41:31] Price: 207.84
[2026-02-10T11:41:41] Price: 207.93
[2026-02-10T11:41:51] Price: 207.93
[2026-02-10T11:42:01] Price: 207.9
[2026-02-10T11:42:11] Price: 207.84
[2026-02-10T11:42:21] Price: 207.88
[2026-02-10T11:42:31] Price: 207.85
[2026-02-10T11:42:41] Price: 207.91
[2026-02-10T11:42:51] Price: 207.89
[2026-02-10T11:43:01] Price: 207.85
[2026-02-10T11:43:11] Price: 207.85
[2026-02-10T11:43:21] Price: 207.8
[2026-02-10T11:43:31] Price: 207.85
[2026-02-10T11:43:41] Price: 207.84
[2026-02-10T11:43:51] Price: 207.85
[2026-02-10T11:44:01] Price: 207.85
[2026-02-10T11:44:11] Price: 207.89
[2026-02-10T11:44:21] Price: 207.9
[2026-02-10T11:44:31] Price: 207.89
[2026-02-10T11:44:41] Price: 207.89
[2026-02-10T11:44:51] Price: 207.76
[2026-02-10T11:45:01] Price: 207.7
[2026-02-10T11:45:11] Price: 207.38
[2026-02-10T11:45:21] Price: 207.4
[2026-02-10T11:45:31] Price: 207.41
[2026-02-10T11:45:41] Price: 207.35
[2026-02-10T11:45:51] Price: 207.35
[2026-02-10T11:46:01] Price: 207.35
[2026-02-10T11:46:11] Price: 207.35
[2026-02-10T11:46:21] Price: 207.2
[2026-02-10T11:46:31] Price: 207.26
[2026-02-10T11:46:41] Price: 207.3
[2026-02-10T11:46:51] Price: 207.18
[2026-02-10T11:47:01] Price: 207.19
[2026-02-10T11:47:11] Price: 207.21
[2026-02-10T11:47:21] Price: 207.13
[2026-02-10T11:47:31] Price: 207.04
[2026-02-10T11:47:41] Price: 207.03
[2026-02-10T11:47:51] Price: 207.01
[2026-02-10T11:48:01] Price: 207.01
[2026-02-10T11:48:11] Price: 207.13
[2026-02-10T11:48:21] Price: 207.16
[2026-02-10T11:48:31] Price: 207.08
[2026-02-10T11:48:41] Price: 207.15
[2026-02-10T11:48:51] Price: 207.17
[2026-02-10T11:49:01] Price: 207.15
[2026-02-10T11:49:11] Price: 207.14
[2026-02-10T11:49:21] Price: 207.15
[2026-02-10T11:49:31] Price: 207.15
[2026-02-10T11:49:41] Price: 207.2
[2026-02-10T11:49:51] Price: 207.25
[2026-02-10T11:50:01] Price: 207.33
[2026-02-10T11:50:11] Price: 207.28
[2026-02-10T11:50:21] Price: 207.3
[2026-02-10T11:50:31] Price: 207.29
[2026-02-10T11:50:41] Price: 207.28
[2026-02-10T11:50:51] Price: 207.2
[2026-02-10T11:51:01] Price: 207.25
[2026-02-10T11:51:11] Price: 207.31
[2026-02-10T11:51:21] Price: 207.28
[2026-02-10T11:51:31] Price: 207.28
[2026-02-10T11:51:41] Price: 207.32
[2026-02-10T11:51:51] Price: 207.35
[2026-02-10T11:52:01] Price: 207.35
[2026-02-10T11:52:11] Price: 207.29
[2026-02-10T11:52:21] Price: 207.32
[2026-02-10T11:52:31] Price: 207.24
[2026-02-10T11:52:41] Price: 207.21
[2026-02-10T11:52:51] Price: 207.04
[2026-02-10T11:53:01] Price: 207.09
[2026-02-10T11:53:11] Price: 207.3
[2026-02-10T11:53:21] Price: 207.29
[2026-02-10T11:53:31] Price: 207.27
[2026-02-10T11:53:41] Price: 207.3
[2026-02-10T11:53:51] Price: 207.3
[2026-02-10T11:54:01] Price: 207.23
[2026-02-10T11:54:11] Price: 207.29
[2026-02-10T11:54:21] Price: 207.25
[2026-02-10T11:54:31] Price: 207.3
[2026-02-10T11:54:41] Price: 207.3
[2026-02-10T11:54:51] Price: 207.25
[2026-02-10T11:55:01] Price: 207.28
[2026-02-10T11:55:11] Price: 207.25
[2026-02-10T11:55:22] Price: 207.25
[2026-02-10T11:55:31] Price: 207.29
[2026-02-10T11:55:41] Price: 207.3
[2026-02-10T11:55:52] Price: 207.3
[2026-02-10T11:56:02] Price: 207.25
[2026-02-10T11:56:12] Price: 207.21
[2026-02-10T11:56:22] Price: 207.3
[2026-02-10T11:56:32] Price: 207.34
[2026-02-10T11:56:42] Price: 207.25
[2026-02-10T11:56:53] Price: 207.3
[2026-02-10T11:57:02] Price: 207.2
[2026-02-10T11:57:12] Price: 207.3
[2026-02-10T11:57:22] Price: 207.34
[2026-02-10T11:57:32] Price: 207.32
[2026-02-10T11:57:42] Price: 207.3
[2026-02-10T11:57:52] Price: 207.3
[2026-02-10T11:58:02] Price: 207.25
[2026-02-10T11:58:12] Price: 207.29
[2026-02-10T11:58:22] Price: 207.25
[2026-02-10T11:58:32] Price: 207.31
[2026-02-10T11:58:42] Price: 207.28
[2026-02-10T11:58:52] Price: 207.22
[2026-02-10T11:59:02] Price: 207.2
[2026-02-10T11:59:12] Price: 207.25
[2026-02-10T11:59:22] Price: 207.29
[2026-02-10T11:59:32] Price: 207.32
[2026-02-10T11:59:42] Price: 207.34
[2026-02-10T11:59:52] Price: 207.32
[2026-02-10T12:00:02] Price: 207.32
[2026-02-10T12:00:12] Price: 207.22
[2026-02-10T12:00:22] Price: 207.22
[2026-02-10T12:00:32] Price: 207.32
[2026-02-10T12:00:42] Price: 207.35
[2026-02-10T12:00:52] Price: 207.35
[2026-02-10T12:01:02] Price: 207.2
[2026-02-10T12:01:12] Price: 207.24
[2026-02-10T12:01:22] Price: 207.24
[2026-02-10T12:01:32] Price: 207.15
[2026-02-10T12:01:42] Price: 207.1
[2026-02-10T12:01:52] Price: 207.1
[2026-02-10T12:02:02] Price: 207.08
[2026-02-10T12:02:12] Price: 207.1
[2026-02-10T12:02:22] Price: 207.2
[2026-02-10T12:02:32] Price: 207.22
[2026-02-10T12:02:42] Price: 207.25
[2026-02-10T12:02:52] Price: 207.22
[2026-02-10T12:03:02] Price: 207.19
[2026-02-10T12:03:12] Price: 207.15
[2026-02-10T12:03:22] Price: 207.15
[2026-02-10T12:03:32] Price: 207.1
[2026-02-10T12:03:42] Price: 207.1
[2026-02-10T12:03:52] Price: 207.16
[2026-02-10T12:04:02] Price: 207.1
[2026-02-10T12:04:12] Price: 207.16
[2026-02-10T12:04:22] Price: 207.18
[2026-02-10T12:04:32] Price: 207.1
[2026-02-10T12:04:42] Price: 207.16
[2026-02-10T12:04:52] Price: 207.27
[2026-02-10T12:05:02] Price: 207.29
[2026-02-10T12:05:12] Price: 207.21
[2026-02-10T12:05:22] Price: 207.21
[2026-02-10T12:05:32] Price: 207.18
[2026-02-10T12:05:42] Price: 207.19
[2026-02-10T12:05:52] Price: 207.05
[2026-02-10T12:06:02] Price: 207.03
[2026-02-10T12:06:12] Price: 206.97
[2026-02-10T12:06:22] Price: 207.05
[2026-02-10T12:06:32] Price: 207.05
[2026-02-10T12:06:42] Price: 206.94
[2026-02-10T12:06:52] Price: 206.98
[2026-02-10T12:07:02] Price: 206.94
[2026-02-10T12:07:12] Price: 206.95
[2026-02-10T12:07:22] Price: 206.99
[2026-02-10T12:07:32] Price: 207.05
[2026-02-10T12:07:42] Price: 207
[2026-02-10T12:07:52] Price: 206.97
[2026-02-10T12:08:02] Price: 207.04
[2026-02-10T12:08:12] Price: 207.05
[2026-02-10T12:08:22] Price: 207.04
[2026-02-10T12:08:32] Price: 207
[2026-02-10T12:08:42] Price: 207.04
[2026-02-10T12:08:52] Price: 207
[2026-02-10T12:09:02] Price: 207.05
[2026-02-10T12:09:12] Price: 207.05
[2026-02-10T12:09:22] Price: 207.01
[2026-02-10T12:09:32] Price: 207.01
[2026-02-10T12:09:42] Price: 207.03
[2026-02-10T12:09:52] Price: 206.97
[2026-02-10T12:10:02] Price: 206.95
[2026-02-10T12:10:12] Price: 206.9
[2026-02-10T12:10:22] Price: 206.9
[2026-02-10T12:10:32] Price: 206.95
[2026-02-10T12:10:42] Price: 206.86
[2026-02-10T12:10:52] Price: 206.95
[2026-02-10T12:11:02] Price: 206.94
[2026-02-10T12:11:12] Price: 206.9
[2026-02-10T12:11:22] Price: 206.92
[2026-02-10T12:11:32] Price: 206.84
[2026-02-10T12:11:42] Price: 206.82
[2026-02-10T12:11:52] Price: 206.83
[2026-02-10T12:12:02] Price: 207.05
[2026-02-10T12:12:12] Price: 206.94
[2026-02-10T12:12:22] Price: 206.93
[2026-02-10T12:12:32] Price: 206.93
[2026-02-10T12:12:42] Price: 206.94
[2026-02-10T12:12:52] Price: 206.93
[2026-02-10T12:13:02] Price: 206.96
[2026-02-10T12:13:12] Price: 206.91
[2026-02-10T12:13:22] Price: 206.96
[2026-02-10T12:13:32] Price: 206.94
[2026-02-10T12:13:42] Price: 207
[2026-02-10T12:13:52] Price: 207
[2026-02-10T12:14:02] Price: 206.99
[2026-02-10T12:14:12] Price: 207.01
[2026-02-10T12:14:22] Price: 207
[2026-02-10T12:14:32] Price: 206.98
[2026-02-10T12:14:42] Price: 206.98
[2026-02-10T12:14:52] Price: 206.88
[2026-02-10T12:15:02] Price: 206.87
[2026-02-10T12:15:12] Price: 206.72
[2026-02-10T12:15:22] Price: 206.81
[2026-02-10T12:15:32] Price: 206.8
[2026-02-10T12:15:42] Price: 206.87
[2026-02-10T12:15:52] Price: 206.85
[2026-02-10T12:16:02] Price: 206.76
[2026-02-10T12:16:12] Price: 206.85
[2026-02-10T12:16:22] Price: 206.89
[2026-02-10T12:16:32] Price: 206.86
[2026-02-10T12:16:42] Price: 206.9
[2026-02-10T12:16:52] Price: 206.9
[2026-02-10T12:17:02] Price: 206.87
[2026-02-10T12:17:12] Price: 206.87
[2026-02-10T12:17:22] Price: 206.9
[2026-02-10T12:17:32] Price: 207.04
[2026-02-10T12:17:42] Price: 206.99
[2026-02-10T12:17:52] Price: 207
[2026-02-10T12:18:03] Price: 207.04
[2026-02-10T12:18:13] Price: 207.05
[2026-02-10T12:18:23] Price: 207.05
[2026-02-10T12:18:33] Price: 206.96
[2026-02-10T12:18:43] Price: 206.8
[2026-02-10T12:18:53] Price: 206.83
[2026-02-10T12:19:03] Price: 206.75
[2026-02-10T12:19:13] Price: 206.75
[2026-02-10T12:19:23] Price: 206.73
[2026-02-10T12:19:33] Price: 206.75
[2026-02-10T12:19:43] Price: 206.7
[2026-02-10T12:19:53] Price: 206.75
[2026-02-10T12:20:03] Price: 206.69
[2026-02-10T12:20:13] Price: 206.57
[2026-02-10T12:20:23] Price: 206.57
[2026-02-10T12:20:33] Price: 206.57
[2026-02-10T12:20:43] Price: 206.51
[2026-02-10T12:20:53] Price: 206.4
[2026-02-10T12:21:03] Price: 206.33
[2026-02-10T12:21:13] Price: 206.35
[2026-02-10T12:21:23] Price: 206.5
[2026-02-10T12:21:33] Price: 206.4
[2026-02-10T12:21:43] Price: 206.36
[2026-02-10T12:21:54] Price: 206.33
[2026-02-10T12:22:03] Price: 206.45
[2026-02-10T12:22:13] Price: 206.45
[2026-02-10T12:22:23] Price: 206.5
[2026-02-10T12:22:33] Price: 206.56
[2026-02-10T12:22:43] Price: 206.48
[2026-02-10T12:22:53] Price: 206.48
[2026-02-10T12:23:03] Price: 206.4
[2026-02-10T12:23:13] Price: 206.39
[2026-02-10T12:23:23] Price: 206.48
[2026-02-10T12:23:33] Price: 206.46
[2026-02-10T12:23:43] Price: 206.91
[2026-02-10T12:23:53] Price: 206.94
[2026-02-10T12:24:03] Price: 206.77
[2026-02-10T12:24:13] Price: 206.76
[2026-02-10T12:24:23] Price: 206.8
[2026-02-10T12:24:33] Price: 206.76
[2026-02-10T12:24:43] Price: 206.75
[2026-02-10T12:24:53] Price: 206.8
[2026-02-10T12:25:03] Price: 206.8
[2026-02-10T12:25:13] Price: 206.87
[2026-02-10T12:25:23] Price: 206.94
[2026-02-10T12:25:33] Price: 206.94
[2026-02-10T12:25:43] Price: 206.94
[2026-02-10T12:25:54] Price: 206.95
[2026-02-10T12:26:04] Price: 206.95
[2026-02-10T12:26:13] Price: 206.95
[2026-02-10T12:26:23] Price: 206.99
[2026-02-10T12:26:33] Price: 206.92
[2026-02-10T12:26:43] Price: 206.86
[2026-02-10T12:26:53] Price: 206.76
[2026-02-10T12:27:03] Price: 206.82
[2026-02-10T12:27:13] Price: 206.89
[2026-02-10T12:27:23] Price: 206.86
[2026-02-10T12:27:33] Price: 206.85
[2026-02-10T12:27:43] Price: 206.89
[2026-02-10T12:27:53] Price: 206.57
[2026-02-10T12:28:03] Price: 206.57
[2026-02-10T12:28:13] Price: 206.69
[2026-02-10T12:28:23] Price: 206.62
[2026-02-10T12:28:33] Price: 206.7
[2026-02-10T12:28:43] Price: 206.75
[2026-02-10T12:28:53] Price: 206.81
[2026-02-10T12:29:03] Price: 206.85
[2026-02-10T12:29:13] Price: 206.81
[2026-02-10T12:29:23] Price: 206.78
[2026-02-10T12:29:33] Price: 206.71
[2026-02-10T12:29:43] Price: 206.7
[2026-02-10T12:29:53] Price: 206.75
[2026-02-10T12:30:03] Price: 206.79
[2026-02-10T12:30:13] Price: 206.78
[2026-02-10T12:30:23] Price: 206.78
[2026-02-10T12:30:33] Price: 206.78
[2026-02-10T12:30:43] Price: 206.73
[2026-02-10T12:30:53] Price: 206.78
[2026-02-10T12:31:03] Price: 206.78
[2026-02-10T12:31:13] Price: 206.84
[2026-02-10T12:31:23] Price: 206.91
[2026-02-10T12:31:33] Price: 206.94
[2026-02-10T12:31:43] Price: 206.91
[2026-02-10T12:31:53] Price: 206.94
[2026-02-10T12:32:03] Price: 206.95
[2026-02-10T12:32:13] Price: 206.95
[2026-02-10T12:32:23] Price: 206.9
[2026-02-10T12:32:33] Price: 206.94
[2026-02-10T12:32:43] Price: 206.91
[2026-02-10T12:32:53] Price: 206.92
[2026-02-10T12:33:03] Price: 206.94
[2026-02-10T12:33:13] Price: 206.94
[2026-02-10T12:33:23] Price: 206.91
[2026-02-10T12:33:33] Price: 206.9
[2026-02-10T12:33:43] Price: 206.93
[2026-02-10T12:33:53] Price: 206.94
[2026-02-10T12:34:03] Price: 206.96
[2026-02-10T12:34:13] Price: 207
[2026-02-10T12:34:23] Price: 206.85
[2026-02-10T12:34:33] Price: 206.85
[2026-02-10T12:34:43] Price: 206.95
[2026-02-10T12:34:53] Price: 206.84
[2026-02-10T12:35:03] Price: 206.9
[2026-02-10T12:35:13] Price: 206.9
[2026-02-10T12:35:23] Price: 206.8
[2026-02-10T12:35:33] Price: 206.72
[2026-02-10T12:35:43] Price: 206.8
[2026-02-10T12:35:53] Price: 206.72
[2026-02-10T12:36:03] Price: 206.76
[2026-02-10T12:36:13] Price: 206.74
[2026-02-10T12:36:23] Price: 206.77
[2026-02-10T12:36:33] Price: 206.77
[2026-02-10T12:36:43] Price: 206.75
[2026-02-10T12:36:53] Price: 206.78
[2026-02-10T12:37:03] Price: 206.78
[2026-02-10T12:37:13] Price: 206.75
[2026-02-10T12:37:23] Price: 206.78
[2026-02-10T12:37:33] Price: 206.85
[2026-02-10T12:37:43] Price: 206.78
[2026-02-10T12:37:53] Price: 206.86
[2026-02-10T12:38:04] Price: 206.88
[2026-02-10T12:38:14] Price: 206.88
[2026-02-10T12:38:24] Price: 206.83
[2026-02-10T12:38:34] Price: 206.77
[2026-02-10T12:38:44] Price: 206.85
[2026-02-10T12:38:54] Price: 206.9
[2026-02-10T12:39:04] Price: 206.89
[2026-02-10T12:39:14] Price: 206.95
[2026-02-10T12:39:24] Price: 206.96
[2026-02-10T12:39:34] Price: 206.96
[2026-02-10T12:39:44] Price: 207.09
[2026-02-10T12:39:54] Price: 207.06
[2026-02-10T12:40:04] Price: 207.05
[2026-02-10T12:40:14] Price: 207
[2026-02-10T12:40:24] Price: 206.96
[2026-02-10T12:40:34] Price: 207
[2026-02-10T12:40:44] Price: 207.07
[2026-02-10T12:40:54] Price: 207.07
[2026-02-10T12:41:04] Price: 207.01
[2026-02-10T12:41:14] Price: 207.1
[2026-02-10T12:41:24] Price: 207.1
[2026-02-10T12:41:24] BUY @ 207.1
[2026-02-10T12:41:34] Price: 207.15
[2026-02-10T12:41:44] Price: 207.18
[2026-02-10T12:41:54] Price: 207.19
[2026-02-10T12:42:04] Price: 207.46
[2026-02-10T12:42:14] Price: 207.5
[2026-02-10T12:42:24] Price: 207.39
[2026-02-10T12:42:34] Price: 207.38
[2026-02-10T12:42:44] Price: 207.34
[2026-02-10T12:42:54] Price: 207.34
[2026-02-10T12:43:04] Price: 207.4
[2026-02-10T12:43:14] Price: 207.45
[2026-02-10T12:43:24] Price: 207.32
[2026-02-10T12:43:34] Price: 207.4
[2026-02-10T12:43:44] Price: 207.42
[2026-02-10T12:43:54] Price: 207.36
[2026-02-10T12:44:04] Price: 207.41
[2026-02-10T12:44:14] Price: 207.4
[2026-02-10T12:44:24] Price: 207.49
[2026-02-10T12:44:34] Price: 207.47
[2026-02-10T12:44:44] Price: 207.42
[2026-02-10T12:44:54] Price: 207.36
[2026-02-10T12:45:04] Price: 207.46
[2026-02-10T12:45:14] Price: 207.47
[2026-02-10T12:45:24] Price: 207.52
[2026-02-10T12:45:34] Price: 207.46
[2026-02-10T12:45:44] Price: 207.38
[2026-02-10T12:45:54] Price: 207.46
[2026-02-10T12:46:04] Price: 207.4
[2026-02-10T12:46:14] Price: 207.4
[2026-02-10T12:46:24] Price: 207.4
[2026-02-10T12:46:34] Price: 207.5
[2026-02-10T12:46:44] Price: 207.55
[2026-02-10T12:46:54] Price: 207.5
[2026-02-10T12:47:04] Price: 207.55
[2026-02-10T12:47:14] Price: 207.65
[2026-02-10T12:47:24] Price: 207.81
[2026-02-10T12:47:34] Price: 207.75
[2026-02-10T12:47:44] Price: 207.7
[2026-02-10T12:47:54] Price: 207.7
[2026-02-10T12:48:04] Price: 207.64
[2026-02-10T12:48:14] Price: 207.51
[2026-02-10T12:48:24] Price: 207.54
[2026-02-10T12:48:34] Price: 207.57
[2026-02-10T12:48:44] Price: 207.69
[2026-02-10T12:48:54] Price: 207.66
[2026-02-10T12:49:04] Price: 207.65
[2026-02-10T12:49:14] Price: 207.65
[2026-02-10T12:49:24] Price: 207.64
[2026-02-10T12:49:34] Price: 207.63
[2026-02-10T12:49:44] Price: 207.63
[2026-02-10T12:49:54] Price: 207.62
[2026-02-10T12:50:04] Price: 207.62
[2026-02-10T12:50:14] Price: 207.63
[2026-02-10T12:50:24] Price: 207.63
[2026-02-10T12:50:34] Price: 207.63
[2026-02-10T12:50:44] Price: 207.64
[2026-02-10T12:50:54] Price: 207.64
[2026-02-10T12:51:04] Price: 207.64
[2026-02-10T12:51:14] Price: 207.64
[2026-02-10T12:51:24] Price: 207.57
[2026-02-10T12:51:34] Price: 207.64
[2026-02-10T12:51:44] Price: 207.57
[2026-02-10T12:51:54] Price: 207.58
[2026-02-10T12:52:04] Price: 207.58
[2026-02-10T12:52:16] Price: 207.63
[2026-02-10T12:52:24] Price: 207.6
[2026-02-10T12:52:34] Price: 207.57
[2026-02-10T12:52:44] Price: 207.6
[2026-02-10T12:52:54] Price: 207.6
[2026-02-10T12:53:04] Price: 207.63
[2026-02-10T12:53:14] Price: 207.65
[2026-02-10T12:53:24] Price: 207.64
[2026-02-10T12:53:34] Price: 207.46
[2026-02-10T12:53:44] Price: 207.49
[2026-02-10T12:53:54] Price: 207.4
[2026-02-10T12:54:04] Price: 207.35
[2026-02-10T12:54:14] Price: 207.24
[2026-02-10T12:54:24] Price: 207.18
[2026-02-10T12:54:34] Price: 207.32
[2026-02-10T12:54:44] Price: 207.3
[2026-02-10T12:54:54] Price: 207.35
[2026-02-10T12:55:04] Price: 207.35
[2026-02-10T12:55:14] Price: 207.34
[2026-02-10T12:55:24] Price: 207.3
[2026-02-10T12:55:34] Price: 207.38
[2026-02-10T12:55:44] Price: 207.37
[2026-02-10T12:55:54] Price: 207.34
[2026-02-10T12:56:04] Price: 207.4
[2026-02-10T12:56:14] Price: 207.35
[2026-02-10T12:56:24] Price: 207.34
[2026-02-10T12:56:34] Price: 207.35
[2026-02-10T12:56:44] Price: 207.4
[2026-02-10T12:56:54] Price: 207.4
[2026-02-10T12:57:04] Price: 207.36
[2026-02-10T12:57:14] Price: 207.39
[2026-02-10T12:57:24] Price: 207.39
[2026-02-10T12:57:34] Price: 207.4
[2026-02-10T12:57:44] Price: 207.35
[2026-02-10T12:57:54] Price: 207.38
[2026-02-10T12:58:04] Price: 207.31
[2026-02-10T12:58:14] Price: 207.48
[2026-02-10T12:58:24] Price: 207.5
[2026-02-10T12:58:34] Price: 207.45
[2026-02-10T12:58:44] Price: 207.42
[2026-02-10T12:58:54] Price: 207.56
[2026-02-10T12:59:04] Price: 207.67
[2026-02-10T12:59:14] Price: 207.68
[2026-02-10T12:59:24] Price: 207.63
[2026-02-10T12:59:34] Price: 207.62
[2026-02-10T12:59:44] Price: 207.52
[2026-02-10T12:59:54] Price: 207.5
[2026-02-10T13:00:04] Price: 207.87
[2026-02-10T13:00:14] Price: 207.9
[2026-02-10T13:00:24] Price: 207.87
[2026-02-10T13:00:35] Price: 207.86
[2026-02-10T13:00:45] Price: 207.8
[2026-02-10T13:00:55] Price: 207.79
[2026-02-10T13:01:05] Price: 207.7
[2026-02-10T13:01:15] Price: 207.66
[2026-02-10T13:01:25] Price: 207.78
[2026-02-10T13:01:35] Price: 207.84
[2026-02-10T13:01:45] Price: 207.76
[2026-02-10T13:01:55] Price: 207.77
[2026-02-10T13:02:05] Price: 207.66
[2026-02-10T13:02:15] Price: 207.6
[2026-02-10T13:02:25] Price: 207.64
[2026-02-10T13:02:35] Price: 207.85
[2026-02-10T13:02:45] Price: 207.79
[2026-02-10T13:02:55] Price: 207.76
[2026-02-10T13:03:05] Price: 207.76
[2026-02-10T13:03:15] Price: 207.7
[2026-02-10T13:03:25] Price: 207.7
[2026-02-10T13:03:35] Price: 207.77
[2026-02-10T13:03:45] Price: 207.79
[2026-02-10T13:03:55] Price: 207.79
[2026-02-10T13:04:05] Price: 207.77
[2026-02-10T13:04:15] Price: 207.75
[2026-02-10T13:04:25] Price: 207.79
[2026-02-10T13:04:35] Price: 207.7
[2026-02-10T13:04:45] Price: 207.7
[2026-02-10T13:04:55] Price: 207.75
[2026-02-10T13:05:05] Price: 207.75
[2026-02-10T13:05:15] Price: 207.75
[2026-02-10T13:05:25] Price: 207.75
[2026-02-10T13:05:35] Price: 207.75
[2026-02-10T13:05:45] Price: 207.75
[2026-02-10T13:05:55] Price: 207.75
[2026-02-10T13:06:05] Price: 207.75
[2026-02-10T13:06:15] Price: 207.8
[2026-02-10T13:06:25] Price: 207.79
[2026-02-10T13:06:35] Price: 207.79
[2026-02-10T13:06:45] Price: 207.76
[2026-02-10T13:06:55] Price: 207.82
[2026-02-10T13:07:05] Price: 207.82
[2026-02-10T13:07:15] Price: 207.85
[2026-02-10T13:07:25] Price: 207.76
[2026-02-10T13:07:35] Price: 207.82
[2026-02-10T13:07:45] Price: 207.8
[2026-02-10T13:07:55] Price: 207.8
[2026-02-10T13:08:05] Price: 207.8
[2026-02-10T13:08:15] Price: 207.77
[2026-02-10T13:08:25] Price: 207.8
[2026-02-10T13:08:35] Price: 207.77
[2026-02-10T13:08:45] Price: 207.8
[2026-02-10T13:08:55] Price: 207.77
[2026-02-10T13:09:05] Price: 207.77
[2026-02-10T13:09:15] Price: 207.8
[2026-02-10T13:09:25] Price: 207.77
[2026-02-10T13:09:35] Price: 207.78
[2026-02-10T13:09:45] Price: 207.8
[2026-02-10T13:09:55] Price: 207.8
[2026-02-10T13:10:05] Price: 207.77
[2026-02-10T13:10:15] Price: 207.8
[2026-02-10T13:10:25] Price: 207.71
[2026-02-10T13:10:35] Price: 207.67
[2026-02-10T13:10:45] Price: 207.55
[2026-02-10T13:10:55] Price: 207.59
[2026-02-10T13:11:05] Price: 207.7
[2026-02-10T13:11:15] Price: 207.68
[2026-02-10T13:11:25] Price: 207.58
[2026-02-10T13:11:35] Price: 207.6
[2026-02-10T13:11:45] Price: 207.6
[2026-02-10T13:11:55] Price: 207.67
[2026-02-10T13:12:05] Price: 207.65
[2026-02-10T13:12:15] Price: 207.65
[2026-02-10T13:12:25] Price: 207.63
[2026-02-10T13:12:35] Price: 207.6
[2026-02-10T13:12:45] Price: 207.61
[2026-02-10T13:12:55] Price: 207.63
[2026-02-10T13:13:05] Price: 207.62
[2026-02-10T13:13:15] Price: 207.68
[2026-02-10T13:13:25] Price: 207.6
[2026-02-10T13:13:35] Price: 207.65
[2026-02-10T13:13:45] Price: 207.55
[2026-02-10T13:13:55] Price: 207.52
[2026-02-10T13:14:05] Price: 207.56
[2026-02-10T13:14:15] Price: 207.56
[2026-02-10T13:14:25] Price: 207.62
[2026-02-10T13:14:35] Price: 207.68
[2026-02-10T13:14:45] Price: 207.68
[2026-02-10T13:14:55] Price: 207.78
[2026-02-10T13:15:05] Price: 207.69
[2026-02-10T13:15:15] Price: 207.71
[2026-02-10T13:15:28] Price: 207.7
[2026-02-10T13:15:35] Price: 207.7
[2026-02-10T13:15:45] Price: 207.7
[2026-02-10T13:15:55] Price: 207.6
[2026-02-10T13:16:05] Price: 207.64
[2026-02-10T13:16:15] Price: 207.62
[2026-02-10T13:16:25] Price: 207.66
[2026-02-10T13:16:35] Price: 207.68
[2026-02-10T13:16:45] Price: 207.68
[2026-02-10T13:16:55] Price: 207.71
[2026-02-10T13:17:05] Price: 207.77
[2026-02-10T13:17:15] Price: 207.75
[2026-02-10T13:17:25] Price: 207.8
[2026-02-10T13:17:35] Price: 207.8
[2026-02-10T13:17:45] Price: 207.61
[2026-02-10T13:18:00] Price: 207.64
[2026-02-10T13:18:05] Price: 207.62
[2026-02-10T13:18:15] Price: 207.62
[2026-02-10T13:18:25] Price: 207.63
[2026-02-10T13:18:35] Price: 207.62
[2026-02-10T13:18:45] Price: 207.7
[2026-02-10T13:18:55] Price: 207.62
[2026-02-10T13:19:05] Price: 207.64
[2026-02-10T13:19:15] Price: 207.62
[2026-02-10T13:19:25] Price: 207.56
[2026-02-10T13:19:35] Price: 207.6
[2026-02-10T13:19:45] Price: 207.51
[2026-02-10T13:19:55] Price: 207.57
[2026-02-10T13:20:05] Price: 207.48
[2026-02-10T13:20:15] Price: 207.5
[2026-02-10T13:20:25] Price: 207.54
[2026-02-10T13:20:35] Price: 207.5
[2026-02-10T13:20:45] Price: 207.54
[2026-02-10T13:20:55] Price: 207.5
[2026-02-10T13:21:05] Price: 207.54
[2026-02-10T13:21:16] Price: 207.55
[2026-02-10T13:21:26] Price: 207.5
[2026-02-10T13:21:36] Price: 207.5
[2026-02-10T13:21:46] Price: 207.54
[2026-02-10T13:21:56] Price: 207.53
[2026-02-10T13:22:07] Price: 207.52
[2026-02-10T13:22:16] Price: 207.5
[2026-02-10T13:22:26] Price: 207.5
[2026-02-10T13:22:36] Price: 207.49
[2026-02-10T13:22:46] Price: 207.45
[2026-02-10T13:22:56] Price: 207.58
[2026-02-10T13:23:06] Price: 207.58
[2026-02-10T13:23:16] Price: 207.6
[2026-02-10T13:23:26] Price: 207.6
[2026-02-10T13:23:36] Price: 207.58
[2026-02-10T13:23:46] Price: 207.5
[2026-02-10T13:23:56] Price: 207.52
[2026-02-10T13:24:06] Price: 207.54
[2026-02-10T13:24:16] Price: 207.54
[2026-02-10T13:24:26] Price: 207.62
[2026-02-10T13:24:36] Price: 207.58
[2026-02-10T13:24:46] Price: 207.57
[2026-02-10T13:24:56] Price: 207.51
[2026-02-10T13:25:06] Price: 207.5
[2026-02-10T13:25:16] Price: 207.5
[2026-02-10T13:25:26] Price: 207.47
[2026-02-10T13:25:36] Price: 207.48
[2026-02-10T13:25:46] Price: 207.54
[2026-02-10T13:25:56] Price: 207.5
[2026-02-10T13:26:06] Price: 207.55
[2026-02-10T13:26:16] Price: 207.47
[2026-02-10T13:26:26] Price: 207.54
[2026-02-10T13:26:36] Price: 207.5
[2026-02-10T13:26:46] Price: 207.47
[2026-02-10T13:26:56] Price: 207.48
[2026-02-10T13:27:06] Price: 207.51
[2026-02-10T13:27:16] Price: 207.5
[2026-02-10T13:27:26] Price: 207.6
[2026-02-10T13:27:36] Price: 207.61
[2026-02-10T13:27:46] Price: 207.56
[2026-02-10T13:27:56] Price: 207.55
[2026-02-10T13:28:06] Price: 207.57
[2026-02-10T13:28:16] Price: 207.56
[2026-02-10T13:28:26] Price: 207.56
[2026-02-10T13:28:36] Price: 207.52
[2026-02-10T13:28:46] Price: 207.57
[2026-02-10T13:28:56] Price: 207.55
[2026-02-10T13:29:06] Price: 207.5
[2026-02-10T13:29:16] Price: 207.5
[2026-02-10T13:29:26] Price: 207.54
[2026-02-10T13:29:36] Price: 207.45
[2026-02-10T13:29:46] Price: 207.43
[2026-02-10T13:29:56] Price: 207.47
[2026-02-10T13:30:06] Price: 207.43
[2026-02-10T13:30:16] Price: 207.46
[2026-02-10T13:30:26] Price: 207.47
[2026-02-10T13:30:36] Price: 207.44
[2026-02-10T13:30:46] Price: 207.25
[2026-02-10T13:30:56] Price: 207.3
[2026-02-10T13:31:06] Price: 207.34
[2026-02-10T13:31:16] Price: 207.31
[2026-02-10T13:31:26] Price: 207.32
[2026-02-10T13:31:36] Price: 207.18
[2026-02-10T13:31:46] Price: 207.21
[2026-02-10T13:31:56] Price: 207
[2026-02-10T13:32:06] Price: 206.91
[2026-02-10T13:32:16] Price: 206.82
[2026-02-10T13:32:26] Price: 206.94
[2026-02-10T13:32:36] Price: 207.02
[2026-02-10T13:32:46] Price: 207.12
[2026-02-10T13:32:59] Price: 207.04
[2026-02-10T13:33:06] Price: 207
[2026-02-10T13:33:16] Price: 206.96
[2026-02-10T13:33:26] Price: 206.99
[2026-02-10T13:33:36] Price: 207.04
[2026-02-10T13:33:46] Price: 207.03
[2026-02-10T13:33:56] Price: 207.08
[2026-02-10T13:34:06] Price: 207.04
[2026-02-10T13:34:16] Price: 207.15
[2026-02-10T13:34:26] Price: 207.15
[2026-02-10T13:34:36] Price: 207.13
[2026-02-10T13:34:46] Price: 207.12
[2026-02-10T13:34:56] Price: 207.12
[2026-02-10T13:35:06] Price: 207.18
[2026-02-10T13:35:16] Price: 207.15
[2026-02-10T13:35:26] Price: 207.1
[2026-02-10T13:35:36] Price: 207.13
[2026-02-10T13:35:46] Price: 207.24
[2026-02-10T13:35:56] Price: 207.12
[2026-02-10T13:36:06] Price: 207.11
[2026-02-10T13:36:16] Price: 207.18
[2026-02-10T13:36:26] Price: 207.1
[2026-02-10T13:36:36] Price: 207.16
[2026-02-10T13:36:46] Price: 207.21
[2026-02-10T13:36:56] Price: 207.2
[2026-02-10T13:37:06] Price: 207.24
[2026-02-10T13:37:16] Price: 207.27
[2026-02-10T13:37:26] Price: 207.27
[2026-02-10T13:37:36] Price: 207.14
[2026-02-10T13:37:46] Price: 207.07
[2026-02-10T13:37:56] Price: 207.07
[2026-02-10T13:38:06] Price: 207
[2026-02-10T13:38:16] Price: 207.07
[2026-02-10T13:38:26] Price: 207.11
[2026-02-10T13:38:36] Price: 207.09
[2026-02-10T13:38:46] Price: 207.11
[2026-02-10T13:38:56] Price: 207.06
[2026-02-10T13:39:06] Price: 207.11
[2026-02-10T13:39:16] Price: 207.15
[2026-02-10T13:39:26] Price: 207.09
[2026-02-10T13:39:36] Price: 207.02
[2026-02-10T13:39:46] Price: 207.07
[2026-02-10T13:39:56] Price: 207.06
[2026-02-10T13:40:06] Price: 207.1
[2026-02-10T13:40:16] Price: 207.14
[2026-02-10T13:40:26] Price: 207.11
[2026-02-10T13:40:36] Price: 207.15
[2026-02-10T13:40:46] Price: 207.17
[2026-02-10T13:40:56] Price: 207.06
[2026-02-10T13:41:06] Price: 207.09
[2026-02-10T13:41:16] Price: 207.09
[2026-02-10T13:41:26] Price: 207.17
[2026-02-10T13:41:36] Price: 207.1
[2026-02-10T13:41:46] Price: 207.17
[2026-02-10T13:41:56] Price: 207.27
[2026-02-10T13:42:06] Price: 207.12
[2026-02-10T13:42:16] Price: 207.16
[2026-02-10T13:42:26] Price: 207.1
[2026-02-10T13:42:36] Price: 207.11
[2026-02-10T13:42:46] Price: 207.11
[2026-02-10T13:42:56] Price: 207.04
[2026-02-10T13:43:06] Price: 207.08
[2026-02-10T13:43:17] Price: 207.25
[2026-02-10T13:43:27] Price: 207.16
[2026-02-10T13:43:37] Price: 207.25
[2026-02-10T13:43:47] Price: 207.25
[2026-02-10T13:43:57] Price: 207.21
[2026-02-10T13:44:07] Price: 207.3
[2026-02-10T13:44:17] Price: 207.21
[2026-02-10T13:44:27] Price: 207.26
[2026-02-10T13:44:37] Price: 207.29
[2026-02-10T13:44:47] Price: 207.31
[2026-02-10T13:44:57] Price: 207.33
[2026-02-10T13:45:07] Price: 207.4
[2026-02-10T13:45:17] Price: 207.42
[2026-02-10T13:45:27] Price: 207.4
[2026-02-10T13:45:37] Price: 207.42
[2026-02-10T13:45:47] Price: 207.4
[2026-02-10T13:45:57] Price: 207.46
[2026-02-10T13:46:07] Price: 207.5
[2026-02-10T13:46:17] Price: 207.45
[2026-02-10T13:46:27] Price: 207.39
[2026-02-10T13:46:37] Price: 207.4
[2026-02-10T13:46:47] Price: 207.48
[2026-02-10T13:46:57] Price: 207.45
[2026-02-10T13:47:07] Price: 207.42
[2026-02-10T13:47:17] Price: 207.41
[2026-02-10T13:47:27] Price: 207.46
[2026-02-10T13:47:37] Price: 207.46
[2026-02-10T13:47:47] Price: 207.43
[2026-02-10T13:48:02] Price: 207.5
[2026-02-10T13:48:07] Price: 207.5
[2026-02-10T13:48:17] Price: 207.57
[2026-02-10T13:48:27] Price: 207.55
[2026-02-10T13:48:37] Price: 207.5
[2026-02-10T13:48:47] Price: 207.55
[2026-02-10T13:48:57] Price: 207.51
[2026-02-10T13:49:07] Price: 207.56
[2026-02-10T13:49:17] Price: 207.56
[2026-02-10T13:49:27] Price: 207.55
[2026-02-10T13:49:37] Price: 207.56
[2026-02-10T13:49:47] Price: 207.52
[2026-02-10T13:49:57] Price: 207.6
[2026-02-10T13:50:07] Price: 207.64
[2026-02-10T13:50:17] Price: 207.57
[2026-02-10T13:50:27] Price: 207.52
[2026-02-10T13:50:37] Price: 207.52
[2026-02-10T13:50:47] Price: 207.55
[2026-02-10T13:50:57] Price: 207.52
[2026-02-10T13:51:07] Price: 207.53
[2026-02-10T13:51:17] Price: 207.69
[2026-02-10T13:51:27] Price: 207.53
[2026-02-10T13:51:37] Price: 207.54
[2026-02-10T13:51:47] Price: 207.55
[2026-02-10T13:51:57] Price: 207.66
[2026-02-10T13:52:07] Price: 207.6
[2026-02-10T13:52:18] Price: 207.64
[2026-02-10T13:52:27] Price: 207.64
[2026-02-10T13:52:37] Price: 207.64
[2026-02-10T13:52:47] Price: 207.6
[2026-02-10T13:52:57] Price: 207.6
[2026-02-10T13:53:07] Price: 207.56
[2026-02-10T13:53:17] Price: 207.64
[2026-02-10T13:53:27] Price: 207.65
[2026-02-10T13:53:37] Price: 207.6
[2026-02-10T13:53:47] Price: 207.62
[2026-02-10T13:53:57] Price: 207.6
[2026-02-10T13:54:07] Price: 207.6
[2026-02-10T13:54:17] Price: 207.6
[2026-02-10T13:54:27] Price: 207.56
[2026-02-10T13:54:37] Price: 207.56
[2026-02-10T13:54:47] Price: 207.61
[2026-02-10T13:54:57] Price: 207.62
[2026-02-10T13:55:07] Price: 207.56
[2026-02-10T13:55:17] Price: 207.56
[2026-02-10T13:55:27] Price: 207.53
[2026-02-10T13:55:37] Price: 207.5
[2026-02-10T13:55:47] Price: 207.55
[2026-02-10T13:55:57] Price: 207.55
[2026-02-10T13:56:07] Price: 207.56
[2026-02-10T13:56:17] Price: 207.5
[2026-02-10T13:56:27] Price: 207.55
[2026-02-10T13:56:37] Price: 207.52
[2026-02-10T13:56:47] Price: 207.5
[2026-02-10T13:56:57] Price: 207.51
[2026-02-10T13:57:07] Price: 207.5
[2026-02-10T13:57:17] Price: 207.5
[2026-02-10T13:57:27] Price: 207.55
[2026-02-10T13:57:37] Price: 207.55
[2026-02-10T13:57:47] Price: 207.55
[2026-02-10T13:57:57] Price: 207.5
[2026-02-10T13:58:07] Price: 207.5
[2026-02-10T13:58:17] Price: 207.55
[2026-02-10T13:58:27] Price: 207.55
[2026-02-10T13:58:37] Price: 207.5
[2026-02-10T13:58:47] Price: 207.5
[2026-02-10T13:58:57] Price: 207.5
[2026-02-10T13:59:07] Price: 207.5
[2026-02-10T13:59:17] Price: 207.5
[2026-02-10T13:59:27] Price: 207.5
[2026-02-10T13:59:37] Price: 207.52
[2026-02-10T13:59:47] Price: 207.55
[2026-02-10T13:59:57] Price: 207.55
[2026-02-10T14:00:07] Price: 207.54
[2026-02-10T14:00:17] Price: 207.55
[2026-02-10T14:00:27] Price: 207.54
[2026-02-10T14:00:37] Price: 207.54
[2026-02-10T14:00:47] Price: 207.5
[2026-02-10T14:00:57] Price: 207.51
[2026-02-10T14:01:07] Price: 207.5
[2026-02-10T14:01:17] Price: 207.55
[2026-02-10T14:01:27] Price: 207.54
[2026-02-10T14:01:37] Price: 207.54
[2026-02-10T14:01:47] Price: 207.55
[2026-02-10T14:01:57] Price: 207.54
[2026-02-10T14:02:07] Price: 207.54
[2026-02-10T14:02:17] Price: 207.5
[2026-02-10T14:02:27] Price: 207.54
[2026-02-10T14:02:37] Price: 207.5
[2026-02-10T14:02:47] Price: 207.5
[2026-02-10T14:02:58] Price: 207.5
[2026-02-10T14:03:07] Price: 207.54
[2026-02-10T14:03:17] Price: 207.54
[2026-02-10T14:03:27] Price: 207.3
[2026-02-10T14:03:37] Price: 207.39
[2026-02-10T14:03:47] Price: 207.31
[2026-02-10T14:03:57] Price: 207.39
[2026-02-10T14:04:08] Price: 207.4
[2026-02-10T14:04:18] Price: 207.38
[2026-02-10T14:04:28] Price: 207.49
[2026-02-10T14:04:38] Price: 207.5
[2026-02-10T14:04:48] Price: 207.49
[2026-02-10T14:04:59] Price: 207.49
[2026-02-10T14:05:08] Price: 207.5
[2026-02-10T14:05:18] Price: 207.54
[2026-02-10T14:05:28] Price: 207.53
[2026-02-10T14:05:38] Price: 207.54
[2026-02-10T14:05:48] Price: 207.5
[2026-02-10T14:05:58] Price: 207.52
[2026-02-10T14:06:08] Price: 207.59
[2026-02-10T14:06:18] Price: 207.57
[2026-02-10T14:06:28] Price: 207.57
[2026-02-10T14:06:38] Price: 207.57
[2026-02-10T14:06:48] Price: 207.52
[2026-02-10T14:06:58] Price: 207.56
[2026-02-10T14:07:08] Price: 207.5
[2026-02-10T14:07:18] Price: 207.59
[2026-02-10T14:07:28] Price: 207.57
[2026-02-10T14:07:38] Price: 207.63
[2026-02-10T14:07:48] Price: 207.7
[2026-02-10T14:07:58] Price: 207.78
[2026-02-10T14:08:08] Price: 207.78
[2026-02-10T14:08:18] Price: 207.71
[2026-02-10T14:08:28] Price: 207.65
[2026-02-10T14:08:38] Price: 207.75
[2026-02-10T14:08:48] Price: 207.75
[2026-02-10T14:08:58] Price: 207.75
[2026-02-10T14:09:08] Price: 207.71
[2026-02-10T14:09:18] Price: 207.75
[2026-02-10T14:09:28] Price: 207.75
[2026-02-10T14:09:38] Price: 207.7
[2026-02-10T14:09:48] Price: 207.59
[2026-02-10T14:09:58] Price: 207.56
[2026-02-10T14:10:08] Price: 207.6
[2026-02-10T14:10:18] Price: 207.6
[2026-02-10T14:10:29] Price: 207.56
[2026-02-10T14:10:38] Price: 207.56
[2026-02-10T14:10:48] Price: 207.55
[2026-02-10T14:10:58] Price: 207.6
[2026-02-10T14:11:08] Price: 207.6
[2026-02-10T14:11:18] Price: 207.6
[2026-02-10T14:11:28] Price: 207.63
[2026-02-10T14:11:38] Price: 207.58
[2026-02-10T14:11:48] Price: 207.63
[2026-02-10T14:11:58] Price: 207.6
[2026-02-10T14:12:08] Price: 207.57
[2026-02-10T14:12:18] Price: 207.6
[2026-02-10T14:12:28] Price: 207.66
[2026-02-10T14:12:38] Price: 207.68
[2026-02-10T14:12:48] Price: 207.59
[2026-02-10T14:12:58] Price: 207.69
[2026-02-10T14:13:08] Price: 207.6
[2026-02-10T14:13:18] Price: 207.54
[2026-02-10T14:13:28] Price: 207.65
[2026-02-10T14:13:38] Price: 207.68
[2026-02-10T14:13:48] Price: 207.61
[2026-02-10T14:13:58] Price: 207.65
[2026-02-10T14:14:08] Price: 207.4
[2026-02-10T14:14:18] Price: 207.5
[2026-02-10T14:14:28] Price: 207.51
[2026-02-10T14:14:38] Price: 207.51
[2026-02-10T14:14:48] Price: 207.5
[2026-02-10T14:14:58] Price: 207.51
[2026-02-10T14:15:08] Price: 207.51
[2026-02-10T14:15:18] Price: 207.52
[2026-02-10T14:15:28] Price: 207.51
[2026-02-10T14:15:38] Price: 207.51
[2026-02-10T14:15:48] Price: 207.52
[2026-02-10T14:15:58] Price: 207.55
[2026-02-10T14:16:08] Price: 207.58
[2026-02-10T14:16:18] Price: 207.59
[2026-02-10T14:16:28] Price: 207.6
[2026-02-10T14:16:38] Price: 207.59
[2026-02-10T14:16:48] Price: 207.56
[2026-02-10T14:16:58] Price: 207.56
[2026-02-10T14:17:08] Price: 207.58
[2026-02-10T14:17:18] Price: 207.59
[2026-02-10T14:17:28] Price: 207.56
[2026-02-10T14:17:38] Price: 207.59
[2026-02-10T14:17:48] Price: 207.59
[2026-02-10T14:17:58] Price: 207.59
[2026-02-10T14:18:08] Price: 207.55
[2026-02-10T14:18:18] Price: 207.55
[2026-02-10T14:18:28] Price: 207.53
[2026-02-10T14:18:38] Price: 207.58
[2026-02-10T14:18:48] Price: 207.5
[2026-02-10T14:18:58] Price: 207.5
[2026-02-10T14:19:08] Price: 207.48
[2026-02-10T14:19:18] Price: 207.47
[2026-02-10T14:19:28] Price: 207.34
[2026-02-10T14:19:38] Price: 207.35
[2026-02-10T14:19:48] Price: 207.28
[2026-02-10T14:20:00] Price: 207.29
[2026-02-10T14:20:08] Price: 207.29
[2026-02-10T14:20:18] Price: 207.27
[2026-02-10T14:20:28] Price: 207.18
[2026-02-10T14:20:38] Price: 207.09
[2026-02-10T14:20:48] Price: 207.1
[2026-02-10T14:20:58] Price: 207.11
[2026-02-10T14:21:08] Price: 207.14
[2026-02-10T14:21:18] Price: 207.22
[2026-02-10T14:21:28] Price: 207.1
[2026-02-10T14:21:38] Price: 207.22
[2026-02-10T14:21:48] Price: 207.13
[2026-02-10T14:21:58] Price: 207.25
[2026-02-10T14:22:08] Price: 207.25
[2026-02-10T14:22:18] Price: 207.15
[2026-02-10T14:22:28] Price: 207.1
[2026-02-10T14:22:38] Price: 207.08
[2026-02-10T14:22:48] Price: 207.08
[2026-02-10T14:22:58] Price: 207.14
[2026-02-10T14:23:08] Price: 207.12
[2026-02-10T14:23:18] Price: 207.15
[2026-02-10T14:23:28] Price: 207.1
[2026-02-10T14:23:38] Price: 207.15
[2026-02-10T14:23:48] Price: 207.1
[2026-02-10T14:23:58] Price: 207.1
[2026-02-10T14:24:08] Price: 207.14
[2026-02-10T14:24:18] Price: 207.05
[2026-02-10T14:24:28] Price: 207.08
[2026-02-10T14:24:38] Price: 207.01
[2026-02-10T14:24:48] Price: 207.11
[2026-02-10T14:24:58] Price: 207.05
[2026-02-10T14:25:08] Price: 207.02
[2026-02-10T14:25:19] Price: 207.04
[2026-02-10T14:25:28] Price: 207
[2026-02-10T14:25:40] Price: 207.03
[2026-02-10T14:25:49] Price: 206.98
[2026-02-10T14:25:59] Price: 206.95
[2026-02-10T14:26:09] Price: 206.97
[2026-02-10T14:26:19] Price: 207
[2026-02-10T14:26:29] Price: 207
[2026-02-10T14:26:39] Price: 206.96
[2026-02-10T14:26:49] Price: 207
[2026-02-10T14:26:59] Price: 206.96
[2026-02-10T14:27:09] Price: 206.96
[2026-02-10T14:27:19] Price: 206.8
[2026-02-10T14:27:29] Price: 206.78
[2026-02-10T14:27:39] Price: 206.7
[2026-02-10T14:27:49] Price: 206.8
[2026-02-10T14:27:59] Price: 206.73
[2026-02-10T14:28:09] Price: 206.79
[2026-02-10T14:28:19] Price: 206.68
[2026-02-10T14:28:29] Price: 206.65
[2026-02-10T14:28:39] Price: 206.77
[2026-02-10T14:28:49] Price: 206.65
[2026-02-10T14:28:59] Price: 206.7
[2026-02-10T14:29:09] Price: 206.75
[2026-02-10T14:29:19] Price: 206.71
[2026-02-10T14:29:29] Price: 206.7
[2026-02-10T14:29:39] Price: 206.7
[2026-02-10T14:29:49] Price: 206.7
[2026-02-10T14:29:59] Price: 206.7
[2026-02-10T14:30:09] Price: 206.65
[2026-02-10T14:30:19] Price: 206.64
[2026-02-10T14:30:29] Price: 206.63
[2026-02-10T14:30:40] Price: 206.69
[2026-02-10T14:30:49] Price: 206.7
[2026-02-10T14:30:59] Price: 206.69
[2026-02-10T14:31:09] Price: 206.69
[2026-02-10T14:31:19] Price: 206.69
[2026-02-10T14:31:29] Price: 206.67
[2026-02-10T14:31:39] Price: 206.54
[2026-02-10T14:31:49] Price: 206.62
[2026-02-10T14:31:59] Price: 206.63
[2026-02-10T14:32:09] Price: 206.56
[2026-02-10T14:32:19] Price: 206.6
[2026-02-10T14:32:29] Price: 206.7
[2026-02-10T14:32:39] Price: 206.69
[2026-02-10T14:32:49] Price: 206.69
[2026-02-10T14:33:00] Price: 206.75
[2026-02-10T14:33:09] Price: 206.75
[2026-02-10T14:33:19] Price: 206.85
[2026-02-10T14:33:29] Price: 206.81
[2026-02-10T14:33:39] Price: 206.8
[2026-02-10T14:33:49] Price: 206.8
[2026-02-10T14:33:59] Price: 206.7
[2026-02-10T14:34:09] Price: 206.65
[2026-02-10T14:34:19] Price: 206.7
[2026-02-10T14:34:29] Price: 206.7
[2026-02-10T14:34:39] Price: 206.75
[2026-02-10T14:34:49] Price: 206.67
[2026-02-10T14:34:59] Price: 206.72
[2026-02-10T14:35:09] Price: 206.7
[2026-02-10T14:35:19] Price: 206.97
[2026-02-10T14:35:29] Price: 206.99
[2026-02-10T14:35:39] Price: 207.12
[2026-02-10T14:35:49] Price: 207.44
[2026-02-10T14:35:59] Price: 207.45
[2026-02-10T14:36:09] Price: 207.49
[2026-02-10T14:36:19] Price: 207.41
[2026-02-10T14:36:29] Price: 207.45
[2026-02-10T14:36:39] Price: 207.44
[2026-02-10T14:36:49] Price: 207.44
[2026-02-10T14:36:59] Price: 207.47
[2026-02-10T14:37:09] Price: 207.49
[2026-02-10T14:37:19] Price: 207.48
[2026-02-10T14:37:29] Price: 207.46
[2026-02-10T14:37:39] Price: 207.47
[2026-02-10T14:37:49] Price: 207.41
[2026-02-10T14:37:59] Price: 207.46
[2026-02-10T14:38:09] Price: 207.34
[2026-02-10T14:38:19] Price: 207.16
[2026-02-10T14:38:29] Price: 207.17
[2026-02-10T14:38:39] Price: 207.1
[2026-02-10T14:38:49] Price: 207.03
[2026-02-10T14:38:59] Price: 207.06
[2026-02-10T14:39:09] Price: 207.11
[2026-02-10T14:39:19] Price: 207.11
[2026-02-10T14:39:29] Price: 207.42
[2026-02-10T14:39:39] Price: 207.42
[2026-02-10T14:39:49] Price: 207.29
[2026-02-10T14:39:59] Price: 207.4
[2026-02-10T14:40:09] Price: 207.59
[2026-02-10T14:40:20] Price: 207.59
[2026-02-10T14:40:29] Price: 207.63
[2026-02-10T14:40:41] Price: 207.6
[2026-02-10T14:40:49] Price: 207.57
[2026-02-10T14:40:59] Price: 207.65
[2026-02-10T14:41:09] Price: 207.61
[2026-02-10T14:41:19] Price: 207.77
[2026-02-10T14:41:29] Price: 207.76
[2026-02-10T14:41:39] Price: 207.73
[2026-02-10T14:41:49] Price: 207.69
[2026-02-10T14:42:00] Price: 207.7
[2026-02-10T14:42:09] Price: 207.73
[2026-02-10T14:42:19] Price: 207.65
[2026-02-10T14:42:29] Price: 207.69
[2026-02-10T14:42:39] Price: 207.69
[2026-02-10T14:42:49] Price: 207.65
[2026-02-10T14:42:59] Price: 207.69
[2026-02-10T14:43:09] Price: 207.69
[2026-02-10T14:43:19] Price: 207.7
[2026-02-10T14:43:29] Price: 207.64
[2026-02-10T14:43:39] Price: 207.69
[2026-02-10T14:43:49] Price: 207.72
[2026-02-10T14:43:59] Price: 207.68
[2026-02-10T14:44:09] Price: 207.78
[2026-02-10T14:44:19] Price: 207.75
[2026-02-10T14:44:29] Price: 207.75
[2026-02-10T14:44:39] Price: 207.69
[2026-02-10T14:44:49] Price: 207.75
[2026-02-10T14:44:59] Price: 207.75
[2026-02-10T14:45:09] Price: 207.8
[2026-02-10T14:45:19] Price: 207.8
[2026-02-10T14:45:29] Price: 207.8
[2026-02-10T14:45:39] Price: 207.78
[2026-02-10T14:45:49] Price: 207.8
[2026-02-10T14:45:59] Price: 207.9
[2026-02-10T14:46:09] Price: 207.92
[2026-02-10T14:46:19] Price: 207.82
[2026-02-10T14:46:29] Price: 207.8
[2026-02-10T14:46:39] Price: 207.8
[2026-02-10T14:46:50] Price: 207.77
[2026-02-10T14:47:00] Price: 207.84
[2026-02-10T14:47:10] Price: 207.9
[2026-02-10T14:47:20] Price: 207.87
[2026-02-10T14:47:30] Price: 207.94
[2026-02-10T14:47:41] Price: 207.9
[2026-02-10T14:47:50] Price: 207.97
[2026-02-10T14:48:00] Price: 208
[2026-02-10T14:48:10] Price: 207.97
[2026-02-10T14:48:20] Price: 207.95
[2026-02-10T14:48:30] Price: 207.98
[2026-02-10T14:48:40] Price: 207.99
[2026-02-10T14:48:50] Price: 207.99
[2026-02-10T14:49:00] Price: 207.87
[2026-02-10T14:49:10] Price: 207.9
[2026-02-10T14:49:21] Price: 208
[2026-02-10T14:49:33] Price: 207.92
[2026-02-10T14:49:41] Price: 207.98
[2026-02-10T14:49:50] Price: 207.96
[2026-02-10T14:50:00] Price: 208.03
[2026-02-10T14:50:10] Price: 208.11
[2026-02-10T14:50:20] Price: 208.09
[2026-02-10T14:50:30] Price: 208.19
[2026-02-10T14:50:40] Price: 208
[2026-02-10T14:50:50] Price: 207.97
[2026-02-10T14:51:00] Price: 208
[2026-02-10T14:51:10] Price: 207.93
[2026-02-10T14:51:20] Price: 207.83
[2026-02-10T14:51:30] Price: 207.83
[2026-02-10T14:51:40] Price: 207.86
[2026-02-10T14:51:50] Price: 207.95
[2026-02-10T14:52:00] Price: 208
[2026-02-10T14:52:10] Price: 207.9
[2026-02-10T14:52:20] Price: 207.97
[2026-02-10T14:52:30] Price: 208.09
[2026-02-10T14:52:40] Price: 208.05
[2026-02-10T14:52:50] Price: 208.07
[2026-02-10T14:53:00] Price: 208.02
[2026-02-10T14:53:10] Price: 208.1
[2026-02-10T14:53:20] Price: 208.13
[2026-02-10T14:53:31] Price: 208.14
[2026-02-10T14:53:40] Price: 208.12
[2026-02-10T14:53:50] Price: 208.1
[2026-02-10T14:54:00] Price: 208.06
[2026-02-10T14:54:10] Price: 208.11
[2026-02-10T14:54:20] Price: 208.11
[2026-02-10T14:54:30] Price: 208.11
[2026-02-10T14:54:40] Price: 208.15
[2026-02-10T14:54:50] Price: 208.13
[2026-02-10T14:55:00] Price: 208.11
[2026-02-10T14:55:10] Price: 208.11
[2026-02-10T14:55:20] Price: 208.11
[2026-02-10T14:55:30] Price: 208.19
[2026-02-10T14:55:40] Price: 208.2
[2026-02-10T14:55:50] Price: 208.15
[2026-02-10T14:56:00] Price: 208.2
[2026-02-10T14:56:10] Price: 208.17
[2026-02-10T14:56:20] Price: 208.2
[2026-02-10T14:56:30] Price: 208.13
[2026-02-10T14:56:40] Price: 208.18
[2026-02-10T14:56:50] Price: 208.15
[2026-02-10T14:57:00] Price: 208.17
[2026-02-10T14:57:10] Price: 208.17
[2026-02-10T14:57:20] Price: 208.17
[2026-02-10T14:57:30] Price: 208.16
[2026-02-10T14:57:40] Price: 208.15
[2026-02-10T14:57:50] Price: 208.15
[2026-02-10T14:58:00] Price: 208.15
[2026-02-10T14:58:10] Price: 208.19
[2026-02-10T14:58:20] Price: 208.15
[2026-02-10T14:58:30] Price: 208.1
[2026-02-10T14:58:40] Price: 207.96
[2026-02-10T14:58:50] Price: 208.05
[2026-02-10T14:59:00] Price: 208.07
[2026-02-10T14:59:10] Price: 208.04
[2026-02-10T14:59:20] Price: 208.04
[2026-02-10T14:59:30] Price: 208.07
[2026-02-10T14:59:40] Price: 208.03
[2026-02-10T14:59:50] Price: 208.06
[2026-02-10T15:00:00] Price: 207.93
[2026-02-10T15:00:10] Price: 208.06
[2026-02-10T15:00:20] Price: 208.05
[2026-02-10T15:00:30] Price: 208.17
[2026-02-10T15:00:40] Price: 208.2
[2026-02-10T15:00:50] Price: 208.04
[2026-02-10T15:01:00] Price: 208.11
[2026-02-10T15:01:10] Price: 208.16
[2026-02-10T15:01:20] Price: 208.17
[2026-02-10T15:01:30] Price: 208.09
[2026-02-10T15:01:40] Price: 208.15
[2026-02-10T15:01:50] Price: 208.2
[2026-02-10T15:02:00] Price: 208.25
[2026-02-10T15:02:10] Price: 208.18
[2026-02-10T15:02:20] Price: 208.1
[2026-02-10T15:02:30] Price: 208.06
[2026-02-10T15:02:40] Price: 208.05
[2026-02-10T15:02:50] Price: 208.07
[2026-02-10T15:03:00] Price: 208.1
[2026-02-10T15:03:10] Price: 208.18
[2026-02-10T15:03:20] Price: 208.13
[2026-02-10T15:03:30] Price: 208.03
[2026-02-10T15:03:40] Price: 208.15
[2026-02-10T15:03:50] Price: 208.15
[2026-02-10T15:04:00] Price: 208.14
[2026-02-10T15:04:10] Price: 208.2
[2026-02-10T15:04:20] Price: 208.15
[2026-02-10T15:04:30] Price: 208.1
[2026-02-10T15:04:40] Price: 208.12
[2026-02-10T15:04:50] Price: 208.11
[2026-02-10T15:05:00] Price: 208.16
[2026-02-10T15:05:10] Price: 208.15
[2026-02-10T15:05:20] Price: 208.13
[2026-02-10T15:05:30] Price: 208.12
[2026-02-10T15:05:40] Price: 208.17
[2026-02-10T15:05:50] Price: 208.15
[2026-02-10T15:06:00] Price: 208.15
[2026-02-10T15:06:10] Price: 208.24
[2026-02-10T15:06:20] Price: 208.27
[2026-02-10T15:06:30] Price: 208.2
[2026-02-10T15:06:40] Price: 208.25
[2026-02-10T15:06:50] Price: 208.25
[2026-02-10T15:07:00] Price: 208.24
[2026-02-10T15:07:10] Price: 208.18
[2026-02-10T15:07:20] Price: 208.21
[2026-02-10T15:07:30] Price: 208.23
[2026-02-10T15:07:40] Price: 208.22
[2026-02-10T15:07:50] Price: 208.23
[2026-02-10T15:08:00] Price: 208.25
[2026-02-10T15:08:10] Price: 208.19
[2026-02-10T15:08:20] Price: 208.11
[2026-02-10T15:08:30] Price: 208.08
[2026-02-10T15:08:40] Price: 208.05
[2026-02-10T15:08:50] Price: 208.07
[2026-02-10T15:09:00] Price: 208.06
[2026-02-10T15:09:10] Price: 207.95
[2026-02-10T15:09:21] Price: 208.05
[2026-02-10T15:09:31] Price: 208.02
[2026-02-10T15:09:41] Price: 208
[2026-02-10T15:09:51] Price: 208
[2026-02-10T15:10:01] Price: 208
[2026-02-10T15:10:11] Price: 207.94
[2026-02-10T15:10:21] Price: 207.98
[2026-02-10T15:10:31] Price: 207.94
[2026-02-10T15:10:41] Price: 207.92
[2026-02-10T15:10:51] Price: 207.93
[2026-02-10T15:11:01] Price: 207.98
[2026-02-10T15:11:11] Price: 207.94
[2026-02-10T15:11:21] Price: 207.99
[2026-02-10T15:11:31] Price: 207.93
[2026-02-10T15:11:41] Price: 207.98
[2026-02-10T15:11:51] Price: 207.92
[2026-02-10T15:12:01] Price: 207.93
[2026-02-10T15:12:11] Price: 207.93
[2026-02-10T15:12:21] Price: 207.89
[2026-02-10T15:12:31] Price: 208.1
[2026-02-10T15:12:41] Price: 208.06
[2026-02-10T15:12:51] Price: 208.06
[2026-02-10T15:13:01] Price: 208.1
[2026-02-10T15:13:11] Price: 208.1
[2026-02-10T15:13:22] Price: 208.09
[2026-02-10T15:13:31] Price: 208.04
[2026-02-10T15:13:41] Price: 208.05
[2026-02-10T15:13:51] Price: 208.05
[2026-02-10T15:14:01] Price: 208.06
[2026-02-10T15:14:11] Price: 208.05
[2026-02-10T15:14:21] Price: 208.07
[2026-02-10T15:14:31] Price: 208.05
[2026-02-10T15:14:41] Price: 208.04
[2026-02-10T15:14:51] Price: 208.03
[2026-02-10T15:15:01] Price: 208.02
[2026-02-10T15:15:11] Price: 208
[2026-02-10T15:15:21] Price: 208.05
[2026-02-10T15:15:31] Price: 208.04
[2026-02-10T15:15:41] Price: 208.1
[2026-02-10T15:15:51] Price: 208.01
[2026-02-10T15:16:01] Price: 208.02
[2026-02-10T15:16:11] Price: 208.02
[2026-02-10T15:16:22] Price: 208.07
[2026-02-10T15:16:31] Price: 208.07
[2026-02-10T15:16:41] Price: 208.1
[2026-02-10T15:16:51] Price: 208.1
[2026-02-10T15:17:01] Price: 208.1
[2026-02-10T15:17:11] Price: 208.06
[2026-02-10T15:17:21] Price: 208.09
[2026-02-10T15:17:31] Price: 208.09
[2026-02-10T15:17:41] Price: 208.07
[2026-02-10T15:17:51] Price: 208.06
[2026-02-10T15:18:01] Price: 208.11
[2026-02-10T15:18:11] Price: 208.05
[2026-02-10T15:18:21] Price: 208.1
[2026-02-10T15:18:31] Price: 208.13
[2026-02-10T15:18:41] Price: 208.11
[2026-02-10T15:18:51] Price: 208.06
[2026-02-10T15:19:01] Price: 208.08
[2026-02-10T15:19:11] Price: 208.05
[2026-02-10T15:19:21] Price: 208.07
[2026-02-10T15:19:31] Price: 208.05
[2026-02-10T15:19:41] Price: 208.05
[2026-02-10T15:19:51] Price: 208.07
[2026-02-10T15:20:01] Price: 208.06
[2026-02-10T15:20:11] Price: 208.01
[2026-02-10T15:20:21] Price: 208.01
[2026-02-10T15:20:31] Price: 207.99
[2026-02-10T15:20:41] Price: 207.99
[2026-02-10T15:20:51] Price: 207.95
[2026-02-10T15:21:01] Price: 207.94
[2026-02-10T15:21:11] Price: 207.95
[2026-02-10T15:21:21] Price: 207.93
[2026-02-10T15:21:31] Price: 207.93
[2026-02-10T15:21:41] Price: 207.9
[2026-02-10T15:21:51] Price: 207.91
[2026-02-10T15:22:01] Price: 207.96
[2026-02-10T15:22:11] Price: 207.9
[2026-02-10T15:22:21] Price: 207.94
[2026-02-10T15:22:31] Price: 207.94
[2026-02-10T15:22:41] Price: 207.94
[2026-02-10T15:22:51] Price: 207.86
[2026-02-10T15:23:01] Price: 207.89
[2026-02-10T15:23:11] Price: 207.92
[2026-02-10T15:23:21] Price: 207.89
[2026-02-10T15:23:31] Price: 207.88
[2026-02-10T15:23:41] Price: 207.92
[2026-02-10T15:23:51] Price: 207.9
[2026-02-10T15:24:01] Price: 207.89
[2026-02-10T15:24:11] Price: 207.87
[2026-02-10T15:24:21] Price: 207.73
[2026-02-10T15:24:31] Price: 207.87
[2026-02-10T15:24:41] Price: 207.81
[2026-02-10T15:24:51] Price: 207.8
[2026-02-10T15:25:03] Price: 207.83
[2026-02-10T15:25:11] Price: 207.88
[2026-02-10T15:25:21] Price: 207.85
[2026-02-10T15:25:31] Price: 207.8
[2026-02-10T15:25:41] Price: 207.76
[2026-02-10T15:25:51] Price: 207.7
[2026-02-10T15:26:01] Price: 207.85
[2026-02-10T15:26:11] Price: 207.85
[2026-02-10T15:26:21] Price: 207.8
[2026-02-10T15:26:31] Price: 207.79
[2026-02-10T15:26:41] Price: 207.79
[2026-02-10T15:26:51] Price: 207.82
[2026-02-10T15:27:01] Price: 207.82
[2026-02-10T15:27:11] Price: 207.81
[2026-02-10T15:27:21] Price: 207.79
[2026-02-10T15:27:31] Price: 207.79
[2026-02-10T15:27:41] Price: 207.83
[2026-02-10T15:27:51] Price: 207.82
[2026-02-10T15:28:01] Price: 207.82
[2026-02-10T15:28:11] Price: 207.78
[2026-02-10T15:28:21] Price: 207.82
[2026-02-10T15:28:31] Price: 207.82
[2026-02-10T15:28:41] Price: 207.82
[2026-02-10T15:28:51] Price: 207.84
[2026-02-10T15:29:01] Price: 207.83
[2026-02-10T15:29:11] Price: 207.83
[2026-02-10T15:29:21] Price: 207.85
[2026-02-10T15:29:31] Price: 207.85
[2026-02-10T15:29:41] Price: 207.86
[2026-02-10T15:29:51] Price: 207.9
[2026-02-10T15:30:01] Price: 207.85
[2026-02-10T15:30:12] Price: 207.85
[2026-02-10T15:30:22] Price: 207.85
[2026-02-10T15:30:32] Price: 207.85
[2026-02-10T15:30:42] Price: 207.85
[2026-02-10T15:30:52] Price: 207.85
[2026-02-10T15:31:02] Price: 207.85
[2026-02-10T15:31:12] Price: 208.01
[2026-02-10T15:31:22] Price: 208.01
[2026-02-10T15:31:32] Price: 208.01
[2026-02-10T15:31:43] Price: 208.01
[2026-02-10T15:31:52] Price: 208.01
[2026-02-10T15:32:02] Price: 208.01
[2026-02-10T15:32:12] Price: 208.01
[2026-02-10T15:32:22] Price: 208.01
[2026-02-10T15:32:32] Price: 208.01
[2026-02-10T15:32:42] Price: 208.01
[2026-02-10T15:32:52] Price: 208.01
[2026-02-10T15:33:02] Price: 208.01
[2026-02-10T15:33:12] Price: 208.01
[2026-02-10T15:33:22] Price: 208.01
[2026-02-10T15:33:32] Price: 208.01
[2026-02-10T15:33:42] Price: 208.01
[2026-02-10T15:33:52] Price: 208.01
[2026-02-10T15:34:02] Price: 208.01
[2026-02-10T15:34:12] Price: 208.01
[2026-02-10T15:34:22] Price: 208.01
[2026-02-10T15:34:32] Price: 208.01
[2026-02-10T15:34:42] Price: 208.01
[2026-02-10T15:34:52] Price: 208.01
[2026-02-10T15:35:02] Price: 208.01
[2026-02-10T15:35:12] Price: 208.01
[2026-02-10T15:35:22] Price: 208.01
[2026-02-10T15:35:32] Price: 208.01
[2026-02-10T15:35:42] Price: 208.01
[2026-02-10T15:35:52] Price: 208.01
[2026-02-10T15:36:02] Price: 208.01
[2026-02-10T15:36:12] Price: 208.01
[2026-02-10T15:36:22] Price: 208.01
[2026-02-10T15:36:32] Price: 208.01
[2026-02-10T15:36:42] Price: 208.01
[2026-02-10T15:36:52] Price: 208.01
[2026-02-10T15:37:02] Price: 208.01
[2026-02-10T15:37:12] Price: 208.01
[2026-02-10T15:37:22] Price: 208.01
[2026-02-10T15:37:32] Price: 208.01
[2026-02-10T15:37:42] Price: 208.01
[2026-02-10T15:37:52] Price: 208.01
[2026-02-10T15:38:02] Price: 208.01
[2026-02-10T15:38:12] Price: 208.01
[2026-02-10T15:38:22] Price: 208.01
[2026-02-10T15:38:32] Price: 208.01
[2026-02-10T15:38:42] Price: 208.01
[2026-02-10T15:38:52] Price: 208.01
[2026-02-10T15:39:02] Price: 208.01
[2026-02-10T15:39:12] Price: 208.01
[2026-02-10T15:39:22] Price: 208.01
[2026-02-10T15:39:32] Price: 208.01
[2026-02-10T15:39:42] Price: 208.01
[2026-02-10T15:39:52] Price: 208.01
[2026-02-10T15:40:02] Price: 208.01
[2026-02-10T15:40:12] Price: 208.01
[2026-02-10T15:40:22] Price: 208.01
[2026-02-10T15:40:32] Price: 208.01
[2026-02-10T15:40:42] Price: 208.01
[2026-02-10T15:40:52] Price: 208.01
[2026-02-10T15:41:02] Price: 208.01
[2026-02-10T15:41:12] Price: 208.01
[2026-02-10T15:41:22] Price: 208.01
[2026-02-10T15:41:32] Price: 208.01
[2026-02-10T15:41:42] Price: 208.01
[2026-02-10T15:41:52] Price: 208.01
[2026-02-10T15:42:02] Price: 208.01
[2026-02-10T15:42:12] Price: 208.01
[2026-02-10T15:42:22] Price: 208.01
[2026-02-10T15:42:32] Price: 208.01
[2026-02-10T15:42:42] Price: 208.01
[2026-02-10T15:42:52] Price: 208.01
[2026-02-10T15:43:02] Price: 208.01
[2026-02-10T15:43:12] Price: 208.01
[2026-02-10T15:43:22] Price: 208.01
[2026-02-10T15:43:32] Price: 208.01
[2026-02-10T15:43:42] Price: 208.01
[2026-02-10T15:43:52] Price: 208.01
[2026-02-10T15:44:02] Price: 208.01
[2026-02-10T15:44:12] Price: 208.01
[2026-02-10T15:44:22] Price: 208.01
[2026-02-10T15:44:32] Price: 208.01
[2026-02-10T15:44:42] Price: 208.01
[2026-02-10T15:44:52] Price: 208.01
[2026-02-10T15:45:02] Price: 208.01
[2026-02-10T15:45:12] Price: 208.01
[2026-02-10T15:45:24] Price: 208.01
[2026-02-10T15:45:32] Price: 208.01
[2026-02-10T15:45:42] Price: 208.01
[2026-02-10T15:45:52] Price: 208.01
[2026-02-10T15:46:02] Price: 208.01
[2026-02-10T15:46:12] Price: 208.01
[2026-02-10T15:46:22] Price: 208.01
[2026-02-10T15:46:32] Price: 208.01
[2026-02-10T15:46:42] Price: 208.01
[2026-02-10T15:46:52] Price: 208.01
[2026-02-10T15:47:02] Price: 208.01
[2026-02-10T15:47:12] Price: 208.01
[2026-02-10T15:47:22] Price: 208.01
[2026-02-10T15:47:32] Price: 208.01
[2026-02-10T15:47:42] Price: 208.01
[2026-02-10T15:47:52] Price: 208.01
[2026-02-10T15:48:02] Price: 208.01
[2026-02-10T15:48:12] Price: 208.01
[2026-02-10T15:48:22] Price: 208.01
[2026-02-10T15:48:32] Price: 208.01
[2026-02-10T15:48:42] Price: 208.01
[2026-02-10T15:48:52] Price: 208.01
[2026-02-10T15:49:02] Price: 208.01
[2026-02-10T15:49:12] Price: 208.01
[2026-02-10T15:49:22] Price: 208.01
[2026-02-10T15:49:32] Price: 208.01
[2026-02-10T15:49:42] Price: 208.01
[2026-02-10T15:49:52] Price: 208.01
[2026-02-10T15:50:02] Price: 208.01
