[2026-02-10T10:00:23] BOT STARTED
[2026-02-10T10:00:33] Price: 207.84
[2026-02-10T10:00:43] Price: 207.6
[2026-02-10T10:00:53] Price: 207.73
[2026-02-10T10:01:03] Price: 207.83
[2026-02-10T10:01:13] Price: 207.77
[2026-02-10T10:01:23] Price: 207.82
[2026-02-10T10:01:33] Price: 207.9
[2026-02-10T10:01:43] Price: 207.9
[2026-02-10T10:01:53] Price: 207.87
[2026-02-10T10:02:03] Price: 207.85
[2026-02-10T10:02:13] Price: 207.9
[2026-02-10T10:02:23] Price: 207.87
[2026-02-10T10:02:33] Price: 207.89
[2026-02-10T10:02:43] Price: 207.95
[2026-02-10T10:02:53] Price: 208.04
[2026-02-10T10:03:03] Price: 207.78
[2026-02-10T10:03:13] Price: 207.72
[2026-02-10T10:03:23] Price: 207.72
[2026-02-10T10:03:33] Price: 207.7
[2026-02-10T10:03:43] Price: 207.62
[2026-02-10T10:03:54] Price: 207.61
[2026-02-10T10:04:03] Price: 207.55
[2026-02-10T10:04:14] Price: 207.38
[2026-02-10T10:04:24] Price: 207.23
[2026-02-10T10:04:34] Price: 206.9
[2026-02-10T10:04:44] Price: 206.72
[2026-02-10T10:04:54] Price: 207.16
[2026-02-10T10:05:04] Price: 206.9
[2026-02-10T10:05:14] Price: 207.4
[2026-02-10T10:05:24] Price: 207.19
[2026-02-10T10:05:34] Price: 206.94
[2026-02-10T10:05:44] Price: 206.9
[2026-02-10T10:05:54] Price: 206.89
[2026-02-10T10:06:04] Price: 206.71
[2026-02-10T10:06:14] Price: 207.93
[2026-02-10T10:06:25] Price: 207.91
[2026-02-10T10:06:34] Price: 207.85
[2026-02-10T10:06:44] Price: 207.85
[2026-02-10T10:06:54] Price: 207.76
[2026-02-10T10:07:04] Price: 207.75
[2026-02-10T10:07:14] Price: 207.87
[2026-02-10T10:07:24] Price: 207.93
[2026-02-10T10:07:34] Price: 208.02
[2026-02-10T10:07:44] Price: 208.02
[2026-02-10T10:07:54] Price: 208.07
[2026-02-10T10:08:04] Price: 208
[2026-02-10T10:08:14] Price: 207.95
[2026-02-10T10:08:24] Price: 208.06
[2026-02-10T10:08:34] Price: 208.05
[2026-02-10T10:08:44] Price: 207.97
[2026-02-10T10:08:54] Price: 207.97
[2026-02-10T10:09:04] Price: 207.98
[2026-02-10T10:09:14] Price: 207.79
[2026-02-10T10:09:24] Price: 207.78
[2026-02-10T10:09:37] BOT STARTED
[2026-02-10T10:09:48] Price: 207.86
[2026-02-10T10:09:48] BUY @ 207.86
[2026-02-10T10:09:58] Price: 207.82
[2026-02-10T10:10:08] Price: 207.95
[2026-02-10T10:10:18] Price: 207.95
[2026-02-10T10:10:28] Price: 207.9
[2026-02-10T10:10:38] Price: 207.9
[2026-02-10T10:10:48] Price: 207.87
[2026-02-10T10:10:58] Price: 207.83
[2026-02-10T10:11:08] Price: 207.8
[2026-02-10T10:11:18] Price: 208.08
[2026-02-10T10:11:28] Price: 207.9
[2026-02-10T10:11:38] Price: 208
[2026-02-10T10:11:48] Price: 208.04
[2026-02-10T10:11:58] Price: 208.11
[2026-02-10T10:12:08] Price: 208.28
[2026-02-10T10:12:18] Price: 208.25
[2026-02-10T10:12:28] Price: 208.32
[2026-02-10T10:12:38] Price: 208.49
[2026-02-10T10:12:48] Price: 208.7
[2026-02-10T10:12:58] Price: 208.7
[2026-02-10T10:13:08] Price: 208.85
[2026-02-10T10:13:18] Price: 208.92
[2026-02-10T10:13:28] Price: 209
[2026-02-10T10:13:38] Price: 208.96
[2026-02-10T10:13:48] Price: 209.12
[2026-02-10T10:13:53] BOT STARTED
[2026-02-10T10:14:04] Price: 209
[2026-02-10T10:14:14] Price: 208.98
[2026-02-10T10:14:24] Price: 209
[2026-02-10T10:14:34] Price: 209
[2026-02-10T10:14:44] Price: 208.99
[2026-02-10T10:14:54] Price: 208.99
[2026-02-10T10:17:00] BOT STARTED
[2026-02-10T10:17:10] Price: 210.27
[2026-02-10T10:17:10] BUY @ 210.27
[2026-02-10T10:17:20] Price: 209.79
[2026-02-10T10:17:30] Price: 209.7
[2026-02-10T10:17:40] Price: 209.88
[2026-02-10T10:17:50] Price: 210.21
[2026-02-10T10:18:00] Price: 210.15
[2026-02-10T10:18:11] Price: 210.06
[2026-02-10T10:18:20] Price: 210.01
[2026-02-10T10:18:32] Price: 210.15
[2026-02-10T10:18:40] Price: 210.06
[2026-02-10T10:18:50] Price: 210.05
[2026-02-10T10:19:00] Price: 210
[2026-02-10T10:19:10] Price: 210.03
[2026-02-10T10:19:20] Price: 210.9
[2026-02-10T10:19:30] Price: 211.03
[2026-02-10T10:19:41] Price: 211
[2026-02-10T10:19:50] Price: 210.95
[2026-02-10T10:20:00] Price: 210.57
[2026-02-10T10:20:10] Price: 210.5
[2026-02-10T10:20:20] Price: 210.26
[2026-02-10T10:20:31] Price: 210.16
[2026-02-10T10:20:41] Price: 210
[2026-02-10T10:20:51] Price: 210.09
[2026-02-10T10:21:01] Price: 209.71
[2026-02-10T10:21:11] Price: 209.91
[2026-02-10T10:21:21] Price: 210.1
[2026-02-10T10:21:31] Price: 210.2
[2026-02-10T10:21:41] Price: 210.01
[2026-02-10T10:21:51] Price: 210.07
[2026-02-10T10:22:01] Price: 209.97
[2026-02-10T10:22:11] Price: 209.74
[2026-02-10T10:22:21] Price: 209.7
[2026-02-10T10:22:31] Price: 209.63
[2026-02-10T10:22:41] Price: 209.51
[2026-02-10T10:22:51] Price: 209.49
[2026-02-10T10:23:01] Price: 210.15
[2026-02-10T10:23:11] Price: 209.92
[2026-02-10T10:23:21] Price: 209.92
[2026-02-10T10:23:31] Price: 209.89
[2026-02-10T10:23:41] Price: 210
[2026-02-10T10:23:51] Price: 209.93
[2026-02-10T10:24:01] Price: 209.86
[2026-02-10T10:24:11] Price: 209.84
[2026-02-10T10:24:21] Price: 210.04
[2026-02-10T10:24:31] Price: 210
[2026-02-10T10:24:41] Price: 209.92
[2026-02-10T10:24:51] Price: 209.87
[2026-02-10T10:25:01] Price: 209.85
[2026-02-10T10:25:11] Price: 209.99
[2026-02-10T10:25:21] Price: 209.99
[2026-02-10T10:25:31] Price: 209.99
[2026-02-10T10:25:41] Price: 209.97
[2026-02-10T10:25:51] Price: 210.04
[2026-02-10T10:26:01] Price: 210.02
[2026-02-10T10:26:11] Price: 210
[2026-02-10T10:26:21] Price: 209.99
[2026-02-10T10:26:31] Price: 209.85
[2026-02-10T10:26:41] Price: 209.85
[2026-02-10T10:26:51] Price: 209.96
[2026-02-10T10:27:01] Price: 209.94
[2026-02-10T10:27:11] Price: 209.9
[2026-02-10T10:27:21] Price: 209.94
[2026-02-10T10:27:31] Price: 209.93
[2026-02-10T10:27:41] Price: 209.98
[2026-02-10T10:27:51] Price: 209.89
[2026-02-10T10:28:01] Price: 209.92
[2026-02-10T10:28:11] Price: 209.78
[2026-02-10T10:28:21] Price: 209.66
[2026-02-10T10:28:31] Price: 209.68
[2026-02-10T10:28:41] Price: 209.4
[2026-02-10T10:28:51] Price: 209.33
[2026-02-10T10:29:01] Price: 209.54
[2026-02-10T10:29:11] Price: 209.63
[2026-02-10T10:29:11] SELL @ 209.63 | P/L -0.64
[2026-02-10T10:29:21] Price: 209.6
[2026-02-10T10:29:31] Price: 209.6
[2026-02-10T10:29:41] Price: 209.69
[2026-02-10T10:29:51] Price: 209.69
[2026-02-10T10:30:01] Price: 209.68
[2026-02-10T10:30:11] Price: 209.61
[2026-02-10T10:30:21] Price: 209.55
[2026-02-10T10:30:31] Price: 209.56
[2026-02-10T10:30:41] Price: 209.5
[2026-02-10T10:30:51] Price: 209.63
[2026-02-10T10:31:01] Price: 209.83
[2026-02-10T10:31:11] Price: 209.78
[2026-02-10T10:31:21] Price: 209.71
[2026-02-10T10:31:31] Price: 209.69
[2026-02-10T10:31:41] Price: 209.7
[2026-02-10T10:31:51] Price: 209.66
[2026-02-10T10:32:01] Price: 209.51
[2026-02-10T10:32:11] Price: 209.47
[2026-02-10T10:32:21] Price: 209.35
[2026-02-10T10:32:31] Price: 209.01
[2026-02-10T10:32:41] Price: 209.17
[2026-02-10T10:32:51] Price: 208.96
[2026-02-10T10:33:01] Price: 208.81
[2026-02-10T10:33:11] Price: 209.19
[2026-02-10T10:33:21] Price: 209.01
[2026-02-10T10:33:31] Price: 208.96
[2026-02-10T10:33:41] Price: 208.9
[2026-02-10T10:33:51] Price: 209
[2026-02-10T10:34:01] Price: 209.17
[2026-02-10T10:34:11] Price: 209.05
[2026-02-10T10:34:21] Price: 208.97
[2026-02-10T10:34:31] Price: 208.97
[2026-02-10T10:34:41] Price: 209
[2026-02-10T10:34:51] Price: 209.05
[2026-02-10T10:35:01] Price: 209.09
[2026-02-10T10:35:11] Price: 209.14
[2026-02-10T10:35:21] Price: 208.89
[2026-02-10T10:35:31] Price: 208.74
[2026-02-10T10:35:41] Price: 208.88
[2026-02-10T10:35:51] Price: 208.88
[2026-02-10T10:36:01] Price: 208.81
[2026-02-10T10:36:11] Price: 208.84
[2026-02-10T10:36:21] Price: 208.73
[2026-02-10T10:36:31] Price: 208.7
[2026-02-10T10:36:41] Price: 208.33
[2026-02-10T10:36:51] Price: 208.41
[2026-02-10T10:37:01] Price: 208.38
[2026-02-10T10:37:11] Price: 208.67
[2026-02-10T10:37:21] Price: 208.63
[2026-02-10T10:37:31] Price: 208.49
[2026-02-10T10:37:41] Price: 208.62
[2026-02-10T10:37:51] Price: 208.67
[2026-02-10T10:38:01] Price: 208.75
[2026-02-10T10:38:11] Price: 208.9
[2026-02-10T10:38:21] Price: 208.88
[2026-02-10T10:38:57] BOT STARTED
[2026-02-10T10:39:08] Price: 209.27
[2026-02-10T10:39:18] Price: 209.34
[2026-02-10T10:39:28] Price: 209.4
[2026-02-10T10:39:38] Price: 209.2
[2026-02-10T10:39:48] Price: 209.1
[2026-02-10T10:39:58] Price: 209.12
[2026-02-10T10:40:08] Price: 209.11
[2026-02-10T10:40:18] Price: 209.32
[2026-02-10T10:40:28] Price: 209.45
[2026-02-10T10:40:38] Price: 209.4
[2026-02-10T10:40:48] Price: 209.49
[2026-02-10T10:40:58] Price: 209.17
[2026-02-10T10:41:08] Price: 209.21
[2026-02-10T10:41:18] Price: 208.68
[2026-02-10T10:41:28] Price: 208.66
[2026-02-10T10:41:38] Price: 208.55
[2026-02-10T10:41:48] Price: 208.56
[2026-02-10T10:41:58] Price: 208.65
[2026-02-10T10:42:08] Price: 208.65
[2026-02-10T10:42:18] Price: 208.62
[2026-02-10T10:42:28] Price: 208.67
[2026-02-10T10:42:38] Price: 208.72
[2026-02-10T10:42:48] Price: 208.4
[2026-02-10T10:42:58] Price: 208.39
[2026-02-10T10:43:08] Price: 208.57
[2026-02-10T10:43:18] Price: 208.42
[2026-02-10T10:43:32] Price: 208.4
[2026-02-10T10:43:38] Price: 208.1
[2026-02-10T10:43:48] Price: 208.14
[2026-02-10T10:43:58] Price: 208.19
[2026-02-10T10:44:08] Price: 208.13
[2026-02-10T10:44:18] Price: 208.14
[2026-02-10T10:44:28] Price: 208.34
[2026-02-10T10:44:38] Price: 208.2
[2026-02-10T10:44:48] Price: 208.14
[2026-02-10T10:44:58] Price: 208.1
[2026-02-10T10:45:08] Price: 208.05
[2026-02-10T10:45:18] Price: 208.01
[2026-02-10T10:45:28] Price: 208.26
[2026-02-10T10:45:38] Price: 208.13
[2026-02-10T10:45:48] Price: 208.09
[2026-02-10T10:45:58] Price: 208.09
[2026-02-10T10:46:08] Price: 208.11
[2026-02-10T10:46:18] Price: 208.05
[2026-02-10T10:46:28] Price: 208.09
[2026-02-10T10:46:38] Price: 208.63
[2026-02-10T10:46:48] Price: 208.35
[2026-02-10T10:46:58] Price: 208.34
[2026-02-10T10:47:08] Price: 208.26
[2026-02-10T10:47:18] Price: 208.45
[2026-02-10T10:47:28] Price: 208.49
[2026-02-10T10:47:38] Price: 208.41
[2026-02-10T10:47:48] Price: 208.4
[2026-02-10T10:48:00] Price: 208.4
[2026-02-10T10:48:08] Price: 208.27
[2026-02-10T10:48:18] Price: 208.5
[2026-02-10T10:48:28] Price: 208.33
[2026-02-10T10:48:38] Price: 208.31
[2026-02-10T10:48:49] Price: 208.15
[2026-02-10T10:48:59] Price: 208.14
[2026-02-10T10:49:09] Price: 208.15
[2026-02-10T10:49:19] Price: 208.07
[2026-02-10T10:49:29] Price: 207.89
[2026-02-10T10:49:39] Price: 207.92
[2026-02-10T10:49:49] Price: 207.81
[2026-02-10T10:49:59] Price: 207.8
[2026-02-10T10:50:09] Price: 207.96
[2026-02-10T10:50:19] Price: 208
[2026-02-10T10:50:29] Price: 207.95
[2026-02-10T10:50:39] Price: 207.9
[2026-02-10T10:50:49] Price: 208.07
[2026-02-10T10:50:59] Price: 208.08
[2026-02-10T10:51:09] Price: 208.2
[2026-02-10T10:51:19] Price: 208.13
[2026-02-10T10:51:29] Price: 208.37
[2026-02-10T10:51:39] Price: 208.38
[2026-02-10T10:51:49] Price: 208.31
[2026-02-10T10:51:59] Price: 208.2
[2026-02-10T10:52:09] Price: 208.24
[2026-02-10T10:52:19] Price: 208.3
[2026-02-10T10:52:29] Price: 208.35
[2026-02-10T10:52:39] Price: 208.31
[2026-02-10T10:52:49] Price: 208.27
[2026-02-10T10:52:59] Price: 208.41
[2026-02-10T10:53:09] Price: 208.25
[2026-02-10T10:53:19] Price: 208.22
[2026-02-10T10:53:29] Price: 208.24
[2026-02-10T10:53:39] Price: 208.28
[2026-02-10T10:53:49] Price: 208.33
[2026-02-10T10:53:59] Price: 208.25
[2026-02-10T10:54:09] Price: 208.34
[2026-02-10T10:54:19] Price: 208.15
[2026-02-10T10:54:29] Price: 208.1
[2026-02-10T10:54:39] Price: 208.11
[2026-02-10T10:54:49] Price: 208.03
[2026-02-10T10:54:59] Price: 207.9
[2026-02-10T10:55:09] Price: 207.9
[2026-02-10T10:55:19] Price: 207.97
[2026-02-10T10:55:29] Price: 207.91
[2026-02-10T10:55:39] Price: 207.95
[2026-02-10T10:55:49] Price: 207.99
[2026-02-10T10:55:59] Price: 207.96
[2026-02-10T10:56:09] Price: 207.93
[2026-02-10T10:56:19] Price: 207.98
[2026-02-10T10:56:29] Price: 208.08
[2026-02-10T10:56:39] Price: 208.08
[2026-02-10T10:56:50] Price: 208.2
[2026-02-10T10:56:59] Price: 208.17
[2026-02-10T10:57:09] Price: 208.06
[2026-02-10T10:57:19] Price: 208.05
[2026-02-10T10:57:29] Price: 208.04
[2026-02-10T10:57:39] Price: 208.05
[2026-02-10T10:57:49] Price: 208.08
[2026-02-10T10:57:59] Price: 208.05
[2026-02-10T10:58:09] Price: 208.05
[2026-02-10T10:58:19] Price: 208.08
[2026-02-10T10:58:29] Price: 208.08
[2026-02-10T10:58:39] Price: 208.05
[2026-02-10T10:58:49] Price: 208.04
[2026-02-10T10:58:59] Price: 208.1
[2026-02-10T10:59:09] Price: 208.15
[2026-02-10T10:59:19] Price: 208
[2026-02-10T10:59:29] Price: 207.91
[2026-02-10T10:59:39] Price: 208.04
[2026-02-10T10:59:49] Price: 208.02
