[2026-02-11T10:28:26] BOT STARTED
[2026-02-11T10:28:37] Price: 207
[2026-02-11T10:28:47] Price: 207
[2026-02-11T10:28:57] Price: 207.01
[2026-02-11T10:29:07] Price: 207.11
[2026-02-11T10:29:17] Price: 207.12
[2026-02-11T10:29:27] Price: 207.21
[2026-02-11T10:29:37] Price: 207.23
[2026-02-11T10:29:47] Price: 207.3
[2026-02-11T10:29:58] Price: 207.3
[2026-02-11T10:30:07] Price: 207.25
[2026-02-11T10:30:17] Price: 207.27
[2026-02-11T10:30:27] Price: 207.25
[2026-02-11T10:30:37] Price: 207.16
[2026-02-11T10:30:47] Price: 207.1
[2026-02-11T10:30:57] Price: 207.16
[2026-02-11T10:31:07] Price: 207.16
[2026-02-11T10:31:17] Price: 207.1
[2026-02-11T10:31:27] Price: 207.19
[2026-02-11T10:31:37] Price: 207.11
[2026-02-11T10:31:47] Price: 207.06
[2026-02-11T10:31:57] Price: 207.15
[2026-02-11T10:32:07] Price: 207.1
[2026-02-11T10:32:17] Price: 207.14
[2026-02-11T10:32:27] Price: 207.11
[2026-02-11T10:32:37] Price: 207.02
[2026-02-11T10:32:47] Price: 207.06
[2026-02-11T10:32:57] Price: 207.06
[2026-02-11T10:33:07] Price: 207.05
[2026-02-11T10:33:17] Price: 207.1
[2026-02-11T10:33:27] Price: 207.1
[2026-02-11T10:33:37] Price: 207.05
[2026-02-11T10:33:47] Price: 207.1
[2026-02-11T10:33:57] Price: 207.1
[2026-02-11T10:34:07] Price: 207.06
[2026-02-11T10:34:17] Price: 207.07
[2026-02-11T10:34:27] Price: 207.21
[2026-02-11T10:34:37] Price: 207.21
[2026-02-11T10:34:47] Price: 207.14
[2026-02-11T10:34:57] Price: 207.2
[2026-02-11T10:35:07] Price: 207.21
[2026-02-11T10:35:17] Price: 207.27
[2026-02-11T10:35:27] Price: 207.24
[2026-02-11T10:35:37] Price: 207.24
[2026-02-11T10:35:47] Price: 207.27
[2026-02-11T10:35:57] Price: 207.26
[2026-02-11T10:36:07] Price: 207.21
[2026-02-11T10:36:17] Price: 207.24
[2026-02-11T10:36:27] Price: 207.28
[2026-02-11T10:36:37] Price: 207.25
[2026-02-11T10:36:47] Price: 207.25
[2026-02-11T10:36:57] Price: 207.25
[2026-02-11T10:37:07] Price: 207.25
[2026-02-11T10:37:17] Price: 207.17
[2026-02-11T10:37:27] Price: 207.17
[2026-02-11T10:37:37] Price: 207.13
[2026-02-11T10:37:47] Price: 207.15
[2026-02-11T10:37:57] Price: 207.15
[2026-02-11T10:38:07] Price: 207.25
[2026-02-11T10:38:17] Price: 207.24
[2026-02-11T10:38:27] Price: 207.2
[2026-02-11T10:38:37] Price: 207.15
[2026-02-11T10:38:47] Price: 207.2
[2026-02-11T10:38:57] Price: 207.17
[2026-02-11T10:39:07] Price: 207.15
[2026-02-11T10:39:17] Price: 207.35
[2026-02-11T10:39:27] Price: 207.39
[2026-02-11T10:39:37] Price: 207.33
[2026-02-11T10:39:47] Price: 207.31
[2026-02-11T10:39:57] Price: 207.28
[2026-02-11T10:40:07] Price: 207.27
[2026-02-11T10:40:17] Price: 207.21
[2026-02-11T10:40:27] Price: 207.27
[2026-02-11T10:40:37] Price: 207.25
[2026-02-11T10:40:47] Price: 207.24
[2026-02-11T10:40:57] Price: 207.24
[2026-02-11T10:41:07] Price: 207.21
[2026-02-11T10:41:17] Price: 207.26
[2026-02-11T10:41:27] Price: 207.16
[2026-02-11T10:41:37] Price: 207.35
[2026-02-11T10:41:47] Price: 207.24
[2026-02-11T10:41:57] Price: 207.23
[2026-02-11T10:42:07] Price: 207.29
[2026-02-11T10:42:17] Price: 207.29
[2026-02-11T10:42:17] BUY @ 207.29
[2026-02-11T10:42:27] Price: 207.37
[2026-02-11T10:42:37] Price: 207.35
[2026-02-11T10:42:47] Price: 207.35
[2026-02-11T10:42:57] Price: 207.3
[2026-02-11T10:43:07] Price: 207.35
[2026-02-11T10:43:17] Price: 207.3
[2026-02-11T10:43:27] Price: 207.34
[2026-02-11T10:43:37] Price: 207.33
[2026-02-11T10:43:47] Price: 207.33
[2026-02-11T10:43:57] Price: 207.39
[2026-02-11T10:44:07] Price: 207.4
[2026-02-11T10:44:17] Price: 207.4
[2026-02-11T10:44:27] Price: 207.39
[2026-02-11T10:44:38] Price: 207.38
[2026-02-11T10:44:47] Price: 207.32
[2026-02-11T10:44:57] Price: 207.29
[2026-02-11T10:45:07] Price: 207.3
[2026-02-11T10:45:17] Price: 207.3
[2026-02-11T10:45:27] Price: 207.29
[2026-02-11T10:45:37] Price: 207.29
[2026-02-11T10:45:47] Price: 207.29
[2026-02-11T10:45:57] Price: 207.29
[2026-02-11T10:46:07] Price: 207.28
[2026-02-11T10:46:17] Price: 207.35
[2026-02-11T10:46:27] Price: 207.33
[2026-02-11T10:46:37] Price: 207.28
[2026-02-11T10:46:47] Price: 207.35
[2026-02-11T10:46:57] Price: 207.27
[2026-02-11T10:47:07] Price: 207.28
[2026-02-11T10:47:17] Price: 207.34
[2026-02-11T10:47:27] Price: 207.31
[2026-02-11T10:47:37] Price: 207.37
[2026-02-11T10:47:47] Price: 207.32
[2026-02-11T10:48:01] Price: 207.38
[2026-02-11T10:48:07] Price: 207.4
[2026-02-11T10:48:17] Price: 207.38
[2026-02-11T10:48:27] Price: 207.42
[2026-02-11T10:48:37] Price: 207.37
[2026-02-11T10:48:47] Price: 207.38
[2026-02-11T10:48:57] Price: 207.29
[2026-02-11T10:49:07] Price: 207.27
[2026-02-11T10:49:17] Price: 207.3
[2026-02-11T10:49:27] Price: 207.29
[2026-02-11T10:49:37] Price: 207.64
[2026-02-11T10:49:47] Price: 207.69
[2026-02-11T10:49:57] Price: 207.65
[2026-02-11T10:50:07] Price: 207.63
[2026-02-11T10:50:17] Price: 207.52
[2026-02-11T10:50:27] Price: 207.6
[2026-02-11T10:50:37] Price: 207.57
[2026-02-11T10:50:47] Price: 207.57
[2026-02-11T10:50:57] Price: 207.45
[2026-02-11T10:51:07] Price: 207.5
[2026-02-11T10:51:18] Price: 207.46
[2026-02-11T10:51:27] Price: 207.45
[2026-02-11T10:51:37] Price: 207.49
[2026-02-11T10:51:48] Price: 207.5
[2026-02-11T10:51:58] Price: 207.44
[2026-02-11T10:52:08] Price: 207.5
[2026-02-11T10:52:18] Price: 207.44
[2026-02-11T10:52:28] Price: 207.47
[2026-02-11T10:52:38] Price: 207.31
[2026-02-11T10:52:48] Price: 207.29
[2026-02-11T10:52:58] Price: 207.1
[2026-02-11T10:53:08] Price: 207.17
[2026-02-11T10:53:18] Price: 207.12
[2026-02-11T10:53:28] Price: 207.17
[2026-02-11T10:53:38] Price: 207.18
[2026-02-11T10:53:48] Price: 207.15
[2026-02-11T10:53:58] Price: 207.15
[2026-02-11T10:54:08] Price: 207.14
[2026-02-11T10:54:18] Price: 207.2
[2026-02-11T10:54:28] Price: 207
[2026-02-11T10:54:38] Price: 207.02
[2026-02-11T10:54:48] Price: 207.03
[2026-02-11T10:54:58] Price: 206.86
[2026-02-11T10:55:08] Price: 206.8
[2026-02-11T10:55:18] Price: 206.76
[2026-02-11T10:55:28] Price: 206.76
[2026-02-11T10:55:38] Price: 206.85
[2026-02-11T10:55:48] Price: 206.8
[2026-02-11T10:55:58] Price: 206.76
[2026-02-11T10:56:08] Price: 206.95
[2026-02-11T10:56:18] Price: 207
[2026-02-11T10:56:28] Price: 206.91
[2026-02-11T10:56:38] Price: 207
[2026-02-11T10:56:48] Price: 207.01
[2026-02-11T10:56:58] Price: 207.01
[2026-02-11T10:57:08] Price: 207.05
[2026-02-11T10:57:18] Price: 207.05
[2026-02-11T10:57:28] Price: 207.04
[2026-02-11T10:57:38] Price: 207.04
[2026-02-11T10:57:48] Price: 207
[2026-02-11T10:57:58] Price: 206.8
[2026-02-11T10:58:08] Price: 206.87
[2026-02-11T10:58:18] Price: 206.88
[2026-02-11T10:58:28] Price: 206.88
[2026-02-11T10:58:38] Price: 206.77
[2026-02-11T10:58:48] Price: 206.76
[2026-02-11T10:58:58] Price: 206.69
[2026-02-11T10:58:58] SELL @ 206.69 | P/L -0.60
[2026-02-11T10:59:08] Price: 206.81
[2026-02-11T10:59:18] Price: 206.84
[2026-02-11T10:59:28] Price: 206.74
[2026-02-11T10:59:38] Price: 206.74
[2026-02-11T10:59:48] Price: 206.75
[2026-02-11T10:59:58] Price: 206.72
[2026-02-11T11:00:08] Price: 206.74
[2026-02-11T11:00:18] Price: 206.64
[2026-02-11T11:00:28] Price: 206.63
[2026-02-11T11:00:38] Price: 206.55
[2026-02-11T11:00:48] Price: 206.7
[2026-02-11T11:00:58] Price: 206.71
[2026-02-11T11:01:08] Price: 206.75
[2026-02-11T11:01:18] Price: 206.71
[2026-02-11T11:01:28] Price: 206.6
[2026-02-11T11:01:38] Price: 206.65
[2026-02-11T11:01:48] Price: 206.69
[2026-02-11T11:01:58] Price: 206.68
[2026-02-11T11:02:08] Price: 206.56
[2026-02-11T11:02:18] Price: 206.64
[2026-02-11T11:02:28] Price: 206.65
[2026-02-11T11:02:38] Price: 206.7
[2026-02-11T11:02:48] Price: 206.56
[2026-02-11T11:03:00] Price: 206.59
[2026-02-11T11:03:08] Price: 206.62
[2026-02-11T11:03:18] Price: 206.56
[2026-02-11T11:03:28] Price: 206.57
[2026-02-11T11:03:38] Price: 206.56
[2026-02-11T11:03:48] Price: 206.62
[2026-02-11T11:03:58] Price: 206.56
[2026-02-11T11:04:08] Price: 206.6
[2026-02-11T11:04:18] Price: 206.6
[2026-02-11T11:04:28] Price: 206.6
[2026-02-11T11:04:38] Price: 206.62
[2026-02-11T11:04:48] Price: 206.62
[2026-02-11T11:04:58] Price: 206.65
[2026-02-11T11:05:08] Price: 206.7
[2026-02-11T11:05:18] Price: 206.65
[2026-02-11T11:05:18] BUY @ 206.65
[2026-02-11T11:05:28] Price: 206.66
[2026-02-11T11:05:38] Price: 206.7
[2026-02-11T11:05:48] Price: 206.69
[2026-02-11T11:05:58] Price: 206.76
[2026-02-11T11:06:08] Price: 206.77
[2026-02-11T11:06:19] Price: 206.77
[2026-02-11T11:06:28] Price: 206.75
[2026-02-11T11:06:38] Price: 206.88
[2026-02-11T11:06:48] Price: 206.85
[2026-02-11T11:06:58] Price: 206.86
[2026-02-11T11:07:08] Price: 206.91
[2026-02-11T11:07:18] Price: 206.62
[2026-02-11T11:07:28] Price: 206.58
[2026-02-11T11:07:38] Price: 206.39
[2026-02-11T11:07:48] Price: 206.28
[2026-02-11T11:07:58] Price: 206.24
[2026-02-11T11:08:08] Price: 206.33
[2026-02-11T11:08:18] Price: 206.1
[2026-02-11T11:08:28] Price: 206.1
[2026-02-11T11:08:28] SELL @ 206.1 | P/L -0.55
[2026-02-11T11:08:38] Price: 206.12
[2026-02-11T11:08:48] Price: 206.03
[2026-02-11T11:08:58] Price: 206.1
[2026-02-11T11:09:08] Price: 205.94
[2026-02-11T11:09:18] Price: 205.9
[2026-02-11T11:09:28] Price: 205.9
[2026-02-11T11:09:38] Price: 205.91
[2026-02-11T11:09:48] Price: 205.81
[2026-02-11T11:09:58] Price: 205.88
[2026-02-11T11:10:08] Price: 205.9
[2026-02-11T11:10:18] Price: 206.17
[2026-02-11T11:10:28] Price: 205.88
[2026-02-11T11:10:38] Price: 205.92
[2026-02-11T11:10:48] Price: 205.88
[2026-02-11T11:10:58] Price: 205.95
[2026-02-11T11:11:08] Price: 205.93
[2026-02-11T11:11:18] Price: 205.87
[2026-02-11T11:11:28] Price: 205.68
[2026-02-11T11:11:38] Price: 205.53
[2026-02-11T11:11:48] Price: 205.3
[2026-02-11T11:11:58] Price: 205.54
[2026-02-11T11:12:08] Price: 205.48
[2026-02-11T11:12:18] Price: 205.47
[2026-02-11T11:12:28] Price: 205.62
[2026-02-11T11:12:38] Price: 205.5
[2026-02-11T11:12:50] Price: 205.5
[2026-02-11T11:12:59] Price: 205.46
[2026-02-11T11:13:09] Price: 205.95
[2026-02-11T11:13:19] Price: 205.72
[2026-02-11T11:13:29] Price: 205.75
[2026-02-11T11:13:39] Price: 205.65
[2026-02-11T11:13:49] Price: 205.79
[2026-02-11T11:13:59] Price: 205.79
[2026-02-11T11:14:09] Price: 205.86
[2026-02-11T11:14:19] Price: 205.94
[2026-02-11T11:14:29] Price: 206.09
[2026-02-11T11:14:39] Price: 206.2
[2026-02-11T11:14:39] BUY @ 206.2
[2026-02-11T11:14:49] Price: 206.23
[2026-02-11T11:14:59] Price: 206.31
[2026-02-11T11:15:09] Price: 206.1
[2026-02-11T11:15:19] Price: 206.15
[2026-02-11T11:15:29] Price: 206.2
[2026-02-11T11:15:39] Price: 205.75
[2026-02-11T11:15:49] Price: 205.79
[2026-02-11T11:15:59] Price: 205.82
[2026-02-11T11:16:09] Price: 205.79
[2026-02-11T11:16:19] Price: 205.8
[2026-02-11T11:16:29] Price: 205.85
[2026-02-11T11:16:39] Price: 205.95
[2026-02-11T11:16:49] Price: 205.97
[2026-02-11T11:16:59] Price: 205.91
[2026-02-11T11:17:09] Price: 205.88
[2026-02-11T11:17:19] Price: 205.9
[2026-02-11T11:17:29] Price: 206.3
[2026-02-11T11:17:39] Price: 206.03
[2026-02-11T11:17:49] Price: 205.85
[2026-02-11T11:18:00] Price: 205.84
[2026-02-11T11:18:09] Price: 206.05
[2026-02-11T11:18:19] Price: 206.05
[2026-02-11T11:18:29] Price: 205.98
[2026-02-11T11:18:39] Price: 206.07
[2026-02-11T11:18:49] Price: 205.93
[2026-02-11T11:18:59] Price: 205.99
[2026-02-11T11:19:09] Price: 206.03
[2026-02-11T11:19:19] Price: 206.04
[2026-02-11T11:19:29] Price: 206.02
[2026-02-11T11:19:39] Price: 205.92
[2026-02-11T11:19:49] Price: 206.47
[2026-02-11T11:19:59] Price: 206.35
[2026-02-11T11:20:09] Price: 206.46
[2026-02-11T11:20:19] Price: 206.4
[2026-02-11T11:20:29] Price: 206.44
[2026-02-11T11:20:39] Price: 206.58
[2026-02-11T11:20:49] Price: 206.5
[2026-02-11T11:20:59] Price: 206.67
[2026-02-11T11:21:09] Price: 206.7
[2026-02-11T11:21:19] Price: 206.66
[2026-02-11T11:21:29] Price: 206.66
[2026-02-11T11:21:39] Price: 206.7
[2026-02-11T11:21:49] Price: 206.7
[2026-02-11T11:21:59] Price: 206.61
[2026-02-11T11:22:09] Price: 206.7
[2026-02-11T11:22:19] Price: 206.7
[2026-02-11T11:22:29] Price: 206.68
[2026-02-11T11:22:39] Price: 206.7
[2026-02-11T11:22:49] Price: 206.75
[2026-02-11T11:22:59] Price: 206.77
[2026-02-11T11:23:09] Price: 206.7
[2026-02-11T11:23:19] Price: 206.67
[2026-02-11T11:23:30] Price: 206.68
[2026-02-11T11:23:39] Price: 206.7
[2026-02-11T11:23:49] Price: 206.69
[2026-02-11T11:23:59] Price: 206.8
[2026-02-11T11:24:09] Price: 206.7
[2026-02-11T11:24:19] Price: 206.75
[2026-02-11T11:24:29] Price: 206.7
[2026-02-11T11:24:39] Price: 206.75
[2026-02-11T11:24:49] Price: 206.77
[2026-02-11T11:25:00] Price: 206.77
[2026-02-11T11:25:09] Price: 206.96
[2026-02-11T11:25:19] Price: 206.96
[2026-02-11T11:25:29] Price: 207
[2026-02-11T11:25:40] Price: 206.95
[2026-02-11T11:25:49] Price: 206.94
[2026-02-11T11:25:59] Price: 206.99
[2026-02-11T11:26:09] Price: 206.98
[2026-02-11T11:26:19] Price: 206.91
[2026-02-11T11:26:29] Price: 206.91
[2026-02-11T11:26:39] Price: 207
[2026-02-11T11:26:49] Price: 206.92
[2026-02-11T11:26:59] Price: 206.79
[2026-02-11T11:27:09] Price: 206.9
[2026-02-11T11:27:19] Price: 206.84
[2026-02-11T11:27:29] Price: 206.9
[2026-02-11T11:27:39] Price: 206.88
[2026-02-11T11:27:49] Price: 206.95
[2026-02-11T11:27:59] Price: 206.84
[2026-02-11T11:28:09] Price: 206.84
[2026-02-11T11:28:19] Price: 206.84
[2026-02-11T11:28:29] Price: 206.84
[2026-02-11T11:28:39] Price: 206.83
[2026-02-11T11:28:49] Price: 206.84
[2026-02-11T11:28:59] Price: 206.88
[2026-02-11T11:29:09] Price: 206.87
[2026-02-11T11:29:19] Price: 206.77
[2026-02-11T11:29:29] Price: 206.64
[2026-02-11T11:29:39] Price: 206.6
[2026-02-11T11:29:49] Price: 206.67
[2026-02-11T11:29:59] Price: 206.7
[2026-02-11T11:30:09] Price: 206.7
[2026-02-11T11:30:19] Price: 206.68
[2026-02-11T11:30:29] Price: 206.71
[2026-02-11T11:30:39] Price: 206.83
[2026-02-11T11:30:49] Price: 206.86
[2026-02-11T11:30:59] Price: 206.82
[2026-02-11T11:31:09] Price: 206.94
[2026-02-11T11:31:19] Price: 206.99
[2026-02-11T11:31:29] Price: 206.94
[2026-02-11T11:31:39] Price: 206.82
[2026-02-11T11:31:49] Price: 206.78
[2026-02-11T11:31:59] Price: 206.85
[2026-02-11T11:32:09] Price: 206.89
[2026-02-11T11:32:19] Price: 206.82
[2026-02-11T11:32:29] Price: 206.93
[2026-02-11T11:32:39] Price: 206.9
[2026-02-11T11:32:49] Price: 206.9
[2026-02-11T11:33:01] Price: 206.92
[2026-02-11T11:33:09] Price: 207.02
[2026-02-11T11:33:19] Price: 206.99
[2026-02-11T11:33:29] Price: 207.06
[2026-02-11T11:33:39] Price: 206.97
[2026-02-11T11:33:49] Price: 206.99
[2026-02-11T11:33:59] Price: 206.94
[2026-02-11T11:34:11] Price: 206.93
[2026-02-11T11:34:19] Price: 206.87
[2026-02-11T11:34:29] Price: 206.83
[2026-02-11T11:34:39] Price: 206.84
[2026-02-11T11:34:49] Price: 206.84
[2026-02-11T11:34:59] Price: 206.78
[2026-02-11T11:35:09] Price: 206.89
[2026-02-11T11:35:19] Price: 206.82
[2026-02-11T11:35:29] Price: 206.88
[2026-02-11T11:35:39] Price: 206.86
[2026-02-11T11:35:50] Price: 206.8
[2026-02-11T11:36:00] Price: 206.76
[2026-02-11T11:36:10] Price: 206.75
[2026-02-11T11:36:19] Price: 206.85
[2026-02-11T11:36:30] Price: 206.87
[2026-02-11T11:36:40] Price: 206.81
[2026-02-11T11:36:50] Price: 206.85
[2026-02-11T11:37:00] Price: 206.75
[2026-02-11T11:37:10] Price: 206.76
[2026-02-11T11:37:20] Price: 206.7
[2026-02-11T11:37:30] Price: 206.76
[2026-02-11T11:37:40] Price: 206.69
[2026-02-11T11:37:50] Price: 206.72
[2026-02-11T11:38:00] Price: 206.8
[2026-02-11T11:38:10] Price: 206.85
[2026-02-11T11:38:20] Price: 206.85
[2026-02-11T11:38:30] Price: 206.85
[2026-02-11T11:38:40] Price: 206.78
[2026-02-11T11:38:50] Price: 206.8
[2026-02-11T11:39:00] Price: 206.86
[2026-02-11T11:39:10] Price: 206.86
[2026-02-11T11:39:20] Price: 206.88
[2026-02-11T11:39:30] Price: 206.88
[2026-02-11T11:39:40] Price: 206.84
[2026-02-11T11:39:50] Price: 206.87
[2026-02-11T11:40:00] Price: 206.77
[2026-02-11T11:40:10] Price: 206.75
[2026-02-11T11:40:20] Price: 206.8
[2026-02-11T11:40:30] Price: 206.7
[2026-02-11T11:40:40] Price: 206.69
[2026-02-11T11:40:50] Price: 206.66
[2026-02-11T11:41:00] Price: 206.58
[2026-02-11T11:41:10] Price: 206.61
[2026-02-11T11:41:20] Price: 206.69
[2026-02-11T11:41:30] Price: 206.69
[2026-02-11T11:41:40] Price: 206.69
[2026-02-11T11:41:50] Price: 206.62
[2026-02-11T11:42:01] Price: 206.63
[2026-02-11T11:42:10] Price: 206.66
[2026-02-11T11:42:20] Price: 206.62
[2026-02-11T11:42:30] Price: 206.61
[2026-02-11T11:42:40] Price: 206.61
[2026-02-11T11:42:50] Price: 206.63
[2026-02-11T11:43:00] Price: 206.61
[2026-02-11T11:43:10] Price: 206.55
[2026-02-11T11:43:20] Price: 206.55
[2026-02-11T11:43:30] Price: 206.75
[2026-02-11T11:43:40] Price: 206.9
[2026-02-11T11:43:50] Price: 206.93
[2026-02-11T11:44:00] Price: 206.93
[2026-02-11T11:44:10] Price: 206.96
[2026-02-11T11:44:20] Price: 206.96
[2026-02-11T11:44:30] Price: 207
[2026-02-11T11:44:40] Price: 206.95
[2026-02-11T11:44:50] Price: 206.89
[2026-02-11T11:45:00] Price: 206.82
[2026-02-11T11:45:10] Price: 206.89
[2026-02-11T11:45:20] Price: 206.91
[2026-02-11T11:45:30] Price: 206.99
[2026-02-11T11:45:40] Price: 207.06
[2026-02-11T11:45:50] Price: 207.09
[2026-02-11T11:46:00] Price: 207.13
[2026-02-11T11:46:10] Price: 206.92
[2026-02-11T11:46:20] Price: 206.92
[2026-02-11T11:46:30] Price: 206.96
[2026-02-11T11:46:41] Price: 206.9
[2026-02-11T11:46:50] Price: 206.89
[2026-02-11T11:47:00] Price: 206.97
[2026-02-11T11:47:10] Price: 207
[2026-02-11T11:47:20] Price: 206.99
[2026-02-11T11:47:30] Price: 206.99
[2026-02-11T11:47:40] Price: 206.99
[2026-02-11T11:47:50] Price: 207.32
[2026-02-11T11:48:00] Price: 207.31
[2026-02-11T11:48:10] Price: 207.29
[2026-02-11T11:48:20] Price: 207.32
[2026-02-11T11:48:30] Price: 207.29
[2026-02-11T11:48:40] Price: 207.39
[2026-02-11T11:48:50] Price: 207.33
[2026-02-11T11:49:00] Price: 207.34
[2026-02-11T11:49:10] Price: 207.32
[2026-02-11T11:49:20] Price: 207.31
[2026-02-11T11:49:30] Price: 207.29
[2026-02-11T11:49:40] Price: 207.29
[2026-02-11T11:49:50] Price: 207.25
[2026-02-11T11:50:00] Price: 207.41
[2026-02-11T11:50:10] Price: 207.38
[2026-02-11T11:50:20] Price: 207.43
[2026-02-11T11:50:30] Price: 207.35
[2026-02-11T11:50:40] Price: 207.26
[2026-02-11T11:50:50] Price: 207.25
[2026-02-11T11:51:00] Price: 207.29
[2026-02-11T11:51:10] Price: 207.23
[2026-02-11T11:51:20] Price: 207.19
[2026-02-11T11:51:30] Price: 207.12
[2026-02-11T11:51:40] Price: 207.04
[2026-02-11T11:51:50] Price: 206.96
[2026-02-11T11:52:00] Price: 207
[2026-02-11T11:52:10] Price: 206.96
[2026-02-11T11:52:20] Price: 207
[2026-02-11T11:52:30] Price: 206.96
[2026-02-11T11:52:40] Price: 206.97
[2026-02-11T11:52:50] Price: 207
[2026-02-11T11:53:00] Price: 206.95
[2026-02-11T11:53:10] Price: 206.99
[2026-02-11T11:53:20] Price: 207
[2026-02-11T11:53:30] Price: 206.99
[2026-02-11T11:53:40] Price: 206.99
[2026-02-11T11:53:50] Price: 206.99
[2026-02-11T11:54:00] Price: 206.99
[2026-02-11T11:54:10] Price: 207
[2026-02-11T11:54:20] Price: 207
[2026-02-11T11:54:30] Price: 207
[2026-02-11T11:54:40] Price: 207
[2026-02-11T11:54:50] Price: 207
[2026-02-11T11:55:00] Price: 206.99
[2026-02-11T11:55:10] Price: 206.99
[2026-02-11T11:55:20] Price: 207
[2026-02-11T11:55:30] Price: 207
[2026-02-11T11:55:40] Price: 207
[2026-02-11T11:55:50] Price: 207.01
[2026-02-11T11:56:00] Price: 207
[2026-02-11T11:56:10] Price: 207.07
[2026-02-11T11:56:20] Price: 207.08
[2026-02-11T11:56:30] Price: 207.01
[2026-02-11T11:56:40] Price: 207.07
[2026-02-11T11:56:50] Price: 207
[2026-02-11T11:57:00] Price: 207.01
[2026-02-11T11:57:10] Price: 207.02
[2026-02-11T11:57:20] Price: 207.07
[2026-02-11T11:57:30] Price: 207.09
[2026-02-11T11:57:40] Price: 207.09
[2026-02-11T11:57:50] Price: 207.09
[2026-02-11T11:58:00] Price: 207.09
[2026-02-11T11:58:10] Price: 207.14
[2026-02-11T11:58:20] Price: 207.15
[2026-02-11T11:58:30] Price: 207.11
[2026-02-11T11:58:40] Price: 207.1
[2026-02-11T11:58:51] Price: 207.16
[2026-02-11T11:59:01] Price: 207.15
[2026-02-11T11:59:11] Price: 207.09
[2026-02-11T11:59:20] Price: 207.08
[2026-02-11T11:59:30] Price: 207.1
[2026-02-11T11:59:41] Price: 207.04
[2026-02-11T11:59:50] Price: 207
[2026-02-11T12:00:01] Price: 206.92
[2026-02-11T12:00:11] Price: 206.95
[2026-02-11T12:00:21] Price: 206.97
[2026-02-11T12:00:31] Price: 207.06
[2026-02-11T12:00:41] Price: 207.07
[2026-02-11T12:00:51] Price: 207.01
[2026-02-11T12:01:01] Price: 207.12
[2026-02-11T12:01:11] Price: 207.25
[2026-02-11T12:01:21] Price: 207.3
[2026-02-11T12:01:31] Price: 207.28
[2026-02-11T12:01:41] Price: 207.28
[2026-02-11T12:01:51] Price: 207.26
[2026-02-11T12:02:01] Price: 207.25
[2026-02-11T12:02:11] Price: 207.25
[2026-02-11T12:02:21] Price: 207.23
[2026-02-11T12:02:31] Price: 207.12
[2026-02-11T12:02:41] Price: 207.16
[2026-02-11T12:02:51] Price: 207.22
[2026-02-11T12:03:01] Price: 207.22
[2026-02-11T12:03:11] Price: 207.25
[2026-02-11T12:03:21] Price: 207.29
[2026-02-11T12:03:31] Price: 207.29
[2026-02-11T12:03:41] Price: 207.25
[2026-02-11T12:03:51] Price: 207.21
[2026-02-11T12:04:01] Price: 207.06
[2026-02-11T12:04:11] Price: 207.1
[2026-02-11T12:04:21] Price: 207.07
[2026-02-11T12:04:31] Price: 207.1
[2026-02-11T12:04:41] Price: 207.14
[2026-02-11T12:04:51] Price: 207.16
[2026-02-11T12:05:01] Price: 207.16
[2026-02-11T12:05:11] Price: 207.02
[2026-02-11T12:05:21] Price: 207.1
[2026-02-11T12:05:31] Price: 207
[2026-02-11T12:05:41] Price: 207.08
[2026-02-11T12:05:51] Price: 207.05
[2026-02-11T12:06:01] Price: 207.16
[2026-02-11T12:06:11] Price: 207.13
[2026-02-11T12:06:21] Price: 207.13
[2026-02-11T12:06:31] Price: 207.13
[2026-02-11T12:06:41] Price: 207.17
[2026-02-11T12:06:51] Price: 207.18
[2026-02-11T12:07:01] Price: 207.09
[2026-02-11T12:07:11] Price: 207.07
[2026-02-11T12:07:21] Price: 207.25
[2026-02-11T12:07:31] Price: 207.14
[2026-02-11T12:07:41] Price: 207.14
[2026-02-11T12:07:51] Price: 207.23
[2026-02-11T12:08:01] Price: 207.24
[2026-02-11T12:08:11] Price: 207.23
[2026-02-11T12:08:21] Price: 207.23
[2026-02-11T12:08:31] Price: 207.23
[2026-02-11T12:08:41] Price: 207.28
[2026-02-11T12:08:51] Price: 207.26
[2026-02-11T12:09:01] Price: 207.21
[2026-02-11T12:09:11] Price: 207.25
[2026-02-11T12:09:21] Price: 207.26
[2026-02-11T12:09:31] Price: 207.26
[2026-02-11T12:09:41] Price: 207.26
[2026-02-11T12:09:51] Price: 207.25
[2026-02-11T12:10:01] Price: 207.27
[2026-02-11T12:10:11] Price: 207.25
[2026-02-11T12:10:21] Price: 207.29
[2026-02-11T12:10:31] Price: 207.29
[2026-02-11T12:10:41] Price: 207.25
[2026-02-11T12:10:51] Price: 207.25
[2026-02-11T12:11:01] Price: 207.38
[2026-02-11T12:11:11] Price: 207.34
[2026-02-11T12:11:21] Price: 207.32
[2026-02-11T12:11:31] Price: 207.3
[2026-02-11T12:11:41] Price: 207.23
[2026-02-11T12:11:51] Price: 207.27
[2026-02-11T12:12:01] Price: 207.28
[2026-02-11T12:12:11] Price: 207.26
[2026-02-11T12:12:21] Price: 207.26
[2026-02-11T12:12:31] Price: 207.25
[2026-02-11T12:12:41] Price: 207.29
[2026-02-11T12:12:51] Price: 207.3
[2026-02-11T12:13:01] Price: 207.31
[2026-02-11T12:13:11] Price: 207.31
[2026-02-11T12:13:21] Price: 207.33
[2026-02-11T12:13:31] Price: 207.32
[2026-02-11T12:13:41] Price: 207.35
[2026-02-11T12:13:51] Price: 207.32
[2026-02-11T12:14:01] Price: 207.35
[2026-02-11T12:14:11] Price: 207.35
[2026-02-11T12:14:21] Price: 207.36
[2026-02-11T12:14:31] Price: 207.36
[2026-02-11T12:14:41] Price: 207.35
[2026-02-11T12:14:51] Price: 207.35
[2026-02-11T12:15:01] Price: 207.37
[2026-02-11T12:15:11] Price: 207.35
[2026-02-11T12:15:21] Price: 207.36
[2026-02-11T12:15:31] Price: 207.36
[2026-02-11T12:15:41] Price: 207.36
[2026-02-11T12:15:51] Price: 207.44
[2026-02-11T12:16:01] Price: 207.34
[2026-02-11T12:16:11] Price: 207.15
[2026-02-11T12:16:21] Price: 207.24
[2026-02-11T12:16:31] Price: 207.25
[2026-02-11T12:16:41] Price: 207.25
[2026-02-11T12:16:51] Price: 207.26
[2026-02-11T12:17:01] Price: 207.25
[2026-02-11T12:17:12] Price: 207.25
[2026-02-11T12:17:21] Price: 207.29
[2026-02-11T12:17:31] Price: 207.25
[2026-02-11T12:17:41] Price: 207.25
[2026-02-11T12:17:51] Price: 207.29
[2026-02-11T12:18:01] Price: 207.25
[2026-02-11T12:18:11] Price: 207.29
[2026-02-11T12:18:22] Price: 207.25
[2026-02-11T12:18:31] Price: 207.25
[2026-02-11T12:18:42] Price: 207.3
[2026-02-11T12:18:52] Price: 207.3
[2026-02-11T12:19:02] Price: 207.3
[2026-02-11T12:19:12] Price: 207.15
[2026-02-11T12:19:22] Price: 207.13
[2026-02-11T12:19:32] Price: 207.3
[2026-02-11T12:19:42] Price: 207.3
[2026-02-11T12:19:52] Price: 207.29
[2026-02-11T12:20:02] Price: 207.35
[2026-02-11T12:20:12] Price: 207.38
[2026-02-11T12:20:22] Price: 207.38
[2026-02-11T12:20:32] Price: 207.46
[2026-02-11T12:20:42] Price: 207.4
[2026-02-11T12:20:52] Price: 207.42
[2026-02-11T12:21:02] Price: 207.43
[2026-02-11T12:21:12] Price: 207.42
[2026-02-11T12:21:22] Price: 207.43
[2026-02-11T12:21:32] Price: 207.35
[2026-02-11T12:21:42] Price: 207.31
[2026-02-11T12:21:52] Price: 207.31
[2026-02-11T12:22:02] Price: 207.32
[2026-02-11T12:22:12] Price: 207.34
[2026-02-11T12:22:22] Price: 207.35
[2026-02-11T12:22:32] Price: 207.35
[2026-02-11T12:22:42] Price: 207.35
[2026-02-11T12:22:52] Price: 207.36
[2026-02-11T12:23:02] Price: 207.35
[2026-02-11T12:23:12] Price: 207.29
[2026-02-11T12:23:22] Price: 207.25
[2026-02-11T12:23:32] Price: 207.28
[2026-02-11T12:23:42] Price: 207.27
[2026-02-11T12:23:52] Price: 207.27
[2026-02-11T12:24:02] Price: 207.28
[2026-02-11T12:24:12] Price: 207.25
[2026-02-11T12:24:22] Price: 207.28
[2026-02-11T12:24:32] Price: 207.29
[2026-02-11T12:24:42] Price: 207.28
[2026-02-11T12:24:52] Price: 207.28
[2026-02-11T12:25:02] Price: 207.25
[2026-02-11T12:25:12] Price: 207.38
[2026-02-11T12:25:22] Price: 207.42
[2026-02-11T12:25:32] Price: 207.43
[2026-02-11T12:25:42] Price: 207.37
[2026-02-11T12:25:52] Price: 207.37
[2026-02-11T12:26:02] Price: 207.38
[2026-02-11T12:26:12] Price: 207.39
[2026-02-11T12:26:22] Price: 207.32
[2026-02-11T12:26:32] Price: 207.39
[2026-02-11T12:26:42] Price: 207.37
[2026-02-11T12:26:52] Price: 207.37
[2026-02-11T12:27:02] Price: 207.35
[2026-02-11T12:27:12] Price: 207.3
[2026-02-11T12:27:22] Price: 207.26
[2026-02-11T12:27:32] Price: 207.31
[2026-02-11T12:27:42] Price: 207.27
[2026-02-11T12:27:52] Price: 207.26
[2026-02-11T12:28:02] Price: 207.26
[2026-02-11T12:28:12] Price: 207.34
[2026-02-11T12:28:22] Price: 207.34
[2026-02-11T12:28:32] Price: 207.3
[2026-02-11T12:28:43] Price: 207.31
[2026-02-11T12:28:52] Price: 207.3
[2026-02-11T12:29:02] Price: 207.3
[2026-02-11T12:29:12] Price: 207.3
[2026-02-11T12:29:22] Price: 207.29
[2026-02-11T12:29:32] Price: 207.29
[2026-02-11T12:29:42] Price: 207.29
[2026-02-11T12:29:52] Price: 207.29
[2026-02-11T12:30:02] Price: 207.29
[2026-02-11T12:30:12] Price: 207.29
[2026-02-11T12:30:22] Price: 207.29
[2026-02-11T12:30:32] Price: 207.28
[2026-02-11T12:30:42] Price: 207.28
[2026-02-11T12:30:52] Price: 207.29
[2026-02-11T12:31:02] Price: 207.39
[2026-02-11T12:31:12] Price: 207.43
[2026-02-11T12:31:22] Price: 207.43
[2026-02-11T12:31:32] Price: 207.37
[2026-02-11T12:31:42] Price: 207.39
[2026-02-11T12:31:52] Price: 207.31
[2026-02-11T12:32:02] Price: 207.39
[2026-02-11T12:32:12] Price: 207.32
[2026-02-11T12:32:22] Price: 207.3
[2026-02-11T12:32:32] Price: 207.31
[2026-02-11T12:32:42] Price: 207.35
[2026-02-11T12:32:52] Price: 207.34
[2026-02-11T12:33:02] Price: 207.34
[2026-02-11T12:33:12] Price: 207.34
[2026-02-11T12:33:22] Price: 207.31
[2026-02-11T12:33:32] Price: 207.3
[2026-02-11T12:33:42] Price: 207.29
[2026-02-11T12:33:52] Price: 207.27
[2026-02-11T12:34:02] Price: 207.28
[2026-02-11T12:34:12] Price: 207.25
[2026-02-11T12:34:22] Price: 207.26
[2026-02-11T12:34:32] Price: 207.26
[2026-02-11T12:34:42] Price: 207.26
[2026-02-11T12:34:52] Price: 207.25
[2026-02-11T12:35:02] Price: 207.09
[2026-02-11T12:35:12] Price: 207.1
[2026-02-11T12:35:22] Price: 207.17
[2026-02-11T12:35:32] Price: 207.16
[2026-02-11T12:35:42] Price: 207.2
[2026-02-11T12:35:52] Price: 207.19
[2026-02-11T12:36:02] Price: 207.21
[2026-02-11T12:36:12] Price: 207.2
[2026-02-11T12:36:22] Price: 207.18
[2026-02-11T12:36:32] Price: 207.2
[2026-02-11T12:36:42] Price: 207.2
[2026-02-11T12:36:52] Price: 207.19
[2026-02-11T12:37:02] Price: 207.2
[2026-02-11T12:37:12] Price: 207.35
[2026-02-11T12:37:22] Price: 207.31
[2026-02-11T12:37:32] Price: 207.35
[2026-02-11T12:37:42] Price: 207.32
[2026-02-11T12:37:52] Price: 207.34
[2026-02-11T12:38:02] Price: 207.34
[2026-02-11T12:38:12] Price: 207.37
[2026-02-11T12:38:22] Price: 207.38
[2026-02-11T12:38:32] Price: 207.38
[2026-02-11T12:38:42] Price: 207.38
[2026-02-11T12:38:52] Price: 207.38
[2026-02-11T12:39:02] Price: 207.38
[2026-02-11T12:39:12] Price: 207.35
[2026-02-11T12:39:22] Price: 207.28
[2026-02-11T12:39:32] Price: 207.29
[2026-02-11T12:39:42] Price: 207.25
[2026-02-11T12:39:52] Price: 207.26
[2026-02-11T12:40:02] Price: 207.25
[2026-02-11T12:40:12] Price: 207.26
[2026-02-11T12:40:22] Price: 207.28
[2026-02-11T12:40:32] Price: 207.27
[2026-02-11T12:40:42] Price: 207.28
[2026-02-11T12:40:52] Price: 207.27
[2026-02-11T12:41:02] Price: 207.27
[2026-02-11T12:41:12] Price: 207.28
[2026-02-11T12:41:22] Price: 207.3
[2026-02-11T12:41:32] Price: 207.34
[2026-02-11T12:41:42] Price: 207.29
[2026-02-11T12:41:53] Price: 207.34
[2026-02-11T12:42:03] Price: 207.34
[2026-02-11T12:42:13] Price: 207.31
[2026-02-11T12:42:23] Price: 207.33
[2026-02-11T12:42:33] Price: 207.37
[2026-02-11T12:42:43] Price: 207.36
[2026-02-11T12:42:53] Price: 207.27
[2026-02-11T12:43:03] Price: 207.29
[2026-02-11T12:43:13] Price: 207.29
[2026-02-11T12:43:23] Price: 207.25
[2026-02-11T12:43:33] Price: 207.3
[2026-02-11T12:43:43] Price: 207.29
[2026-02-11T12:43:53] Price: 207.25
[2026-02-11T12:44:03] Price: 207.29
[2026-02-11T12:44:13] Price: 207.25
[2026-02-11T12:44:23] Price: 207.3
[2026-02-11T12:44:33] Price: 207.3
[2026-02-11T12:44:43] Price: 207.3
[2026-02-11T12:44:53] Price: 207.3
[2026-02-11T12:45:03] Price: 207.25
[2026-02-11T12:45:13] Price: 207.28
[2026-02-11T12:45:23] Price: 207.25
[2026-02-11T12:45:33] Price: 207.27
[2026-02-11T12:45:43] Price: 207.27
[2026-02-11T12:45:53] Price: 207.01
[2026-02-11T12:46:03] Price: 206.9
[2026-02-11T12:46:13] Price: 206.86
[2026-02-11T12:46:23] Price: 206.9
[2026-02-11T12:46:33] Price: 206.9
[2026-02-11T12:46:43] Price: 206.9
[2026-02-11T12:46:53] Price: 206.9
[2026-02-11T12:47:03] Price: 206.9
[2026-02-11T12:47:13] Price: 207
[2026-02-11T12:47:23] Price: 207
[2026-02-11T12:47:33] Price: 206.97
[2026-02-11T12:47:43] Price: 206.97
[2026-02-11T12:47:53] Price: 206.97
[2026-02-11T12:48:03] Price: 206.97
[2026-02-11T12:48:13] Price: 206.98
[2026-02-11T12:48:23] Price: 206.98
[2026-02-11T12:48:33] Price: 206.97
[2026-02-11T12:48:43] Price: 206.97
[2026-02-11T12:48:53] Price: 206.97
[2026-02-11T12:49:03] Price: 206.97
[2026-02-11T12:49:13] Price: 206.97
[2026-02-11T12:49:23] Price: 206.97
[2026-02-11T12:49:33] Price: 206.99
[2026-02-11T12:49:43] Price: 206.99
[2026-02-11T12:49:53] Price: 207
[2026-02-11T12:50:03] Price: 206.98
[2026-02-11T12:50:13] Price: 206.97
[2026-02-11T12:50:23] Price: 207.06
[2026-02-11T12:50:33] Price: 207.06
[2026-02-11T12:50:43] Price: 207.06
[2026-02-11T12:50:53] Price: 207.14
[2026-02-11T12:51:03] Price: 207.11
[2026-02-11T12:51:13] Price: 207.14
[2026-02-11T12:51:23] Price: 207.15
[2026-02-11T12:51:33] Price: 207.16
[2026-02-11T12:51:43] Price: 207.14
[2026-02-11T12:51:53] Price: 207.19
[2026-02-11T12:52:03] Price: 207.17
[2026-02-11T12:52:13] Price: 207.11
[2026-02-11T12:52:23] Price: 207.1
[2026-02-11T12:52:33] Price: 207.18
[2026-02-11T12:52:43] Price: 207.11
[2026-02-11T12:52:53] Price: 207.15
[2026-02-11T12:53:03] Price: 207.15
[2026-02-11T12:53:13] Price: 207.15
[2026-02-11T12:53:24] Price: 207.15
[2026-02-11T12:53:33] Price: 207.19
[2026-02-11T12:53:43] Price: 207.15
[2026-02-11T12:53:53] Price: 207.15
[2026-02-11T12:54:03] Price: 207.14
[2026-02-11T12:54:13] Price: 207.14
[2026-02-11T12:54:23] Price: 207.14
[2026-02-11T12:54:33] Price: 207.24
[2026-02-11T12:54:43] Price: 207.25
[2026-02-11T12:54:53] Price: 207.21
[2026-02-11T12:55:03] Price: 207.25
[2026-02-11T12:55:13] Price: 207.25
[2026-02-11T12:55:23] Price: 207.3
[2026-02-11T12:55:33] Price: 207.26
[2026-02-11T12:55:43] Price: 207.27
[2026-02-11T12:55:53] Price: 207.27
[2026-02-11T12:56:03] Price: 207.27
[2026-02-11T12:56:13] Price: 207.27
[2026-02-11T12:56:23] Price: 207.25
[2026-02-11T12:56:33] Price: 207.26
[2026-02-11T12:56:43] Price: 207.3
[2026-02-11T12:56:53] Price: 207.25
[2026-02-11T12:57:03] Price: 207.3
[2026-02-11T12:57:13] Price: 207.29
[2026-02-11T12:57:23] Price: 207.25
[2026-02-11T12:57:33] Price: 207.3
[2026-02-11T12:57:43] Price: 207.25
[2026-02-11T12:57:53] Price: 207.25
[2026-02-11T12:58:03] Price: 207.3
[2026-02-11T12:58:13] Price: 207.3
[2026-02-11T12:58:23] Price: 207.26
[2026-02-11T12:58:33] Price: 207.26
[2026-02-11T12:58:43] Price: 207.25
[2026-02-11T12:58:53] Price: 207.26
[2026-02-11T12:59:03] Price: 207.3
[2026-02-11T12:59:13] Price: 207.3
[2026-02-11T12:59:23] Price: 207.29
[2026-02-11T12:59:33] Price: 207.3
[2026-02-11T12:59:43] Price: 207.34
[2026-02-11T12:59:53] Price: 207.34
[2026-02-11T13:00:03] Price: 207.3
[2026-02-11T13:00:13] Price: 207.29
[2026-02-11T13:00:23] Price: 207.27
[2026-02-11T13:00:33] Price: 207.26
[2026-02-11T13:00:43] Price: 207.29
[2026-02-11T13:00:53] Price: 207.31
[2026-02-11T13:01:03] Price: 207.25
[2026-02-11T13:01:13] Price: 207.3
[2026-02-11T13:01:23] Price: 207.25
[2026-02-11T13:01:33] Price: 207.29
[2026-02-11T13:01:43] Price: 207.25
[2026-02-11T13:01:53] Price: 207.25
[2026-02-11T13:02:03] Price: 207.25
[2026-02-11T13:02:13] Price: 207.3
[2026-02-11T13:02:23] Price: 207.25
[2026-02-11T13:02:33] Price: 207.28
[2026-02-11T13:02:43] Price: 207.29
[2026-02-11T13:02:53] Price: 207.25
[2026-02-11T13:03:03] Price: 207.25
[2026-02-11T13:03:13] Price: 207.26
[2026-02-11T13:03:24] Price: 207.25
[2026-02-11T13:03:33] Price: 207.2
[2026-02-11T13:03:44] Price: 207.2
[2026-02-11T13:03:54] Price: 207.26
[2026-02-11T13:04:04] Price: 207.3
[2026-02-11T13:04:14] Price: 207.26
[2026-02-11T13:04:24] Price: 207.26
[2026-02-11T13:04:34] Price: 207.26
[2026-02-11T13:04:44] Price: 207.26
[2026-02-11T13:04:54] Price: 207.26
[2026-02-11T13:05:04] Price: 207.28
[2026-02-11T13:05:14] Price: 207.27
[2026-02-11T13:05:24] Price: 207.25
[2026-02-11T13:05:34] Price: 207.25
[2026-02-11T13:05:44] Price: 207.26
[2026-02-11T13:05:54] Price: 207.26
[2026-02-11T13:06:04] Price: 207.26
[2026-02-11T13:06:14] Price: 207.25
[2026-02-11T13:06:24] Price: 207.25
[2026-02-11T13:06:34] Price: 207.26
[2026-02-11T13:06:44] Price: 207.26
[2026-02-11T13:06:54] Price: 207.33
[2026-02-11T13:07:04] Price: 207.31
[2026-02-11T13:07:14] Price: 207.32
[2026-02-11T13:07:24] Price: 207.32
[2026-02-11T13:07:34] Price: 207.32
[2026-02-11T13:07:44] Price: 207.5
[2026-02-11T13:07:54] Price: 207.51
[2026-02-11T13:08:04] Price: 207.56
[2026-02-11T13:08:14] Price: 207.52
[2026-02-11T13:08:24] Price: 207.55
[2026-02-11T13:08:34] Price: 207.55
[2026-02-11T13:08:44] Price: 207.55
[2026-02-11T13:08:54] Price: 207.56
[2026-02-11T13:09:04] Price: 207.57
[2026-02-11T13:09:14] Price: 207.56
[2026-02-11T13:09:24] Price: 207.33
[2026-02-11T13:09:34] Price: 207.4
[2026-02-11T13:09:44] Price: 207.34
[2026-02-11T13:09:54] Price: 207.33
[2026-02-11T13:10:04] Price: 207.41
[2026-02-11T13:10:14] Price: 207.38
[2026-02-11T13:10:24] Price: 207.31
[2026-02-11T13:10:34] Price: 207.3
[2026-02-11T13:10:44] Price: 207.33
[2026-02-11T13:10:54] Price: 207.28
[2026-02-11T13:11:04] Price: 207.28
[2026-02-11T13:11:14] Price: 207.34
[2026-02-11T13:11:24] Price: 207.28
[2026-02-11T13:11:34] Price: 207.31
[2026-02-11T13:11:44] Price: 207.28
[2026-02-11T13:11:54] Price: 207.33
[2026-02-11T13:12:04] Price: 207.29
[2026-02-11T13:12:14] Price: 207.32
[2026-02-11T13:12:24] Price: 207.38
[2026-02-11T13:12:34] Price: 207.49
[2026-02-11T13:12:44] Price: 207.42
[2026-02-11T13:12:55] Price: 207.44
[2026-02-11T13:13:04] Price: 207.42
[2026-02-11T13:13:14] Price: 207.49
[2026-02-11T13:13:25] Price: 207.47
[2026-02-11T13:13:34] Price: 207.41
[2026-02-11T13:13:44] Price: 207.33
[2026-02-11T13:13:54] Price: 207.25
[2026-02-11T13:14:04] Price: 207.25
[2026-02-11T13:14:14] Price: 207.25
[2026-02-11T13:14:24] Price: 207.25
[2026-02-11T13:14:34] Price: 207.3
[2026-02-11T13:14:44] Price: 207.29
[2026-02-11T13:14:54] Price: 207.25
[2026-02-11T13:15:04] Price: 207.32
[2026-02-11T13:15:14] Price: 207.25
[2026-02-11T13:15:24] Price: 207.25
[2026-02-11T13:15:34] Price: 207.31
[2026-02-11T13:15:44] Price: 207.26
[2026-02-11T13:15:54] Price: 207.25
[2026-02-11T13:16:05] Price: 207.25
[2026-02-11T13:16:14] Price: 207.25
[2026-02-11T13:16:24] Price: 207.28
[2026-02-11T13:16:34] Price: 207.26
[2026-02-11T13:16:44] Price: 207.31
[2026-02-11T13:16:54] Price: 207.28
[2026-02-11T13:17:04] Price: 207.26
[2026-02-11T13:17:14] Price: 207.25
[2026-02-11T13:17:24] Price: 207.25
[2026-02-11T13:17:34] Price: 207.25
[2026-02-11T13:17:44] Price: 207.25
[2026-02-11T13:17:54] Price: 207.26
[2026-02-11T13:18:04] Price: 207.29
[2026-02-11T13:18:14] Price: 207.25
[2026-02-11T13:18:24] Price: 207.25
[2026-02-11T13:18:34] Price: 207.26
[2026-02-11T13:18:44] Price: 207.25
[2026-02-11T13:18:54] Price: 207.31
[2026-02-11T13:19:04] Price: 207.47
[2026-02-11T13:19:14] Price: 207.45
[2026-02-11T13:19:24] Price: 207.7
[2026-02-11T13:19:34] Price: 207.76
[2026-02-11T13:19:44] Price: 207.68
[2026-02-11T13:19:54] Price: 207.79
[2026-02-11T13:20:04] Price: 207.79
[2026-02-11T13:20:14] Price: 207.75
[2026-02-11T13:20:24] Price: 207.8
[2026-02-11T13:20:34] Price: 207.85
[2026-02-11T13:20:44] Price: 207.85
[2026-02-11T13:20:54] Price: 207.9
[2026-02-11T13:21:04] Price: 207.88
[2026-02-11T13:21:14] Price: 207.93
[2026-02-11T13:21:26] Price: 208
[2026-02-11T13:21:34] Price: 208
[2026-02-11T13:21:44] Price: 207.9
[2026-02-11T13:21:54] Price: 207.95
[2026-02-11T13:22:04] Price: 207.98
[2026-02-11T13:22:14] Price: 207.94
[2026-02-11T13:22:24] Price: 207.89
[2026-02-11T13:22:34] Price: 207.86
[2026-02-11T13:22:44] Price: 207.9
[2026-02-11T13:22:54] Price: 207.85
[2026-02-11T13:23:06] Price: 207.79
[2026-02-11T13:23:14] Price: 207.78
[2026-02-11T13:23:24] Price: 207.79
[2026-02-11T13:23:34] Price: 207.85
[2026-02-11T13:23:44] Price: 207.83
[2026-02-11T13:23:54] Price: 207.84
[2026-02-11T13:24:05] Price: 207.84
[2026-02-11T13:24:14] Price: 207.84
[2026-02-11T13:24:25] Price: 207.83
[2026-02-11T13:24:35] Price: 207.83
[2026-02-11T13:24:45] Price: 207.83
[2026-02-11T13:24:55] Price: 207.91
[2026-02-11T13:25:05] Price: 207.95
[2026-02-11T13:25:15] Price: 207.98
[2026-02-11T13:25:25] Price: 208
[2026-02-11T13:25:35] Price: 208
[2026-02-11T13:25:45] Price: 208
[2026-02-11T13:25:55] Price: 207.99
[2026-02-11T13:26:05] Price: 207.96
[2026-02-11T13:26:15] Price: 207.96
[2026-02-11T13:26:25] Price: 208
[2026-02-11T13:26:35] Price: 207.9
[2026-02-11T13:26:45] Price: 207.86
[2026-02-11T13:26:55] Price: 207.86
[2026-02-11T13:27:05] Price: 207.86
[2026-02-11T13:27:15] Price: 207.9
[2026-02-11T13:27:25] Price: 207.9
[2026-02-11T13:27:35] Price: 207.9
[2026-02-11T13:27:45] Price: 207.95
[2026-02-11T13:27:55] Price: 207.92
[2026-02-11T13:28:05] Price: 207.96
[2026-02-11T13:28:15] Price: 207.92
[2026-02-11T13:28:25] Price: 207.95
[2026-02-11T13:28:35] Price: 208.05
[2026-02-11T13:28:45] Price: 207.96
[2026-02-11T13:28:55] Price: 207.99
[2026-02-11T13:29:05] Price: 208.01
[2026-02-11T13:29:15] Price: 207.99
[2026-02-11T13:29:25] Price: 208.02
[2026-02-11T13:29:35] Price: 208
[2026-02-11T13:29:45] Price: 208.28
[2026-02-11T13:29:55] Price: 208.23
[2026-02-11T13:30:06] Price: 208.24
[2026-02-11T13:30:15] Price: 208.26
[2026-02-11T13:30:25] Price: 208.33
[2026-02-11T13:30:35] Price: 208.3
[2026-02-11T13:30:45] Price: 208.3
[2026-02-11T13:30:55] Price: 208.25
[2026-02-11T13:31:05] Price: 208.17
[2026-02-11T13:31:15] Price: 208.1
[2026-02-11T13:31:25] Price: 208.07
[2026-02-11T13:31:35] Price: 208.18
[2026-02-11T13:31:45] Price: 208.19
[2026-02-11T13:31:55] Price: 208.19
[2026-02-11T13:32:05] Price: 208.2
[2026-02-11T13:32:15] Price: 208.14
[2026-02-11T13:32:25] Price: 208.18
[2026-02-11T13:32:35] Price: 208.16
[2026-02-11T13:32:45] Price: 208.19
[2026-02-11T13:32:55] Price: 208.15
[2026-02-11T13:33:05] Price: 208.3
[2026-02-11T13:33:15] Price: 208.44
[2026-02-11T13:33:25] Price: 208.4
[2026-02-11T13:33:35] Price: 208.4
[2026-02-11T13:33:45] Price: 208.35
[2026-02-11T13:33:55] Price: 208.35
[2026-02-11T13:34:05] Price: 208.46
[2026-02-11T13:34:15] Price: 208.46
[2026-02-11T13:34:25] Price: 208.47
[2026-02-11T13:34:35] Price: 208.47
[2026-02-11T13:34:45] Price: 208.5
[2026-02-11T13:34:55] Price: 208.46
[2026-02-11T13:35:05] Price: 208.6
[2026-02-11T13:35:15] Price: 208.54
[2026-02-11T13:35:25] Price: 208.59
[2026-02-11T13:35:35] Price: 208.59
[2026-02-11T13:35:45] Price: 208.59
[2026-02-11T13:35:55] Price: 208.55
[2026-02-11T13:36:05] Price: 208.64
[2026-02-11T13:36:15] Price: 208.56
[2026-02-11T13:36:25] Price: 208.51
[2026-02-11T13:36:35] Price: 208.54
[2026-02-11T13:36:45] Price: 208.51
[2026-02-11T13:36:55] Price: 208.54
[2026-02-11T13:37:05] Price: 208.52
[2026-02-11T13:37:15] Price: 208.6
[2026-02-11T13:37:25] Price: 208.64
[2026-02-11T13:37:35] Price: 208.57
[2026-02-11T13:37:45] Price: 208.6
[2026-02-11T13:37:55] Price: 208.54
[2026-02-11T13:38:05] Price: 208.59
[2026-02-11T13:38:15] Price: 208.6
[2026-02-11T13:38:25] Price: 208.6
[2026-02-11T13:38:35] Price: 208.59
[2026-02-11T13:38:45] Price: 208.59
[2026-02-11T13:38:55] Price: 208.57
[2026-02-11T13:39:05] Price: 208.53
[2026-02-11T13:39:15] Price: 208.5
[2026-02-11T13:39:25] Price: 208.57
[2026-02-11T13:39:35] Price: 208.54
[2026-02-11T13:39:45] Price: 208.54
[2026-02-11T13:39:55] Price: 208.54
[2026-02-11T13:40:05] Price: 208.5
[2026-02-11T13:40:15] Price: 208.51
[2026-02-11T13:40:25] Price: 208.52
[2026-02-11T13:40:35] Price: 208.59
[2026-02-11T13:40:45] Price: 208.6
[2026-02-11T13:40:55] Price: 208.6
[2026-02-11T13:41:05] Price: 208.57
[2026-02-11T13:41:15] Price: 208.58
[2026-02-11T13:41:25] Price: 208.58
[2026-02-11T13:41:35] Price: 208.58
[2026-02-11T13:41:45] Price: 208.61
[2026-02-11T13:41:55] Price: 208.64
[2026-02-11T13:42:05] Price: 208.61
[2026-02-11T13:42:15] Price: 208.66
[2026-02-11T13:42:25] Price: 208.75
[2026-02-11T13:42:35] Price: 208.75
[2026-02-11T13:42:45] Price: 208.75
[2026-02-11T13:42:55] Price: 208.91
[2026-02-11T13:43:05] Price: 208.94
[2026-02-11T13:43:15] Price: 208.9
[2026-02-11T13:43:25] Price: 208.9
[2026-02-11T13:43:35] Price: 208.87
[2026-02-11T13:43:45] Price: 208.87
[2026-02-11T13:43:56] Price: 208.84
[2026-02-11T13:44:05] Price: 208.75
[2026-02-11T13:44:15] Price: 208.7
[2026-02-11T13:44:25] Price: 208.77
[2026-02-11T13:44:35] Price: 208.84
[2026-02-11T13:44:45] Price: 208.87
[2026-02-11T13:44:55] Price: 208.81
[2026-02-11T13:45:05] Price: 208.81
[2026-02-11T13:45:15] Price: 208.84
[2026-02-11T13:45:25] Price: 208.84
[2026-02-11T13:45:35] Price: 208.69
[2026-02-11T13:45:46] Price: 208.65
[2026-02-11T13:45:56] Price: 208.65
[2026-02-11T13:46:05] Price: 208.77
[2026-02-11T13:46:16] Price: 208.73
[2026-02-11T13:46:26] Price: 208.6
[2026-02-11T13:46:36] Price: 208.66
[2026-02-11T13:46:46] Price: 208.63
[2026-02-11T13:46:56] Price: 208.63
[2026-02-11T13:47:06] Price: 208.66
[2026-02-11T13:47:16] Price: 208.61
[2026-02-11T13:47:27] Price: 208.55
[2026-02-11T13:47:36] Price: 208.5
[2026-02-11T13:47:46] Price: 208.38
[2026-02-11T13:47:57] Price: 208.48
[2026-02-11T13:48:06] Price: 208.47
[2026-02-11T13:48:16] Price: 208.47
[2026-02-11T13:48:26] Price: 208.45
[2026-02-11T13:48:36] Price: 208.44
[2026-02-11T13:48:46] Price: 208.5
[2026-02-11T13:48:56] Price: 208.4
[2026-02-11T13:49:06] Price: 208.45
[2026-02-11T13:49:16] Price: 208.44
[2026-02-11T13:49:26] Price: 208.47
[2026-02-11T13:49:36] Price: 208.41
[2026-02-11T13:49:46] Price: 208.4
[2026-02-11T13:49:56] Price: 208.4
[2026-02-11T13:50:06] Price: 208.43
[2026-02-11T13:50:16] Price: 208.42
[2026-02-11T13:50:27] Price: 208.41
[2026-02-11T13:50:36] Price: 208.4
[2026-02-11T13:50:46] Price: 208.4
[2026-02-11T13:50:56] Price: 208.35
[2026-02-11T13:51:06] Price: 208.37
[2026-02-11T13:51:16] Price: 208.15
[2026-02-11T13:51:26] Price: 208.24
[2026-02-11T13:51:36] Price: 208.19
[2026-02-11T13:51:46] Price: 208.19
[2026-02-11T13:51:56] Price: 208.05
[2026-02-11T13:52:06] Price: 208
[2026-02-11T13:52:16] Price: 208.19
[2026-02-11T13:52:26] Price: 208.11
[2026-02-11T13:52:36] Price: 208.2
[2026-02-11T13:52:46] Price: 208.11
[2026-02-11T13:52:56] Price: 208.13
[2026-02-11T13:53:06] Price: 208.12
[2026-02-11T13:53:16] Price: 208.13
[2026-02-11T13:53:26] Price: 208
[2026-02-11T13:53:36] Price: 208.01
[2026-02-11T13:53:46] Price: 208.05
[2026-02-11T13:53:56] Price: 208.13
[2026-02-11T13:54:06] Price: 208.05
[2026-02-11T13:54:16] Price: 208.08
[2026-02-11T13:54:26] Price: 208.07
[2026-02-11T13:54:36] Price: 208.14
[2026-02-11T13:54:47] Price: 207.96
[2026-02-11T13:54:56] Price: 207.9
[2026-02-11T13:55:06] Price: 207.85
[2026-02-11T13:55:16] Price: 207.77
[2026-02-11T13:55:26] Price: 207.8
[2026-02-11T13:55:36] Price: 207.86
[2026-02-11T13:55:46] Price: 207.82
[2026-02-11T13:55:56] Price: 207.85
[2026-02-11T13:56:06] Price: 207.8
[2026-02-11T13:56:16] Price: 207.86
[2026-02-11T13:56:26] Price: 207.83
[2026-02-11T13:56:36] Price: 207.76
[2026-02-11T13:56:46] Price: 207.76
[2026-02-11T13:56:56] Price: 207.77
[2026-02-11T13:57:06] Price: 207.77
[2026-02-11T13:57:17] Price: 207.81
[2026-02-11T13:57:26] Price: 207.77
[2026-02-11T13:57:36] Price: 207.8
[2026-02-11T13:57:46] Price: 207.8
[2026-02-11T13:57:56] Price: 207.68
[2026-02-11T13:58:06] Price: 207.61
[2026-02-11T13:58:16] Price: 207.67
[2026-02-11T13:58:26] Price: 207.67
[2026-02-11T13:58:36] Price: 207.68
[2026-02-11T13:58:46] Price: 207.68
[2026-02-11T13:58:56] Price: 207.5
[2026-02-11T13:59:06] Price: 207.5
[2026-02-11T13:59:16] Price: 207.56
[2026-02-11T13:59:26] Price: 207.64
[2026-02-11T13:59:36] Price: 207.6
[2026-02-11T13:59:46] Price: 207.56
[2026-02-11T13:59:56] Price: 207.5
[2026-02-11T14:00:06] Price: 207.6
[2026-02-11T14:00:16] Price: 207.51
[2026-02-11T14:00:26] Price: 207.57
[2026-02-11T14:00:36] Price: 207.53
[2026-02-11T14:00:46] Price: 207.58
[2026-02-11T14:00:56] Price: 207.64
[2026-02-11T14:01:06] Price: 207.61
[2026-02-11T14:01:16] Price: 207.69
[2026-02-11T14:01:26] Price: 207.73
[2026-02-11T14:01:36] Price: 207.7
[2026-02-11T14:01:46] Price: 207.75
[2026-02-11T14:01:56] Price: 207.74
[2026-02-11T14:02:06] Price: 207.75
[2026-02-11T14:02:16] Price: 207.78
[2026-02-11T14:02:26] Price: 207.81
[2026-02-11T14:02:36] Price: 207.82
[2026-02-11T14:02:46] Price: 207.83
[2026-02-11T14:03:00] Price: 207.9
[2026-02-11T14:03:06] Price: 207.87
[2026-02-11T14:03:16] Price: 207.8
[2026-02-11T14:03:26] Price: 207.83
[2026-02-11T14:03:36] Price: 207.8
[2026-02-11T14:03:46] Price: 207.81
[2026-02-11T14:03:56] Price: 207.81
[2026-02-11T14:04:06] Price: 207.81
[2026-02-11T14:04:16] Price: 207.81
[2026-02-11T14:04:26] Price: 207.76
[2026-02-11T14:04:36] Price: 207.76
[2026-02-11T14:04:46] Price: 207.75
[2026-02-11T14:04:56] Price: 207.73
[2026-02-11T14:05:06] Price: 207.73
[2026-02-11T14:05:16] Price: 207.76
[2026-02-11T14:05:26] Price: 207.82
[2026-02-11T14:05:36] Price: 207.8
[2026-02-11T14:05:46] Price: 207.87
[2026-02-11T14:05:56] Price: 207.99
[2026-02-11T14:06:06] Price: 207.95
[2026-02-11T14:06:16] Price: 207.84
[2026-02-11T14:06:26] Price: 207.89
[2026-02-11T14:06:36] Price: 207.99
[2026-02-11T14:06:46] Price: 208.09
[2026-02-11T14:06:56] Price: 208.08
[2026-02-11T14:07:07] Price: 207.8
[2026-02-11T14:07:16] Price: 207.8
[2026-02-11T14:07:26] Price: 207.76
[2026-02-11T14:07:36] Price: 207.8
[2026-02-11T14:07:46] Price: 207.76
[2026-02-11T14:07:57] Price: 207.78
[2026-02-11T14:08:07] Price: 207.77
[2026-02-11T14:08:17] Price: 207.77
[2026-02-11T14:08:27] Price: 207.79
[2026-02-11T14:08:37] Price: 207.72
[2026-02-11T14:08:47] Price: 207.63
[2026-02-11T14:08:57] Price: 207.65
[2026-02-11T14:09:07] Price: 207.74
[2026-02-11T14:09:17] Price: 207.49
[2026-02-11T14:09:27] Price: 207.5
[2026-02-11T14:09:37] Price: 207.5
[2026-02-11T14:09:47] Price: 207.5
[2026-02-11T14:09:57] Price: 207.44
[2026-02-11T14:10:07] Price: 207.49
[2026-02-11T14:10:17] Price: 207.49
[2026-02-11T14:10:27] Price: 207.45
[2026-02-11T14:10:37] Price: 207.4
[2026-02-11T14:10:47] Price: 207.41
[2026-02-11T14:10:57] Price: 207.49
[2026-02-11T14:11:07] Price: 207.5
[2026-02-11T14:11:17] Price: 207.5
[2026-02-11T14:11:27] Price: 207.66
[2026-02-11T14:11:37] Price: 207.59
[2026-02-11T14:11:47] Price: 207.49
[2026-02-11T14:11:57] Price: 207.5
[2026-02-11T14:12:07] Price: 207.49
[2026-02-11T14:12:17] Price: 207.5
[2026-02-11T14:12:27] Price: 207.49
[2026-02-11T14:12:37] Price: 207.5
[2026-02-11T14:12:47] Price: 207.49
[2026-02-11T14:12:57] Price: 207.5
[2026-02-11T14:13:07] Price: 207.56
[2026-02-11T14:13:17] Price: 207.61
[2026-02-11T14:13:27] Price: 207.69
[2026-02-11T14:13:37] Price: 207.68
[2026-02-11T14:13:47] Price: 207.68
[2026-02-11T14:13:57] Price: 207.75
[2026-02-11T14:14:07] Price: 207.73
[2026-02-11T14:14:17] Price: 207.71
[2026-02-11T14:14:27] Price: 207.75
[2026-02-11T14:14:37] Price: 207.85
[2026-02-11T14:14:47] Price: 207.85
[2026-02-11T14:14:57] Price: 207.83
[2026-02-11T14:15:07] Price: 207.85
[2026-02-11T14:15:17] Price: 207.85
[2026-02-11T14:15:27] Price: 207.88
[2026-02-11T14:15:37] Price: 207.84
[2026-02-11T14:15:47] Price: 207.88
[2026-02-11T14:15:57] Price: 207.85
[2026-02-11T14:16:07] Price: 207.85
[2026-02-11T14:16:17] Price: 207.89
[2026-02-11T14:16:27] Price: 207.82
[2026-02-11T14:16:37] Price: 207.83
[2026-02-11T14:16:47] Price: 207.85
[2026-02-11T14:16:57] Price: 207.92
[2026-02-11T14:17:07] Price: 207.94
[2026-02-11T14:17:18] Price: 207.94
[2026-02-11T14:17:27] Price: 207.94
[2026-02-11T14:17:37] Price: 207.94
[2026-02-11T14:17:47] Price: 207.92
[2026-02-11T14:18:00] Price: 207.88
[2026-02-11T14:18:07] Price: 207.91
[2026-02-11T14:18:17] Price: 207.93
[2026-02-11T14:18:27] Price: 207.85
[2026-02-11T14:18:37] Price: 207.82
[2026-02-11T14:18:47] Price: 207.87
[2026-02-11T14:18:57] Price: 207.88
[2026-02-11T14:19:07] Price: 207.89
[2026-02-11T14:19:17] Price: 207.89
[2026-02-11T14:19:27] Price: 207.88
[2026-02-11T14:19:38] Price: 207.87
[2026-02-11T14:19:47] Price: 207.88
[2026-02-11T14:19:57] Price: 207.86
[2026-02-11T14:20:07] Price: 207.83
[2026-02-11T14:20:17] Price: 207.8
[2026-02-11T14:20:27] Price: 207.78
[2026-02-11T14:20:37] Price: 207.82
[2026-02-11T14:20:47] Price: 207.75
[2026-02-11T14:20:57] Price: 207.77
[2026-02-11T14:21:07] Price: 207.76
[2026-02-11T14:21:17] Price: 207.64
[2026-02-11T14:21:27] Price: 207.69
[2026-02-11T14:21:37] Price: 207.69
[2026-02-11T14:21:47] Price: 207.79
[2026-02-11T14:21:57] Price: 207.77
[2026-02-11T14:22:07] Price: 207.74
[2026-02-11T14:22:17] Price: 207.73
[2026-02-11T14:22:27] Price: 207.71
[2026-02-11T14:22:37] Price: 207.71
[2026-02-11T14:22:47] Price: 207.67
[2026-02-11T14:22:57] Price: 207.66
[2026-02-11T14:23:07] Price: 207.58
[2026-02-11T14:23:17] Price: 207.58
[2026-02-11T14:23:27] Price: 207.57
[2026-02-11T14:23:37] Price: 207.57
[2026-02-11T14:23:47] Price: 207.63
[2026-02-11T14:23:57] Price: 207.64
[2026-02-11T14:24:07] Price: 207.68
[2026-02-11T14:24:17] Price: 207.64
[2026-02-11T14:24:27] Price: 207.63
[2026-02-11T14:24:37] Price: 207.7
[2026-02-11T14:24:47] Price: 207.64
[2026-02-11T14:24:57] Price: 207.67
[2026-02-11T14:25:07] Price: 207.7
[2026-02-11T14:25:17] Price: 207.65
[2026-02-11T14:25:27] Price: 207.69
[2026-02-11T14:25:37] Price: 207.72
[2026-02-11T14:25:47] Price: 207.73
[2026-02-11T14:25:57] Price: 207.67
[2026-02-11T14:26:07] Price: 207.75
[2026-02-11T14:26:17] Price: 207.75
[2026-02-11T14:26:27] Price: 207.79
[2026-02-11T14:26:37] Price: 207.77
[2026-02-11T14:26:47] Price: 207.76
[2026-02-11T14:26:57] Price: 207.78
[2026-02-11T14:27:07] Price: 207.79
[2026-02-11T14:27:17] Price: 207.94
[2026-02-11T14:27:27] Price: 207.84
[2026-02-11T14:27:37] Price: 207.82
[2026-02-11T14:27:47] Price: 207.86
[2026-02-11T14:27:57] Price: 207.73
[2026-02-11T14:28:07] Price: 207.74
[2026-02-11T14:28:17] Price: 207.72
[2026-02-11T14:28:27] Price: 207.79
[2026-02-11T14:28:37] Price: 207.8
[2026-02-11T14:28:47] Price: 207.82
[2026-02-11T14:28:58] Price: 207.85
[2026-02-11T14:29:08] Price: 207.74
[2026-02-11T14:29:18] Price: 207.75
[2026-02-11T14:29:27] Price: 207.75
[2026-02-11T14:29:38] Price: 207.75
[2026-02-11T14:29:48] Price: 207.74
[2026-02-11T14:29:58] Price: 207.62
[2026-02-11T14:30:08] Price: 207.59
[2026-02-11T14:30:19] Price: 207.68
[2026-02-11T14:30:28] Price: 207.66
[2026-02-11T14:30:38] Price: 207.62
[2026-02-11T14:30:48] Price: 207.58
[2026-02-11T14:30:58] Price: 207.53
[2026-02-11T14:31:08] Price: 207.5
[2026-02-11T14:31:18] Price: 207.5
[2026-02-11T14:31:28] Price: 207.5
[2026-02-11T14:31:38] Price: 207.68
[2026-02-11T14:31:48] Price: 207.62
[2026-02-11T14:31:58] Price: 207.7
[2026-02-11T14:32:08] Price: 207.72
[2026-02-11T14:32:18] Price: 207.75
[2026-02-11T14:32:28] Price: 207.75
[2026-02-11T14:32:38] Price: 207.75
[2026-02-11T14:32:48] Price: 207.73
[2026-02-11T14:33:00] Price: 207.67
[2026-02-11T14:33:08] Price: 207.65
[2026-02-11T14:33:18] Price: 207.66
[2026-02-11T14:33:28] Price: 207.59
[2026-02-11T14:33:38] Price: 207.69
[2026-02-11T14:33:48] Price: 207.68
[2026-02-11T14:33:58] Price: 207.67
[2026-02-11T14:34:08] Price: 207.65
[2026-02-11T14:34:18] Price: 207.73
[2026-02-11T14:34:28] Price: 207.75
[2026-02-11T14:34:38] Price: 207.72
[2026-02-11T14:34:48] Price: 207.73
[2026-02-11T14:34:58] Price: 207.74
[2026-02-11T14:35:08] Price: 207.76
[2026-02-11T14:35:18] Price: 207.72
[2026-02-11T14:35:28] Price: 207.77
[2026-02-11T14:35:38] Price: 207.75
[2026-02-11T14:35:48] Price: 207.83
[2026-02-11T14:35:58] Price: 207.75
[2026-02-11T14:36:08] Price: 207.75
[2026-02-11T14:36:18] Price: 207.82
[2026-02-11T14:36:28] Price: 207.76
[2026-02-11T14:36:38] Price: 207.75
[2026-02-11T14:36:48] Price: 207.75
[2026-02-11T14:36:58] Price: 207.75
[2026-02-11T14:37:08] Price: 207.74
[2026-02-11T14:37:18] Price: 207.67
[2026-02-11T14:37:28] Price: 207.75
[2026-02-11T14:37:38] Price: 207.75
[2026-02-11T14:37:48] Price: 207.72
[2026-02-11T14:37:58] Price: 207.75
[2026-02-11T14:38:08] Price: 207.75
[2026-02-11T14:38:18] Price: 207.75
[2026-02-11T14:38:28] Price: 207.8
[2026-02-11T14:38:38] Price: 207.75
[2026-02-11T14:38:49] Price: 207.75
[2026-02-11T14:38:58] Price: 207.75
[2026-02-11T14:39:08] Price: 207.65
[2026-02-11T14:39:18] Price: 207.65
[2026-02-11T14:39:28] Price: 207.68
[2026-02-11T14:39:38] Price: 207.68
[2026-02-11T14:39:48] Price: 207.64
[2026-02-11T14:39:58] Price: 207.5
[2026-02-11T14:40:08] Price: 207.48
[2026-02-11T14:40:18] Price: 207.53
[2026-02-11T14:40:28] Price: 207.56
[2026-02-11T14:40:38] Price: 207.55
[2026-02-11T14:40:48] Price: 207.51
[2026-02-11T14:40:58] Price: 207.51
[2026-02-11T14:41:08] Price: 207.5
[2026-02-11T14:41:18] Price: 207.54
[2026-02-11T14:41:28] Price: 207.54
[2026-02-11T14:41:38] Price: 207.49
[2026-02-11T14:41:48] Price: 207.57
[2026-02-11T14:41:58] Price: 207.49
[2026-02-11T14:42:08] Price: 207.53
[2026-02-11T14:42:18] Price: 207.55
[2026-02-11T14:42:28] Price: 207.52
[2026-02-11T14:42:38] Price: 207.5
[2026-02-11T14:42:48] Price: 207.5
[2026-02-11T14:42:58] Price: 207.45
[2026-02-11T14:43:08] Price: 207.46
[2026-02-11T14:43:18] Price: 207.48
[2026-02-11T14:43:28] Price: 207.49
[2026-02-11T14:43:38] Price: 207.49
[2026-02-11T14:43:48] Price: 207.47
[2026-02-11T14:43:58] Price: 207.47
[2026-02-11T14:44:08] Price: 207.49
[2026-02-11T14:44:18] Price: 207.47
[2026-02-11T14:44:28] Price: 207.46
[2026-02-11T14:44:38] Price: 207.48
[2026-02-11T14:44:48] Price: 207.48
[2026-02-11T14:44:58] Price: 207.49
[2026-02-11T14:45:08] Price: 207.49
[2026-02-11T14:45:18] Price: 207.54
[2026-02-11T14:45:28] Price: 207.59
[2026-02-11T14:45:38] Price: 207.6
[2026-02-11T14:45:48] Price: 207.64
[2026-02-11T14:45:58] Price: 207.66
[2026-02-11T14:46:08] Price: 207.64
[2026-02-11T14:46:18] Price: 207.59
[2026-02-11T14:46:28] Price: 207.45
[2026-02-11T14:46:38] Price: 207.58
[2026-02-11T14:46:48] Price: 207.59
[2026-02-11T14:46:58] Price: 207.45
[2026-02-11T14:47:08] Price: 207.53
[2026-02-11T14:47:18] Price: 207.51
[2026-02-11T14:47:28] Price: 207.49
[2026-02-11T14:47:38] Price: 207.42
[2026-02-11T14:47:48] Price: 207.48
[2026-02-11T14:48:01] Price: 207.47
[2026-02-11T14:48:08] Price: 207.51
[2026-02-11T14:48:18] Price: 207.5
[2026-02-11T14:48:28] Price: 207.48
[2026-02-11T14:48:38] Price: 207.48
[2026-02-11T14:48:48] Price: 207.48
[2026-02-11T14:48:58] Price: 207.47
[2026-02-11T14:49:08] Price: 207.47
[2026-02-11T14:49:18] Price: 207.44
[2026-02-11T14:49:28] Price: 207.51
[2026-02-11T14:49:38] Price: 207.51
[2026-02-11T14:49:48] Price: 207.57
[2026-02-11T14:49:58] Price: 207.59
[2026-02-11T14:50:08] Price: 207.57
[2026-02-11T14:50:18] Price: 207.61
[2026-02-11T14:50:28] Price: 207.64
[2026-02-11T14:50:38] Price: 207.6
[2026-02-11T14:50:48] Price: 207.64
[2026-02-11T14:50:59] Price: 207.5
[2026-02-11T14:51:09] Price: 207.5
[2026-02-11T14:51:19] Price: 207.5
[2026-02-11T14:51:29] Price: 207.4
[2026-02-11T14:51:42] Price: 207.49
[2026-02-11T14:51:49] Price: 207.5
[2026-02-11T14:51:59] Price: 207.5
[2026-02-11T14:52:09] Price: 207.51
[2026-02-11T14:52:19] Price: 207.49
[2026-02-11T14:52:29] Price: 207.5
[2026-02-11T14:52:39] Price: 207.5
[2026-02-11T14:52:49] Price: 207.5
[2026-02-11T14:52:59] Price: 207.5
[2026-02-11T14:53:09] Price: 207.49
[2026-02-11T14:53:19] Price: 207.5
[2026-02-11T14:53:29] Price: 207.49
[2026-02-11T14:53:39] Price: 207.5
[2026-02-11T14:53:49] Price: 207.49
[2026-02-11T14:53:59] Price: 207.49
[2026-02-11T14:54:09] Price: 207.49
[2026-02-11T14:54:19] Price: 207.49
[2026-02-11T14:54:29] Price: 207.48
[2026-02-11T14:54:39] Price: 207.47
[2026-02-11T14:54:49] Price: 207.5
[2026-02-11T14:54:59] Price: 207.49
[2026-02-11T14:55:09] Price: 207.5
[2026-02-11T14:55:19] Price: 207.5
[2026-02-11T14:55:29] Price: 207.48
[2026-02-11T14:55:39] Price: 207.5
[2026-02-11T14:55:49] Price: 207.49
[2026-02-11T14:55:59] Price: 207.42
[2026-02-11T14:56:09] Price: 207.48
[2026-02-11T14:56:19] Price: 207.41
[2026-02-11T14:56:29] Price: 207.5
[2026-02-11T14:56:39] Price: 207.49
[2026-02-11T14:56:49] Price: 207.5
[2026-02-11T14:56:59] Price: 207.5
[2026-02-11T14:57:09] Price: 207.49
[2026-02-11T14:57:19] Price: 207.5
[2026-02-11T14:57:29] Price: 207.49
[2026-02-11T14:57:39] Price: 207.5
[2026-02-11T14:57:49] Price: 207.5
[2026-02-11T14:57:59] Price: 207.5
[2026-02-11T14:58:09] Price: 207.51
[2026-02-11T14:58:19] Price: 207.49
[2026-02-11T14:58:29] Price: 207.5
[2026-02-11T14:58:39] Price: 207.5
[2026-02-11T14:58:49] Price: 207.49
[2026-02-11T14:58:59] Price: 207.45
[2026-02-11T14:59:09] Price: 207.48
[2026-02-11T14:59:19] Price: 207.5
[2026-02-11T14:59:29] Price: 207.45
[2026-02-11T14:59:39] Price: 207.49
[2026-02-11T14:59:49] Price: 207.47
[2026-02-11T14:59:59] Price: 207.4
[2026-02-11T15:00:09] Price: 207.43
[2026-02-11T15:00:19] Price: 207.49
[2026-02-11T15:00:29] Price: 207.75
[2026-02-11T15:00:39] Price: 207.8
[2026-02-11T15:00:49] Price: 207.76
[2026-02-11T15:00:59] Price: 207.75
[2026-02-11T15:01:09] Price: 207.75
[2026-02-11T15:01:19] Price: 207.79
[2026-02-11T15:01:29] Price: 207.83
[2026-02-11T15:01:39] Price: 207.89
[2026-02-11T15:01:49] Price: 207.89
[2026-02-11T15:01:59] Price: 207.89
[2026-02-11T15:02:09] Price: 207.88
[2026-02-11T15:02:19] Price: 207.93
[2026-02-11T15:02:29] Price: 207.95
[2026-02-11T15:02:39] Price: 207.86
[2026-02-11T15:02:49] Price: 207.87
[2026-02-11T15:02:59] Price: 207.88
[2026-02-11T15:03:09] Price: 207.89
[2026-02-11T15:03:19] Price: 207.89
[2026-02-11T15:03:29] Price: 207.8
[2026-02-11T15:03:39] Price: 207.74
[2026-02-11T15:03:49] Price: 207.79
[2026-02-11T15:03:59] Price: 207.74
[2026-02-11T15:04:09] Price: 207.75
[2026-02-11T15:04:19] Price: 207.78
[2026-02-11T15:04:29] Price: 207.8
[2026-02-11T15:04:39] Price: 207.78
[2026-02-11T15:04:49] Price: 207.82
[2026-02-11T15:04:59] Price: 207.83
[2026-02-11T15:05:09] Price: 207.78
[2026-02-11T15:05:19] Price: 207.81
[2026-02-11T15:05:29] Price: 207.9
[2026-02-11T15:05:39] Price: 207.95
[2026-02-11T15:05:49] Price: 207.89
[2026-02-11T15:05:59] Price: 207.93
[2026-02-11T15:06:09] Price: 207.83
[2026-02-11T15:06:19] Price: 207.89
[2026-02-11T15:06:29] Price: 207.89
[2026-02-11T15:06:39] Price: 207.84
[2026-02-11T15:06:49] Price: 207.86
[2026-02-11T15:06:59] Price: 207.85
[2026-02-11T15:07:09] Price: 207.85
[2026-02-11T15:07:19] Price: 207.79
[2026-02-11T15:07:29] Price: 207.82
[2026-02-11T15:07:39] Price: 207.81
[2026-02-11T15:07:49] Price: 207.79
[2026-02-11T15:07:59] Price: 207.81
[2026-02-11T15:08:09] Price: 207.82
[2026-02-11T15:08:19] Price: 207.77
[2026-02-11T15:08:29] Price: 207.81
[2026-02-11T15:08:39] Price: 207.81
[2026-02-11T15:08:49] Price: 207.8
[2026-02-11T15:08:59] Price: 207.84
[2026-02-11T15:09:09] Price: 207.85
[2026-02-11T15:09:19] Price: 207.82
[2026-02-11T15:09:30] Price: 207.85
[2026-02-11T15:09:40] Price: 207.84
[2026-02-11T15:09:49] Price: 207.85
[2026-02-11T15:10:00] Price: 207.84
[2026-02-11T15:10:10] Price: 207.85
[2026-02-11T15:10:20] Price: 207.87
[2026-02-11T15:10:30] Price: 207.92
[2026-02-11T15:10:40] Price: 207.95
[2026-02-11T15:10:50] Price: 207.95
[2026-02-11T15:11:00] Price: 207.95
[2026-02-11T15:11:10] Price: 207.95
[2026-02-11T15:11:20] Price: 207.98
[2026-02-11T15:11:30] Price: 207.98
[2026-02-11T15:11:40] Price: 208
[2026-02-11T15:11:50] Price: 207.99
[2026-02-11T15:12:00] Price: 208
[2026-02-11T15:12:10] Price: 208
[2026-02-11T15:12:20] Price: 207.99
[2026-02-11T15:12:30] Price: 207.97
[2026-02-11T15:12:40] Price: 207.98
[2026-02-11T15:12:50] Price: 207.93
[2026-02-11T15:13:00] Price: 207.77
[2026-02-11T15:13:10] Price: 207.7
[2026-02-11T15:13:20] Price: 207.79
[2026-02-11T15:13:30] Price: 207.77
[2026-02-11T15:13:40] Price: 207.73
[2026-02-11T15:13:50] Price: 207.78
[2026-02-11T15:14:00] Price: 207.86
[2026-02-11T15:14:10] Price: 207.77
[2026-02-11T15:14:20] Price: 207.67
[2026-02-11T15:14:30] Price: 207.8
[2026-02-11T15:14:40] Price: 207.76
[2026-02-11T15:14:51] Price: 207.76
[2026-02-11T15:15:00] Price: 207.79
[2026-02-11T15:15:10] Price: 207.75
[2026-02-11T15:15:20] Price: 207.7
[2026-02-11T15:15:30] Price: 207.55
[2026-02-11T15:15:40] Price: 207.65
[2026-02-11T15:15:50] Price: 207.63
[2026-02-11T15:16:00] Price: 207.49
[2026-02-11T15:16:10] Price: 207.5
[2026-02-11T15:16:20] Price: 207.4
[2026-02-11T15:16:30] Price: 207.41
[2026-02-11T15:16:40] Price: 207.58
[2026-02-11T15:16:50] Price: 207.61
[2026-02-11T15:17:00] Price: 207.65
[2026-02-11T15:17:10] Price: 207.7
[2026-02-11T15:17:20] Price: 207.62
[2026-02-11T15:17:30] Price: 207.55
[2026-02-11T15:17:40] Price: 207.66
[2026-02-11T15:17:50] Price: 207.64
[2026-02-11T15:18:00] Price: 207.59
[2026-02-11T15:18:10] Price: 207.27
