[2026-02-10T03:42:39.863Z] BOT STARTED
[2026-02-10T03:42:50.663Z] Price: 1471
[2026-02-10T03:43:00.434Z] Price: 1471
[2026-02-10T03:43:10.445Z] Price: 1471
[2026-02-10T03:43:20.443Z] Price: 1471
[2026-02-10T03:43:30.442Z] Price: 1471
[2026-02-10T03:43:40.441Z] Price: 1471
[2026-02-10T03:43:50.456Z] Price: 1471
[2026-02-10T03:44:00.473Z] Price: 1471
[2026-02-10T03:44:10.488Z] Price: 1471
[2026-02-10T03:44:20.490Z] Price: 1471
[2026-02-10T03:44:30.503Z] Price: 1471
[2026-02-10T03:44:40.524Z] Price: 1471
[2026-02-10T03:44:50.523Z] Price: 1471
[2026-02-10T03:45:00.518Z] Price: 1471
[2026-02-10T03:45:10.527Z] Price: 1467.8
[2026-02-10T03:45:20.525Z] Price: 1466
[2026-02-10T03:45:30.532Z] Price: 1468
[2026-02-10T03:45:40.554Z] Price: 1468.2
[2026-02-10T03:45:50.556Z] Price: 1468.8
[2026-02-10T03:46:00.575Z] Price: 1469
[2026-02-10T03:46:10.573Z] Price: 1468.9
[2026-02-10T03:46:20.588Z] Price: 1467.8
[2026-02-10T03:46:30.585Z] Price: 1468.8
[2026-02-10T03:46:40.616Z] Price: 1468.9
[2026-02-10T03:46:50.666Z] Price: 1469.8
[2026-02-10T03:47:00.650Z] Price: 1469.5
[2026-02-10T03:47:10.657Z] Price: 1469.8
[2026-02-10T03:47:20.658Z] Price: 1469.8
[2026-02-10T03:47:30.683Z] Price: 1469.8
[2026-02-10T03:47:40.674Z] Price: 1469.1
[2026-02-10T03:47:50.711Z] Price: 1468.6
[2026-02-10T03:48:01.705Z] Price: 1468.2
[2026-02-10T03:48:10.726Z] Price: 1468
[2026-02-10T03:48:20.727Z] Price: 1468
[2026-02-10T03:48:30.749Z] Price: 1468.1
[2026-02-10T03:48:40.764Z] Price: 1468
[2026-02-10T03:48:50.779Z] Price: 1467.9
[2026-02-10T03:49:00.799Z] Price: 1467
[2026-02-10T03:49:10.775Z] Price: 1467.5
[2026-02-10T03:49:20.787Z] Price: 1467.4
[2026-02-10T03:49:30.834Z] Price: 1467
[2026-02-10T03:49:40.831Z] Price: 1467.2
[2026-02-10T03:49:50.834Z] Price: 1466.5
[2026-02-10T03:50:00.839Z] Price: 1465.8
[2026-02-10T03:50:10.844Z] Price: 1466.4
[2026-02-10T03:50:20.857Z] Price: 1466.4
[2026-02-10T03:50:32.287Z] Price: 1465.8
[2026-02-10T03:50:40.860Z] Price: 1465.6
[2026-02-10T03:50:50.869Z] Price: 1465.8
[2026-02-10T03:51:00.898Z] Price: 1465.8
[2026-02-10T03:51:10.880Z] Price: 1466
[2026-02-10T03:51:20.901Z] Price: 1466
[2026-02-10T03:51:30.933Z] Price: 1465.8
[2026-02-10T03:51:40.934Z] Price: 1466.1
[2026-02-10T03:51:50.942Z] Price: 1465.9
[2026-02-10T03:52:00.967Z] Price: 1465.6
[2026-02-10T03:52:10.933Z] Price: 1465.2
[2026-02-10T03:52:20.944Z] Price: 1466
[2026-02-10T03:52:30.948Z] Price: 1465.6
[2026-02-10T03:52:40.984Z] Price: 1465.7
[2026-02-10T03:52:50.993Z] Price: 1464.9
[2026-02-10T03:53:00.937Z] Price: 1465.1
[2026-02-10T03:53:10.938Z] Price: 1464.9
[2026-02-10T03:53:20.975Z] Price: 1465
[2026-02-10T03:53:30.979Z] Price: 1464.7
[2026-02-10T03:53:41.010Z] Price: 1464.7
[2026-02-10T03:53:51.020Z] Price: 1464.9
[2026-02-10T03:54:01.015Z] Price: 1465.1
[2026-02-10T03:54:11.040Z] Price: 1464.9
[2026-02-10T03:54:21.034Z] Price: 1464.8
[2026-02-10T03:54:31.047Z] Price: 1464.8
[2026-02-10T03:54:41.048Z] Price: 1464.8
[2026-02-10T03:54:51.078Z] Price: 1465.1
[2026-02-10T03:55:01.064Z] Price: 1464.9
[2026-02-10T03:55:11.071Z] Price: 1464.8
[2026-02-10T03:55:21.095Z] Price: 1465
[2026-02-10T03:55:31.117Z] Price: 1465
[2026-02-10T03:55:41.124Z] Price: 1465
[2026-02-10T03:55:51.087Z] Price: 1465
[2026-02-10T03:56:01.124Z] Price: 1465
[2026-02-10T03:56:11.124Z] Price: 1464.9
[2026-02-10T03:56:21.152Z] Price: 1464.9
[2026-02-10T03:56:31.161Z] Price: 1464.5
[2026-02-10T03:56:41.145Z] Price: 1464.9
[2026-02-10T03:56:51.176Z] Price: 1465
[2026-02-10T03:57:01.163Z] Price: 1466
[2026-02-10T03:57:11.184Z] Price: 1466.3
[2026-02-10T03:57:21.178Z] Price: 1466.3
[2026-02-10T03:57:31.203Z] Price: 1465.8
[2026-02-10T03:57:41.218Z] Price: 1465.8
[2026-02-10T03:57:51.238Z] Price: 1465.8
[2026-02-10T03:58:01.229Z] Price: 1466.9
[2026-02-10T03:58:11.228Z] Price: 1467.5
[2026-02-10T03:58:21.262Z] Price: 1467.6
[2026-02-10T03:58:31.250Z] Price: 1467.2
[2026-02-10T03:58:41.267Z] Price: 1466.6
[2026-02-10T03:58:51.299Z] Price: 1466.9
[2026-02-10T03:59:01.302Z] Price: 1467
[2026-02-10T03:59:11.257Z] Price: 1466.8
[2026-02-10T03:59:21.255Z] Price: 1466.9
[2026-02-10T03:59:31.285Z] Price: 1467
[2026-02-10T03:59:41.319Z] Price: 1467
[2026-02-10T03:59:51.315Z] Price: 1467
[2026-02-10T04:00:01.312Z] Price: 1467.2
[2026-02-10T04:00:11.320Z] Price: 1467.4
[2026-02-10T04:00:21.343Z] Price: 1467.4
[2026-02-10T04:00:31.322Z] Price: 1467.2
[2026-02-10T04:00:41.305Z] Price: 1467.4
[2026-02-10T04:00:51.329Z] Price: 1467.5
[2026-02-10T04:01:01.337Z] Price: 1467.1
[2026-02-10T04:01:01.340Z] BUY @ 1467.1
[2026-02-10T04:01:11.349Z] Price: 1467
[2026-02-10T04:01:21.339Z] Price: 1467.1
[2026-02-10T04:01:31.350Z] Price: 1467
[2026-02-10T04:01:41.351Z] Price: 1467
[2026-02-10T04:01:51.374Z] Price: 1467
[2026-02-10T04:02:01.381Z] Price: 1466.8
[2026-02-10T04:02:11.377Z] Price: 1466.9
[2026-02-10T04:02:21.382Z] Price: 1466.5
[2026-02-10T04:02:31.388Z] Price: 1466.9
[2026-02-10T04:02:41.447Z] Price: 1466.5
[2026-02-10T04:02:51.421Z] Price: 1466.9
[2026-02-10T04:03:01.437Z] Price: 1466.9
[2026-02-10T04:03:11.426Z] Price: 1466.8
[2026-02-10T04:03:21.438Z] Price: 1466.9
[2026-02-10T04:03:31.467Z] Price: 1467
[2026-02-10T04:03:41.445Z] Price: 1467.2
[2026-02-10T04:03:51.420Z] Price: 1467.3
[2026-02-10T04:04:01.458Z] Price: 1467.2
[2026-02-10T04:04:11.462Z] Price: 1467.2
[2026-02-10T04:04:21.459Z] Price: 1467.5
[2026-02-10T04:04:31.470Z] Price: 1468.1
[2026-02-10T04:04:41.494Z] Price: 1468.3
[2026-02-10T04:04:51.455Z] Price: 1468.3
[2026-02-10T04:05:01.569Z] Price: 1468.3
[2026-02-10T04:05:11.486Z] Price: 1468.6
[2026-02-10T04:05:21.467Z] Price: 1468.8
[2026-02-10T04:05:31.469Z] Price: 1468.9
[2026-02-10T04:05:41.538Z] Price: 1469
[2026-02-10T04:05:51.493Z] Price: 1468.9
[2026-02-10T04:06:01.475Z] Price: 1468.8
[2026-02-10T04:06:11.476Z] Price: 1469
[2026-02-10T04:06:21.499Z] Price: 1469
[2026-02-10T04:06:31.513Z] Price: 1468.8
[2026-02-10T04:06:41.517Z] Price: 1468.9
[2026-02-10T04:06:51.496Z] Price: 1468.7
[2026-02-10T04:07:01.508Z] Price: 1468.4
[2026-02-10T04:07:11.535Z] Price: 1468.3
[2026-02-10T04:07:21.519Z] Price: 1468.3
[2026-02-10T04:07:31.527Z] Price: 1468.2
[2026-02-10T04:07:41.547Z] Price: 1468
[2026-02-10T04:07:51.562Z] Price: 1467.8
[2026-02-10T04:08:01.555Z] Price: 1467.8
[2026-02-10T04:08:11.599Z] Price: 1468.4
[2026-02-10T04:08:21.587Z] Price: 1468
[2026-02-10T04:08:31.572Z] Price: 1468
[2026-02-10T04:08:41.570Z] Price: 1467.9
[2026-02-10T04:08:51.579Z] Price: 1468
[2026-02-10T04:09:01.626Z] Price: 1468
[2026-02-10T04:09:11.587Z] Price: 1468
[2026-02-10T04:09:21.622Z] Price: 1467.7
[2026-02-10T04:09:31.961Z] Price: 1467.4
[2026-02-10T04:09:41.611Z] Price: 1467.7
[2026-02-10T04:09:51.603Z] Price: 1467.7
[2026-02-10T04:10:01.633Z] Price: 1467.7
[2026-02-10T04:10:11.715Z] Price: 1467.2
[2026-02-10T04:10:21.644Z] Price: 1467.9
[2026-02-10T04:10:31.645Z] Price: 1467.6
[2026-02-10T04:10:42.663Z] Price: 1467.5
[2026-02-10T04:10:51.643Z] Price: 1467.2
[2026-02-10T04:11:01.674Z] Price: 1467.9
[2026-02-10T04:11:11.665Z] Price: 1468.3
[2026-02-10T04:11:21.672Z] Price: 1468.4
[2026-02-10T04:11:31.687Z] Price: 1468.5
[2026-02-10T04:11:41.699Z] Price: 1468
[2026-02-10T04:11:51.686Z] Price: 1468
[2026-02-10T04:12:01.724Z] Price: 1468
[2026-02-10T04:12:11.703Z] Price: 1468
[2026-02-10T04:12:21.730Z] Price: 1467.7
[2026-02-10T04:12:31.716Z] Price: 1466.9
[2026-02-10T04:12:41.786Z] Price: 1466.4
[2026-02-10T04:12:51.821Z] Price: 1466
[2026-02-10T04:13:01.722Z] Price: 1466.2
[2026-02-10T04:13:01.727Z] SELL @ 1466.2 P/L -0.90
[2026-02-10T04:13:11.746Z] Price: 1466.3
[2026-02-10T04:13:21.723Z] Price: 1466.2
[2026-02-10T04:13:31.747Z] Price: 1466.2
[2026-02-10T04:13:41.752Z] Price: 1466.2
[2026-02-10T04:13:51.766Z] Price: 1466.1
[2026-02-10T04:14:01.763Z] Price: 1465.8
[2026-02-10T04:14:11.782Z] Price: 1466.1
[2026-02-10T04:14:21.755Z] Price: 1465.8
[2026-02-10T04:14:31.801Z] Price: 1466.1
[2026-02-10T04:14:41.785Z] Price: 1466.1
[2026-02-10T04:14:51.795Z] Price: 1466.2
[2026-02-10T04:15:01.798Z] Price: 1466.2
[2026-02-10T04:15:11.814Z] Price: 1466
[2026-02-10T04:15:21.842Z] Price: 1466.2
[2026-02-10T04:15:31.843Z] Price: 1466.3
[2026-02-10T04:15:41.825Z] Price: 1466.4
[2026-02-10T04:15:51.844Z] Price: 1466.4
[2026-02-10T04:16:01.825Z] Price: 1466.4
[2026-02-10T04:16:11.866Z] Price: 1466.4
[2026-02-10T04:16:21.869Z] Price: 1466.4
[2026-02-10T04:16:31.886Z] Price: 1466.3
[2026-02-10T04:16:41.876Z] Price: 1466.4
[2026-02-10T04:16:51.883Z] Price: 1466.4
[2026-02-10T04:17:01.874Z] Price: 1466.1
[2026-02-10T04:17:11.859Z] Price: 1466.4
[2026-02-10T04:17:21.872Z] Price: 1466.3
[2026-02-10T04:17:31.942Z] Price: 1466.2
[2026-02-10T04:17:41.896Z] Price: 1466.2
[2026-02-10T04:17:51.916Z] Price: 1466.2
[2026-02-10T04:18:01.924Z] Price: 1466.1
[2026-02-10T04:18:12.069Z] Price: 1466
[2026-02-10T04:18:21.952Z] Price: 1465.7
[2026-02-10T04:18:31.925Z] Price: 1465.6
[2026-02-10T04:18:41.928Z] Price: 1465.1
[2026-02-10T04:18:51.948Z] Price: 1465.1
[2026-02-10T04:19:01.964Z] Price: 1465.1
[2026-02-10T04:19:11.955Z] Price: 1465.4
[2026-02-10T04:19:21.928Z] Price: 1465.4
[2026-02-10T04:19:31.985Z] Price: 1465
[2026-02-10T04:19:41.977Z] Price: 1465.4
[2026-02-10T04:19:51.992Z] Price: 1464.7
[2026-02-10T04:20:01.964Z] Price: 1464.5
[2026-02-10T04:20:12.011Z] Price: 1464
[2026-02-10T04:20:22.079Z] Price: 1464.2
[2026-02-10T04:20:31.992Z] Price: 1464.2
[2026-02-10T04:20:42.015Z] Price: 1464.3
[2026-02-10T04:20:52.005Z] Price: 1464.2
[2026-02-10T04:21:01.993Z] Price: 1464.3
[2026-02-10T04:21:11.999Z] Price: 1464.3
[2026-02-10T04:21:22.047Z] Price: 1464.4
[2026-02-10T04:21:34.043Z] BOT STARTED
[2026-02-10T04:21:44.726Z] Price: 1464.6
[2026-02-10T04:21:54.592Z] Price: 1464.7
[2026-02-10T04:22:05.991Z] BOT STARTED
[2026-02-10T04:22:16.643Z] Price: 1464.7
[2026-02-10T04:22:26.558Z] Price: 1464.7
[2026-02-10T04:22:36.599Z] Price: 1464.6
[2026-02-10T04:22:46.571Z] Price: 1464.5
[2026-02-10T04:22:56.632Z] Price: 1464.6
[2026-02-10T04:23:06.606Z] Price: 1464.6
[2026-02-10T04:23:16.638Z] Price: 1464.8
[2026-02-10T04:23:26.597Z] Price: 1464.6
[2026-02-10T04:23:36.609Z] Price: 1464.6
[2026-02-10T04:23:46.620Z] Price: 1464.7
[2026-02-10T04:23:56.619Z] Price: 1464.8
[2026-02-10T04:24:06.612Z] Price: 1464.8
[2026-02-10T04:24:16.626Z] Price: 1464.8
[2026-02-10T04:24:26.633Z] Price: 1464.8
[2026-02-10T04:24:36.647Z] Price: 1464.9
[2026-02-10T04:24:46.653Z] Price: 1465
[2026-02-10T04:24:56.662Z] Price: 1464.9
[2026-02-10T04:25:06.661Z] Price: 1464.9
[2026-02-10T04:25:16.698Z] Price: 1464.8
[2026-02-10T04:25:26.710Z] Price: 1464.7
[2026-02-10T04:25:36.684Z] Price: 1464.5
[2026-02-10T04:25:46.723Z] Price: 1464.7
[2026-02-10T04:25:56.692Z] Price: 1464.1
[2026-02-10T04:26:06.704Z] Price: 1464.6
[2026-02-10T04:26:16.696Z] Price: 1464.7
[2026-02-10T04:26:26.713Z] Price: 1465.9
[2026-02-10T04:26:36.718Z] Price: 1466.7
[2026-02-10T04:26:46.848Z] Price: 1466.1
[2026-02-10T04:26:56.744Z] Price: 1466.8
[2026-02-10T04:27:06.769Z] Price: 1467
[2026-02-10T04:27:16.752Z] Price: 1466.9
[2026-02-10T04:27:26.788Z] Price: 1466.5
[2026-02-10T04:27:36.758Z] Price: 1466.3
[2026-02-10T04:27:46.815Z] Price: 1466.3
[2026-02-10T04:27:56.836Z] Price: 1466.3
[2026-02-10T04:28:06.794Z] Price: 1466.5
[2026-02-10T04:28:16.805Z] Price: 1466.7
[2026-02-10T04:28:16.809Z] BUY @ 1466.7
[2026-02-10T04:28:26.781Z] Price: 1466.9
[2026-02-10T04:28:36.783Z] Price: 1467
[2026-02-10T04:28:46.815Z] Price: 1466.9
[2026-02-10T04:28:56.823Z] Price: 1466.9
[2026-02-10T04:29:06.820Z] Price: 1466.9
[2026-02-10T04:29:16.825Z] Price: 1466.8
[2026-02-10T04:29:26.812Z] Price: 1466.8
[2026-02-10T04:29:36.839Z] Price: 1466.7
[2026-02-10T04:29:46.828Z] Price: 1466.9
[2026-02-10T04:29:56.838Z] Price: 1467
[2026-02-10T04:30:06.857Z] Price: 1467
