[2026-02-12T09:29:25] BOT STARTED
[2026-02-12T09:29:36] Price: 207.82
[2026-02-12T09:29:46] Price: 207.8
[2026-02-12T09:29:56] Price: 207.91
[2026-02-12T09:30:07] Price: 208.01
[2026-02-12T09:30:16] Price: 208
[2026-02-12T09:30:26] Price: 208.1
[2026-02-12T09:30:36] Price: 208.14
[2026-02-12T09:30:46] Price: 208.08
[2026-02-12T09:30:56] Price: 208.04
[2026-02-12T09:31:06] Price: 208
[2026-02-12T09:31:16] Price: 208
[2026-02-12T09:31:26] Price: 208.1
[2026-02-12T09:31:36] Price: 208
[2026-02-12T09:31:46] Price: 207.98
[2026-02-12T09:31:57] Price: 207.95
[2026-02-12T09:32:06] Price: 207.91
[2026-02-12T09:32:17] Price: 207.91
[2026-02-12T09:32:26] Price: 207.9
[2026-02-12T09:32:37] Price: 207.96
[2026-02-12T09:32:46] Price: 208.14
[2026-02-12T09:33:00] Price: 208.1
[2026-02-12T09:33:06] Price: 208.16
[2026-02-12T09:33:16] Price: 208.13
[2026-02-12T09:59:54] API ERROR: getaddrinfo ENOTFOUND api.groww.in
[2026-02-12T10:00:04] Price: 209.49
[2026-02-12T10:00:04] BUY @ 209.49
[2026-02-12T10:00:14] Price: 209.39
[2026-02-12T10:00:24] Price: 209.35
[2026-02-12T10:00:34] Price: 209.47
[2026-02-12T10:00:44] Price: 209.5
[2026-02-12T10:00:57] Price: 209.93
[2026-02-12T10:01:04] Price: 209.8
[2026-02-12T10:01:14] Price: 209.62
[2026-02-12T10:01:24] Price: 209.74
[2026-02-12T10:01:34] Price: 209.84
[2026-02-12T10:01:44] Price: 209.71
[2026-02-12T10:01:54] Price: 209.74
[2026-02-12T10:02:04] Price: 209.68
[2026-02-12T10:02:14] Price: 209.73
[2026-02-12T10:02:24] Price: 209.65
[2026-02-12T10:02:34] Price: 209.73
[2026-02-12T10:02:44] Price: 209.72
[2026-02-12T10:02:54] Price: 209.71
[2026-02-12T10:03:04] Price: 209.72
[2026-02-12T10:03:14] Price: 209.62
[2026-02-12T10:03:24] Price: 209.59
[2026-02-12T10:03:34] Price: 209.54
[2026-02-12T10:03:44] Price: 209.55
[2026-02-12T10:03:54] Price: 209.5
[2026-02-12T10:04:04] Price: 209.45
[2026-02-12T10:04:14] Price: 209.45
[2026-02-12T10:04:25] Price: 209.4
[2026-02-12T10:04:34] Price: 209.4
[2026-02-12T10:04:44] Price: 209.45
[2026-02-12T10:04:54] Price: 209.45
[2026-02-12T10:05:04] Price: 209.4
[2026-02-12T10:05:14] Price: 209.2
[2026-02-12T10:05:24] Price: 209.2
[2026-02-12T10:05:34] Price: 209.1
[2026-02-12T10:05:44] Price: 209.09
[2026-02-12T10:05:54] Price: 209.19
[2026-02-12T10:06:04] Price: 209.14
[2026-02-12T10:06:14] Price: 209.1
[2026-02-12T10:06:24] Price: 209.19
[2026-02-12T10:06:34] Price: 209.1
[2026-02-12T10:06:44] Price: 209.1
[2026-02-12T10:06:54] Price: 209.15
[2026-02-12T10:07:04] Price: 209.18
[2026-02-12T10:07:14] Price: 209.17
[2026-02-12T10:07:24] Price: 209.2
[2026-02-12T10:07:34] Price: 209.2
[2026-02-12T10:07:44] Price: 209.14
[2026-02-12T10:07:54] Price: 209.01
[2026-02-12T10:08:04] Price: 208.82
[2026-02-12T10:08:14] Price: 208.94
[2026-02-12T10:08:24] Price: 208.91
[2026-02-12T10:08:34] Price: 208.8
[2026-02-12T10:08:34] SELL @ 208.8 | P/L -0.69
[2026-02-12T10:08:44] Price: 208.85
[2026-02-12T10:08:54] Price: 208.64
[2026-02-12T10:09:04] Price: 209.02
[2026-02-12T10:09:14] Price: 209.11
[2026-02-12T10:09:24] Price: 209.05
[2026-02-12T10:09:34] Price: 209
[2026-02-12T10:09:44] Price: 209.17
[2026-02-12T10:09:54] Price: 209.14
[2026-02-12T10:10:04] Price: 209.08
[2026-02-12T10:10:14] Price: 209.08
[2026-02-12T10:10:24] Price: 209.01
[2026-02-12T10:10:34] Price: 208.93
[2026-02-12T10:10:44] Price: 208.93
[2026-02-12T10:10:54] Price: 208.98
[2026-02-12T10:11:04] Price: 208.88
[2026-02-12T10:11:14] Price: 208.86
[2026-02-12T10:11:24] Price: 208.88
[2026-02-12T10:11:34] Price: 208.85
[2026-02-12T10:11:44] Price: 208.81
[2026-02-12T10:11:54] Price: 208.77
[2026-02-12T10:12:04] Price: 208.8
[2026-02-12T10:12:15] Price: 208.87
[2026-02-12T10:12:25] Price: 208.93
[2026-02-12T10:12:35] Price: 208.92
[2026-02-12T10:12:45] Price: 208.9
[2026-02-12T10:12:55] Price: 208.9
[2026-02-12T10:13:05] Price: 208.92
[2026-02-12T10:13:15] Price: 208.92
[2026-02-12T10:13:25] Price: 208.89
[2026-02-12T10:13:35] Price: 208.93
[2026-02-12T10:13:45] Price: 208.95
[2026-02-12T10:13:55] Price: 208.88
[2026-02-12T10:14:05] Price: 208.87
[2026-02-12T10:14:15] Price: 208.92
[2026-02-12T10:14:25] Price: 208.93
[2026-02-12T10:14:35] Price: 208.93
[2026-02-12T10:14:45] Price: 208.8
[2026-02-12T10:14:55] Price: 208.8
[2026-02-12T10:15:05] Price: 208.76
[2026-02-12T10:15:15] Price: 208.71
[2026-02-12T10:15:25] Price: 208.69
[2026-02-12T10:15:35] Price: 208.71
[2026-02-12T10:15:45] Price: 208.74
[2026-02-12T10:15:55] Price: 208.74
[2026-02-12T10:16:05] Price: 208.71
[2026-02-12T10:16:15] Price: 208.65
[2026-02-12T10:16:25] Price: 208.53
[2026-02-12T10:16:35] Price: 208.46
[2026-02-12T10:16:45] Price: 208.38
[2026-02-12T10:16:55] Price: 208.39
[2026-02-12T10:17:05] Price: 208.44
[2026-02-12T10:17:15] Price: 208.4
[2026-02-12T10:17:25] Price: 208.4
[2026-02-12T10:17:35] Price: 208.4
[2026-02-12T10:17:45] Price: 208.45
[2026-02-12T10:17:55] Price: 208.45
[2026-02-12T10:18:05] Price: 208.45
[2026-02-12T10:18:15] Price: 208.47
[2026-02-12T10:18:25] Price: 208.47
[2026-02-12T10:18:35] Price: 208.59
[2026-02-12T10:18:45] Price: 208.68
[2026-02-12T10:18:55] Price: 208.68
[2026-02-12T10:18:55] BUY @ 208.68
[2026-02-12T10:19:05] Price: 208.56
[2026-02-12T10:19:15] Price: 208.55
[2026-02-12T10:19:25] Price: 208.59
[2026-02-12T10:19:35] Price: 208.67
[2026-02-12T10:19:45] Price: 208.61
[2026-02-12T10:19:55] Price: 208.57
[2026-02-12T10:20:05] Price: 208.49
[2026-02-12T10:20:15] Price: 208.5
[2026-02-12T10:20:25] Price: 208.55
[2026-02-12T10:20:35] Price: 208.54
[2026-02-12T10:20:45] Price: 208.54
[2026-02-12T10:20:55] Price: 208.54
[2026-02-12T10:21:05] Price: 208.6
[2026-02-12T10:21:15] Price: 208.6
[2026-02-12T10:21:25] Price: 208.65
[2026-02-12T10:21:36] Price: 208.64
[2026-02-12T10:21:45] Price: 208.64
[2026-02-12T10:21:55] Price: 208.63
[2026-02-12T10:22:05] Price: 208.71
[2026-02-12T10:22:15] Price: 208.73
[2026-02-12T10:22:25] Price: 208.73
[2026-02-12T10:22:35] Price: 208.7
[2026-02-12T10:22:45] Price: 208.73
[2026-02-12T10:22:55] Price: 208.75
[2026-02-12T10:23:05] Price: 208.85
[2026-02-12T10:23:15] Price: 208.9
[2026-02-12T10:23:25] Price: 208.93
[2026-02-12T10:23:35] Price: 208.95
[2026-02-12T10:23:45] Price: 209.07
[2026-02-12T10:23:55] Price: 209.37
[2026-02-12T10:24:05] Price: 209.24
[2026-02-12T10:24:15] Price: 209.24
[2026-02-12T10:24:25] Price: 209.21
[2026-02-12T10:24:35] Price: 209.3
[2026-02-12T10:24:45] Price: 209.3
[2026-02-12T10:24:55] Price: 209.32
[2026-02-12T10:25:05] Price: 209.23
[2026-02-12T10:25:15] Price: 209.23
[2026-02-12T10:25:25] Price: 209.17
[2026-02-12T10:25:35] Price: 209.15
[2026-02-12T10:25:45] Price: 209.15
[2026-02-12T10:25:55] Price: 209.15
[2026-02-12T10:26:05] Price: 209.15
[2026-02-12T10:26:15] Price: 209.11
[2026-02-12T10:26:25] Price: 209.12
[2026-02-12T10:26:35] Price: 209.1
[2026-02-12T10:26:45] Price: 209.15
[2026-02-12T10:26:55] Price: 209.1
[2026-02-12T10:27:05] Price: 209.09
[2026-02-12T10:27:15] Price: 209.13
[2026-02-12T10:27:25] Price: 208.97
[2026-02-12T10:27:35] Price: 208.94
[2026-02-12T10:27:45] Price: 208.9
[2026-02-12T10:27:55] Price: 208.9
[2026-02-12T10:28:05] Price: 208.98
[2026-02-12T10:28:15] Price: 208.98
[2026-02-12T10:28:25] Price: 208.98
[2026-02-12T10:28:35] Price: 208.92
[2026-02-12T10:28:45] Price: 208.88
[2026-02-12T10:28:55] Price: 208.84
[2026-02-12T10:29:05] Price: 208.85
[2026-02-12T10:29:15] Price: 208.97
[2026-02-12T10:29:25] Price: 209.01
[2026-02-12T10:29:35] Price: 209.05
[2026-02-12T10:29:45] Price: 209.05
[2026-02-12T10:29:55] Price: 209.05
[2026-02-12T10:30:05] Price: 209.05
[2026-02-12T10:30:15] Price: 209.15
[2026-02-12T10:30:25] Price: 209.05
[2026-02-12T10:30:35] Price: 209.08
[2026-02-12T10:30:45] Price: 209.02
[2026-02-12T10:30:55] Price: 208.95
[2026-02-12T10:31:05] Price: 208.94
[2026-02-12T10:31:15] Price: 209
[2026-02-12T10:31:25] Price: 209
[2026-02-12T10:31:35] Price: 208.95
[2026-02-12T10:31:45] Price: 209
[2026-02-12T10:31:55] Price: 209.05
[2026-02-12T10:32:05] Price: 209.02
[2026-02-12T10:32:15] Price: 209.22
[2026-02-12T10:32:25] Price: 209.2
[2026-02-12T10:32:35] Price: 209.2
[2026-02-12T10:32:46] Price: 209.16
[2026-02-12T10:32:55] Price: 209.14
[2026-02-12T10:33:05] Price: 209.14
[2026-02-12T10:33:15] Price: 209.1
[2026-02-12T10:33:26] Price: 209.08
[2026-02-12T10:33:35] Price: 209
[2026-02-12T10:33:46] Price: 209
[2026-02-12T10:33:56] Price: 209.18
[2026-02-12T10:34:06] Price: 209.24
[2026-02-12T10:34:15] Price: 209.39
[2026-02-12T10:34:26] Price: 209.4
[2026-02-12T10:34:36] Price: 209.38
[2026-02-12T10:34:46] Price: 209.21
[2026-02-12T10:34:56] Price: 209.29
[2026-02-12T10:35:06] Price: 209.27
[2026-02-12T10:35:16] Price: 209.26
[2026-02-12T10:35:26] Price: 209.26
[2026-02-12T10:35:36] Price: 209.26
[2026-02-12T10:35:46] Price: 209.23
[2026-02-12T10:35:56] Price: 209.15
[2026-02-12T10:36:06] Price: 209.14
[2026-02-12T10:36:16] Price: 209.05
[2026-02-12T10:36:26] Price: 209.15
[2026-02-12T10:36:36] Price: 209.15
[2026-02-12T10:36:46] Price: 209.11
[2026-02-12T10:36:56] Price: 209.15
[2026-02-12T10:37:06] Price: 209.15
[2026-02-12T10:37:16] Price: 209.15
[2026-02-12T10:37:26] Price: 209.12
[2026-02-12T10:37:36] Price: 209.17
[2026-02-12T10:37:46] Price: 209.1
[2026-02-12T10:37:56] Price: 209.09
[2026-02-12T10:38:06] Price: 209.17
[2026-02-12T10:38:16] Price: 209.17
[2026-02-12T10:38:26] Price: 209.16
[2026-02-12T10:38:36] Price: 209.29
[2026-02-12T10:38:46] Price: 209.27
[2026-02-12T10:38:56] Price: 209.2
[2026-02-12T10:39:06] Price: 209.22
[2026-02-12T10:39:16] Price: 209.21
[2026-02-12T10:39:26] Price: 209.2
[2026-02-12T10:39:36] Price: 209.14
[2026-02-12T10:39:46] Price: 209.2
[2026-02-12T10:39:56] Price: 209.2
[2026-02-12T10:40:06] Price: 209.2
[2026-02-12T10:40:16] Price: 209.2
[2026-02-12T10:40:26] Price: 209.18
[2026-02-12T10:40:36] Price: 209.18
[2026-02-12T10:40:46] Price: 209.2
[2026-02-12T10:40:56] Price: 209.16
[2026-02-12T10:41:06] Price: 209.13
[2026-02-12T10:41:16] Price: 209.13
[2026-02-12T10:41:26] Price: 209.16
[2026-02-12T10:41:36] Price: 209.16
[2026-02-12T10:41:46] Price: 209.16
[2026-02-12T10:41:56] Price: 209.15
[2026-02-12T10:42:06] Price: 209.19
[2026-02-12T10:42:16] Price: 209.16
[2026-02-12T10:42:26] Price: 209.16
[2026-02-12T10:42:36] Price: 209.17
[2026-02-12T10:42:46] Price: 209.17
[2026-02-12T10:42:56] Price: 209.17
[2026-02-12T10:43:06] Price: 209.17
[2026-02-12T10:43:16] Price: 209.16
[2026-02-12T10:43:26] Price: 209.18
[2026-02-12T10:43:36] Price: 209.19
[2026-02-12T10:43:46] Price: 209.21
[2026-02-12T10:43:56] Price: 209.23
[2026-02-12T10:44:06] Price: 209.24
[2026-02-12T10:44:16] Price: 209.56
[2026-02-12T10:44:26] Price: 209.56
[2026-02-12T10:44:36] Price: 209.5
[2026-02-12T10:44:46] Price: 209.52
[2026-02-12T10:44:56] Price: 209.43
[2026-02-12T10:45:06] Price: 209.5
[2026-02-12T10:45:16] Price: 209.41
[2026-02-12T10:45:26] Price: 209.41
[2026-02-12T10:45:36] Price: 209.41
[2026-02-12T10:45:46] Price: 209.5
[2026-02-12T10:45:56] Price: 209.53
[2026-02-12T10:46:06] Price: 209.5
[2026-02-12T10:46:16] Price: 209.53
[2026-02-12T10:46:26] Price: 209.55
[2026-02-12T10:46:36] Price: 209.51
[2026-02-12T10:46:46] Price: 209.55
[2026-02-12T10:46:56] Price: 209.51
[2026-02-12T10:47:06] Price: 209.51
[2026-02-12T10:47:16] Price: 209.55
[2026-02-12T10:47:26] Price: 209.54
[2026-02-12T10:47:36] Price: 209.62
[2026-02-12T10:47:46] Price: 209.65
[2026-02-12T10:47:57] Price: 209.65
[2026-02-12T10:48:06] Price: 209.64
[2026-02-12T10:48:16] Price: 209.64
[2026-02-12T10:48:26] Price: 209.6
[2026-02-12T10:48:36] Price: 209.61
[2026-02-12T10:48:46] Price: 209.7
[2026-02-12T10:48:56] Price: 209.8
[2026-02-12T10:49:08] Price: 209.75
[2026-02-12T10:49:16] Price: 209.97
[2026-02-12T10:49:26] Price: 209.88
[2026-02-12T10:49:36] Price: 209.75
[2026-02-12T10:49:46] Price: 209.89
[2026-02-12T10:49:56] Price: 210
[2026-02-12T10:50:06] Price: 210.06
[2026-02-12T10:50:16] Price: 210.05
[2026-02-12T10:50:26] Price: 210.01
[2026-02-12T10:50:36] Price: 210.05
[2026-02-12T10:50:46] Price: 210.05
[2026-02-12T10:50:56] Price: 209.96
[2026-02-12T10:51:06] Price: 209.81
[2026-02-12T10:51:16] Price: 209.81
[2026-02-12T10:51:26] Price: 209.91
[2026-02-12T10:51:36] Price: 210.02
[2026-02-12T10:51:46] Price: 210.01
[2026-02-12T10:51:56] Price: 210.1
[2026-02-12T10:52:06] Price: 210.17
[2026-02-12T10:52:16] Price: 210.29
[2026-02-12T10:52:26] Price: 210.24
[2026-02-12T10:52:36] Price: 210.3
[2026-02-12T10:52:46] Price: 210.23
[2026-02-12T10:52:56] Price: 210.12
[2026-02-12T10:53:06] Price: 210.14
[2026-02-12T10:53:16] Price: 210.14
[2026-02-12T10:53:26] Price: 210.12
[2026-02-12T10:53:36] Price: 210.2
[2026-02-12T10:53:46] Price: 210.14
[2026-02-12T10:53:57] Price: 210.14
[2026-02-12T10:54:07] Price: 210.15
[2026-02-12T10:54:16] Price: 210.13
[2026-02-12T10:54:27] Price: 210.1
[2026-02-12T10:54:37] Price: 210.12
[2026-02-12T10:54:47] Price: 210.03
[2026-02-12T10:54:57] Price: 210.07
[2026-02-12T10:55:07] Price: 210.02
[2026-02-12T10:55:17] Price: 210.05
[2026-02-12T10:55:27] Price: 210
[2026-02-12T10:55:37] Price: 209.92
[2026-02-12T10:55:47] Price: 209.99
[2026-02-12T10:55:57] Price: 209.99
[2026-02-12T10:56:07] Price: 209.92
[2026-02-12T10:56:17] Price: 210.05
[2026-02-12T10:56:27] Price: 210.05
[2026-02-12T10:56:37] Price: 210
[2026-02-12T10:56:47] Price: 209.94
[2026-02-12T10:56:57] Price: 209.94
[2026-02-12T10:57:07] Price: 209.99
[2026-02-12T10:57:17] Price: 210
[2026-02-12T10:57:27] Price: 210
[2026-02-12T10:57:37] Price: 210.04
[2026-02-12T10:57:47] Price: 210.04
[2026-02-12T10:57:57] Price: 210.03
[2026-02-12T10:58:07] Price: 210.1
[2026-02-12T10:58:17] Price: 210.07
[2026-02-12T10:58:27] Price: 209.98
[2026-02-12T10:58:37] Price: 210.03
[2026-02-12T10:58:48] Price: 210.06
[2026-02-12T10:58:57] Price: 210.02
[2026-02-12T10:59:07] Price: 210.03
[2026-02-12T10:59:17] Price: 210
[2026-02-12T10:59:27] Price: 210.05
[2026-02-12T10:59:37] Price: 209.93
[2026-02-12T10:59:47] Price: 209.98
[2026-02-12T10:59:57] Price: 209.92
[2026-02-12T11:00:07] Price: 209.95
[2026-02-12T11:00:17] Price: 209.97
[2026-02-12T11:00:27] Price: 209.97
[2026-02-12T11:00:37] Price: 209.89
[2026-02-12T11:00:47] Price: 209.88
[2026-02-12T11:00:57] Price: 209.83
[2026-02-12T11:01:07] Price: 209.75
[2026-02-12T11:01:17] Price: 209.74
[2026-02-12T11:01:27] Price: 209.68
[2026-02-12T11:01:37] Price: 209.59
[2026-02-12T11:01:47] Price: 209.7
[2026-02-12T11:01:57] Price: 209.72
[2026-02-12T11:02:07] Price: 209.75
[2026-02-12T11:02:17] Price: 209.75
[2026-02-12T11:02:27] Price: 209.71
[2026-02-12T11:02:37] Price: 209.73
[2026-02-12T11:02:47] Price: 209.73
[2026-02-12T11:02:58] Price: 209.72
[2026-02-12T11:03:07] Price: 209.65
[2026-02-12T11:03:17] Price: 209.76
[2026-02-12T11:03:27] Price: 209.8
[2026-02-12T11:03:37] Price: 209.86
[2026-02-12T11:03:47] Price: 209.82
[2026-02-12T11:03:57] Price: 209.84
[2026-02-12T11:04:07] Price: 209.9
[2026-02-12T11:04:17] Price: 209.86
[2026-02-12T11:04:27] Price: 209.87
[2026-02-12T11:04:37] Price: 209.87
[2026-02-12T11:04:47] Price: 209.91
[2026-02-12T11:04:57] Price: 209.95
[2026-02-12T11:05:07] Price: 210
[2026-02-12T11:05:17] Price: 210
[2026-02-12T11:05:27] Price: 209.96
[2026-02-12T11:05:37] Price: 209.89
[2026-02-12T11:05:47] Price: 209.8
[2026-02-12T11:05:57] Price: 209.8
[2026-02-12T11:06:07] Price: 209.81
[2026-02-12T11:06:17] Price: 209.76
[2026-02-12T11:06:27] Price: 209.75
[2026-02-12T11:06:37] Price: 209.86
[2026-02-12T11:06:47] Price: 209.88
[2026-02-12T11:06:57] Price: 209.82
[2026-02-12T11:07:07] Price: 209.7
[2026-02-12T11:07:17] Price: 209.76
[2026-02-12T11:07:27] Price: 209.69
[2026-02-12T11:07:37] Price: 209.62
[2026-02-12T11:07:47] Price: 209.44
[2026-02-12T11:07:57] Price: 209.44
[2026-02-12T11:08:07] Price: 209.42
[2026-02-12T11:08:17] Price: 209.5
[2026-02-12T11:08:27] Price: 209.56
[2026-02-12T11:08:37] Price: 209.57
[2026-02-12T11:08:47] Price: 209.52
[2026-02-12T11:08:57] Price: 209.46
[2026-02-12T11:09:07] Price: 209.46
[2026-02-12T11:09:17] Price: 209.53
[2026-02-12T11:09:27] Price: 209.5
[2026-02-12T11:09:37] Price: 209.5
[2026-02-12T11:09:47] Price: 209.52
[2026-02-12T11:09:57] Price: 209.55
[2026-02-12T11:10:08] Price: 209.55
[2026-02-12T11:10:17] Price: 209.69
[2026-02-12T11:10:27] Price: 209.69
[2026-02-12T11:10:37] Price: 209.69
[2026-02-12T11:10:47] Price: 209.6
[2026-02-12T11:10:57] Price: 209.66
[2026-02-12T11:11:07] Price: 209.66
[2026-02-12T11:11:17] Price: 209.61
[2026-02-12T11:11:27] Price: 209.62
[2026-02-12T11:11:37] Price: 209.61
[2026-02-12T11:11:47] Price: 209.7
[2026-02-12T11:11:57] Price: 209.74
[2026-02-12T11:12:07] Price: 209.75
[2026-02-12T11:12:17] Price: 209.84
[2026-02-12T11:12:27] Price: 209.84
[2026-02-12T11:12:37] Price: 209.84
[2026-02-12T11:12:47] Price: 209.9
[2026-02-12T11:12:57] Price: 209.87
[2026-02-12T11:13:07] Price: 209.89
[2026-02-12T11:13:17] Price: 209.94
[2026-02-12T11:13:27] Price: 209.94
[2026-02-12T11:13:37] Price: 209.85
[2026-02-12T11:13:47] Price: 209.85
[2026-02-12T11:13:57] Price: 209.85
[2026-02-12T11:14:07] Price: 209.81
[2026-02-12T11:14:17] Price: 209.79
[2026-02-12T11:14:27] Price: 209.79
[2026-02-12T11:14:38] Price: 209.78
[2026-02-12T11:14:48] Price: 209.72
[2026-02-12T11:14:57] Price: 209.72
[2026-02-12T11:15:07] Price: 209.55
[2026-02-12T11:15:17] Price: 209.59
[2026-02-12T11:15:27] Price: 209.5
[2026-02-12T11:15:37] Price: 209.46
[2026-02-12T11:15:47] Price: 209.5
[2026-02-12T11:15:57] Price: 209.62
[2026-02-12T11:16:07] Price: 209.56
[2026-02-12T11:16:17] Price: 209.62
[2026-02-12T11:16:27] Price: 209.7
[2026-02-12T11:16:39] Price: 209.95
[2026-02-12T11:16:48] Price: 209.91
[2026-02-12T11:16:58] Price: 209.95
[2026-02-12T11:17:08] Price: 209.95
[2026-02-12T11:17:18] Price: 209.82
[2026-02-12T11:17:28] Price: 209.68
[2026-02-12T11:17:38] Price: 209.7
[2026-02-12T11:17:48] Price: 209.74
[2026-02-12T11:18:00] Price: 209.75
[2026-02-12T11:18:08] Price: 209.8
[2026-02-12T11:18:18] Price: 209.76
[2026-02-12T11:18:28] Price: 209.75
[2026-02-12T11:18:38] Price: 209.75
[2026-02-12T11:18:48] Price: 209.68
[2026-02-12T11:18:58] Price: 209.72
[2026-02-12T11:19:08] Price: 209.75
[2026-02-12T11:19:18] Price: 209.8
[2026-02-12T11:19:28] Price: 209.9
[2026-02-12T11:19:38] Price: 209.87
[2026-02-12T11:19:48] Price: 209.75
[2026-02-12T11:19:58] Price: 209.85
[2026-02-12T11:20:08] Price: 209.85
[2026-02-12T11:20:18] Price: 209.83
[2026-02-12T11:20:28] Price: 209.83
[2026-02-12T11:20:38] Price: 209.8
[2026-02-12T11:20:48] Price: 209.8
[2026-02-12T11:20:58] Price: 209.8
[2026-02-12T11:21:08] Price: 209.8
[2026-02-12T11:21:18] Price: 209.83
[2026-02-12T11:21:28] Price: 209.91
[2026-02-12T11:21:38] Price: 209.86
[2026-02-12T11:21:48] Price: 209.9
[2026-02-12T11:21:58] Price: 209.81
[2026-02-12T11:22:08] Price: 209.8
[2026-02-12T11:22:18] Price: 209.74
[2026-02-12T11:22:28] Price: 209.67
[2026-02-12T11:22:38] Price: 209.65
[2026-02-12T11:22:48] Price: 209.65
[2026-02-12T11:22:58] Price: 209.66
[2026-02-12T11:23:08] Price: 209.65
[2026-02-12T11:23:18] Price: 209.65
[2026-02-12T11:23:28] Price: 209.59
[2026-02-12T11:23:38] Price: 209.56
[2026-02-12T11:23:48] Price: 209.59
[2026-02-12T11:23:58] Price: 209.64
[2026-02-12T11:24:08] Price: 209.63
[2026-02-12T11:24:18] Price: 209.63
[2026-02-12T11:24:28] Price: 209.6
[2026-02-12T11:24:38] Price: 209.6
[2026-02-12T11:24:48] Price: 209.6
[2026-02-12T11:24:58] Price: 209.6
[2026-02-12T11:25:08] Price: 209.7
[2026-02-12T11:25:18] Price: 209.66
[2026-02-12T11:25:28] Price: 209.69
[2026-02-12T11:25:39] Price: 209.7
[2026-02-12T11:25:48] Price: 209.74
[2026-02-12T11:25:58] Price: 209.69
[2026-02-12T11:26:08] Price: 209.7
[2026-02-12T11:26:18] Price: 209.69
[2026-02-12T11:26:28] Price: 209.61
[2026-02-12T11:26:38] Price: 209.61
[2026-02-12T11:26:48] Price: 209.61
[2026-02-12T11:26:58] Price: 209.6
[2026-02-12T11:27:08] Price: 209.6
[2026-02-12T11:27:18] Price: 209.62
[2026-02-12T11:27:28] Price: 209.59
[2026-02-12T11:27:38] Price: 209.6
[2026-02-12T11:27:48] Price: 209.6
[2026-02-12T11:27:58] Price: 209.62
[2026-02-12T11:28:08] Price: 209.65
[2026-02-12T11:28:18] Price: 209.7
[2026-02-12T11:28:28] Price: 209.64
[2026-02-12T11:28:38] Price: 209.64
[2026-02-12T11:28:48] Price: 209.65
[2026-02-12T11:28:58] Price: 209.64
[2026-02-12T11:29:08] Price: 209.65
[2026-02-12T11:29:18] Price: 209.65
[2026-02-12T11:29:28] Price: 209.65
[2026-02-12T11:29:38] Price: 209.65
[2026-02-12T11:29:48] Price: 209.65
[2026-02-12T11:29:58] Price: 209.52
[2026-02-12T11:30:08] Price: 209.54
[2026-02-12T11:30:18] Price: 209.43
[2026-02-12T11:30:28] Price: 209.47
[2026-02-12T11:30:38] Price: 209.5
[2026-02-12T11:30:48] Price: 209.5
[2026-02-12T11:30:58] Price: 209.49
[2026-02-12T11:31:08] Price: 209.49
[2026-02-12T11:31:18] Price: 209.44
[2026-02-12T11:31:28] Price: 209.41
[2026-02-12T11:31:38] Price: 209.44
[2026-02-12T11:31:48] Price: 209.31
[2026-02-12T11:31:58] Price: 209.36
[2026-02-12T11:32:08] Price: 209.35
[2026-02-12T11:32:18] Price: 209.27
[2026-02-12T11:32:28] Price: 209.2
[2026-02-12T11:32:38] Price: 209.17
[2026-02-12T11:32:48] Price: 209.1
[2026-02-12T11:33:00] Price: 209.08
[2026-02-12T11:33:08] Price: 209.02
[2026-02-12T11:33:18] Price: 209.07
[2026-02-12T11:33:28] Price: 209.2
[2026-02-12T11:33:38] Price: 209.2
[2026-02-12T11:33:48] Price: 209.11
[2026-02-12T11:33:58] Price: 209.25
[2026-02-12T11:34:08] Price: 209.29
[2026-02-12T11:34:18] Price: 209.29
[2026-02-12T11:34:28] Price: 209.34
[2026-02-12T11:34:38] Price: 209.27
[2026-02-12T11:34:48] Price: 209.27
[2026-02-12T11:34:58] Price: 209.29
[2026-02-12T11:35:08] Price: 209.25
[2026-02-12T11:35:18] Price: 209.25
[2026-02-12T11:35:28] Price: 209.25
[2026-02-12T11:35:38] Price: 209.21
[2026-02-12T11:35:48] Price: 209.21
[2026-02-12T11:35:58] Price: 209.24
[2026-02-12T11:36:08] Price: 209.29
[2026-02-12T11:36:18] Price: 209.25
[2026-02-12T11:36:29] Price: 209.34
[2026-02-12T11:36:38] Price: 209.31
[2026-02-12T11:36:48] Price: 209.28
[2026-02-12T11:36:58] Price: 209.21
[2026-02-12T11:37:09] Price: 209.28
[2026-02-12T11:37:18] Price: 209.31
[2026-02-12T11:37:28] Price: 209.21
[2026-02-12T11:37:38] Price: 209.2
[2026-02-12T11:37:48] Price: 209.15
[2026-02-12T11:37:58] Price: 209.13
[2026-02-12T11:38:09] Price: 209.13
[2026-02-12T11:38:19] Price: 209.13
[2026-02-12T11:38:29] Price: 209.17
[2026-02-12T11:38:39] Price: 209.1
[2026-02-12T11:38:49] Price: 209.05
[2026-02-12T11:38:59] Price: 209
[2026-02-12T11:39:09] Price: 209.05
[2026-02-12T11:39:19] Price: 209.07
[2026-02-12T11:39:29] Price: 208.93
[2026-02-12T11:39:39] Price: 208.97
[2026-02-12T11:39:49] Price: 208.97
[2026-02-12T11:39:59] Price: 208.97
[2026-02-12T11:40:09] Price: 208.93
[2026-02-12T11:40:19] Price: 208.94
[2026-02-12T11:40:29] Price: 208.99
[2026-02-12T11:40:39] Price: 209
[2026-02-12T11:40:49] Price: 208.94
[2026-02-12T11:40:59] Price: 208.94
[2026-02-12T11:41:09] Price: 208.98
[2026-02-12T11:41:19] Price: 209
[2026-02-12T11:41:29] Price: 208.98
[2026-02-12T11:41:40] Price: 208.92
[2026-02-12T11:41:49] Price: 209
[2026-02-12T11:41:59] Price: 209
[2026-02-12T11:42:09] Price: 208.95
[2026-02-12T11:42:19] Price: 209
[2026-02-12T11:42:29] Price: 209
[2026-02-12T11:42:39] Price: 209
[2026-02-12T11:42:49] Price: 209.01
[2026-02-12T11:42:59] Price: 209.14
[2026-02-12T11:43:09] Price: 209.15
[2026-02-12T11:43:19] Price: 209.25
[2026-02-12T11:43:29] Price: 209.24
[2026-02-12T11:43:39] Price: 209.27
[2026-02-12T11:43:49] Price: 209.26
[2026-02-12T11:43:59] Price: 209.19
[2026-02-12T11:44:09] Price: 209.21
[2026-02-12T11:44:19] Price: 209.22
[2026-02-12T11:44:29] Price: 209.2
[2026-02-12T11:44:39] Price: 209.18
[2026-02-12T11:44:49] Price: 209.07
[2026-02-12T11:44:59] Price: 209.07
[2026-02-12T11:45:09] Price: 209.1
[2026-02-12T11:45:19] Price: 209.07
[2026-02-12T11:45:29] Price: 209.14
[2026-02-12T11:45:39] Price: 209.1
[2026-02-12T11:45:49] Price: 209.03
[2026-02-12T11:45:59] Price: 208.91
[2026-02-12T11:46:09] Price: 208.91
[2026-02-12T11:46:19] Price: 208.98
[2026-02-12T11:46:29] Price: 208.95
[2026-02-12T11:46:39] Price: 208.95
[2026-02-12T11:46:49] Price: 208.98
[2026-02-12T11:46:59] Price: 208.91
[2026-02-12T11:47:09] Price: 208.91
[2026-02-12T11:47:19] Price: 208.95
[2026-02-12T11:47:29] Price: 208.94
[2026-02-12T11:47:39] Price: 209
[2026-02-12T11:47:49] Price: 208.98
[2026-02-12T11:48:01] Price: 209
[2026-02-12T11:48:09] Price: 209.03
[2026-02-12T11:48:19] Price: 209
[2026-02-12T11:48:29] Price: 209.09
[2026-02-12T11:48:39] Price: 209
[2026-02-12T11:48:49] Price: 208.98
[2026-02-12T11:48:59] Price: 208.9
[2026-02-12T11:49:09] Price: 208.95
[2026-02-12T11:49:19] Price: 208.88
[2026-02-12T11:49:29] Price: 208.9
[2026-02-12T11:49:39] Price: 208.9
[2026-02-12T11:49:50] Price: 208.9
[2026-02-12T11:49:59] Price: 208.92
[2026-02-12T11:50:09] Price: 208.95
[2026-02-12T11:50:19] Price: 208.9
[2026-02-12T11:50:29] Price: 208.86
[2026-02-12T11:50:39] Price: 208.8
[2026-02-12T11:50:49] Price: 208.8
[2026-02-12T11:50:59] Price: 208.74
[2026-02-12T11:51:09] Price: 208.7
[2026-02-12T11:51:19] Price: 208.63
[2026-02-12T11:51:29] Price: 208.65
[2026-02-12T11:51:39] Price: 208.61
[2026-02-12T11:51:49] Price: 208.65
[2026-02-12T11:51:59] Price: 208.65
[2026-02-12T11:52:09] Price: 208.63
[2026-02-12T11:52:19] Price: 208.64
[2026-02-12T11:52:29] Price: 208.68
[2026-02-12T11:52:39] Price: 208.7
[2026-02-12T11:52:49] Price: 208.7
[2026-02-12T11:52:59] Price: 208.74
[2026-02-12T11:53:09] Price: 208.75
[2026-02-12T11:53:19] Price: 208.78
[2026-02-12T11:53:29] Price: 208.75
[2026-02-12T11:53:39] Price: 208.84
[2026-02-12T11:53:49] Price: 209
[2026-02-12T11:53:59] Price: 208.95
[2026-02-12T11:54:09] Price: 208.94
[2026-02-12T11:54:19] Price: 208.88
[2026-02-12T11:54:29] Price: 208.89
[2026-02-12T11:54:39] Price: 208.85
[2026-02-12T11:54:49] Price: 208.8
[2026-02-12T11:54:59] Price: 208.76
[2026-02-12T11:55:09] Price: 208.74
[2026-02-12T11:55:19] Price: 208.62
[2026-02-12T11:55:29] Price: 208.69
[2026-02-12T11:55:39] Price: 208.73
[2026-02-12T11:55:49] Price: 208.71
[2026-02-12T11:55:59] Price: 208.75
[2026-02-12T11:56:09] Price: 208.69
[2026-02-12T11:56:19] Price: 208.67
[2026-02-12T11:56:29] Price: 208.74
[2026-02-12T11:56:39] Price: 208.68
[2026-02-12T11:56:49] Price: 208.68
[2026-02-12T11:56:59] Price: 208.73
[2026-02-12T11:57:09] Price: 208.77
[2026-02-12T11:57:20] Price: 208.78
[2026-02-12T11:57:29] Price: 208.69
[2026-02-12T11:57:40] Price: 208.78
[2026-02-12T11:57:49] Price: 208.78
[2026-02-12T11:57:59] Price: 208.8
[2026-02-12T11:58:09] Price: 208.79
[2026-02-12T11:58:19] Price: 208.81
[2026-02-12T11:58:29] Price: 208.83
[2026-02-12T11:58:39] Price: 208.84
[2026-02-12T11:58:49] Price: 208.8
[2026-02-12T11:58:59] Price: 208.8
[2026-02-12T11:59:09] Price: 208.82
[2026-02-12T11:59:20] Price: 208.82
[2026-02-12T11:59:30] Price: 208.82
[2026-02-12T11:59:40] Price: 208.79
[2026-02-12T11:59:50] Price: 208.8
[2026-02-12T12:00:00] Price: 208.79
[2026-02-12T12:00:10] Price: 208.75
[2026-02-12T12:00:20] Price: 208.8
[2026-02-12T12:00:30] Price: 208.8
[2026-02-12T12:00:40] Price: 208.8
[2026-02-12T12:00:50] Price: 208.8
[2026-02-12T12:01:00] Price: 208.82
[2026-02-12T12:01:10] Price: 208.83
[2026-02-12T12:01:20] Price: 208.84
[2026-02-12T12:01:30] Price: 208.84
[2026-02-12T12:01:40] Price: 208.83
[2026-02-12T12:01:50] Price: 208.84
[2026-02-12T12:02:00] Price: 208.83
[2026-02-12T12:02:10] Price: 208.83
[2026-02-12T12:02:20] Price: 208.83
[2026-02-12T12:02:30] Price: 208.9
[2026-02-12T12:02:40] Price: 208.89
[2026-02-12T12:02:50] Price: 208.88
[2026-02-12T12:03:00] Price: 208.85
[2026-02-12T12:03:10] Price: 208.82
[2026-02-12T12:03:20] Price: 208.81
[2026-02-12T12:03:30] Price: 208.79
[2026-02-12T12:03:40] Price: 208.75
[2026-02-12T12:03:50] Price: 208.72
[2026-02-12T12:04:00] Price: 208.7
[2026-02-12T12:04:10] Price: 208.75
[2026-02-12T12:04:20] Price: 208.71
[2026-02-12T12:04:30] Price: 208.75
[2026-02-12T12:04:40] Price: 208.71
[2026-02-12T12:04:50] Price: 208.75
[2026-02-12T12:05:00] Price: 208.7
[2026-02-12T12:05:10] Price: 208.75
[2026-02-12T12:05:20] Price: 208.69
[2026-02-12T12:05:30] Price: 208.73
[2026-02-12T12:05:40] Price: 208.7
[2026-02-12T12:05:50] Price: 208.75
[2026-02-12T12:06:00] Price: 208.7
[2026-02-12T12:06:10] Price: 208.7
[2026-02-12T12:06:20] Price: 208.7
[2026-02-12T12:06:30] Price: 208.69
[2026-02-12T12:06:40] Price: 208.68
[2026-02-12T12:06:50] Price: 208.74
[2026-02-12T12:07:00] Price: 208.73
[2026-02-12T12:07:10] Price: 208.72
[2026-02-12T12:07:20] Price: 208.73
[2026-02-12T12:07:30] Price: 208.74
[2026-02-12T12:07:40] Price: 208.73
[2026-02-12T12:07:50] Price: 208.73
[2026-02-12T12:08:00] Price: 208.7
[2026-02-12T12:08:10] Price: 208.73
[2026-02-12T12:08:21] Price: 208.73
[2026-02-12T12:08:30] Price: 208.66
[2026-02-12T12:08:40] Price: 208.68
[2026-02-12T12:08:50] Price: 208.71
[2026-02-12T12:09:00] Price: 208.7
[2026-02-12T12:09:10] Price: 208.71
[2026-02-12T12:09:20] Price: 208.75
[2026-02-12T12:09:30] Price: 208.8
[2026-02-12T12:09:40] Price: 208.8
[2026-02-12T12:09:50] Price: 208.75
[2026-02-12T12:10:00] Price: 208.8
[2026-02-12T12:10:10] Price: 208.79
[2026-02-12T12:10:20] Price: 208.8
[2026-02-12T12:10:30] Price: 208.8
[2026-02-12T12:10:40] Price: 208.77
[2026-02-12T12:10:50] Price: 208.69
[2026-02-12T12:11:00] Price: 208.74
[2026-02-12T12:11:10] Price: 208.7
[2026-02-12T12:11:20] Price: 208.75
[2026-02-12T12:11:30] Price: 208.7
[2026-02-12T12:11:40] Price: 208.8
[2026-02-12T12:11:50] Price: 208.84
[2026-02-12T12:12:00] Price: 208.81
[2026-02-12T12:12:10] Price: 208.78
[2026-02-12T12:12:20] Price: 208.81
[2026-02-12T12:12:30] Price: 208.81
[2026-02-12T12:12:40] Price: 208.84
[2026-02-12T12:12:50] Price: 208.84
[2026-02-12T12:13:00] Price: 208.78
[2026-02-12T12:13:10] Price: 208.77
[2026-02-12T12:13:20] Price: 208.77
[2026-02-12T12:13:30] Price: 208.77
[2026-02-12T12:13:40] Price: 208.79
[2026-02-12T12:13:50] Price: 208.79
[2026-02-12T12:14:00] Price: 208.8
[2026-02-12T12:14:10] Price: 208.83
[2026-02-12T12:14:20] Price: 208.75
[2026-02-12T12:14:30] Price: 208.81
[2026-02-12T12:14:40] Price: 208.82
[2026-02-12T12:14:50] Price: 208.83
[2026-02-12T12:15:00] Price: 208.77
[2026-02-12T12:15:10] Price: 208.77
[2026-02-12T12:15:20] Price: 208.77
[2026-02-12T12:15:30] Price: 208.77
[2026-02-12T12:15:40] Price: 208.77
[2026-02-12T12:15:50] Price: 208.77
[2026-02-12T12:16:00] Price: 208.8
[2026-02-12T12:16:10] Price: 208.83
[2026-02-12T12:16:20] Price: 208.84
[2026-02-12T12:16:30] Price: 208.84
[2026-02-12T12:16:40] Price: 208.9
[2026-02-12T12:16:50] Price: 208.79
[2026-02-12T12:17:00] Price: 208.75
[2026-02-12T12:17:10] Price: 208.74
[2026-02-12T12:17:20] Price: 208.74
[2026-02-12T12:17:30] Price: 208.7
[2026-02-12T12:17:40] Price: 208.74
[2026-02-12T12:17:50] Price: 208.75
[2026-02-12T12:18:00] Price: 208.75
[2026-02-12T12:18:10] Price: 208.7
[2026-02-12T12:18:20] Price: 208.69
[2026-02-12T12:18:30] Price: 208.69
[2026-02-12T12:18:40] Price: 208.69
[2026-02-12T12:18:50] Price: 208.69
[2026-02-12T12:19:00] Price: 208.7
[2026-02-12T12:19:10] Price: 208.72
[2026-02-12T12:19:20] Price: 208.73
[2026-02-12T12:19:30] Price: 208.76
[2026-02-12T12:19:40] Price: 208.76
[2026-02-12T12:19:50] Price: 208.75
[2026-02-12T12:20:01] Price: 208.65
[2026-02-12T12:20:11] Price: 208.66
[2026-02-12T12:20:20] Price: 208.66
[2026-02-12T12:20:30] Price: 208.7
[2026-02-12T12:20:41] Price: 208.7
[2026-02-12T12:20:51] Price: 208.48
[2026-02-12T12:21:01] Price: 208.31
[2026-02-12T12:21:11] Price: 208.35
[2026-02-12T12:21:21] Price: 208.35
[2026-02-12T12:21:31] Price: 208.35
[2026-02-12T12:21:41] Price: 208.35
[2026-02-12T12:21:51] Price: 208.4
[2026-02-12T12:22:01] Price: 208.47
[2026-02-12T12:22:11] Price: 208.4
[2026-02-12T12:22:21] Price: 208.4
[2026-02-12T12:22:31] Price: 208.44
[2026-02-12T12:22:41] Price: 208.47
[2026-02-12T12:22:51] Price: 208.44
[2026-02-12T12:23:01] Price: 208.47
[2026-02-12T12:23:11] Price: 208.35
[2026-02-12T12:23:21] Price: 208.35
[2026-02-12T12:23:31] Price: 208.35
[2026-02-12T12:23:41] Price: 208.36
[2026-02-12T12:23:51] Price: 208.36
[2026-02-12T12:24:01] Price: 208.35
[2026-02-12T12:24:11] Price: 208.35
[2026-02-12T12:24:21] Price: 208.39
[2026-02-12T12:24:31] Price: 208.4
[2026-02-12T12:24:41] Price: 208.35
[2026-02-12T12:24:51] Price: 208.35
[2026-02-12T12:25:01] Price: 208.37
[2026-02-12T12:25:11] Price: 208.36
[2026-02-12T12:25:21] Price: 208.36
[2026-02-12T12:25:32] Price: 208.37
[2026-02-12T12:25:41] Price: 208.37
[2026-02-12T12:25:52] Price: 208.43
[2026-02-12T12:26:01] Price: 208.43
[2026-02-12T12:26:12] Price: 208.36
[2026-02-12T12:26:22] Price: 208.36
[2026-02-12T12:26:31] Price: 208.36
[2026-02-12T12:26:41] Price: 208.37
[2026-02-12T12:26:51] Price: 208.36
[2026-02-12T12:27:01] Price: 208.36
[2026-02-12T12:27:11] Price: 208.39
[2026-02-12T12:27:21] Price: 208.4
[2026-02-12T12:27:31] Price: 208.37
[2026-02-12T12:27:41] Price: 208.38
[2026-02-12T12:27:51] Price: 208.36
[2026-02-12T12:28:01] Price: 208.37
[2026-02-12T12:28:11] Price: 208.38
[2026-02-12T12:28:21] Price: 208.4
[2026-02-12T12:28:31] Price: 208.4
[2026-02-12T12:28:41] Price: 208.4
[2026-02-12T12:28:51] Price: 208.38
[2026-02-12T12:29:01] Price: 208.37
[2026-02-12T12:29:11] Price: 208.36
[2026-02-12T12:29:21] Price: 208.4
[2026-02-12T12:29:31] Price: 208.37
[2026-02-12T12:29:41] Price: 208.4
[2026-02-12T12:29:51] Price: 208.38
[2026-02-12T12:30:01] Price: 208.43
[2026-02-12T12:30:11] Price: 208.42
[2026-02-12T12:30:21] Price: 208.42
[2026-02-12T12:30:31] Price: 208.5
[2026-02-12T12:30:41] Price: 208.49
[2026-02-12T12:30:51] Price: 208.46
[2026-02-12T12:31:01] Price: 208.44
[2026-02-12T12:31:11] Price: 208.43
[2026-02-12T12:31:21] Price: 208.5
[2026-02-12T12:31:31] Price: 208.5
[2026-02-12T12:31:41] Price: 208.46
[2026-02-12T12:31:51] Price: 208.42
[2026-02-12T12:32:01] Price: 208.43
[2026-02-12T12:32:11] Price: 208.4
[2026-02-12T12:32:21] Price: 208.46
[2026-02-12T12:32:31] Price: 208.38
[2026-02-12T12:32:41] Price: 208.54
[2026-02-12T12:32:51] Price: 208.5
[2026-02-12T12:33:01] Price: 208.5
[2026-02-12T12:33:11] Price: 208.8
[2026-02-12T12:33:21] Price: 208.5
[2026-02-12T12:33:31] Price: 208.53
[2026-02-12T12:33:41] Price: 208.5
[2026-02-12T12:33:51] Price: 208.54
[2026-02-12T12:34:01] Price: 208.43
[2026-02-12T12:34:11] Price: 208.45
[2026-02-12T12:34:21] Price: 208.49
[2026-02-12T12:34:31] Price: 208.41
[2026-02-12T12:34:41] Price: 208.45
[2026-02-12T12:34:51] Price: 208.45
[2026-02-12T12:35:01] Price: 208.45
[2026-02-12T12:35:11] Price: 208.45
[2026-02-12T12:35:21] Price: 208.5
[2026-02-12T12:35:31] Price: 208.5
[2026-02-12T12:35:41] Price: 208.5
[2026-02-12T12:35:51] Price: 208.5
[2026-02-12T12:36:01] Price: 208.46
[2026-02-12T12:36:11] Price: 208.44
[2026-02-12T12:36:21] Price: 208.44
[2026-02-12T12:36:31] Price: 208.44
[2026-02-12T12:36:41] Price: 208.47
[2026-02-12T12:36:51] Price: 208.47
[2026-02-12T12:37:01] Price: 208.5
[2026-02-12T12:37:11] Price: 208.46
[2026-02-12T12:37:21] Price: 208.48
[2026-02-12T12:37:31] Price: 208.46
[2026-02-12T12:37:41] Price: 208.45
[2026-02-12T12:37:51] Price: 208.47
[2026-02-12T12:38:03] Price: 208.48
[2026-02-12T12:38:11] Price: 208.48
[2026-02-12T12:38:21] Price: 208.47
[2026-02-12T12:38:31] Price: 208.46
[2026-02-12T12:38:41] Price: 208.46
[2026-02-12T12:38:51] Price: 208.48
[2026-02-12T12:39:01] Price: 208.46
[2026-02-12T12:39:12] Price: 208.46
[2026-02-12T12:39:21] Price: 208.46
[2026-02-12T12:39:32] Price: 208.38
[2026-02-12T12:39:42] Price: 208.36
[2026-02-12T12:39:52] Price: 208.36
[2026-02-12T12:40:02] Price: 208.59
[2026-02-12T12:40:12] Price: 208.61
[2026-02-12T12:40:22] Price: 208.61
[2026-02-12T12:40:32] Price: 208.6
[2026-02-12T12:40:42] Price: 208.49
[2026-02-12T12:40:52] Price: 208.58
[2026-02-12T12:41:02] Price: 208.58
[2026-02-12T12:41:12] Price: 208.58
[2026-02-12T12:41:22] Price: 208.62
[2026-02-12T12:41:32] Price: 208.6
[2026-02-12T12:41:42] Price: 208.65
[2026-02-12T12:41:52] Price: 208.68
[2026-02-12T12:42:02] Price: 208.76
[2026-02-12T12:42:12] Price: 208.76
[2026-02-12T12:42:22] Price: 208.67
[2026-02-12T12:42:33] Price: 208.77
[2026-02-12T12:42:42] Price: 208.74
[2026-02-12T12:42:52] Price: 208.67
[2026-02-12T12:43:03] Price: 208.68
[2026-02-12T12:43:12] Price: 208.7
[2026-02-12T12:43:22] Price: 208.7
[2026-02-12T12:43:32] Price: 208.72
[2026-02-12T12:43:42] Price: 208.74
[2026-02-12T12:43:52] Price: 208.77
[2026-02-12T12:44:02] Price: 208.77
[2026-02-12T12:44:12] Price: 208.79
[2026-02-12T12:44:22] Price: 208.8
[2026-02-12T12:44:32] Price: 208.85
[2026-02-12T12:44:42] Price: 208.98
[2026-02-12T12:44:52] Price: 208.97
[2026-02-12T12:45:02] Price: 209.02
[2026-02-12T12:45:12] Price: 208.97
[2026-02-12T12:45:22] Price: 208.97
[2026-02-12T12:45:32] Price: 209
[2026-02-12T12:45:42] Price: 208.97
[2026-02-12T12:45:52] Price: 209
[2026-02-12T12:46:02] Price: 209.09
[2026-02-12T12:46:12] Price: 209.09
[2026-02-12T12:46:22] Price: 209.15
[2026-02-12T12:46:32] Price: 209.15
[2026-02-12T12:46:42] Price: 209.22
[2026-02-12T12:46:52] Price: 209.38
[2026-02-12T12:47:02] Price: 209.4
[2026-02-12T12:47:12] Price: 209.28
[2026-02-12T12:47:22] Price: 209.28
[2026-02-12T12:47:32] Price: 209.24
[2026-02-12T12:47:42] Price: 209.2
[2026-02-12T12:47:52] Price: 209.16
[2026-02-12T12:48:02] Price: 209.16
[2026-02-12T12:48:12] Price: 209.15
[2026-02-12T12:48:22] Price: 209.14
[2026-02-12T12:48:32] Price: 209.14
[2026-02-12T12:48:42] Price: 209.11
[2026-02-12T12:48:52] Price: 209.16
[2026-02-12T12:49:02] Price: 209.17
[2026-02-12T12:49:12] Price: 209.14
[2026-02-12T12:49:22] Price: 209.11
[2026-02-12T12:49:32] Price: 209.11
[2026-02-12T12:49:42] Price: 209.11
[2026-02-12T12:49:52] Price: 209.01
[2026-02-12T12:50:02] Price: 209.01
[2026-02-12T12:50:12] Price: 209.09
[2026-02-12T12:50:22] Price: 209.02
[2026-02-12T12:50:32] Price: 209.02
[2026-02-12T12:50:42] Price: 209.02
[2026-02-12T12:50:52] Price: 209.02
[2026-02-12T12:51:02] Price: 209
[2026-02-12T12:51:12] Price: 209
[2026-02-12T12:51:22] Price: 209.02
[2026-02-12T12:51:32] Price: 209
[2026-02-12T12:51:42] Price: 208.97
[2026-02-12T12:51:52] Price: 208.97
[2026-02-12T12:52:02] Price: 209
[2026-02-12T12:52:12] Price: 209.08
[2026-02-12T12:52:22] Price: 209
[2026-02-12T12:52:32] Price: 209
[2026-02-12T12:52:42] Price: 209
[2026-02-12T12:52:52] Price: 209
[2026-02-12T12:53:02] Price: 209
[2026-02-12T12:53:12] Price: 209
[2026-02-12T12:53:22] Price: 209
[2026-02-12T12:53:32] Price: 209
[2026-02-12T12:53:42] Price: 209
[2026-02-12T12:53:52] Price: 209
[2026-02-12T12:54:02] Price: 209.08
[2026-02-12T12:54:12] Price: 209.02
[2026-02-12T12:54:22] Price: 209.02
[2026-02-12T12:54:32] Price: 209.07
[2026-02-12T12:54:42] Price: 209.07
[2026-02-12T12:54:52] Price: 209.07
[2026-02-12T12:55:02] Price: 209.07
[2026-02-12T12:55:12] Price: 209.1
[2026-02-12T12:55:22] Price: 209.1
[2026-02-12T12:55:32] Price: 209.15
[2026-02-12T12:55:42] Price: 209.09
[2026-02-12T12:55:52] Price: 209.13
[2026-02-12T12:56:02] Price: 209.13
[2026-02-12T12:56:12] Price: 209.18
[2026-02-12T12:56:22] Price: 209.16
[2026-02-12T12:56:32] Price: 209.17
[2026-02-12T12:56:42] Price: 209.15
[2026-02-12T12:56:52] Price: 209.3
[2026-02-12T12:57:02] Price: 209.24
[2026-02-12T12:57:12] Price: 209.16
[2026-02-12T12:57:22] Price: 209.1
[2026-02-12T12:57:32] Price: 209.1
[2026-02-12T12:57:42] Price: 209.1
[2026-02-12T12:57:52] Price: 209.1
[2026-02-12T12:58:02] Price: 209.03
[2026-02-12T12:58:12] Price: 209.03
[2026-02-12T12:58:22] Price: 209.07
[2026-02-12T12:58:32] Price: 209.07
[2026-02-12T12:58:42] Price: 209.07
[2026-02-12T12:58:52] Price: 209
[2026-02-12T12:59:02] Price: 209.05
[2026-02-12T12:59:12] Price: 209
[2026-02-12T12:59:22] Price: 208.96
[2026-02-12T12:59:32] Price: 208.99
[2026-02-12T12:59:42] Price: 209
[2026-02-12T12:59:52] Price: 209.01
[2026-02-12T13:00:02] Price: 208.99
[2026-02-12T13:00:12] Price: 208.99
[2026-02-12T13:00:22] Price: 208.99
[2026-02-12T13:00:32] Price: 208.99
[2026-02-12T13:00:42] Price: 208.96
[2026-02-12T13:00:52] Price: 208.97
[2026-02-12T13:01:02] Price: 208.97
[2026-02-12T13:01:12] Price: 209.01
[2026-02-12T13:01:22] Price: 209.05
[2026-02-12T13:01:33] Price: 209.02
[2026-02-12T13:01:43] Price: 209.02
[2026-02-12T13:01:53] Price: 208.97
[2026-02-12T13:02:03] Price: 208.96
[2026-02-12T13:02:13] Price: 209
[2026-02-12T13:02:25] Price: 208.98
[2026-02-12T13:02:33] Price: 208.97
[2026-02-12T13:02:43] Price: 208.96
[2026-02-12T13:02:53] Price: 208.97
[2026-02-12T13:03:03] Price: 209
[2026-02-12T13:03:13] Price: 209
[2026-02-12T13:03:23] Price: 208.96
[2026-02-12T13:03:33] Price: 208.96
[2026-02-12T13:03:43] Price: 208.96
[2026-02-12T13:03:53] Price: 208.96
[2026-02-12T13:04:03] Price: 209.02
[2026-02-12T13:04:13] Price: 209.05
[2026-02-12T13:04:23] Price: 209.1
[2026-02-12T13:04:33] Price: 209.09
[2026-02-12T13:04:43] Price: 209.1
[2026-02-12T13:04:53] Price: 209.05
[2026-02-12T13:05:03] Price: 209.1
[2026-02-12T13:05:13] Price: 209.1
[2026-02-12T13:05:23] Price: 209.09
[2026-02-12T13:05:33] Price: 209.09
[2026-02-12T13:05:43] Price: 209.09
[2026-02-12T13:05:53] Price: 209.09
[2026-02-12T13:06:03] Price: 209.09
[2026-02-12T13:06:13] Price: 209.09
[2026-02-12T13:06:23] Price: 209.09
[2026-02-12T13:06:33] Price: 209.09
[2026-02-12T13:06:43] Price: 209.08
[2026-02-12T13:06:53] Price: 209.08
[2026-02-12T13:07:03] Price: 209.07
[2026-02-12T13:07:13] Price: 209.07
[2026-02-12T13:07:23] Price: 209.06
[2026-02-12T13:07:33] Price: 209.05
[2026-02-12T13:07:43] Price: 209.15
[2026-02-12T13:07:53] Price: 209.15
[2026-02-12T13:08:03] Price: 209.19
[2026-02-12T13:08:13] Price: 209.25
[2026-02-12T13:08:23] Price: 209.26
[2026-02-12T13:08:33] Price: 209.27
[2026-02-12T13:08:43] Price: 209.22
[2026-02-12T13:08:53] Price: 209.1
[2026-02-12T13:09:03] Price: 209.15
[2026-02-12T13:09:13] Price: 209.12
[2026-02-12T13:09:23] Price: 209.12
[2026-02-12T13:09:33] Price: 209.01
[2026-02-12T13:09:43] Price: 209.38
[2026-02-12T13:09:53] Price: 209.28
[2026-02-12T13:10:03] Price: 209.25
[2026-02-12T13:10:13] Price: 209.35
[2026-02-12T13:10:23] Price: 209.43
[2026-02-12T13:10:33] Price: 209.35
[2026-02-12T13:10:43] Price: 209.4
[2026-02-12T13:10:53] Price: 209.44
[2026-02-12T13:11:03] Price: 209.44
[2026-02-12T13:11:13] Price: 209.46
[2026-02-12T13:11:23] Price: 209.27
[2026-02-12T13:11:33] Price: 209.21
[2026-02-12T13:11:43] Price: 209.21
[2026-02-12T13:11:53] Price: 209.21
[2026-02-12T13:12:03] Price: 209.1
[2026-02-12T13:12:13] Price: 209.05
[2026-02-12T13:12:23] Price: 209.09
[2026-02-12T13:12:33] Price: 209.07
[2026-02-12T13:12:43] Price: 209
[2026-02-12T13:12:53] Price: 209.07
[2026-02-12T13:13:03] Price: 209
[2026-02-12T13:13:13] Price: 208.99
[2026-02-12T13:13:23] Price: 209
[2026-02-12T13:13:33] Price: 209
[2026-02-12T13:13:43] Price: 208.92
[2026-02-12T13:13:53] Price: 208.91
[2026-02-12T13:14:03] Price: 209
[2026-02-12T13:14:13] Price: 209.04
[2026-02-12T13:14:23] Price: 209.06
[2026-02-12T13:14:33] Price: 209.08
[2026-02-12T13:14:43] Price: 209.05
[2026-02-12T13:14:53] Price: 209.05
[2026-02-12T13:15:03] Price: 209.07
[2026-02-12T13:15:13] Price: 209.2
[2026-02-12T13:15:23] Price: 209.14
[2026-02-12T13:15:33] Price: 209.19
[2026-02-12T13:15:43] Price: 209.2
[2026-02-12T13:15:53] Price: 209.16
[2026-02-12T13:16:03] Price: 209.25
[2026-02-12T13:16:13] Price: 209.23
[2026-02-12T13:16:23] Price: 209.2
[2026-02-12T13:16:33] Price: 209.17
[2026-02-12T13:16:43] Price: 209.18
[2026-02-12T13:16:53] Price: 209.21
[2026-02-12T13:17:03] Price: 209.2
[2026-02-12T13:17:13] Price: 209.22
[2026-02-12T13:17:23] Price: 209.2
[2026-02-12T13:17:33] Price: 209.19
[2026-02-12T13:17:43] Price: 209.19
[2026-02-12T13:17:53] Price: 209.19
[2026-02-12T13:18:03] Price: 209.23
[2026-02-12T13:18:13] Price: 209.28
[2026-02-12T13:18:23] Price: 209.24
[2026-02-12T13:18:33] Price: 209.34
[2026-02-12T13:18:43] Price: 209.38
[2026-02-12T13:18:53] Price: 209.39
[2026-02-12T13:19:03] Price: 209.43
[2026-02-12T13:19:13] Price: 209.44
[2026-02-12T13:19:23] Price: 209.45
[2026-02-12T13:19:33] Price: 209.45
[2026-02-12T13:19:43] Price: 209.44
[2026-02-12T13:19:53] Price: 209.45
[2026-02-12T13:20:03] Price: 209.44
[2026-02-12T13:20:13] Price: 209.43
[2026-02-12T13:20:23] Price: 209.4
[2026-02-12T13:20:33] Price: 209.35
[2026-02-12T13:20:43] Price: 209.34
[2026-02-12T13:20:53] Price: 209.29
[2026-02-12T13:21:03] Price: 209.2
[2026-02-12T13:21:13] Price: 209.23
[2026-02-12T13:21:23] Price: 209.16
[2026-02-12T13:21:33] Price: 209.17
[2026-02-12T13:21:43] Price: 209.11
[2026-02-12T13:21:53] Price: 209.14
[2026-02-12T13:22:03] Price: 209.14
[2026-02-12T13:22:15] Price: 209.2
[2026-02-12T13:22:24] Price: 209.2
[2026-02-12T13:22:33] Price: 209.2
[2026-02-12T13:22:43] Price: 209.2
[2026-02-12T13:22:54] Price: 209.01
[2026-02-12T13:23:04] Price: 209.19
[2026-02-12T13:23:14] Price: 209.17
[2026-02-12T13:23:24] Price: 209.11
[2026-02-12T13:23:34] Price: 209.15
[2026-02-12T13:23:44] Price: 209.14
[2026-02-12T13:23:54] Price: 209.13
[2026-02-12T13:24:04] Price: 209.13
[2026-02-12T13:24:15] Price: 209.17
[2026-02-12T13:24:24] Price: 209.24
[2026-02-12T13:24:34] Price: 209.27
[2026-02-12T13:24:44] Price: 209.27
[2026-02-12T13:24:54] Price: 209.3
[2026-02-12T13:25:04] Price: 209.24
[2026-02-12T13:25:14] Price: 209.24
[2026-02-12T13:25:24] Price: 209.21
[2026-02-12T13:25:34] Price: 209.2
[2026-02-12T13:25:44] Price: 209.21
[2026-02-12T13:25:54] Price: 209.22
[2026-02-12T13:26:04] Price: 209.29
[2026-02-12T13:26:14] Price: 209.24
[2026-02-12T13:26:24] Price: 209.26
[2026-02-12T13:26:34] Price: 209.27
[2026-02-12T13:26:44] Price: 209.26
[2026-02-12T13:26:54] Price: 209.26
[2026-02-12T13:27:04] Price: 209.27
[2026-02-12T13:27:14] Price: 209.28
[2026-02-12T13:27:24] Price: 209.33
[2026-02-12T13:27:34] Price: 209.31
[2026-02-12T13:27:44] Price: 209.24
[2026-02-12T13:27:54] Price: 209.25
[2026-02-12T13:28:04] Price: 209.26
[2026-02-12T13:28:14] Price: 209.22
[2026-02-12T13:28:24] Price: 209.16
[2026-02-12T13:28:34] Price: 209.16
[2026-02-12T13:28:44] Price: 209.24
[2026-02-12T13:28:54] Price: 209.1
[2026-02-12T13:29:04] Price: 209.08
[2026-02-12T13:29:14] Price: 209.06
[2026-02-12T13:29:24] Price: 209.06
[2026-02-12T13:29:34] Price: 209.06
[2026-02-12T13:29:44] Price: 209.03
[2026-02-12T13:29:54] Price: 208.91
[2026-02-12T13:30:04] Price: 208.97
[2026-02-12T13:30:14] Price: 208.97
[2026-02-12T13:30:24] Price: 208.98
[2026-02-12T13:30:34] Price: 208.95
[2026-02-12T13:30:44] Price: 209
[2026-02-12T13:30:54] Price: 208.78
[2026-02-12T13:31:04] Price: 208.71
[2026-02-12T13:31:14] Price: 208.66
[2026-02-12T13:31:24] Price: 208.74
[2026-02-12T13:31:34] Price: 208.73
[2026-02-12T13:31:44] Price: 208.73
[2026-02-12T13:31:54] Price: 208.72
[2026-02-12T13:32:04] Price: 208.71
[2026-02-12T13:32:14] Price: 208.71
[2026-02-12T13:32:24] Price: 208.73
[2026-02-12T13:32:34] Price: 208.73
[2026-02-12T13:32:44] Price: 208.66
[2026-02-12T13:32:54] Price: 208.7
[2026-02-12T13:33:04] Price: 208.64
[2026-02-12T13:33:14] Price: 208.65
[2026-02-12T13:33:24] Price: 208.51
[2026-02-12T13:33:34] Price: 208.57
[2026-02-12T13:33:44] Price: 208.58
[2026-02-12T13:33:54] Price: 208.63
[2026-02-12T13:34:04] Price: 208.62
[2026-02-12T13:34:14] Price: 208.6
[2026-02-12T13:34:24] Price: 208.63
[2026-02-12T13:34:34] Price: 208.62
[2026-02-12T13:34:44] Price: 208.7
[2026-02-12T13:34:54] Price: 208.72
[2026-02-12T13:35:04] Price: 208.63
[2026-02-12T13:35:14] Price: 208.73
[2026-02-12T13:35:24] Price: 208.7
[2026-02-12T13:35:34] Price: 208.68
[2026-02-12T13:35:44] Price: 208.68
[2026-02-12T13:35:54] Price: 208.6
[2026-02-12T13:36:04] Price: 208.72
[2026-02-12T13:36:16] Price: 208.71
[2026-02-12T13:36:24] Price: 208.77
[2026-02-12T13:36:34] Price: 208.72
[2026-02-12T13:36:44] Price: 208.73
[2026-02-12T13:36:54] Price: 208.72
[2026-02-12T13:37:04] Price: 208.69
[2026-02-12T13:37:14] Price: 208.72
[2026-02-12T13:37:24] Price: 208.73
[2026-02-12T13:37:34] Price: 208.73
[2026-02-12T13:37:46] Price: 208.71
[2026-02-12T13:37:54] Price: 208.53
[2026-02-12T13:38:04] Price: 208.6
[2026-02-12T13:38:14] Price: 208.65
[2026-02-12T13:38:24] Price: 208.59
[2026-02-12T13:38:34] Price: 208.56
[2026-02-12T13:38:44] Price: 208.6
[2026-02-12T13:38:54] Price: 208.51
[2026-02-12T13:39:04] Price: 208.51
[2026-02-12T13:39:14] Price: 208.56
[2026-02-12T13:39:24] Price: 208.57
[2026-02-12T13:39:34] Price: 208.67
[2026-02-12T13:39:44] Price: 208.67
[2026-02-12T13:39:54] Price: 208.66
[2026-02-12T13:40:04] Price: 208.65
[2026-02-12T13:40:14] Price: 208.63
[2026-02-12T13:40:24] Price: 208.63
[2026-02-12T13:40:34] Price: 208.63
[2026-02-12T13:40:44] Price: 208.8
[2026-02-12T13:40:54] Price: 208.72
[2026-02-12T13:41:04] Price: 208.76
[2026-02-12T13:41:14] Price: 208.74
[2026-02-12T13:41:24] Price: 208.7
[2026-02-12T13:41:34] Price: 208.72
[2026-02-12T13:41:44] Price: 208.67
[2026-02-12T13:41:54] Price: 208.63
[2026-02-12T13:42:04] Price: 208.67
[2026-02-12T13:42:14] Price: 208.67
[2026-02-12T13:42:24] Price: 208.65
[2026-02-12T13:42:34] Price: 208.72
[2026-02-12T13:42:44] Price: 208.75
[2026-02-12T13:42:55] Price: 208.75
[2026-02-12T13:43:05] Price: 208.75
[2026-02-12T13:43:14] Price: 208.74
[2026-02-12T13:43:25] Price: 208.73
[2026-02-12T13:43:35] Price: 208.69
[2026-02-12T13:43:45] Price: 208.66
[2026-02-12T13:43:55] Price: 208.66
[2026-02-12T13:44:05] Price: 208.74
[2026-02-12T13:44:15] Price: 208.7
[2026-02-12T13:44:25] Price: 208.74
[2026-02-12T13:44:35] Price: 208.74
[2026-02-12T13:44:45] Price: 208.74
[2026-02-12T13:44:55] Price: 208.75
[2026-02-12T13:45:05] Price: 208.78
[2026-02-12T13:45:15] Price: 208.78
[2026-02-12T13:45:25] Price: 208.76
[2026-02-12T13:45:35] Price: 208.7
[2026-02-12T13:45:45] Price: 208.7
[2026-02-12T13:45:55] Price: 208.7
[2026-02-12T13:46:05] Price: 208.66
[2026-02-12T13:46:15] Price: 208.66
[2026-02-12T13:46:25] Price: 208.72
[2026-02-12T13:46:35] Price: 208.72
[2026-02-12T13:46:45] Price: 208.71
[2026-02-12T13:46:55] Price: 208.72
[2026-02-12T13:47:05] Price: 208.72
[2026-02-12T13:47:15] Price: 208.52
[2026-02-12T13:47:25] Price: 208.58
[2026-02-12T13:47:35] Price: 208.5
[2026-02-12T13:47:45] Price: 208.58
[2026-02-12T13:47:55] Price: 208.54
[2026-02-12T13:48:05] Price: 208.56
[2026-02-12T13:48:15] Price: 208.4
[2026-02-12T13:48:25] Price: 208.39
[2026-02-12T13:48:35] Price: 208.39
[2026-02-12T13:48:45] Price: 208.21
[2026-02-12T13:48:55] Price: 208.18
[2026-02-12T13:49:05] Price: 208.25
[2026-02-12T13:49:15] Price: 208.25
[2026-02-12T13:49:25] Price: 208.27
[2026-02-12T13:49:35] Price: 208.22
[2026-02-12T13:49:45] Price: 208.23
[2026-02-12T13:49:55] Price: 208.15
[2026-02-12T13:50:05] Price: 208.17
[2026-02-12T13:50:15] Price: 208.18
[2026-02-12T13:50:15] SELL @ 208.18 | P/L -0.50
[2026-02-12T13:50:25] Price: 208.14
[2026-02-12T13:50:35] Price: 208.16
[2026-02-12T13:50:45] Price: 208.15
[2026-02-12T13:50:55] Price: 208.15
[2026-02-12T13:51:05] Price: 208.2
[2026-02-12T13:51:15] Price: 208.24
[2026-02-12T13:51:25] Price: 208.2
[2026-02-12T13:51:35] Price: 208.25
[2026-02-12T13:51:45] Price: 208.31
[2026-02-12T13:51:55] Price: 208.3
[2026-02-12T13:52:05] Price: 208.29
[2026-02-12T13:52:15] Price: 208.28
[2026-02-12T13:52:15] BUY @ 208.28
[2026-02-12T13:52:25] Price: 208.28
[2026-02-12T13:52:35] Price: 208.26
[2026-02-12T13:52:45] Price: 208.26
[2026-02-12T13:52:55] Price: 208.3
[2026-02-12T13:53:05] Price: 208.31
[2026-02-12T13:53:15] Price: 208.31
[2026-02-12T13:53:25] Price: 208.25
[2026-02-12T13:53:35] Price: 208.25
[2026-02-12T13:53:45] Price: 208.22
[2026-02-12T13:53:55] Price: 208.2
[2026-02-12T13:54:05] Price: 208.21
[2026-02-12T13:54:15] Price: 208.23
[2026-02-12T13:54:25] Price: 208.31
[2026-02-12T13:54:35] Price: 208.23
[2026-02-12T13:54:45] Price: 208.23
[2026-02-12T13:54:55] Price: 208.3
[2026-02-12T13:55:05] Price: 208.27
[2026-02-12T13:55:15] Price: 208.28
[2026-02-12T13:55:25] Price: 208.28
[2026-02-12T13:55:35] Price: 208.3
[2026-02-12T13:55:45] Price: 208.29
[2026-02-12T13:55:55] Price: 208.23
[2026-02-12T13:56:05] Price: 208.11
[2026-02-12T13:56:15] Price: 208.11
[2026-02-12T13:56:25] Price: 208.01
[2026-02-12T13:56:35] Price: 208.08
[2026-02-12T13:56:45] Price: 208.06
[2026-02-12T13:56:55] Price: 208.06
[2026-02-12T13:57:05] Price: 208.1
[2026-02-12T13:57:15] Price: 208.1
[2026-02-12T13:57:25] Price: 208.06
[2026-02-12T13:57:35] Price: 208.11
[2026-02-12T13:57:45] Price: 208.12
[2026-02-12T13:57:55] Price: 208.15
[2026-02-12T13:58:05] Price: 208.2
[2026-02-12T13:58:15] Price: 208.2
[2026-02-12T13:58:25] Price: 208.23
[2026-02-12T13:58:35] Price: 208.15
[2026-02-12T13:58:45] Price: 208.2
[2026-02-12T13:58:55] Price: 208.2
[2026-02-12T13:59:05] Price: 208.2
[2026-02-12T13:59:15] Price: 208.24
[2026-02-12T13:59:27] Price: 208.33
[2026-02-12T13:59:35] Price: 208.34
[2026-02-12T13:59:45] Price: 208.3
[2026-02-12T13:59:55] Price: 208.22
[2026-02-12T14:00:05] Price: 208.2
[2026-02-12T14:00:15] Price: 208.17
[2026-02-12T14:00:25] Price: 208.12
[2026-02-12T14:00:35] Price: 208.16
[2026-02-12T14:00:45] Price: 208.24
[2026-02-12T14:00:55] Price: 208.25
[2026-02-12T14:01:05] Price: 208.26
[2026-02-12T14:01:15] Price: 208.18
[2026-02-12T14:01:25] Price: 208.21
[2026-02-12T14:01:35] Price: 208.15
[2026-02-12T14:01:45] Price: 208.15
[2026-02-12T14:01:55] Price: 208.15
[2026-02-12T14:02:05] Price: 208.16
[2026-02-12T14:02:15] Price: 208.2
[2026-02-12T14:02:25] Price: 208.17
[2026-02-12T14:02:35] Price: 208.13
[2026-02-12T14:02:45] Price: 208.12
[2026-02-12T14:02:55] Price: 208.13
[2026-02-12T14:03:05] Price: 208.06
[2026-02-12T14:03:15] Price: 207.85
[2026-02-12T14:03:25] Price: 207.79
[2026-02-12T14:03:35] Price: 207.76
[2026-02-12T14:03:35] SELL @ 207.76 | P/L -0.52
[2026-02-12T14:03:45] Price: 207.82
[2026-02-12T14:03:55] Price: 207.86
[2026-02-12T14:04:05] Price: 207.86
[2026-02-12T14:04:15] Price: 207.88
[2026-02-12T14:04:25] Price: 207.85
[2026-02-12T14:04:36] Price: 207.93
[2026-02-12T14:04:46] Price: 207.85
[2026-02-12T14:04:56] Price: 207.85
[2026-02-12T14:05:07] Price: 207.9
[2026-02-12T14:05:16] Price: 208
[2026-02-12T14:05:26] Price: 208
[2026-02-12T14:05:36] Price: 207.97
[2026-02-12T14:05:36] BUY @ 207.97
[2026-02-12T14:05:46] Price: 207.9
[2026-02-12T14:05:56] Price: 207.95
[2026-02-12T14:06:06] Price: 208.08
[2026-02-12T14:06:16] Price: 208.02
[2026-02-12T14:06:26] Price: 208.12
[2026-02-12T14:06:36] Price: 208.1
[2026-02-12T14:06:46] Price: 208.09
[2026-02-12T14:06:56] Price: 208.09
[2026-02-12T14:07:06] Price: 208.03
[2026-02-12T14:07:16] Price: 208
[2026-02-12T14:07:26] Price: 208
[2026-02-12T14:07:36] Price: 207.77
[2026-02-12T14:07:46] Price: 207.82
[2026-02-12T14:07:56] Price: 207.93
[2026-02-12T14:08:06] Price: 207.93
[2026-02-12T14:08:16] Price: 207.93
[2026-02-12T14:08:26] Price: 207.93
[2026-02-12T14:08:36] Price: 207.96
[2026-02-12T14:08:46] Price: 207.98
[2026-02-12T14:08:56] Price: 207.9
[2026-02-12T14:09:06] Price: 207.85
[2026-02-12T14:09:16] Price: 207.94
[2026-02-12T14:09:26] Price: 207.9
[2026-02-12T14:09:36] Price: 207.94
[2026-02-12T14:09:46] Price: 207.89
[2026-02-12T14:09:56] Price: 207.85
[2026-02-12T14:10:06] Price: 207.89
[2026-02-12T14:10:16] Price: 207.85
[2026-02-12T14:10:26] Price: 207.85
[2026-02-12T14:10:36] Price: 207.86
[2026-02-12T14:10:46] Price: 207.86
[2026-02-12T14:10:56] Price: 207.85
[2026-02-12T14:11:06] Price: 207.9
[2026-02-12T14:11:16] Price: 207.92
[2026-02-12T14:11:26] Price: 207.86
[2026-02-12T14:11:36] Price: 207.94
[2026-02-12T14:11:46] Price: 207.94
[2026-02-12T14:11:56] Price: 207.94
[2026-02-12T14:12:06] Price: 207.9
[2026-02-12T14:12:16] Price: 207.95
[2026-02-12T14:12:26] Price: 207.95
[2026-02-12T14:12:36] Price: 207.95
[2026-02-12T14:12:46] Price: 207.93
[2026-02-12T14:12:56] Price: 207.95
[2026-02-12T14:13:06] Price: 207.87
[2026-02-12T14:13:16] Price: 207.88
[2026-02-12T14:13:26] Price: 207.81
[2026-02-12T14:13:36] Price: 207.81
[2026-02-12T14:13:46] Price: 207.81
[2026-02-12T14:13:56] Price: 207.75
[2026-02-12T14:14:06] Price: 207.75
[2026-02-12T14:14:16] Price: 207.8
[2026-02-12T14:14:26] Price: 207.75
[2026-02-12T14:14:36] Price: 207.8
[2026-02-12T14:14:46] Price: 207.71
[2026-02-12T14:14:56] Price: 207.78
[2026-02-12T14:15:06] Price: 207.78
[2026-02-12T14:15:16] Price: 207.77
[2026-02-12T14:15:26] Price: 207.85
[2026-02-12T14:15:36] Price: 207.89
[2026-02-12T14:15:46] Price: 207.86
[2026-02-12T14:15:56] Price: 207.86
[2026-02-12T14:16:06] Price: 207.85
[2026-02-12T14:16:16] Price: 207.86
[2026-02-12T14:16:26] Price: 207.86
[2026-02-12T14:16:36] Price: 207.85
[2026-02-12T14:16:46] Price: 207.85
[2026-02-12T14:16:56] Price: 207.85
[2026-02-12T14:17:06] Price: 207.81
[2026-02-12T14:17:16] Price: 207.85
[2026-02-12T14:17:26] Price: 207.81
[2026-02-12T14:17:36] Price: 207.78
[2026-02-12T14:17:46] Price: 207.76
[2026-02-12T14:18:00] Price: 207.65
[2026-02-12T14:18:06] Price: 207.66
[2026-02-12T14:18:16] Price: 207.65
[2026-02-12T14:18:26] Price: 207.66
[2026-02-12T14:18:36] Price: 207.63
[2026-02-12T14:18:46] Price: 207.55
[2026-02-12T14:18:56] Price: 207.6
[2026-02-12T14:19:06] Price: 207.66
[2026-02-12T14:19:16] Price: 207.66
[2026-02-12T14:19:26] Price: 207.65
[2026-02-12T14:19:36] Price: 207.61
[2026-02-12T14:19:46] Price: 207.6
[2026-02-12T14:19:56] Price: 207.7
[2026-02-12T14:20:06] Price: 207.7
[2026-02-12T14:20:16] Price: 207.7
[2026-02-12T14:20:26] Price: 207.78
[2026-02-12T14:20:36] Price: 207.89
[2026-02-12T14:20:46] Price: 207.94
[2026-02-12T14:20:56] Price: 207.94
[2026-02-12T14:21:06] Price: 207.93
[2026-02-12T14:21:16] Price: 207.86
[2026-02-12T14:21:26] Price: 207.85
[2026-02-12T14:21:36] Price: 207.88
[2026-02-12T14:21:46] Price: 207.86
[2026-02-12T14:21:56] Price: 207.86
[2026-02-12T14:22:06] Price: 207.87
[2026-02-12T14:22:16] Price: 207.92
[2026-02-12T14:22:26] Price: 207.89
[2026-02-12T14:22:36] Price: 207.94
[2026-02-12T14:22:46] Price: 207.95
[2026-02-12T14:22:56] Price: 207.94
[2026-02-12T14:23:06] Price: 207.95
[2026-02-12T14:23:16] Price: 207.99
[2026-02-12T14:23:26] Price: 207.99
[2026-02-12T14:23:36] Price: 208.1
[2026-02-12T14:23:46] Price: 208.15
[2026-02-12T14:23:56] Price: 208.14
[2026-02-12T14:24:06] Price: 208.17
[2026-02-12T14:24:16] Price: 208.23
[2026-02-12T14:24:26] Price: 208.29
[2026-02-12T14:24:36] Price: 208.29
[2026-02-12T14:24:46] Price: 208.17
[2026-02-12T14:24:57] Price: 208.22
[2026-02-12T14:25:07] Price: 208.28
[2026-02-12T14:25:17] Price: 208.31
[2026-02-12T14:25:27] Price: 208.34
[2026-02-12T14:25:37] Price: 208.25
[2026-02-12T14:25:47] Price: 208.19
[2026-02-12T14:25:57] Price: 208.15
[2026-02-12T14:26:07] Price: 208.16
[2026-02-12T14:26:17] Price: 208.15
[2026-02-12T14:26:27] Price: 208.15
[2026-02-12T14:26:37] Price: 208.15
[2026-02-12T14:26:47] Price: 208.15
[2026-02-12T14:26:58] Price: 208.11
[2026-02-12T14:27:07] Price: 208.14
[2026-02-12T14:27:17] Price: 208.08
[2026-02-12T14:27:27] Price: 208
[2026-02-12T14:27:37] Price: 208.05
[2026-02-12T14:27:47] Price: 208.05
[2026-02-12T14:27:57] Price: 208.05
[2026-02-12T14:28:07] Price: 208.01
[2026-02-12T14:28:17] Price: 208.01
[2026-02-12T14:28:27] Price: 207.94
[2026-02-12T14:28:37] Price: 207.83
[2026-02-12T14:28:47] Price: 207.81
[2026-02-12T14:28:57] Price: 207.9
[2026-02-12T14:29:07] Price: 207.9
[2026-02-12T14:29:17] Price: 207.93
[2026-02-12T14:29:27] Price: 207.93
[2026-02-12T14:29:37] Price: 207.89
[2026-02-12T14:29:48] Price: 207.8
[2026-02-12T14:29:57] Price: 207.85
[2026-02-12T14:30:07] Price: 207.83
[2026-02-12T14:30:17] Price: 207.84
[2026-02-12T14:30:27] Price: 207.84
[2026-02-12T14:30:37] Price: 207.83
[2026-02-12T14:30:47] Price: 207.86
[2026-02-12T14:30:57] Price: 207.87
[2026-02-12T14:31:07] Price: 207.89
[2026-02-12T14:31:17] Price: 207.92
[2026-02-12T14:31:27] Price: 207.93
[2026-02-12T14:31:37] Price: 207.92
[2026-02-12T14:31:47] Price: 207.93
[2026-02-12T14:31:57] Price: 207.95
[2026-02-12T14:32:07] Price: 207.97
[2026-02-12T14:32:17] Price: 207.97
[2026-02-12T14:32:27] Price: 207.94
[2026-02-12T14:32:37] Price: 207.93
[2026-02-12T14:32:47] Price: 207.91
[2026-02-12T14:33:01] Price: 207.94
[2026-02-12T14:33:07] Price: 207.9
[2026-02-12T14:33:17] Price: 207.9
[2026-02-12T14:33:27] Price: 207.86
[2026-02-12T14:33:37] Price: 207.9
[2026-02-12T14:33:47] Price: 207.91
[2026-02-12T14:33:57] Price: 207.87
[2026-02-12T14:34:07] Price: 207.87
[2026-02-12T14:34:17] Price: 207.88
[2026-02-12T14:34:27] Price: 207.88
[2026-02-12T14:34:37] Price: 207.9
[2026-02-12T14:34:47] Price: 207.92
[2026-02-12T14:34:57] Price: 207.92
[2026-02-12T14:35:07] Price: 207.91
[2026-02-12T14:35:17] Price: 207.91
[2026-02-12T14:35:27] Price: 207.92
[2026-02-12T14:35:37] Price: 207.91
[2026-02-12T14:35:47] Price: 207.94
[2026-02-12T14:35:57] Price: 207.94
[2026-02-12T14:36:07] Price: 207.93
[2026-02-12T14:36:17] Price: 207.97
[2026-02-12T14:36:27] Price: 207.97
[2026-02-12T14:36:37] Price: 208.01
[2026-02-12T14:36:47] Price: 208.09
[2026-02-12T14:36:57] Price: 208.01
[2026-02-12T14:37:07] Price: 208.02
[2026-02-12T14:37:17] Price: 208.13
[2026-02-12T14:37:27] Price: 208.2
[2026-02-12T14:37:37] Price: 208.12
[2026-02-12T14:37:47] Price: 208.05
[2026-02-12T14:37:57] Price: 208.2
[2026-02-12T14:38:07] Price: 208.16
[2026-02-12T14:38:17] Price: 208.16
[2026-02-12T14:38:27] Price: 208.11
[2026-02-12T14:38:37] Price: 208.18
[2026-02-12T14:38:47] Price: 208.15
[2026-02-12T14:38:57] Price: 208.25
[2026-02-12T14:39:07] Price: 208.3
[2026-02-12T14:39:17] Price: 208.22
[2026-02-12T14:39:27] Price: 208.25
[2026-02-12T14:39:37] Price: 208.23
[2026-02-12T14:39:47] Price: 208.25
[2026-02-12T14:39:57] Price: 208.24
[2026-02-12T14:40:07] Price: 208.15
[2026-02-12T14:40:17] Price: 208.15
[2026-02-12T14:40:27] Price: 208.14
[2026-02-12T14:40:37] Price: 208.14
[2026-02-12T14:40:47] Price: 207.97
[2026-02-12T14:40:57] Price: 207.95
[2026-02-12T14:41:07] Price: 207.95
[2026-02-12T14:41:17] Price: 207.92
[2026-02-12T14:41:27] Price: 207.9
[2026-02-12T14:41:37] Price: 207.91
[2026-02-12T14:41:47] Price: 207.93
[2026-02-12T14:41:57] Price: 207.95
[2026-02-12T14:42:07] Price: 207.95
[2026-02-12T14:42:17] Price: 207.97
[2026-02-12T14:42:27] Price: 207.95
[2026-02-12T14:42:37] Price: 207.96
[2026-02-12T14:42:47] Price: 207.96
[2026-02-12T14:42:57] Price: 207.98
[2026-02-12T14:43:07] Price: 207.87
[2026-02-12T14:43:17] Price: 207.86
[2026-02-12T14:43:27] Price: 207.83
[2026-02-12T14:43:37] Price: 207.83
[2026-02-12T14:43:47] Price: 207.78
[2026-02-12T14:43:57] Price: 207.85
[2026-02-12T14:44:07] Price: 207.75
[2026-02-12T14:44:17] Price: 207.71
[2026-02-12T14:44:27] Price: 207.71
[2026-02-12T14:44:37] Price: 207.7
[2026-02-12T14:44:47] Price: 207.7
[2026-02-12T14:44:57] Price: 207.71
[2026-02-12T14:45:07] Price: 207.71
[2026-02-12T14:45:17] Price: 207.66
[2026-02-12T14:45:27] Price: 207.6
[2026-02-12T14:45:37] Price: 207.62
[2026-02-12T14:45:47] Price: 207.62
[2026-02-12T14:45:57] Price: 207.6
[2026-02-12T14:46:07] Price: 207.56
[2026-02-12T14:46:17] Price: 207.61
[2026-02-12T14:46:27] Price: 207.63
[2026-02-12T14:46:37] Price: 207.63
[2026-02-12T14:46:47] Price: 207.62
[2026-02-12T14:46:57] Price: 207.57
[2026-02-12T14:47:07] Price: 207.36
[2026-02-12T14:47:17] Price: 207.47
[2026-02-12T14:47:27] Price: 207.47
[2026-02-12T14:47:28] SELL @ 207.47 | P/L -0.50
[2026-02-12T14:47:37] Price: 207.51
[2026-02-12T14:47:48] Price: 207.42
[2026-02-12T14:48:00] Price: 207.37
[2026-02-12T14:48:08] Price: 207.32
[2026-02-12T14:48:18] Price: 207.32
[2026-02-12T14:48:28] Price: 207.31
[2026-02-12T14:48:38] Price: 207.31
[2026-02-12T14:48:48] Price: 207.31
[2026-02-12T14:48:58] Price: 207.31
[2026-02-12T14:49:08] Price: 207.26
[2026-02-12T14:49:18] Price: 207.26
[2026-02-12T14:49:28] Price: 207.23
[2026-02-12T14:49:38] Price: 207.3
[2026-02-12T14:49:48] Price: 207.33
[2026-02-12T14:49:58] Price: 207.35
[2026-02-12T14:50:08] Price: 207.46
[2026-02-12T14:50:18] Price: 207.4
[2026-02-12T14:50:28] Price: 207.42
[2026-02-12T14:50:38] Price: 207.45
[2026-02-12T14:50:48] Price: 207.51
[2026-02-12T14:50:58] Price: 207.65
[2026-02-12T14:51:08] Price: 207.67
[2026-02-12T14:51:18] Price: 207.65
[2026-02-12T14:51:28] Price: 207.5
[2026-02-12T14:51:28] BUY @ 207.5
[2026-02-12T14:51:38] Price: 207.6
[2026-02-12T14:51:48] Price: 207.6
[2026-02-12T14:51:58] Price: 207.58
[2026-02-12T14:52:08] Price: 207.6
[2026-02-12T14:52:18] Price: 207.62
[2026-02-12T14:52:28] Price: 207.62
[2026-02-12T14:52:38] Price: 207.63
[2026-02-12T14:52:48] Price: 207.7
[2026-02-12T14:52:58] Price: 207.71
[2026-02-12T14:53:08] Price: 207.76
[2026-02-12T14:53:18] Price: 207.79
[2026-02-12T14:53:28] Price: 207.7
[2026-02-12T14:53:38] Price: 207.72
[2026-02-12T14:53:48] Price: 207.71
[2026-02-12T14:53:58] Price: 207.76
[2026-02-12T14:54:08] Price: 207.78
[2026-02-12T14:54:18] Price: 207.84
[2026-02-12T14:54:28] Price: 207.8
[2026-02-12T14:54:40] Price: 207.82
[2026-02-12T14:54:48] Price: 207.81
[2026-02-12T14:54:58] Price: 207.83
[2026-02-12T14:55:08] Price: 207.88
[2026-02-12T14:55:18] Price: 207.9
[2026-02-12T14:55:28] Price: 207.88
[2026-02-12T14:55:38] Price: 207.89
[2026-02-12T14:55:48] Price: 207.9
[2026-02-12T14:55:58] Price: 207.81
[2026-02-12T14:56:08] Price: 207.95
[2026-02-12T14:56:18] Price: 207.95
[2026-02-12T14:56:28] Price: 207.9
[2026-02-12T14:56:54] Price: 208
[2026-02-12T14:56:58] Price: 207.95
[2026-02-12T14:57:08] Price: 207.98
[2026-02-12T14:57:09] Price: 207.99
[2026-02-12T14:57:18] Price: 207.94
[2026-02-12T14:57:28] Price: 207.98
[2026-02-12T14:57:38] Price: 207.94
[2026-02-12T14:57:48] Price: 208.08
[2026-02-12T14:57:58] Price: 208.07
[2026-02-12T14:58:08] Price: 208.04
[2026-02-12T14:58:19] Price: 208
[2026-02-12T14:58:28] Price: 208.02
[2026-02-12T14:58:38] Price: 208.04
[2026-02-12T14:58:48] Price: 208.05
[2026-02-12T14:58:58] Price: 208
[2026-02-12T14:59:08] Price: 208.14
[2026-02-12T14:59:18] Price: 208.15
[2026-02-12T14:59:28] Price: 208.15
[2026-02-12T14:59:38] Price: 208.1
[2026-02-12T14:59:48] Price: 208.15
[2026-02-12T14:59:58] Price: 208.14
[2026-02-12T15:00:08] Price: 208.26
[2026-02-12T15:00:18] Price: 208.28
[2026-02-12T15:00:28] Price: 208.51
[2026-02-12T15:00:38] Price: 208.5
[2026-02-12T15:00:48] Price: 208.45
[2026-02-12T15:00:58] Price: 208.5
[2026-02-12T15:01:08] Price: 208.56
[2026-02-12T15:01:18] Price: 208.5
[2026-02-12T15:01:28] Price: 208.51
[2026-02-12T15:01:38] Price: 208.54
[2026-02-12T15:01:48] Price: 208.69
[2026-02-12T15:01:58] Price: 208.78
[2026-02-12T15:02:08] Price: 208.73
[2026-02-12T15:02:18] Price: 208.6
[2026-02-12T15:02:28] Price: 208.65
[2026-02-12T15:02:38] Price: 208.64
[2026-02-12T15:02:48] Price: 208.69
[2026-02-12T15:03:02] Price: 208.7
[2026-02-12T15:03:08] Price: 208.68
[2026-02-12T15:03:18] Price: 208.64
[2026-02-12T15:03:28] Price: 208.66
[2026-02-12T15:03:38] Price: 208.66
[2026-02-12T15:03:48] Price: 208.63
[2026-02-12T15:03:58] Price: 208.59
[2026-02-12T15:04:08] Price: 208.53
[2026-02-12T15:04:18] Price: 208.58
[2026-02-12T15:04:28] Price: 208.56
[2026-02-12T15:04:38] Price: 208.53
[2026-02-12T15:04:48] Price: 208.54
[2026-02-12T15:04:58] Price: 208.58
[2026-02-12T15:05:08] Price: 208.57
[2026-02-12T15:05:18] Price: 208.57
[2026-02-12T15:05:28] Price: 208.59
[2026-02-12T15:05:38] Price: 208.59
[2026-02-12T15:05:48] Price: 208.59
[2026-02-12T15:05:58] Price: 208.59
[2026-02-12T15:06:08] Price: 208.59
[2026-02-12T15:06:18] Price: 208.61
[2026-02-12T15:06:28] Price: 208.63
[2026-02-12T15:06:38] Price: 208.61
[2026-02-12T15:06:48] Price: 208.62
[2026-02-12T15:06:58] Price: 208.59
[2026-02-12T15:07:08] Price: 208.7
[2026-02-12T15:07:18] Price: 208.71
[2026-02-12T15:07:28] Price: 208.67
[2026-02-12T15:07:38] Price: 208.64
[2026-02-12T15:07:48] Price: 208.58
[2026-02-12T15:07:58] Price: 208.4
[2026-02-12T15:08:08] Price: 208.45
[2026-02-12T15:08:18] Price: 208.44
[2026-02-12T15:08:28] Price: 208.43
[2026-02-12T15:08:38] Price: 208.36
[2026-02-12T15:08:48] Price: 208.41
[2026-02-12T15:08:58] Price: 208.44
[2026-02-12T15:09:09] Price: 208.43
[2026-02-12T15:09:19] Price: 208.22
[2026-02-12T15:09:30] Price: 208.23
[2026-02-12T15:09:39] Price: 208.24
[2026-02-12T15:09:49] Price: 208.3
[2026-02-12T15:09:59] Price: 208.24
[2026-02-12T15:10:09] Price: 208.23
[2026-02-12T15:10:19] Price: 208.27
[2026-02-12T15:10:29] Price: 208.27
[2026-02-12T15:10:39] Price: 208.24
[2026-02-12T15:10:49] Price: 208.23
[2026-02-12T15:10:59] Price: 208.25
[2026-02-12T15:11:09] Price: 208.25
[2026-02-12T15:11:19] Price: 208.17
[2026-02-12T15:11:29] Price: 208.17
[2026-02-12T15:11:39] Price: 208.16
[2026-02-12T15:11:49] Price: 208.17
[2026-02-12T15:11:59] Price: 208.16
[2026-02-12T15:12:09] Price: 208.16
[2026-02-12T15:12:19] Price: 208.17
[2026-02-12T15:12:29] Price: 208.12
[2026-02-12T15:12:39] Price: 208.06
[2026-02-12T15:12:49] Price: 208
[2026-02-12T15:12:59] Price: 207.98
[2026-02-12T15:13:10] Price: 207.96
[2026-02-12T15:13:19] Price: 207.96
[2026-02-12T15:13:29] Price: 208.06
[2026-02-12T15:13:39] Price: 208.09
[2026-02-12T15:13:49] Price: 207.92
[2026-02-12T15:13:59] Price: 208
[2026-02-12T15:14:09] Price: 207.9
[2026-02-12T15:14:19] Price: 207.92
[2026-02-12T15:14:29] Price: 207.9
[2026-02-12T15:14:39] Price: 207.99
[2026-02-12T15:14:49] Price: 207.95
[2026-02-12T15:14:59] Price: 208
[2026-02-12T15:15:09] Price: 207.96
[2026-02-12T15:15:19] Price: 207.95
[2026-02-12T15:15:29] Price: 207.98
[2026-02-12T15:15:39] Price: 207.94
[2026-02-12T15:15:49] Price: 207.95
[2026-02-12T15:15:59] Price: 207.95
[2026-02-12T15:16:09] Price: 207.88
[2026-02-12T15:16:19] Price: 207.88
[2026-02-12T15:16:29] Price: 207.75
[2026-02-12T15:16:39] Price: 207.77
[2026-02-12T15:16:49] Price: 207.78
[2026-02-12T15:16:59] Price: 207.9
[2026-02-12T15:17:09] Price: 207.84
[2026-02-12T15:17:19] Price: 207.89
[2026-02-12T15:17:29] Price: 207.91
[2026-02-12T15:17:39] Price: 207.92
[2026-02-12T15:17:49] Price: 207.92
[2026-02-12T15:18:01] Price: 207.93
[2026-02-12T15:18:09] Price: 207.86
[2026-02-12T15:18:19] Price: 207.8
[2026-02-12T15:18:29] Price: 207.85
[2026-02-12T15:18:39] Price: 207.89
[2026-02-12T15:18:49] Price: 207.87
[2026-02-12T15:18:59] Price: 207.9
[2026-02-12T15:19:09] Price: 207.9
[2026-02-12T15:19:19] Price: 207.9
[2026-02-12T15:19:29] Price: 207.89
[2026-02-12T15:19:39] Price: 207.88
[2026-02-12T15:19:49] Price: 207.9
[2026-02-12T15:19:59] Price: 207.9
[2026-02-12T15:20:09] Price: 207.9
[2026-02-12T15:20:19] Price: 207.88
[2026-02-12T15:20:29] Price: 207.9
[2026-02-12T15:20:39] Price: 207.9
[2026-02-12T15:20:49] Price: 207.9
[2026-02-12T15:20:59] Price: 207.87
[2026-02-12T15:21:09] Price: 207.9
[2026-02-12T15:21:19] Price: 207.9
[2026-02-12T15:21:29] Price: 207.91
[2026-02-12T15:21:39] Price: 207.92
[2026-02-12T15:21:49] Price: 207.92
[2026-02-12T15:21:59] Price: 207.93
[2026-02-12T15:22:09] Price: 207.94
[2026-02-12T15:22:19] Price: 207.94
[2026-02-12T15:22:29] Price: 207.92
[2026-02-12T15:22:39] Price: 207.92
[2026-02-12T15:22:49] Price: 207.95
[2026-02-12T15:22:59] Price: 207.92
[2026-02-12T15:23:09] Price: 207.92
[2026-02-12T15:23:19] Price: 207.93
[2026-02-12T15:23:29] Price: 207.94
[2026-02-12T15:23:39] Price: 207.95
[2026-02-12T15:23:49] Price: 207.95
[2026-02-12T15:23:59] Price: 207.95
[2026-02-12T15:24:09] Price: 207.95
[2026-02-12T15:24:19] Price: 207.75
[2026-02-12T15:24:29] Price: 207.76
[2026-02-12T15:24:39] Price: 207.8
[2026-02-12T15:24:49] Price: 207.72
[2026-02-12T15:24:59] Price: 207.72
[2026-02-12T15:25:09] Price: 207.69
[2026-02-12T15:25:19] Price: 207.69
[2026-02-12T15:25:29] Price: 207.64
[2026-02-12T15:25:39] Price: 207.68
[2026-02-12T15:25:49] Price: 207.55
[2026-02-12T15:25:59] Price: 207.66
[2026-02-12T15:26:11] Price: 207.77
[2026-02-12T15:26:19] Price: 207.82
[2026-02-12T15:26:29] Price: 207.78
[2026-02-12T15:26:39] Price: 207.79
[2026-02-12T15:26:49] Price: 207.74
[2026-02-12T15:26:59] Price: 207.7
[2026-02-12T15:27:09] Price: 207.69
[2026-02-12T15:27:19] Price: 207.61
[2026-02-12T15:27:29] Price: 207.59
[2026-02-12T15:27:39] Price: 207.74
[2026-02-12T15:27:49] Price: 207.72
[2026-02-12T15:27:59] Price: 207.75
[2026-02-12T15:28:09] Price: 207.7
[2026-02-12T15:28:19] Price: 207.69
[2026-02-12T15:28:29] Price: 207.61
[2026-02-12T15:28:39] Price: 207.72
[2026-02-12T15:28:49] Price: 207.82
[2026-02-12T15:28:59] Price: 207.72
[2026-02-12T15:29:09] Price: 207.89
[2026-02-12T15:29:19] Price: 207.91
[2026-02-12T15:29:31] Price: 207.98
[2026-02-12T15:29:39] Price: 207.75
[2026-02-12T15:29:49] Price: 207.91
[2026-02-12T15:29:59] Price: 207.91
[2026-02-12T15:30:09] Price: 207.98
[2026-02-12T15:30:19] Price: 207.98
[2026-02-12T15:30:29] Price: 207.98
[2026-02-12T15:30:39] Price: 207.98
[2026-02-12T15:30:50] Price: 207.98
[2026-02-12T15:30:59] Price: 207.98
[2026-02-12T15:31:09] Price: 207.98
[2026-02-12T15:31:19] Price: 208.11
[2026-02-12T15:31:30] Price: 208.11
[2026-02-12T15:31:40] Price: 208.11
[2026-02-12T15:31:50] Price: 208.11
[2026-02-12T15:32:01] Price: 208.11
[2026-02-12T15:32:10] Price: 208.11
[2026-02-12T15:32:20] Price: 208.11
[2026-02-12T15:32:31] Price: 208.11
[2026-02-12T15:32:40] Price: 208.11
[2026-02-12T15:32:50] Price: 208.11
[2026-02-12T15:33:00] Price: 208.11
[2026-02-12T15:33:10] Price: 208.11
[2026-02-12T15:33:20] Price: 208.11
[2026-02-12T15:33:30] Price: 208.11
[2026-02-12T15:33:40] Price: 208.11
[2026-02-12T15:33:50] Price: 208.11
[2026-02-12T15:34:00] Price: 208.11
[2026-02-12T15:34:10] Price: 208.11
[2026-02-12T15:34:20] Price: 208.11
[2026-02-12T15:34:30] Price: 208.11
[2026-02-12T15:34:40] Price: 208.11
[2026-02-12T15:34:50] Price: 208.11
[2026-02-12T15:35:00] Price: 208.11
[2026-02-12T15:35:10] Price: 208.11
[2026-02-12T15:35:20] Price: 208.11
[2026-02-12T15:35:30] Price: 208.11
[2026-02-12T15:35:40] Price: 208.11
[2026-02-12T15:35:50] Price: 208.11
[2026-02-12T15:36:00] Price: 208.11
[2026-02-12T15:36:10] Price: 208.11
[2026-02-12T15:36:20] Price: 208.11
[2026-02-12T15:36:30] Price: 208.11
[2026-02-12T15:36:40] Price: 208.11
[2026-02-12T15:36:50] Price: 208.11
[2026-02-12T15:37:00] Price: 208.11
[2026-02-12T15:37:10] Price: 208.11
[2026-02-12T15:37:20] Price: 208.11
[2026-02-12T15:37:30] Price: 208.11
[2026-02-12T15:37:40] Price: 208.11
[2026-02-12T15:37:50] Price: 208.11
[2026-02-12T15:38:00] Price: 208.11
[2026-02-12T15:38:10] Price: 208.11
[2026-02-12T15:38:20] Price: 208.11
[2026-02-12T15:38:30] Price: 208.11
[2026-02-12T15:38:40] Price: 208.11
[2026-02-12T15:38:50] Price: 208.11
[2026-02-12T15:39:00] Price: 208.11
[2026-02-12T15:39:10] Price: 208.11
[2026-02-12T15:39:20] Price: 208.11
[2026-02-12T15:39:30] Price: 208.11
[2026-02-12T15:39:40] Price: 208.11
[2026-02-12T15:39:50] Price: 208.11
[2026-02-12T15:40:00] Price: 208.11
[2026-02-12T15:40:10] Price: 208.11
[2026-02-12T15:40:20] Price: 208.11
[2026-02-12T15:40:30] Price: 208.11
[2026-02-12T15:40:40] Price: 208.11
[2026-02-12T15:40:50] Price: 208.11
[2026-02-12T15:41:00] Price: 208.11
[2026-02-12T15:41:10] Price: 208.11
[2026-02-12T15:41:20] Price: 208.11
[2026-02-12T15:41:30] Price: 208.11
[2026-02-12T15:41:40] Price: 208.11
[2026-02-12T15:41:50] Price: 208.11
[2026-02-12T15:42:00] Price: 208.11
[2026-02-12T15:42:11] Price: 208.11
[2026-02-12T15:42:20] Price: 208.11
[2026-02-12T15:42:30] Price: 208.11
[2026-02-12T15:42:40] Price: 208.11
[2026-02-12T15:42:50] Price: 208.11
[2026-02-12T15:43:00] Price: 208.11
[2026-02-12T15:43:10] Price: 208.11
[2026-02-12T15:43:20] Price: 208.11
[2026-02-12T15:43:30] Price: 208.11
[2026-02-12T15:43:40] Price: 208.11
[2026-02-12T15:43:50] Price: 208.11
[2026-02-12T15:44:00] Price: 208.11
[2026-02-12T15:44:10] Price: 208.11
[2026-02-12T15:44:20] Price: 208.11
[2026-02-12T15:44:30] Price: 208.11
[2026-02-12T15:44:40] Price: 208.11
[2026-02-12T15:44:50] Price: 208.11
[2026-02-12T15:45:00] Price: 208.11
[2026-02-12T15:45:10] Price: 208.11
[2026-02-12T15:45:20] Price: 208.11
[2026-02-12T15:45:30] Price: 208.11
[2026-02-12T15:45:40] Price: 208.11
[2026-02-12T15:45:50] Price: 208.11
[2026-02-12T15:46:00] Price: 208.11
[2026-02-12T15:46:10] Price: 208.11
[2026-02-12T15:46:20] Price: 208.11
[2026-02-12T15:46:30] Price: 208.11
[2026-02-12T15:46:42] Price: 208.11
[2026-02-12T15:46:50] Price: 208.11
[2026-02-12T15:47:00] Price: 208.11
[2026-02-12T15:47:10] Price: 208.11
[2026-02-12T15:47:20] Price: 208.11
[2026-02-12T15:47:30] Price: 208.11
[2026-02-12T15:47:40] Price: 208.11
[2026-02-12T15:47:50] Price: 208.11
[2026-02-12T15:48:01] Price: 208.11
[2026-02-12T15:48:10] Price: 208.11
[2026-02-12T15:48:20] Price: 208.11
[2026-02-12T15:48:30] Price: 208.11
[2026-02-12T15:48:40] Price: 208.11
[2026-02-12T15:48:50] Price: 208.11
[2026-02-12T15:49:00] Price: 208.11
[2026-02-12T15:49:10] Price: 208.11
[2026-02-12T15:49:20] Price: 208.11
[2026-02-12T15:49:30] Price: 208.11
[2026-02-12T15:49:40] Price: 208.11
[2026-02-12T15:49:50] Price: 208.11
[2026-02-12T15:50:01] Price: 208.11
[2026-02-12T15:50:10] Price: 208.11
[2026-02-12T15:50:20] Price: 208.11
[2026-02-12T15:50:30] Price: 208.11
[2026-02-12T15:50:40] Price: 208.11
[2026-02-12T15:50:50] Price: 208.11
[2026-02-12T15:51:00] Price: 208.11
[2026-02-12T15:51:10] Price: 208.11
[2026-02-12T15:51:20] Price: 208.11
[2026-02-12T15:51:30] Price: 208.11
[2026-02-12T15:51:40] Price: 208.11
[2026-02-12T15:51:50] Price: 208.11
[2026-02-12T15:52:00] Price: 208.11
[2026-02-12T15:52:10] Price: 208.11
[2026-02-12T15:52:20] Price: 208.11
[2026-02-12T15:52:31] Price: 208.11
[2026-02-12T15:52:41] Price: 208.11
[2026-02-12T15:52:51] Price: 208.11
[2026-02-12T15:53:01] Price: 208.11
[2026-02-12T15:53:11] Price: 208.11
[2026-02-12T15:53:21] Price: 208.11
[2026-02-12T15:53:31] Price: 208.11
[2026-02-12T15:53:41] Price: 208.11
[2026-02-12T15:53:51] Price: 208.11
[2026-02-12T15:54:01] Price: 208.11
[2026-02-12T15:54:11] Price: 208.11
[2026-02-12T15:54:21] Price: 208.11
[2026-02-12T15:54:31] Price: 208.11
[2026-02-12T15:54:41] Price: 208.11
[2026-02-12T15:54:51] Price: 208.11
[2026-02-12T15:55:01] Price: 208.11
[2026-02-12T15:55:11] Price: 208.11
[2026-02-12T15:55:21] Price: 208.11
[2026-02-12T15:55:31] Price: 208.11
[2026-02-12T15:55:41] Price: 208.11
[2026-02-12T15:55:51] Price: 208.11
[2026-02-12T15:56:01] Price: 208.11
[2026-02-12T15:56:11] Price: 208.11
[2026-02-12T15:56:21] Price: 208.11
[2026-02-12T15:56:31] Price: 208.11
[2026-02-12T15:56:41] Price: 208.11
[2026-02-12T15:56:51] Price: 208.11
[2026-02-12T15:57:01] Price: 208.11
[2026-02-12T15:57:11] Price: 208.11
[2026-02-12T15:57:21] Price: 208.11
[2026-02-12T15:57:31] Price: 208.11
[2026-02-12T15:57:41] Price: 208.11
[2026-02-12T15:57:51] Price: 208.11
[2026-02-12T15:58:01] Price: 208.11
[2026-02-12T15:58:11] Price: 208.11
[2026-02-12T15:58:21] Price: 208.11
[2026-02-12T15:58:31] Price: 208.11
[2026-02-12T15:58:41] Price: 208.11
[2026-02-12T15:58:51] Price: 208.11
[2026-02-12T15:59:01] Price: 208.11
[2026-02-12T15:59:11] Price: 208.11
[2026-02-12T15:59:21] Price: 208.11
[2026-02-12T15:59:31] Price: 208.11
[2026-02-12T15:59:41] Price: 208.11
[2026-02-12T15:59:51] Price: 208.11
[2026-02-12T16:00:01] Price: 208.11
[2026-02-12T16:00:11] Price: 208.11
[2026-02-12T16:00:21] Price: 208.11
[2026-02-12T16:00:31] Price: 208.11
[2026-02-12T16:00:41] Price: 208.11
[2026-02-12T16:00:51] Price: 208.11
[2026-02-12T16:01:02] Price: 208.11
[2026-02-12T16:01:11] Price: 208.11
[2026-02-12T16:01:21] Price: 208.11
[2026-02-12T16:01:31] Price: 208.11
[2026-02-12T16:01:41] Price: 208.11
[2026-02-12T16:01:51] Price: 208.11
[2026-02-12T16:02:01] Price: 208.11
[2026-02-12T16:02:11] Price: 208.11
[2026-02-12T16:02:21] Price: 208.11
[2026-02-12T16:02:31] Price: 208.11
[2026-02-12T16:02:41] Price: 208.11
[2026-02-12T16:02:51] Price: 208.11
[2026-02-12T16:03:01] Price: 208.11
[2026-02-12T16:03:11] Price: 208.11
[2026-02-12T16:03:21] Price: 208.11
[2026-02-12T16:03:31] Price: 208.11
[2026-02-12T16:03:41] Price: 208.11
[2026-02-12T16:03:51] Price: 208.11
[2026-02-12T16:04:01] Price: 208.11
[2026-02-12T16:04:11] Price: 208.11
[2026-02-12T16:04:21] Price: 208.11
[2026-02-12T16:04:31] Price: 208.11
[2026-02-12T16:04:41] Price: 208.11
[2026-02-12T16:04:51] Price: 208.11
[2026-02-12T16:05:01] Price: 208.11
[2026-02-12T16:05:11] Price: 208.11
[2026-02-12T16:05:21] Price: 208.11
[2026-02-12T16:05:31] Price: 208.11
[2026-02-12T16:05:41] Price: 208.11
[2026-02-12T16:05:51] Price: 208.11
[2026-02-12T16:06:01] Price: 208.11
[2026-02-12T16:06:11] Price: 208.11
[2026-02-12T16:06:21] Price: 208.11
[2026-02-12T16:06:31] Price: 208.11
[2026-02-12T16:06:41] Price: 208.11
[2026-02-12T16:06:51] Price: 208.11
[2026-02-12T16:07:01] Price: 208.11
[2026-02-12T16:07:11] Price: 208.11
[2026-02-12T16:07:21] Price: 208.11
[2026-02-12T16:07:31] Price: 208.11
[2026-02-12T16:07:41] Price: 208.11
[2026-02-12T16:07:51] Price: 208.11
[2026-02-12T16:08:01] Price: 208.11
[2026-02-12T16:08:11] Price: 208.11
[2026-02-12T16:08:21] Price: 208.11
[2026-02-12T16:08:31] Price: 208.11
[2026-02-12T16:08:41] Price: 208.11
[2026-02-12T16:08:51] Price: 208.11
[2026-02-12T16:09:01] Price: 208.11
