[2026-02-13T09:05:42] BOT STARTED
[2026-02-13T09:05:52] Price: 208.11
[2026-02-13T09:06:02] Price: 208.11
[2026-02-13T09:06:12] Price: 208.11
[2026-02-13T09:06:22] Price: 208.11
[2026-02-13T09:06:32] Price: 208.11
[2026-02-13T09:06:42] Price: 208.11
[2026-02-13T09:06:52] Price: 208.11
[2026-02-13T09:07:02] Price: 208.11
[2026-02-13T09:07:12] Price: 208.11
[2026-02-13T09:07:22] Price: 206.59
[2026-02-13T09:07:32] Price: 206.59
[2026-02-13T09:07:42] Price: 206.59
[2026-02-13T09:07:52] Price: 206.59
[2026-02-13T09:08:02] Price: 206.59
[2026-02-13T09:08:12] Price: 206.59
[2026-02-13T09:08:22] Price: 206.59
[2026-02-13T09:08:32] Price: 206.59
[2026-02-13T09:08:42] Price: 206.59
[2026-02-13T09:08:53] Price: 206.59
[2026-02-13T09:09:03] Price: 206.59
[2026-02-13T09:09:14] Price: 206.59
[2026-02-13T09:09:23] Price: 206.59
[2026-02-13T09:09:33] Price: 206.59
[2026-02-13T09:09:43] Price: 206.59
[2026-02-13T09:09:53] Price: 206.59
[2026-02-13T09:10:03] Price: 206.59
[2026-02-13T09:10:13] Price: 206.59
[2026-02-13T09:10:23] Price: 206.59
[2026-02-13T09:10:33] Price: 206.59
[2026-02-13T09:10:43] Price: 206.59
[2026-02-13T09:10:53] Price: 206.59
[2026-02-13T09:11:03] Price: 206.59
[2026-02-13T09:11:13] Price: 206.59
[2026-02-13T09:11:23] Price: 206.59
[2026-02-13T09:11:33] Price: 206.59
[2026-02-13T09:11:43] Price: 206.59
[2026-02-13T09:11:53] Price: 206.59
[2026-02-13T09:12:03] Price: 206.59
[2026-02-13T09:12:13] Price: 206.59
[2026-02-13T09:12:23] Price: 206.59
[2026-02-13T09:12:33] Price: 206.59
[2026-02-13T09:12:43] Price: 206.59
[2026-02-13T09:12:53] Price: 206.59
[2026-02-13T09:13:03] Price: 206.59
[2026-02-13T09:13:13] Price: 206.59
[2026-02-13T09:13:23] Price: 206.59
[2026-02-13T09:13:33] Price: 206.59
[2026-02-13T09:13:43] Price: 206.59
[2026-02-13T09:13:53] Price: 206.59
[2026-02-13T09:14:03] Price: 206.59
[2026-02-13T09:14:13] Price: 206.59
[2026-02-13T09:14:23] Price: 206.59
[2026-02-13T09:14:33] Price: 206.59
[2026-02-13T09:14:43] Price: 206.59
[2026-02-13T09:14:53] Price: 206.59
[2026-02-13T09:15:03] Price: 205.78
[2026-02-13T09:15:13] Price: 206.63
[2026-02-13T09:15:23] Price: 206.38
[2026-02-13T09:15:33] Price: 206.36
[2026-02-13T09:15:43] Price: 206.47
[2026-02-13T09:15:53] Price: 206.3
[2026-02-13T09:16:03] Price: 205.95
[2026-02-13T09:16:13] Price: 205.98
[2026-02-13T09:16:23] Price: 205.94
[2026-02-13T09:16:33] Price: 205.91
[2026-02-13T09:16:43] Price: 206.01
[2026-02-13T09:16:53] Price: 206.01
[2026-02-13T09:17:03] Price: 206.17
[2026-02-13T09:17:13] Price: 206
[2026-02-13T09:17:23] Price: 206.17
[2026-02-13T09:17:33] Price: 206.03
[2026-02-13T09:17:43] Price: 206.2
[2026-02-13T09:17:53] Price: 206.12
[2026-02-13T09:18:03] Price: 206.13
[2026-02-13T09:18:13] Price: 206.1
[2026-02-13T09:18:13] BUY @ 206.1
[2026-02-13T09:18:23] Price: 206.12
[2026-02-13T09:18:33] Price: 206.18
[2026-02-13T09:18:43] Price: 206.18
[2026-02-13T09:18:53] Price: 206.2
[2026-02-13T09:19:03] Price: 206.28
[2026-02-13T09:19:13] Price: 206.59
[2026-02-13T09:19:23] Price: 206.59
[2026-02-13T09:19:33] Price: 206.47
[2026-02-13T09:19:43] Price: 206.6
[2026-02-13T09:19:53] Price: 206.35
[2026-02-13T09:20:03] Price: 206.4
[2026-02-13T09:20:13] Price: 206.34
[2026-02-13T09:20:23] Price: 206.21
[2026-02-13T09:20:33] Price: 206.21
[2026-02-13T09:20:43] Price: 206.26
[2026-02-13T09:20:53] Price: 206.25
[2026-02-13T09:21:03] Price: 206.55
[2026-02-13T09:21:13] Price: 206.48
[2026-02-13T09:21:23] Price: 206.58
[2026-02-13T09:21:33] Price: 206.41
[2026-02-13T09:21:43] Price: 206.45
[2026-02-13T09:21:53] Price: 206.51
[2026-02-13T09:22:03] Price: 206.46
[2026-02-13T09:22:13] Price: 206.32
[2026-02-13T09:22:23] Price: 206.4
[2026-02-13T09:22:33] Price: 206.25
[2026-02-13T09:22:43] Price: 206.3
[2026-02-13T09:22:53] Price: 206.29
[2026-02-13T09:23:03] Price: 206.31
[2026-02-13T09:23:14] Price: 206.3
[2026-02-13T09:23:23] Price: 206.4
[2026-02-13T09:23:33] Price: 206.3
[2026-02-13T09:23:43] Price: 206.38
[2026-02-13T09:23:53] Price: 206.41
[2026-02-13T09:24:03] Price: 206.4
[2026-02-13T09:24:13] Price: 206.5
[2026-02-13T09:24:23] Price: 206.4
[2026-02-13T09:24:34] Price: 206.31
[2026-02-13T09:24:43] Price: 206.36
[2026-02-13T09:24:53] Price: 206.32
[2026-02-13T09:25:03] Price: 206.33
[2026-02-13T09:25:13] Price: 206.28
[2026-02-13T09:25:23] Price: 206.12
[2026-02-13T09:25:33] Price: 205.99
[2026-02-13T09:25:43] Price: 206.05
[2026-02-13T09:25:53] Price: 206.01
[2026-02-13T09:26:03] Price: 206
[2026-02-13T09:26:13] Price: 205.98
[2026-02-13T09:26:23] Price: 205.91
[2026-02-13T09:26:33] Price: 205.91
[2026-02-13T09:26:43] Price: 205.97
[2026-02-13T09:26:53] Price: 205.89
[2026-02-13T09:27:03] Price: 205.85
[2026-02-13T09:27:14] Price: 205.85
[2026-02-13T09:27:24] Price: 205.88
[2026-02-13T09:27:34] Price: 205.81
[2026-02-13T09:27:44] Price: 205.8
[2026-02-13T09:27:54] Price: 205.85
[2026-02-13T09:28:04] Price: 205.84
[2026-02-13T09:28:14] Price: 205.86
[2026-02-13T09:28:24] Price: 205.78
[2026-02-13T09:28:34] Price: 205.69
[2026-02-13T09:28:44] Price: 205.74
[2026-02-13T09:28:54] Price: 205.6
[2026-02-13T09:29:04] Price: 205.72
[2026-02-13T09:29:14] Price: 205.6
[2026-02-13T09:29:24] Price: 205.59
[2026-02-13T09:29:24] SELL @ 205.59 | P/L -0.51
[2026-02-13T09:29:34] Price: 205.51
[2026-02-13T09:29:44] Price: 205.51
[2026-02-13T09:29:54] Price: 205.45
[2026-02-13T09:30:04] Price: 205.12
[2026-02-13T09:30:14] Price: 204.86
[2026-02-13T09:30:24] Price: 204.64
[2026-02-13T09:30:34] Price: 204.75
[2026-02-13T09:30:44] Price: 204.87
[2026-02-13T09:30:54] Price: 204.72
[2026-02-13T09:31:04] Price: 204.71
[2026-02-13T09:31:14] Price: 204.73
[2026-02-13T09:31:24] Price: 204.75
[2026-02-13T09:31:34] Price: 204.66
[2026-02-13T09:31:44] Price: 204.51
[2026-02-13T09:31:54] Price: 204.35
[2026-02-13T09:32:04] Price: 204.38
[2026-02-13T09:32:14] Price: 204.45
[2026-02-13T09:32:24] Price: 204.61
[2026-02-13T09:32:34] Price: 204.49
[2026-02-13T09:32:44] Price: 204.4
[2026-02-13T09:32:54] Price: 204.47
[2026-02-13T09:33:04] Price: 204.42
[2026-02-13T09:33:14] Price: 204.43
[2026-02-13T09:33:24] Price: 204.43
[2026-02-13T09:33:34] Price: 204.44
[2026-02-13T09:33:44] Price: 204.43
[2026-02-13T09:33:54] Price: 204.36
[2026-02-13T09:34:04] Price: 204.45
[2026-02-13T09:34:14] Price: 204.34
[2026-02-13T09:34:24] Price: 204.3
[2026-02-13T09:34:34] Price: 204.2
[2026-02-13T09:34:44] Price: 204.26
[2026-02-13T09:34:54] Price: 204.11
[2026-02-13T09:35:04] Price: 204.11
[2026-02-13T09:35:14] Price: 204.1
[2026-02-13T09:35:24] Price: 203.9
[2026-02-13T09:35:34] Price: 203.93
[2026-02-13T09:35:44] Price: 203.92
[2026-02-13T09:35:54] Price: 204.06
[2026-02-13T09:36:04] Price: 204.1
[2026-02-13T09:36:14] Price: 204.01
[2026-02-13T09:36:24] Price: 203.95
[2026-02-13T09:36:34] Price: 203.85
[2026-02-13T09:36:44] Price: 203.89
[2026-02-13T09:36:54] Price: 203.98
[2026-02-13T09:37:04] Price: 203.9
[2026-02-13T09:37:14] Price: 203.94
[2026-02-13T09:37:24] Price: 203.98
[2026-02-13T09:37:24] BUY @ 203.98
[2026-02-13T09:37:34] Price: 203.98
[2026-02-13T09:37:44] Price: 203.96
[2026-02-13T09:37:54] Price: 204.08
[2026-02-13T09:38:04] Price: 204.04
[2026-02-13T09:38:14] Price: 204.07
[2026-02-13T09:38:24] Price: 204.02
[2026-02-13T09:38:34] Price: 204.04
[2026-02-13T09:38:44] Price: 204
[2026-02-13T09:38:54] Price: 203.9
[2026-02-13T09:39:04] Price: 203.96
[2026-02-13T09:39:14] Price: 203.93
[2026-02-13T09:39:24] Price: 204.08
[2026-02-13T09:39:34] Price: 204
[2026-02-13T09:39:44] Price: 203.92
[2026-02-13T09:39:54] Price: 203.91
[2026-02-13T09:40:04] Price: 203.9
[2026-02-13T09:40:14] Price: 203.96
[2026-02-13T09:40:24] Price: 203.79
[2026-02-13T09:40:34] Price: 203.83
[2026-02-13T09:40:44] Price: 203.72
[2026-02-13T09:40:54] Price: 203.8
[2026-02-13T09:41:04] Price: 204.2
[2026-02-13T09:41:14] Price: 204.26
[2026-02-13T09:41:24] Price: 204.36
[2026-02-13T09:41:34] Price: 204.51
[2026-02-13T09:41:44] Price: 204.71
[2026-02-13T09:41:54] Price: 204.65
[2026-02-13T09:42:04] Price: 204.69
[2026-02-13T09:42:14] Price: 204.85
[2026-02-13T09:42:24] Price: 205.04
[2026-02-13T09:42:34] Price: 204.99
[2026-02-13T09:42:44] Price: 204.99
[2026-02-13T09:42:54] Price: 204.99
[2026-02-13T09:43:04] Price: 205.05
[2026-02-13T09:43:14] Price: 205.07
[2026-02-13T09:43:24] Price: 205.17
[2026-02-13T09:43:34] Price: 205.2
[2026-02-13T09:43:44] Price: 205.19
[2026-02-13T09:43:54] Price: 205.22
[2026-02-13T09:44:04] Price: 205.3
[2026-02-13T09:44:14] Price: 205.2
[2026-02-13T09:44:24] Price: 205.14
[2026-02-13T09:44:34] Price: 205.19
[2026-02-13T09:44:44] Price: 205.19
[2026-02-13T09:44:54] Price: 205.12
[2026-02-13T09:45:04] Price: 205.06
[2026-02-13T09:45:14] Price: 205
[2026-02-13T09:45:24] Price: 204.92
[2026-02-13T09:45:34] Price: 204.92
[2026-02-13T09:45:44] Price: 204.94
[2026-02-13T09:45:54] Price: 204.95
[2026-02-13T09:46:05] Price: 204.9
[2026-02-13T09:46:15] Price: 204.92
[2026-02-13T09:46:25] Price: 204.7
[2026-02-13T09:46:35] Price: 204.59
[2026-02-13T09:46:45] Price: 204.6
[2026-02-13T09:46:55] Price: 204.62
[2026-02-13T09:47:05] Price: 204.68
[2026-02-13T09:47:15] Price: 204.6
[2026-02-13T09:47:25] Price: 204.55
[2026-02-13T09:47:35] Price: 204.72
[2026-02-13T09:47:45] Price: 204.71
[2026-02-13T09:47:55] Price: 204.79
[2026-02-13T09:48:05] Price: 204.74
[2026-02-13T09:48:15] Price: 204.86
[2026-02-13T09:48:25] Price: 204.86
[2026-02-13T09:48:35] Price: 204.95
[2026-02-13T09:48:45] Price: 204.96
[2026-02-13T09:48:55] Price: 204.9
[2026-02-13T09:49:05] Price: 204.86
[2026-02-13T09:49:15] Price: 204.85
[2026-02-13T09:49:25] Price: 204.92
[2026-02-13T09:49:35] Price: 204.91
[2026-02-13T09:49:45] Price: 204.85
[2026-02-13T09:49:55] Price: 204.9
[2026-02-13T09:50:05] Price: 204.9
[2026-02-13T09:50:15] Price: 204.79
[2026-02-13T09:50:25] Price: 204.83
[2026-02-13T09:50:35] Price: 204.82
[2026-02-13T09:50:45] Price: 204.81
[2026-02-13T09:50:55] Price: 204.76
[2026-02-13T09:51:05] Price: 204.65
[2026-02-13T09:51:15] Price: 204.8
[2026-02-13T09:51:25] Price: 204.84
[2026-02-13T09:51:35] Price: 204.87
[2026-02-13T09:51:45] Price: 204.9
[2026-02-13T09:51:55] Price: 205.01
[2026-02-13T09:52:05] Price: 205.11
[2026-02-13T09:52:15] Price: 205.05
[2026-02-13T09:52:25] Price: 205.07
[2026-02-13T09:52:35] Price: 205.24
[2026-02-13T09:52:45] Price: 205.2
[2026-02-13T09:52:55] Price: 205.07
[2026-02-13T09:53:05] Price: 204.96
[2026-02-13T09:53:15] Price: 204.96
[2026-02-13T09:53:25] Price: 204.96
[2026-02-13T09:53:35] Price: 204.97
[2026-02-13T09:53:45] Price: 205.07
[2026-02-13T09:53:55] Price: 205.08
[2026-02-13T09:54:05] Price: 205.11
[2026-02-13T09:54:15] Price: 205.17
[2026-02-13T09:54:25] Price: 205.14
[2026-02-13T09:54:35] Price: 205.14
[2026-02-13T09:54:45] Price: 205.11
[2026-02-13T09:54:55] Price: 205.05
[2026-02-13T09:55:05] Price: 205.04
[2026-02-13T09:55:15] Price: 204.96
[2026-02-13T09:55:25] Price: 205
[2026-02-13T09:55:35] Price: 204.92
[2026-02-13T09:55:45] Price: 204.98
[2026-02-13T09:55:55] Price: 204.94
[2026-02-13T09:56:05] Price: 204.96
[2026-02-13T09:56:15] Price: 204.9
[2026-02-13T09:56:25] Price: 204.89
[2026-02-13T09:56:35] Price: 204.59
[2026-02-13T09:56:45] Price: 204.46
[2026-02-13T09:56:55] Price: 204.49
[2026-02-13T09:57:05] Price: 204.51
[2026-02-13T09:57:15] Price: 204.56
[2026-02-13T09:57:25] Price: 204.56
[2026-02-13T09:57:35] Price: 204.34
[2026-02-13T09:57:45] Price: 204.41
[2026-02-13T09:57:55] Price: 204.35
[2026-02-13T09:58:05] Price: 204.39
[2026-02-13T09:58:15] Price: 204.34
[2026-02-13T09:58:25] Price: 204.33
[2026-02-13T09:58:35] Price: 204.33
[2026-02-13T09:58:45] Price: 204.26
[2026-02-13T09:58:55] Price: 204.22
[2026-02-13T09:59:05] Price: 204.22
[2026-02-13T09:59:15] Price: 204.16
[2026-02-13T09:59:25] Price: 204.17
[2026-02-13T09:59:35] Price: 204.17
[2026-02-13T09:59:45] Price: 204.2
[2026-02-13T09:59:55] Price: 204.01
[2026-02-13T10:00:05] Price: 204.21
[2026-02-13T10:00:15] Price: 204.25
[2026-02-13T10:00:25] Price: 204.25
[2026-02-13T10:00:35] Price: 204.09
[2026-02-13T10:00:45] Price: 204.12
[2026-02-13T10:00:55] Price: 204.01
[2026-02-13T10:01:05] Price: 204.25
[2026-02-13T10:01:15] Price: 204.34
[2026-02-13T10:01:25] Price: 204.37
[2026-02-13T10:01:35] Price: 204.38
[2026-02-13T10:01:45] Price: 204.25
[2026-02-13T10:01:55] Price: 204.35
[2026-02-13T10:02:05] Price: 204.37
[2026-02-13T10:02:15] Price: 204.2
[2026-02-13T10:02:25] Price: 204.21
[2026-02-13T10:02:35] Price: 204.11
[2026-02-13T10:02:45] Price: 204.11
[2026-02-13T10:03:01] Price: 204.17
[2026-02-13T10:03:05] Price: 204.1
[2026-02-13T10:03:15] Price: 204.13
[2026-02-13T10:03:25] Price: 204.12
[2026-02-13T10:03:35] Price: 204.2
[2026-02-13T10:03:45] Price: 204.27
[2026-02-13T10:03:55] Price: 204.26
[2026-02-13T10:04:05] Price: 204.3
[2026-02-13T10:04:15] Price: 204.37
[2026-02-13T10:04:25] Price: 204.3
[2026-02-13T10:04:35] Price: 204.21
[2026-02-13T10:04:45] Price: 204.24
[2026-02-13T10:04:55] Price: 204.37
[2026-02-13T10:05:05] Price: 204.33
[2026-02-13T10:05:15] Price: 204.38
[2026-02-13T10:05:26] Price: 204.32
[2026-02-13T10:05:36] Price: 204.31
[2026-02-13T10:05:46] Price: 204.32
[2026-02-13T10:05:56] Price: 204.3
[2026-02-13T10:06:06] Price: 204.31
[2026-02-13T10:06:16] Price: 204.31
[2026-02-13T10:06:26] Price: 204.33
[2026-02-13T10:06:36] Price: 204.23
[2026-02-13T10:06:46] Price: 204.2
[2026-02-13T10:06:56] Price: 204.23
[2026-02-13T10:07:06] Price: 204.12
[2026-02-13T10:07:16] Price: 204.39
[2026-02-13T10:07:26] Price: 204.32
[2026-02-13T10:07:36] Price: 204.41
[2026-02-13T10:07:46] Price: 204.49
[2026-02-13T10:07:56] Price: 204.49
[2026-02-13T10:08:06] Price: 204.42
[2026-02-13T10:08:16] Price: 204.39
[2026-02-13T10:08:26] Price: 204.31
[2026-02-13T10:08:36] Price: 204.27
[2026-02-13T10:08:46] Price: 204.28
[2026-02-13T10:08:56] Price: 204.29
[2026-02-13T10:09:06] Price: 204.13
[2026-02-13T10:09:16] Price: 204.08
[2026-02-13T10:09:27] Price: 204.08
[2026-02-13T10:09:36] Price: 204
[2026-02-13T10:09:46] Price: 204.05
[2026-02-13T10:09:56] Price: 204.03
[2026-02-13T10:10:06] Price: 204.03
[2026-02-13T10:10:16] Price: 204.06
[2026-02-13T10:10:26] Price: 204.17
[2026-02-13T10:10:36] Price: 204.3
[2026-02-13T10:10:46] Price: 204.3
[2026-02-13T10:10:56] Price: 204.19
[2026-02-13T10:11:06] Price: 204.24
[2026-02-13T10:11:16] Price: 204.24
[2026-02-13T10:11:26] Price: 204.31
[2026-02-13T10:11:36] Price: 204.26
[2026-02-13T10:11:46] Price: 204.24
[2026-02-13T10:11:56] Price: 204.24
[2026-02-13T10:12:06] Price: 204.22
[2026-02-13T10:12:16] Price: 204.15
[2026-02-13T10:12:26] Price: 204.2
[2026-02-13T10:12:36] Price: 204.24
[2026-02-13T10:12:46] Price: 204.22
[2026-02-13T10:12:56] Price: 204.19
[2026-02-13T10:13:06] Price: 204.2
[2026-02-13T10:13:16] Price: 204.06
[2026-02-13T10:13:26] Price: 204.09
[2026-02-13T10:13:36] Price: 204.14
[2026-02-13T10:13:46] Price: 204.05
[2026-02-13T10:13:56] Price: 204.12
[2026-02-13T10:14:06] Price: 204
[2026-02-13T10:14:16] Price: 204
[2026-02-13T10:14:26] Price: 204
[2026-02-13T10:14:36] Price: 203.95
[2026-02-13T10:14:46] Price: 204.05
[2026-02-13T10:14:56] Price: 204
[2026-02-13T10:15:06] Price: 203.9
[2026-02-13T10:15:16] Price: 204.06
[2026-02-13T10:15:26] Price: 203.96
[2026-02-13T10:15:36] Price: 204
[2026-02-13T10:15:46] Price: 203.97
[2026-02-13T10:15:56] Price: 203.94
[2026-02-13T10:16:06] Price: 203.93
[2026-02-13T10:16:16] Price: 203.94
[2026-02-13T10:16:26] Price: 203.9
[2026-02-13T10:16:36] Price: 203.89
[2026-02-13T10:16:46] Price: 204
[2026-02-13T10:16:56] Price: 203.96
[2026-02-13T10:17:06] Price: 203.91
[2026-02-13T10:17:16] Price: 203.91
[2026-02-13T10:17:26] Price: 203.85
[2026-02-13T10:17:36] Price: 203.85
[2026-02-13T10:17:46] Price: 203.88
[2026-02-13T10:17:58] Price: 203.9
[2026-02-13T10:18:06] Price: 203.9
[2026-02-13T10:18:16] Price: 203.87
[2026-02-13T10:18:26] Price: 203.86
[2026-02-13T10:18:36] Price: 203.8
[2026-02-13T10:18:46] Price: 203.86
[2026-02-13T10:18:56] Price: 203.92
[2026-02-13T10:19:06] Price: 203.89
[2026-02-13T10:19:16] Price: 203.87
[2026-02-13T10:19:26] Price: 203.96
[2026-02-13T10:19:36] Price: 203.9
[2026-02-13T10:19:46] Price: 203.97
[2026-02-13T10:19:56] Price: 203.95
[2026-02-13T10:20:06] Price: 204
[2026-02-13T10:20:18] Price: 203.97
[2026-02-13T10:20:26] Price: 203.96
[2026-02-13T10:20:36] Price: 203.93
[2026-02-13T10:20:46] Price: 203.93
[2026-02-13T10:20:56] Price: 204
[2026-02-13T10:21:06] Price: 204
[2026-02-13T10:21:16] Price: 204.01
[2026-02-13T10:21:26] Price: 203.82
[2026-02-13T10:21:36] Price: 203.81
[2026-02-13T10:21:46] Price: 203.65
[2026-02-13T10:21:56] Price: 203.73
[2026-02-13T10:22:06] Price: 203.76
[2026-02-13T10:22:16] Price: 203.7
[2026-02-13T10:22:26] Price: 203.77
[2026-02-13T10:22:36] Price: 203.82
[2026-02-13T10:22:47] Price: 203.9
[2026-02-13T10:22:56] Price: 203.84
[2026-02-13T10:23:06] Price: 203.89
[2026-02-13T10:23:16] Price: 203.88
[2026-02-13T10:23:26] Price: 203.92
[2026-02-13T10:23:36] Price: 203.81
[2026-02-13T10:23:46] Price: 203.89
[2026-02-13T10:23:57] Price: 203.89
[2026-02-13T10:24:06] Price: 203.88
[2026-02-13T10:24:16] Price: 203.92
[2026-02-13T10:24:26] Price: 203.94
[2026-02-13T10:24:36] Price: 203.87
[2026-02-13T10:24:46] Price: 203.96
[2026-02-13T10:24:56] Price: 203.95
[2026-02-13T10:25:07] Price: 203.96
[2026-02-13T10:25:17] Price: 204
[2026-02-13T10:25:27] Price: 203.94
[2026-02-13T10:25:37] Price: 203.96
[2026-02-13T10:25:47] Price: 204
[2026-02-13T10:25:57] Price: 204
[2026-02-13T10:26:07] Price: 204.1
[2026-02-13T10:26:17] Price: 204.13
[2026-02-13T10:26:27] Price: 204.19
[2026-02-13T10:26:37] Price: 204.26
[2026-02-13T10:26:47] Price: 204.3
[2026-02-13T10:26:57] Price: 204.27
[2026-02-13T10:27:07] Price: 204.17
[2026-02-13T10:27:17] Price: 204.25
[2026-02-13T10:27:27] Price: 204.3
[2026-02-13T10:27:37] Price: 204.36
[2026-02-13T10:27:47] Price: 204.26
[2026-02-13T10:27:57] Price: 204.37
[2026-02-13T10:28:07] Price: 204.45
[2026-02-13T10:28:17] Price: 204.39
[2026-02-13T10:28:27] Price: 204.44
[2026-02-13T10:28:37] Price: 204.43
[2026-02-13T10:28:47] Price: 204.38
[2026-02-13T10:28:57] Price: 204.4
[2026-02-13T10:29:07] Price: 204.32
[2026-02-13T10:29:17] Price: 204.32
[2026-02-13T10:29:27] Price: 204.34
[2026-02-13T10:29:37] Price: 204.34
[2026-02-13T10:29:47] Price: 204.31
[2026-02-13T10:29:57] Price: 204.54
[2026-02-13T10:30:07] Price: 204.36
[2026-02-13T10:30:17] Price: 204.39
[2026-02-13T10:30:27] Price: 204.42
[2026-02-13T10:30:37] Price: 204.49
[2026-02-13T10:30:47] Price: 204.51
[2026-02-13T10:30:57] Price: 204.5
[2026-02-13T10:31:07] Price: 204.47
[2026-02-13T10:31:17] Price: 204.4
[2026-02-13T10:31:27] Price: 204.52
[2026-02-13T10:31:37] Price: 204.44
[2026-02-13T10:31:47] Price: 204.6
[2026-02-13T10:31:57] Price: 204.5
[2026-02-13T10:32:07] Price: 204.85
[2026-02-13T10:32:17] Price: 204.82
[2026-02-13T10:32:27] Price: 204.82
[2026-02-13T10:32:37] Price: 204.82
[2026-02-13T10:32:47] Price: 204.8
[2026-02-13T10:33:00] Price: 204.54
[2026-02-13T10:33:07] Price: 204.51
[2026-02-13T10:33:17] Price: 204.51
[2026-02-13T10:33:27] Price: 204.53
[2026-02-13T10:33:37] Price: 204.52
[2026-02-13T10:33:47] Price: 204.7
[2026-02-13T10:33:57] Price: 204.75
[2026-02-13T10:34:07] Price: 204.81
[2026-02-13T10:34:17] Price: 204.71
[2026-02-13T10:34:27] Price: 204.67
[2026-02-13T10:34:37] Price: 204.75
[2026-02-13T10:34:47] Price: 204.72
[2026-02-13T10:34:57] Price: 204.7
[2026-02-13T10:35:07] Price: 204.62
[2026-02-13T10:35:17] Price: 204.58
[2026-02-13T10:35:27] Price: 204.59
[2026-02-13T10:35:37] Price: 204.61
[2026-02-13T10:35:47] Price: 204.56
[2026-02-13T10:35:57] Price: 204.55
[2026-02-13T10:36:07] Price: 204.57
[2026-02-13T10:36:17] Price: 204.64
[2026-02-13T10:36:27] Price: 204.79
[2026-02-13T10:36:37] Price: 204.73
[2026-02-13T10:36:47] Price: 204.76
[2026-02-13T10:36:57] Price: 204.84
[2026-02-13T10:37:07] Price: 204.9
[2026-02-13T10:37:17] Price: 204.91
[2026-02-13T10:37:27] Price: 204.88
[2026-02-13T10:37:37] Price: 204.87
[2026-02-13T10:37:47] Price: 204.8
[2026-02-13T10:37:57] Price: 204.86
[2026-02-13T10:38:07] Price: 204.99
[2026-02-13T10:38:17] Price: 204.98
[2026-02-13T10:38:27] Price: 204.94
[2026-02-13T10:38:37] Price: 204.96
[2026-02-13T10:38:47] Price: 204.9
[2026-02-13T10:38:57] Price: 204.99
[2026-02-13T10:39:07] Price: 205.22
[2026-02-13T10:39:17] Price: 205.39
[2026-02-13T10:39:27] Price: 205.84
[2026-02-13T10:39:37] Price: 205.61
[2026-02-13T10:39:47] Price: 205.52
[2026-02-13T10:39:57] Price: 205.38
[2026-02-13T10:40:07] Price: 205.33
[2026-02-13T10:40:17] Price: 205.58
[2026-02-13T10:40:27] Price: 205.56
[2026-02-13T10:40:37] Price: 205.45
[2026-02-13T10:40:47] Price: 205.56
[2026-02-13T10:40:57] Price: 205.65
[2026-02-13T10:41:07] Price: 205.59
[2026-02-13T10:41:17] Price: 205.51
[2026-02-13T10:41:27] Price: 205.43
[2026-02-13T10:41:37] Price: 205.6
[2026-02-13T10:41:47] Price: 205.53
[2026-02-13T10:41:57] Price: 205.53
[2026-02-13T10:42:07] Price: 205.52
[2026-02-13T10:42:17] Price: 205.5
[2026-02-13T10:42:27] Price: 205.64
[2026-02-13T10:42:37] Price: 205.7
[2026-02-13T10:42:47] Price: 205.69
[2026-02-13T10:42:57] Price: 205.7
[2026-02-13T10:43:07] Price: 205.73
[2026-02-13T10:43:17] Price: 205.69
[2026-02-13T10:43:27] Price: 205.64
[2026-02-13T10:43:37] Price: 205.84
[2026-02-13T10:43:47] Price: 205.85
[2026-02-13T10:43:57] Price: 205.84
[2026-02-13T10:44:07] Price: 205.75
[2026-02-13T10:44:17] Price: 205.75
[2026-02-13T10:44:28] Price: 205.78
[2026-02-13T10:44:37] Price: 205.63
[2026-02-13T10:44:48] Price: 205.68
[2026-02-13T10:44:58] Price: 205.63
[2026-02-13T10:45:08] Price: 205.65
[2026-02-13T10:45:18] Price: 205.7
[2026-02-13T10:45:28] Price: 205.75
[2026-02-13T10:45:38] Price: 205.61
[2026-02-13T10:45:48] Price: 205.49
[2026-02-13T10:45:58] Price: 205.5
[2026-02-13T10:46:08] Price: 205.39
[2026-02-13T10:46:18] Price: 205.28
[2026-02-13T10:46:28] Price: 205.25
[2026-02-13T10:46:38] Price: 205.3
[2026-02-13T10:46:48] Price: 205.18
[2026-02-13T10:46:58] Price: 205.24
[2026-02-13T10:47:08] Price: 205.15
[2026-02-13T10:47:18] Price: 205.11
[2026-02-13T10:47:28] Price: 204.99
[2026-02-13T10:47:38] Price: 204.93
[2026-02-13T10:47:48] Price: 204.89
[2026-02-13T10:47:58] Price: 205
[2026-02-13T10:48:08] Price: 205.18
[2026-02-13T10:48:18] Price: 205.12
[2026-02-13T10:48:28] Price: 205.12
[2026-02-13T10:48:38] Price: 205.17
[2026-02-13T10:48:48] Price: 205.11
[2026-02-13T10:48:58] Price: 205.12
[2026-02-13T10:49:08] Price: 205.07
[2026-02-13T10:49:18] Price: 205.07
[2026-02-13T10:49:28] Price: 205.09
[2026-02-13T10:49:38] Price: 205.02
[2026-02-13T10:49:48] Price: 205.02
[2026-02-13T10:49:58] Price: 205.02
[2026-02-13T10:50:08] Price: 204.97
[2026-02-13T10:50:18] Price: 204.83
[2026-02-13T10:50:28] Price: 204.76
[2026-02-13T10:50:38] Price: 204.75
[2026-02-13T10:50:48] Price: 204.78
[2026-02-13T10:50:58] Price: 204.76
[2026-02-13T10:51:08] Price: 204.69
[2026-02-13T10:51:18] Price: 204.66
[2026-02-13T10:51:28] Price: 204.67
[2026-02-13T10:51:38] Price: 204.75
[2026-02-13T10:51:48] Price: 204.68
[2026-02-13T10:51:58] Price: 204.73
[2026-02-13T10:52:08] Price: 204.74
[2026-02-13T10:52:18] Price: 204.7
[2026-02-13T10:52:28] Price: 204.75
[2026-02-13T10:52:38] Price: 204.7
[2026-02-13T10:52:48] Price: 204.68
[2026-02-13T10:52:58] Price: 204.63
[2026-02-13T10:53:08] Price: 204.66
[2026-02-13T10:53:18] Price: 204.6
[2026-02-13T10:53:28] Price: 204.71
[2026-02-13T10:53:38] Price: 204.84
[2026-02-13T10:53:48] Price: 204.85
[2026-02-13T10:53:58] Price: 204.76
[2026-02-13T10:54:08] Price: 204.67
[2026-02-13T10:54:18] Price: 204.64
[2026-02-13T10:54:28] Price: 204.68
[2026-02-13T10:54:38] Price: 204.62
[2026-02-13T10:54:48] Price: 204.58
[2026-02-13T10:54:58] Price: 204.53
[2026-02-13T10:55:08] Price: 204.5
[2026-02-13T10:55:18] Price: 204.5
[2026-02-13T10:55:28] Price: 204.56
[2026-02-13T10:55:38] Price: 204.61
[2026-02-13T10:55:48] Price: 204.68
[2026-02-13T10:55:58] Price: 204.7
[2026-02-13T10:56:08] Price: 204.62
[2026-02-13T10:56:18] Price: 204.67
[2026-02-13T10:56:28] Price: 204.64
[2026-02-13T10:56:38] Price: 204.65
[2026-02-13T10:56:48] Price: 204.64
[2026-02-13T10:56:58] Price: 204.66
[2026-02-13T10:57:08] Price: 204.64
[2026-02-13T10:57:18] Price: 204.6
[2026-02-13T10:57:28] Price: 204.54
[2026-02-13T10:57:38] Price: 204.52
[2026-02-13T10:57:48] Price: 204.5
[2026-02-13T10:57:58] Price: 204.54
[2026-02-13T10:58:08] Price: 204.57
[2026-02-13T10:58:18] Price: 204.49
[2026-02-13T10:58:28] Price: 204.29
[2026-02-13T10:58:38] Price: 204.3
[2026-02-13T10:58:48] Price: 204.31
[2026-02-13T10:58:58] Price: 204.3
[2026-02-13T10:59:08] Price: 204.22
[2026-02-13T10:59:18] Price: 204.21
[2026-02-13T10:59:28] Price: 204.2
[2026-02-13T10:59:38] Price: 204.2
[2026-02-13T10:59:48] Price: 204.43
[2026-02-13T10:59:58] Price: 204.59
[2026-02-13T11:00:08] Price: 204.55
[2026-02-13T11:00:18] Price: 204.51
[2026-02-13T11:00:28] Price: 204.48
[2026-02-13T11:00:38] Price: 204.39
[2026-02-13T11:00:48] Price: 204.41
[2026-02-13T11:00:58] Price: 204.42
[2026-02-13T11:01:08] Price: 204.6
[2026-02-13T11:01:18] Price: 204.65
[2026-02-13T11:01:28] Price: 204.64
[2026-02-13T11:01:38] Price: 204.6
[2026-02-13T11:01:48] Price: 204.61
[2026-02-13T11:01:58] Price: 204.63
[2026-02-13T11:02:08] Price: 204.6
[2026-02-13T11:02:18] Price: 204.56
[2026-02-13T11:02:28] Price: 204.54
[2026-02-13T11:02:38] Price: 204.56
[2026-02-13T11:02:48] Price: 204.4
[2026-02-13T11:03:00] Price: 204.4
[2026-02-13T11:03:08] Price: 204.43
[2026-02-13T11:03:18] Price: 204.46
[2026-02-13T11:03:28] Price: 204.49
[2026-02-13T11:03:38] Price: 204.48
[2026-02-13T11:03:48] Price: 204.5
[2026-02-13T11:03:58] Price: 204.42
[2026-02-13T11:04:08] Price: 204.48
[2026-02-13T11:04:18] Price: 204.43
[2026-02-13T11:04:28] Price: 204.44
[2026-02-13T11:04:38] Price: 204.44
[2026-02-13T11:04:48] Price: 204.39
[2026-02-13T11:04:58] Price: 204.48
[2026-02-13T11:05:08] Price: 204.49
[2026-02-13T11:05:18] Price: 204.52
[2026-02-13T11:05:28] Price: 204.57
[2026-02-13T11:05:38] Price: 204.56
[2026-02-13T11:05:48] Price: 204.44
[2026-02-13T11:05:58] Price: 204.45
[2026-02-13T11:06:08] Price: 204.51
[2026-02-13T11:06:18] Price: 204.5
[2026-02-13T11:06:28] Price: 204.41
[2026-02-13T11:06:38] Price: 204.41
[2026-02-13T11:06:50] Price: 204.41
[2026-02-13T11:06:59] Price: 204.55
[2026-02-13T11:07:09] Price: 204.5
[2026-02-13T11:07:19] Price: 204.51
[2026-02-13T11:07:29] Price: 204.6
[2026-02-13T11:07:39] Price: 204.55
[2026-02-13T11:07:49] Price: 204.58
[2026-02-13T11:07:59] Price: 204.56
[2026-02-13T11:08:09] Price: 204.6
[2026-02-13T11:08:19] Price: 204.64
[2026-02-13T11:08:29] Price: 204.71
[2026-02-13T11:08:39] Price: 204.66
[2026-02-13T11:08:49] Price: 204.64
[2026-02-13T11:08:59] Price: 204.65
[2026-02-13T11:09:09] Price: 204.7
[2026-02-13T11:09:19] Price: 204.63
[2026-02-13T11:09:29] Price: 204.57
[2026-02-13T11:09:39] Price: 204.57
[2026-02-13T11:09:49] Price: 204.58
[2026-02-13T11:09:59] Price: 204.61
[2026-02-13T11:10:09] Price: 204.61
[2026-02-13T11:10:19] Price: 204.83
[2026-02-13T11:10:29] Price: 204.9
[2026-02-13T11:10:39] Price: 204.96
[2026-02-13T11:10:49] Price: 204.86
[2026-02-13T11:10:59] Price: 204.91
[2026-02-13T11:11:09] Price: 204.85
[2026-02-13T11:11:19] Price: 204.95
[2026-02-13T11:11:29] Price: 204.94
[2026-02-13T11:11:39] Price: 204.93
[2026-02-13T11:11:49] Price: 204.87
[2026-02-13T11:11:59] Price: 204.85
[2026-02-13T11:12:09] Price: 204.84
[2026-02-13T11:12:19] Price: 204.83
[2026-02-13T11:12:29] Price: 204.75
[2026-02-13T11:12:39] Price: 204.75
[2026-02-13T11:12:49] Price: 204.75
[2026-02-13T11:12:59] Price: 204.8
[2026-02-13T11:13:09] Price: 204.82
[2026-02-13T11:13:19] Price: 204.85
[2026-02-13T11:13:29] Price: 204.89
[2026-02-13T11:13:39] Price: 204.89
[2026-02-13T11:13:49] Price: 204.84
[2026-02-13T11:13:59] Price: 204.89
[2026-02-13T11:14:09] Price: 204.9
[2026-02-13T11:14:19] Price: 204.89
[2026-02-13T11:14:29] Price: 204.9
[2026-02-13T11:14:39] Price: 204.93
[2026-02-13T11:14:49] Price: 204.88
[2026-02-13T11:14:59] Price: 204.88
[2026-02-13T11:15:09] Price: 204.89
[2026-02-13T11:15:19] Price: 205.15
[2026-02-13T11:15:29] Price: 205.19
[2026-02-13T11:15:39] Price: 205.21
[2026-02-13T11:15:49] Price: 205.22
[2026-02-13T11:15:59] Price: 205.21
[2026-02-13T11:16:09] Price: 205.19
[2026-02-13T11:16:19] Price: 205.18
[2026-02-13T11:16:29] Price: 205.11
[2026-02-13T11:16:39] Price: 205.1
[2026-02-13T11:16:49] Price: 205.1
[2026-02-13T11:16:59] Price: 205.02
[2026-02-13T11:17:09] Price: 205
[2026-02-13T11:17:19] Price: 205.08
[2026-02-13T11:17:29] Price: 205.04
[2026-02-13T11:17:39] Price: 205
[2026-02-13T11:17:49] Price: 204.83
[2026-02-13T11:18:01] Price: 204.84
[2026-02-13T11:18:09] Price: 204.79
[2026-02-13T11:18:19] Price: 204.76
[2026-02-13T11:18:29] Price: 204.85
[2026-02-13T11:18:39] Price: 204.82
[2026-02-13T11:18:49] Price: 204.73
[2026-02-13T11:18:59] Price: 204.66
[2026-02-13T11:19:09] Price: 204.69
[2026-02-13T11:19:19] Price: 204.73
[2026-02-13T11:19:29] Price: 204.68
[2026-02-13T11:19:39] Price: 204.7
[2026-02-13T11:19:49] Price: 204.63
[2026-02-13T11:19:59] Price: 204.67
[2026-02-13T11:20:09] Price: 204.65
[2026-02-13T11:20:19] Price: 204.51
[2026-02-13T11:20:29] Price: 204.68
[2026-02-13T11:20:39] Price: 204.66
[2026-02-13T11:20:49] Price: 204.6
[2026-02-13T11:20:59] Price: 204.64
[2026-02-13T11:21:09] Price: 204.64
[2026-02-13T11:21:19] Price: 204.7
[2026-02-13T11:21:29] Price: 204.7
[2026-02-13T11:21:39] Price: 204.71
[2026-02-13T11:21:49] Price: 204.76
[2026-02-13T11:21:59] Price: 204.62
[2026-02-13T11:22:09] Price: 204.67
[2026-02-13T11:22:19] Price: 204.67
[2026-02-13T11:22:29] Price: 204.69
[2026-02-13T11:22:39] Price: 204.6
[2026-02-13T11:22:49] Price: 204.57
[2026-02-13T11:22:59] Price: 204.64
[2026-02-13T11:23:09] Price: 204.6
[2026-02-13T11:23:19] Price: 204.51
[2026-02-13T11:23:29] Price: 204.44
[2026-02-13T11:23:39] Price: 204.48
[2026-02-13T11:23:49] Price: 204.46
[2026-02-13T11:23:59] Price: 204.56
[2026-02-13T11:24:09] Price: 204.5
[2026-02-13T11:24:19] Price: 204.49
[2026-02-13T11:24:29] Price: 204.44
[2026-02-13T11:24:39] Price: 204.48
[2026-02-13T11:24:49] Price: 204.29
[2026-02-13T11:24:59] Price: 204.34
[2026-02-13T11:25:09] Price: 204.46
[2026-02-13T11:25:19] Price: 204.44
[2026-02-13T11:25:29] Price: 204.48
[2026-02-13T11:25:39] Price: 204.55
[2026-02-13T11:25:49] Price: 204.51
[2026-02-13T11:25:59] Price: 204.39
[2026-02-13T11:26:09] Price: 204.44
[2026-02-13T11:26:19] Price: 204.44
[2026-02-13T11:26:29] Price: 204.52
[2026-02-13T11:26:40] Price: 204.58
[2026-02-13T11:26:49] Price: 204.54
[2026-02-13T11:26:59] Price: 204.65
[2026-02-13T11:27:09] Price: 204.62
[2026-02-13T11:27:19] Price: 204.54
[2026-02-13T11:27:30] Price: 204.54
[2026-02-13T11:27:40] Price: 204.56
[2026-02-13T11:27:50] Price: 204.55
[2026-02-13T11:28:00] Price: 204.58
[2026-02-13T11:28:10] Price: 204.46
[2026-02-13T11:28:20] Price: 204.45
[2026-02-13T11:28:30] Price: 204.42
[2026-02-13T11:28:40] Price: 204.4
[2026-02-13T11:28:50] Price: 204.49
[2026-02-13T11:29:00] Price: 204.53
[2026-02-13T11:29:10] Price: 204.39
[2026-02-13T11:29:20] Price: 204.37
[2026-02-13T11:29:30] Price: 204.35
[2026-02-13T11:29:40] Price: 204.4
[2026-02-13T11:29:50] Price: 204.38
[2026-02-13T11:30:00] Price: 204.43
[2026-02-13T11:30:10] Price: 204.45
[2026-02-13T11:30:20] Price: 204.39
[2026-02-13T11:30:30] Price: 204.37
[2026-02-13T11:30:40] Price: 204.31
[2026-02-13T11:30:50] Price: 204.3
[2026-02-13T11:31:00] Price: 204.36
[2026-02-13T11:31:10] Price: 204.3
[2026-02-13T11:31:20] Price: 204.3
[2026-02-13T11:31:30] Price: 204.3
[2026-02-13T11:31:40] Price: 204.25
[2026-02-13T11:31:50] Price: 204.38
[2026-02-13T11:32:00] Price: 204.38
[2026-02-13T11:32:10] Price: 204.44
[2026-02-13T11:32:20] Price: 204.45
[2026-02-13T11:32:30] Price: 204.3
[2026-02-13T11:32:40] Price: 204.34
[2026-02-13T11:32:50] Price: 204.4
[2026-02-13T11:33:00] Price: 204.4
[2026-02-13T11:33:10] Price: 204.41
[2026-02-13T11:33:20] Price: 204.38
[2026-02-13T11:33:30] Price: 204.48
[2026-02-13T11:33:40] Price: 204.55
[2026-02-13T11:33:50] Price: 204.51
[2026-02-13T11:34:00] Price: 204.49
[2026-02-13T11:34:10] Price: 204.44
[2026-02-13T11:34:20] Price: 204.44
[2026-02-13T11:34:30] Price: 204.41
[2026-02-13T11:34:40] Price: 204.41
[2026-02-13T11:34:50] Price: 204.42
[2026-02-13T11:35:00] Price: 204.3
[2026-02-13T11:35:10] Price: 204.31
[2026-02-13T11:35:20] Price: 204.33
[2026-02-13T11:35:30] Price: 204.27
[2026-02-13T11:35:40] Price: 204.29
[2026-02-13T11:35:50] Price: 204.37
[2026-02-13T11:36:00] Price: 204.36
[2026-02-13T11:36:10] Price: 204.35
[2026-02-13T11:36:20] Price: 204.36
[2026-02-13T11:36:30] Price: 204.31
[2026-02-13T11:36:40] Price: 204.33
[2026-02-13T11:36:50] Price: 204.24
[2026-02-13T11:37:00] Price: 204.2
[2026-02-13T11:37:10] Price: 204.25
[2026-02-13T11:37:20] Price: 204.24
[2026-02-13T11:37:30] Price: 204.39
[2026-02-13T11:37:40] Price: 204.35
[2026-02-13T11:37:50] Price: 204.3
[2026-02-13T11:38:00] Price: 204.15
[2026-02-13T11:38:10] Price: 204.09
[2026-02-13T11:38:20] Price: 203.98
[2026-02-13T11:38:30] Price: 204
[2026-02-13T11:38:40] Price: 204.02
[2026-02-13T11:38:50] Price: 204.2
[2026-02-13T11:39:01] Price: 204.29
[2026-02-13T11:39:10] Price: 204.28
[2026-02-13T11:39:20] Price: 204.26
[2026-02-13T11:39:30] Price: 204.24
[2026-02-13T11:39:40] Price: 204.15
[2026-02-13T11:39:50] Price: 204.04
[2026-02-13T11:40:00] Price: 204.1
[2026-02-13T11:40:10] Price: 204.13
[2026-02-13T11:40:20] Price: 204.13
[2026-02-13T11:40:30] Price: 204.2
[2026-02-13T11:40:40] Price: 204.26
[2026-02-13T11:40:50] Price: 204.2
[2026-02-13T11:41:00] Price: 204.25
[2026-02-13T11:41:10] Price: 204.2
[2026-02-13T11:41:20] Price: 204.05
[2026-02-13T11:41:30] Price: 204.1
[2026-02-13T11:41:40] Price: 204.1
[2026-02-13T11:41:50] Price: 204.01
[2026-02-13T11:42:00] Price: 204.01
[2026-02-13T11:42:10] Price: 204.08
[2026-02-13T11:42:20] Price: 204.09
[2026-02-13T11:42:30] Price: 204.06
[2026-02-13T11:42:40] Price: 204.02
[2026-02-13T11:42:50] Price: 204.1
[2026-02-13T11:43:00] Price: 204.2
[2026-02-13T11:43:10] Price: 204.2
[2026-02-13T11:43:20] Price: 204.23
[2026-02-13T11:43:30] Price: 204.25
[2026-02-13T11:43:40] Price: 204.25
[2026-02-13T11:43:50] Price: 204.09
[2026-02-13T11:44:00] Price: 204.09
[2026-02-13T11:44:10] Price: 204.03
[2026-02-13T11:44:20] Price: 204.05
[2026-02-13T11:44:30] Price: 204.01
[2026-02-13T11:44:40] Price: 204.07
[2026-02-13T11:44:50] Price: 204.04
[2026-02-13T11:45:00] Price: 204.1
[2026-02-13T11:45:10] Price: 204.15
[2026-02-13T11:45:20] Price: 204.14
[2026-02-13T11:45:30] Price: 204.36
[2026-02-13T11:45:40] Price: 204.35
[2026-02-13T11:45:50] Price: 204.25
[2026-02-13T11:46:00] Price: 204.21
[2026-02-13T11:46:10] Price: 204.24
[2026-02-13T11:46:20] Price: 204.27
[2026-02-13T11:46:30] Price: 204.25
[2026-02-13T11:46:40] Price: 204.3
[2026-02-13T11:46:50] Price: 204.3
[2026-02-13T11:47:00] Price: 204.28
[2026-02-13T11:47:10] Price: 204.26
[2026-02-13T11:47:20] Price: 204.3
[2026-02-13T11:47:30] Price: 204.4
[2026-02-13T11:47:40] Price: 204.4
[2026-02-13T11:47:50] Price: 204.5
[2026-02-13T11:48:00] Price: 204.35
[2026-02-13T11:48:10] Price: 204.42
[2026-02-13T11:48:21] Price: 204.52
[2026-02-13T11:48:30] Price: 204.55
[2026-02-13T11:48:40] Price: 204.52
[2026-02-13T11:48:51] Price: 204.42
[2026-02-13T11:49:00] Price: 204.47
[2026-02-13T11:49:11] Price: 204.49
[2026-02-13T11:49:21] Price: 204.44
[2026-02-13T11:49:31] Price: 204.4
[2026-02-13T11:49:41] Price: 204.4
[2026-02-13T11:49:51] Price: 204.4
[2026-02-13T11:50:01] Price: 204.44
[2026-02-13T11:50:11] Price: 204.36
[2026-02-13T11:50:21] Price: 204.4
[2026-02-13T11:50:31] Price: 204.4
[2026-02-13T11:50:41] Price: 204.31
[2026-02-13T11:50:51] Price: 204.41
[2026-02-13T11:51:01] Price: 204.55
[2026-02-13T11:51:11] Price: 204.4
[2026-02-13T11:51:21] Price: 204.45
[2026-02-13T11:51:31] Price: 204.28
[2026-02-13T11:51:41] Price: 204.25
[2026-02-13T11:51:51] Price: 204.24
[2026-02-13T11:52:01] Price: 204.17
[2026-02-13T11:52:11] Price: 204.21
[2026-02-13T11:52:21] Price: 204.34
[2026-02-13T11:52:31] Price: 204.22
[2026-02-13T11:52:41] Price: 204.22
[2026-02-13T11:52:51] Price: 204.17
[2026-02-13T11:53:01] Price: 204.38
[2026-02-13T11:53:11] Price: 204.23
[2026-02-13T11:53:21] Price: 204.32
[2026-02-13T11:53:31] Price: 204.36
[2026-02-13T11:53:41] Price: 204.31
[2026-02-13T11:53:51] Price: 204.26
[2026-02-13T11:54:01] Price: 204.34
[2026-02-13T11:54:11] Price: 204.35
[2026-02-13T11:54:21] Price: 204.39
[2026-02-13T11:54:31] Price: 204.25
[2026-02-13T11:54:41] Price: 204.35
[2026-02-13T11:54:51] Price: 204.37
[2026-02-13T11:55:01] Price: 204.37
[2026-02-13T11:55:11] Price: 204.37
[2026-02-13T11:55:21] Price: 204.32
[2026-02-13T11:55:31] Price: 204.2
[2026-02-13T11:55:41] Price: 204.21
[2026-02-13T11:55:51] Price: 204.16
[2026-02-13T11:56:01] Price: 204.22
[2026-02-13T11:56:11] Price: 204.3
[2026-02-13T11:56:21] Price: 204.34
[2026-02-13T11:56:31] Price: 204.33
[2026-02-13T11:56:41] Price: 204.32
[2026-02-13T11:56:51] Price: 204.29
[2026-02-13T11:57:01] Price: 204.27
[2026-02-13T11:57:11] Price: 204.29
[2026-02-13T11:57:21] Price: 204.27
[2026-02-13T11:57:31] Price: 204.25
[2026-02-13T11:57:41] Price: 204.25
[2026-02-13T11:57:51] Price: 204.21
[2026-02-13T11:58:01] Price: 204.22
[2026-02-13T11:58:11] Price: 204.18
[2026-02-13T11:58:21] Price: 204.22
[2026-02-13T11:58:31] Price: 204.25
[2026-02-13T11:58:41] Price: 204.25
[2026-02-13T11:58:51] Price: 204.16
[2026-02-13T11:59:01] Price: 204.15
[2026-02-13T11:59:11] Price: 204.12
[2026-02-13T11:59:21] Price: 204.14
[2026-02-13T11:59:31] Price: 204.14
[2026-02-13T11:59:41] Price: 204.1
[2026-02-13T11:59:51] Price: 204.13
[2026-02-13T12:00:01] Price: 204.15
[2026-02-13T12:00:11] Price: 204.1
[2026-02-13T12:00:21] Price: 204.14
[2026-02-13T12:00:31] Price: 204.18
[2026-02-13T12:00:41] Price: 204.17
[2026-02-13T12:00:51] Price: 204.07
[2026-02-13T12:01:01] Price: 204.05
[2026-02-13T12:01:11] Price: 204.08
[2026-02-13T12:01:21] Price: 204.15
[2026-02-13T12:01:31] Price: 204.08
[2026-02-13T12:01:41] Price: 204.12
[2026-02-13T12:01:51] Price: 204.12
[2026-02-13T12:02:01] Price: 204.15
[2026-02-13T12:02:11] Price: 204.15
[2026-02-13T12:02:21] Price: 204.13
[2026-02-13T12:02:31] Price: 204.13
[2026-02-13T12:02:41] Price: 204.13
[2026-02-13T12:02:51] Price: 204.25
[2026-02-13T12:03:01] Price: 204.28
[2026-02-13T12:03:11] Price: 204.28
[2026-02-13T12:03:21] Price: 204.21
[2026-02-13T12:03:31] Price: 204.22
[2026-02-13T12:03:41] Price: 204.2
[2026-02-13T12:03:51] Price: 204.19
[2026-02-13T12:04:01] Price: 204.26
[2026-02-13T12:04:11] Price: 204.3
[2026-02-13T12:04:21] Price: 204.23
[2026-02-13T12:04:31] Price: 204.25
[2026-02-13T12:04:41] Price: 204.24
[2026-02-13T12:04:51] Price: 204.24
[2026-02-13T12:05:02] Price: 204.24
[2026-02-13T12:05:11] Price: 204.22
[2026-02-13T12:05:21] Price: 204.26
[2026-02-13T12:05:31] Price: 204.26
[2026-02-13T12:05:41] Price: 204.26
[2026-02-13T12:05:51] Price: 204.3
[2026-02-13T12:06:01] Price: 204.3
[2026-02-13T12:06:11] Price: 204.35
[2026-02-13T12:06:21] Price: 204.3
[2026-02-13T12:06:31] Price: 204.24
[2026-02-13T12:06:41] Price: 204.33
[2026-02-13T12:06:51] Price: 204.34
[2026-02-13T12:07:01] Price: 204.36
[2026-02-13T12:07:11] Price: 204.36
[2026-02-13T12:07:21] Price: 204.41
[2026-02-13T12:07:31] Price: 204.41
[2026-02-13T12:07:41] Price: 204.44
[2026-02-13T12:07:51] Price: 204.4
[2026-02-13T12:08:01] Price: 204.39
[2026-02-13T12:08:11] Price: 204.39
[2026-02-13T12:08:21] Price: 204.36
[2026-02-13T12:08:31] Price: 204.42
[2026-02-13T12:08:41] Price: 204.42
[2026-02-13T12:08:51] Price: 204.41
[2026-02-13T12:09:01] Price: 204.38
[2026-02-13T12:09:11] Price: 204.37
[2026-02-13T12:09:21] Price: 204.44
[2026-02-13T12:09:31] Price: 204.48
[2026-02-13T12:09:42] Price: 204.45
[2026-02-13T12:09:52] Price: 204.47
[2026-02-13T12:10:02] Price: 204.45
[2026-02-13T12:10:12] Price: 204.34
[2026-02-13T12:10:22] Price: 204.4
[2026-02-13T12:10:32] Price: 204.45
[2026-02-13T12:10:42] Price: 204.45
[2026-02-13T12:10:52] Price: 204.46
[2026-02-13T12:11:02] Price: 204.45
[2026-02-13T12:11:12] Price: 204.62
[2026-02-13T12:11:22] Price: 204.82
[2026-02-13T12:11:32] Price: 204.71
[2026-02-13T12:11:42] Price: 204.61
[2026-02-13T12:11:52] Price: 204.5
[2026-02-13T12:12:02] Price: 204.6
[2026-02-13T12:12:12] Price: 204.6
[2026-02-13T12:12:22] Price: 204.54
[2026-02-13T12:12:32] Price: 204.55
[2026-02-13T12:12:42] Price: 204.59
[2026-02-13T12:12:52] Price: 204.7
[2026-02-13T12:13:02] Price: 204.67
[2026-02-13T12:13:12] Price: 204.72
[2026-02-13T12:13:22] Price: 204.7
[2026-02-13T12:13:32] Price: 204.71
[2026-02-13T12:13:42] Price: 204.63
[2026-02-13T12:13:52] Price: 204.65
[2026-02-13T12:14:02] Price: 204.69
[2026-02-13T12:14:12] Price: 204.69
[2026-02-13T12:14:22] Price: 204.69
[2026-02-13T12:14:32] Price: 204.79
[2026-02-13T12:14:42] Price: 204.85
[2026-02-13T12:14:52] Price: 204.86
[2026-02-13T12:15:02] Price: 204.84
[2026-02-13T12:15:12] Price: 204.85
[2026-02-13T12:15:22] Price: 204.8
[2026-02-13T12:15:32] Price: 204.72
[2026-02-13T12:15:42] Price: 204.93
[2026-02-13T12:15:52] Price: 204.77
[2026-02-13T12:16:02] Price: 204.81
[2026-02-13T12:16:12] Price: 204.84
[2026-02-13T12:16:22] Price: 204.84
[2026-02-13T12:16:32] Price: 204.85
[2026-02-13T12:16:42] Price: 204.82
[2026-02-13T12:16:52] Price: 204.78
[2026-02-13T12:17:02] Price: 204.73
[2026-02-13T12:17:12] Price: 204.8
[2026-02-13T12:17:22] Price: 204.8
[2026-02-13T12:17:32] Price: 204.73
[2026-02-13T12:17:42] Price: 204.67
[2026-02-13T12:17:52] Price: 204.56
[2026-02-13T12:18:02] Price: 204.57
[2026-02-13T12:18:12] Price: 204.45
[2026-02-13T12:18:22] Price: 204.57
[2026-02-13T12:18:32] Price: 204.52
[2026-02-13T12:18:42] Price: 204.54
[2026-02-13T12:18:52] Price: 204.54
[2026-02-13T12:19:02] Price: 204.57
[2026-02-13T12:19:12] Price: 204.57
[2026-02-13T12:19:22] Price: 204.57
[2026-02-13T12:19:32] Price: 204.57
[2026-02-13T12:19:42] Price: 204.6
[2026-02-13T12:19:52] Price: 204.6
[2026-02-13T12:20:02] Price: 204.57
[2026-02-13T12:20:12] Price: 204.63
[2026-02-13T12:20:22] Price: 204.63
[2026-02-13T12:20:32] Price: 204.65
[2026-02-13T12:20:42] Price: 204.65
[2026-02-13T12:20:52] Price: 204.65
[2026-02-13T12:21:02] Price: 204.66
[2026-02-13T12:21:12] Price: 204.69
[2026-02-13T12:21:22] Price: 204.7
[2026-02-13T12:21:32] Price: 204.66
[2026-02-13T12:21:42] Price: 204.6
[2026-02-13T12:21:52] Price: 204.65
[2026-02-13T12:22:02] Price: 204.82
[2026-02-13T12:22:12] Price: 204.8
[2026-02-13T12:22:22] Price: 204.71
[2026-02-13T12:22:32] Price: 204.75
[2026-02-13T12:22:42] Price: 204.7
[2026-02-13T12:22:52] Price: 204.72
[2026-02-13T12:23:02] Price: 204.72
[2026-02-13T12:23:12] Price: 204.72
[2026-02-13T12:23:22] Price: 204.72
[2026-02-13T12:23:32] Price: 204.75
[2026-02-13T12:23:44] Price: 204.8
[2026-02-13T12:23:52] Price: 204.79
[2026-02-13T12:24:02] Price: 204.8
[2026-02-13T12:24:12] Price: 204.96
[2026-02-13T12:24:22] Price: 204.94
[2026-02-13T12:24:32] Price: 204.94
[2026-02-13T12:24:42] Price: 204.94
[2026-02-13T12:24:52] Price: 204.95
[2026-02-13T12:25:02] Price: 204.95
[2026-02-13T12:25:12] Price: 204.95
[2026-02-13T12:25:22] Price: 204.95
[2026-02-13T12:25:32] Price: 204.95
[2026-02-13T12:25:42] Price: 204.95
[2026-02-13T12:25:52] Price: 204.89
[2026-02-13T12:26:02] Price: 205.26
[2026-02-13T12:26:12] Price: 205.2
[2026-02-13T12:26:22] Price: 205.39
[2026-02-13T12:26:32] Price: 205.5
[2026-02-13T12:26:42] Price: 205.5
[2026-02-13T12:26:53] Price: 205.4
[2026-02-13T12:27:02] Price: 205.44
[2026-02-13T12:27:12] Price: 205.25
[2026-02-13T12:27:22] Price: 205.33
[2026-02-13T12:27:32] Price: 205.37
[2026-02-13T12:27:42] Price: 205.4
[2026-02-13T12:27:52] Price: 205.49
[2026-02-13T12:28:04] Price: 205.45
[2026-02-13T12:28:12] Price: 205.4
[2026-02-13T12:28:22] Price: 205.48
[2026-02-13T12:28:32] Price: 205.58
[2026-02-13T12:28:42] Price: 205.72
[2026-02-13T12:28:52] Price: 205.69
[2026-02-13T12:29:02] Price: 205.59
[2026-02-13T12:29:12] Price: 205.49
[2026-02-13T12:29:22] Price: 205.46
[2026-02-13T12:29:34] Price: 205.37
[2026-02-13T12:29:42] Price: 205.36
[2026-02-13T12:29:52] Price: 205.34
[2026-02-13T12:30:02] Price: 205.5
[2026-02-13T12:30:12] Price: 205.5
[2026-02-13T12:30:23] Price: 205.56
[2026-02-13T12:30:33] Price: 205.52
[2026-02-13T12:30:43] Price: 205.47
[2026-02-13T12:30:53] Price: 205.5
[2026-02-13T12:31:03] Price: 205.49
[2026-02-13T12:31:13] Price: 205.49
[2026-02-13T12:31:23] Price: 205.44
[2026-02-13T12:31:33] Price: 205.45
[2026-02-13T12:31:43] Price: 205.45
[2026-02-13T12:31:53] Price: 205.46
[2026-02-13T12:32:03] Price: 205.4
[2026-02-13T12:32:13] Price: 205.3
[2026-02-13T12:32:23] Price: 205.37
[2026-02-13T12:32:33] Price: 205.5
[2026-02-13T12:32:43] Price: 205.6
[2026-02-13T12:32:53] Price: 205.61
[2026-02-13T12:33:03] Price: 205.56
[2026-02-13T12:33:13] Price: 205.59
[2026-02-13T12:33:23] Price: 205.59
[2026-02-13T12:33:33] Price: 205.48
[2026-02-13T12:33:43] Price: 205.5
[2026-02-13T12:33:53] Price: 205.5
[2026-02-13T12:34:03] Price: 205.6
[2026-02-13T12:34:13] Price: 205.61
[2026-02-13T12:34:23] Price: 205.59
[2026-02-13T12:34:33] Price: 205.59
[2026-02-13T12:34:43] Price: 205.99
[2026-02-13T12:34:53] Price: 205.67
[2026-02-13T12:35:03] Price: 205.71
[2026-02-13T12:35:13] Price: 205.54
[2026-02-13T12:35:23] Price: 205.4
[2026-02-13T12:35:33] Price: 205.18
[2026-02-13T12:35:43] Price: 205.36
[2026-02-13T12:35:53] Price: 205.34
[2026-02-13T12:36:03] Price: 205.25
[2026-02-13T12:36:13] Price: 205.34
[2026-02-13T12:36:23] Price: 205.3
[2026-02-13T12:36:33] Price: 205.28
[2026-02-13T12:36:43] Price: 205.29
[2026-02-13T12:36:53] Price: 205.18
[2026-02-13T12:37:03] Price: 205.19
[2026-02-13T12:37:13] Price: 205.1
[2026-02-13T12:37:23] Price: 205.11
[2026-02-13T12:37:33] Price: 205.08
[2026-02-13T12:37:43] Price: 205.1
[2026-02-13T12:37:53] Price: 205.08
[2026-02-13T12:38:03] Price: 205.12
[2026-02-13T12:38:13] Price: 205.15
[2026-02-13T12:38:23] Price: 205.05
[2026-02-13T12:38:33] Price: 205.09
[2026-02-13T12:38:43] Price: 205.06
[2026-02-13T12:38:53] Price: 205.05
[2026-02-13T12:39:03] Price: 205.16
[2026-02-13T12:39:14] Price: 205.13
[2026-02-13T12:39:23] Price: 205.15
[2026-02-13T12:39:33] Price: 205.1
[2026-02-13T12:39:43] Price: 205.14
[2026-02-13T12:39:53] Price: 205.1
[2026-02-13T12:40:03] Price: 205.16
[2026-02-13T12:40:13] Price: 205.15
[2026-02-13T12:40:23] Price: 205.06
[2026-02-13T12:40:33] Price: 205.19
[2026-02-13T12:40:43] Price: 205.24
[2026-02-13T12:40:53] Price: 205.34
[2026-02-13T12:41:03] Price: 205.33
[2026-02-13T12:41:13] Price: 205.27
[2026-02-13T12:41:23] Price: 205.35
[2026-02-13T12:41:33] Price: 205.32
[2026-02-13T12:41:43] Price: 205.31
[2026-02-13T12:41:53] Price: 205.35
[2026-02-13T12:42:03] Price: 205.33
[2026-02-13T12:42:13] Price: 205.35
[2026-02-13T12:42:23] Price: 205.49
[2026-02-13T12:42:33] Price: 205.5
[2026-02-13T12:42:43] Price: 205.5
[2026-02-13T12:42:53] Price: 205.53
[2026-02-13T12:43:03] Price: 205.5
[2026-02-13T12:43:13] Price: 205.41
[2026-02-13T12:43:23] Price: 205.45
[2026-02-13T12:43:33] Price: 205.43
[2026-02-13T12:43:43] Price: 205.41
[2026-02-13T12:43:53] Price: 205.38
[2026-02-13T12:44:03] Price: 205.3
[2026-02-13T12:44:13] Price: 205.4
[2026-02-13T12:44:23] Price: 205.37
[2026-02-13T12:44:33] Price: 205.38
[2026-02-13T12:44:43] Price: 205.33
[2026-02-13T12:44:53] Price: 205.37
[2026-02-13T12:45:03] Price: 205.32
[2026-02-13T12:45:13] Price: 205.37
[2026-02-13T12:45:23] Price: 205.36
[2026-02-13T12:45:33] Price: 205.41
[2026-02-13T12:45:43] Price: 205.5
[2026-02-13T12:45:53] Price: 205.49
[2026-02-13T12:46:03] Price: 205.44
[2026-02-13T12:46:13] Price: 205.54
[2026-02-13T12:46:23] Price: 205.64
[2026-02-13T12:46:33] Price: 205.6
[2026-02-13T12:46:43] Price: 205.62
[2026-02-13T12:46:53] Price: 205.63
[2026-02-13T12:47:03] Price: 205.54
[2026-02-13T12:47:13] Price: 205.57
[2026-02-13T12:47:23] Price: 205.5
[2026-02-13T12:47:33] Price: 205.54
[2026-02-13T12:47:43] Price: 205.54
[2026-02-13T12:47:53] Price: 205.48
[2026-02-13T12:48:03] Price: 205.41
[2026-02-13T12:48:13] Price: 205.35
[2026-02-13T12:48:23] Price: 205.46
[2026-02-13T12:48:33] Price: 205.33
[2026-02-13T12:48:43] Price: 205.31
[2026-02-13T12:48:53] Price: 205.31
[2026-02-13T12:49:03] Price: 205.26
[2026-02-13T12:49:13] Price: 205.31
[2026-02-13T12:49:23] Price: 205.3
[2026-02-13T12:49:33] Price: 205.3
[2026-02-13T12:49:43] Price: 205.24
[2026-02-13T12:49:53] Price: 205.24
[2026-02-13T12:50:03] Price: 205.23
[2026-02-13T12:50:13] Price: 205.14
[2026-02-13T12:50:23] Price: 205.2
[2026-02-13T12:50:33] Price: 205.19
[2026-02-13T12:50:43] Price: 205.05
[2026-02-13T12:50:53] Price: 205.01
[2026-02-13T12:51:03] Price: 205.05
[2026-02-13T12:51:13] Price: 205.1
[2026-02-13T12:51:24] Price: 205.1
[2026-02-13T12:51:33] Price: 205.1
[2026-02-13T12:51:43] Price: 204.94
[2026-02-13T12:51:53] Price: 204.94
[2026-02-13T12:52:03] Price: 204.97
[2026-02-13T12:52:14] Price: 204.97
[2026-02-13T12:52:24] Price: 204.97
[2026-02-13T12:52:34] Price: 205
[2026-02-13T12:52:44] Price: 205
[2026-02-13T12:52:54] Price: 204.95
[2026-02-13T12:53:04] Price: 204.89
[2026-02-13T12:53:14] Price: 204.95
[2026-02-13T12:53:24] Price: 204.95
[2026-02-13T12:53:34] Price: 204.96
[2026-02-13T12:53:44] Price: 204.95
[2026-02-13T12:53:54] Price: 204.95
[2026-02-13T12:54:04] Price: 204.95
[2026-02-13T12:54:14] Price: 204.9
[2026-02-13T12:54:24] Price: 204.92
[2026-02-13T12:54:34] Price: 204.92
[2026-02-13T12:54:44] Price: 204.93
[2026-02-13T12:54:54] Price: 205.02
[2026-02-13T12:55:04] Price: 205.02
[2026-02-13T12:55:14] Price: 205.11
[2026-02-13T12:55:24] Price: 205.15
[2026-02-13T12:55:34] Price: 205.15
[2026-02-13T12:55:44] Price: 205.08
[2026-02-13T12:55:54] Price: 205.07
[2026-02-13T12:56:04] Price: 205.05
[2026-02-13T12:56:14] Price: 205.04
[2026-02-13T12:56:24] Price: 205.04
[2026-02-13T12:56:34] Price: 205
[2026-02-13T12:56:44] Price: 205.01
[2026-02-13T12:56:54] Price: 204.97
[2026-02-13T12:57:04] Price: 205
[2026-02-13T12:57:14] Price: 204.95
[2026-02-13T12:57:24] Price: 204.91
[2026-02-13T12:57:34] Price: 204.95
[2026-02-13T12:57:44] Price: 205
[2026-02-13T12:57:54] Price: 205
[2026-02-13T12:58:04] Price: 205.05
[2026-02-13T12:58:14] Price: 205.12
[2026-02-13T12:58:24] Price: 205.05
[2026-02-13T12:58:34] Price: 205.04
[2026-02-13T12:58:44] Price: 205
[2026-02-13T12:58:54] Price: 205.04
[2026-02-13T12:59:04] Price: 205.05
[2026-02-13T12:59:14] Price: 205.05
[2026-02-13T12:59:24] Price: 205.03
[2026-02-13T12:59:34] Price: 204.94
[2026-02-13T12:59:44] Price: 204.96
[2026-02-13T12:59:54] Price: 204.9
[2026-02-13T13:00:04] Price: 204.95
[2026-02-13T13:00:14] Price: 205.03
[2026-02-13T13:00:24] Price: 205.12
[2026-02-13T13:00:34] Price: 205.11
[2026-02-13T13:00:44] Price: 205.11
[2026-02-13T13:00:54] Price: 205.11
[2026-02-13T13:01:04] Price: 205.08
[2026-02-13T13:01:14] Price: 205.08
[2026-02-13T13:01:24] Price: 205.12
[2026-02-13T13:01:34] Price: 205.03
[2026-02-13T13:01:44] Price: 205.03
[2026-02-13T13:01:54] Price: 205.02
[2026-02-13T13:02:04] Price: 205.02
[2026-02-13T13:02:14] Price: 205.06
[2026-02-13T13:02:24] Price: 205.06
[2026-02-13T13:02:34] Price: 205.04
[2026-02-13T13:02:44] Price: 205.04
[2026-02-13T13:02:54] Price: 204.97
[2026-02-13T13:03:04] Price: 204.96
[2026-02-13T13:03:14] Price: 204.96
[2026-02-13T13:03:24] Price: 204.96
[2026-02-13T13:03:34] Price: 204.82
[2026-02-13T13:03:44] Price: 204.82
[2026-02-13T13:03:54] Price: 204.84
[2026-02-13T13:04:04] Price: 204.85
[2026-02-13T13:04:14] Price: 204.85
[2026-02-13T13:04:24] Price: 204.8
[2026-02-13T13:04:34] Price: 204.89
[2026-02-13T13:04:44] Price: 204.86
[2026-02-13T13:04:54] Price: 204.9
[2026-02-13T13:05:04] Price: 204.9
[2026-02-13T13:05:14] Price: 204.83
[2026-02-13T13:05:24] Price: 204.77
[2026-02-13T13:05:34] Price: 204.77
[2026-02-13T13:05:44] Price: 204.74
[2026-02-13T13:05:54] Price: 204.74
[2026-02-13T13:06:04] Price: 204.82
[2026-02-13T13:06:14] Price: 204.74
[2026-02-13T13:06:24] Price: 204.85
[2026-02-13T13:06:34] Price: 204.83
[2026-02-13T13:06:44] Price: 204.8
[2026-02-13T13:06:54] Price: 204.75
[2026-02-13T13:07:04] Price: 204.75
[2026-02-13T13:07:14] Price: 204.81
[2026-02-13T13:07:24] Price: 204.82
[2026-02-13T13:07:34] Price: 204.78
[2026-02-13T13:07:44] Price: 204.85
[2026-02-13T13:07:54] Price: 204.85
[2026-02-13T13:08:04] Price: 204.85
[2026-02-13T13:08:14] Price: 204.96
[2026-02-13T13:08:24] Price: 204.82
[2026-02-13T13:08:34] Price: 204.88
[2026-02-13T13:08:44] Price: 204.87
[2026-02-13T13:08:54] Price: 204.87
[2026-02-13T13:09:04] Price: 204.86
[2026-02-13T13:09:14] Price: 204.94
[2026-02-13T13:09:24] Price: 204.94
[2026-02-13T13:09:34] Price: 204.95
[2026-02-13T13:09:44] Price: 204.99
[2026-02-13T13:09:54] Price: 204.9
[2026-02-13T13:10:04] Price: 204.91
[2026-02-13T13:10:14] Price: 204.94
[2026-02-13T13:10:24] Price: 204.95
[2026-02-13T13:10:34] Price: 204.98
[2026-02-13T13:10:44] Price: 205
[2026-02-13T13:10:54] Price: 204.99
[2026-02-13T13:11:04] Price: 204.94
[2026-02-13T13:11:14] Price: 204.99
[2026-02-13T13:11:24] Price: 205.05
[2026-02-13T13:11:34] Price: 205.14
[2026-02-13T13:11:44] Price: 205.2
[2026-02-13T13:11:54] Price: 205.2
[2026-02-13T13:12:04] Price: 205.3
[2026-02-13T13:12:14] Price: 205.33
[2026-02-13T13:12:24] Price: 205.45
[2026-02-13T13:12:34] Price: 205.5
[2026-02-13T13:12:44] Price: 205.47
[2026-02-13T13:12:54] Price: 205.5
[2026-02-13T13:13:05] Price: 205.5
[2026-02-13T13:13:14] Price: 205.43
[2026-02-13T13:13:24] Price: 205.46
[2026-02-13T13:13:34] Price: 205.5
[2026-02-13T13:13:44] Price: 205.49
[2026-02-13T13:13:55] Price: 205.45
[2026-02-13T13:14:05] Price: 205.41
[2026-02-13T13:14:15] Price: 205.33
[2026-02-13T13:14:25] Price: 205.26
[2026-02-13T13:14:35] Price: 205.27
[2026-02-13T13:14:45] Price: 205.33
[2026-02-13T13:14:55] Price: 205.35
[2026-02-13T13:15:05] Price: 205.35
[2026-02-13T13:15:15] Price: 205.39
[2026-02-13T13:15:25] Price: 205.45
[2026-02-13T13:15:35] Price: 205.44
[2026-02-13T13:15:45] Price: 205.49
[2026-02-13T13:15:55] Price: 205.49
[2026-02-13T13:16:05] Price: 205.4
[2026-02-13T13:16:15] Price: 205.42
[2026-02-13T13:16:25] Price: 205.4
[2026-02-13T13:16:35] Price: 205.4
[2026-02-13T13:16:45] Price: 205.38
[2026-02-13T13:16:55] Price: 205.29
[2026-02-13T13:17:05] Price: 205.34
[2026-02-13T13:17:15] Price: 205.29
[2026-02-13T13:17:25] Price: 205.34
[2026-02-13T13:17:35] Price: 205.35
[2026-02-13T13:17:45] Price: 205.38
[2026-02-13T13:17:55] Price: 205.34
[2026-02-13T13:18:05] Price: 205.34
[2026-02-13T13:18:15] Price: 205.33
[2026-02-13T13:18:25] Price: 205.33
[2026-02-13T13:18:35] Price: 205.38
[2026-02-13T13:18:45] Price: 205.35
[2026-02-13T13:18:55] Price: 205.35
[2026-02-13T13:19:05] Price: 205.3
[2026-02-13T13:19:15] Price: 205.18
[2026-02-13T13:19:25] Price: 205.2
[2026-02-13T13:19:35] Price: 205.23
[2026-02-13T13:19:45] Price: 205.26
[2026-02-13T13:19:55] Price: 205.34
[2026-02-13T13:20:05] Price: 205.2
[2026-02-13T13:20:15] Price: 205.17
[2026-02-13T13:20:25] Price: 205.17
[2026-02-13T13:20:35] Price: 205.17
[2026-02-13T13:20:45] Price: 205.08
[2026-02-13T13:20:55] Price: 205.11
[2026-02-13T13:21:05] Price: 205.1
[2026-02-13T13:21:15] Price: 205.03
[2026-02-13T13:21:25] Price: 205
[2026-02-13T13:21:35] Price: 205
[2026-02-13T13:21:45] Price: 205.04
[2026-02-13T13:21:55] Price: 205.04
[2026-02-13T13:22:05] Price: 205.01
[2026-02-13T13:22:15] Price: 205.06
[2026-02-13T13:22:25] Price: 205.05
[2026-02-13T13:22:35] Price: 204.99
[2026-02-13T13:22:45] Price: 204.95
[2026-02-13T13:22:55] Price: 204.98
[2026-02-13T13:23:05] Price: 204.92
[2026-02-13T13:23:15] Price: 204.8
[2026-02-13T13:23:25] Price: 204.87
[2026-02-13T13:23:35] Price: 204.8
[2026-02-13T13:23:45] Price: 204.73
[2026-02-13T13:23:55] Price: 204.56
[2026-02-13T13:24:05] Price: 204.6
[2026-02-13T13:24:15] Price: 204.65
[2026-02-13T13:24:25] Price: 204.66
[2026-02-13T13:24:35] Price: 204.6
[2026-02-13T13:24:45] Price: 204.6
[2026-02-13T13:24:55] Price: 204.65
[2026-02-13T13:25:05] Price: 204.63
[2026-02-13T13:25:15] Price: 204.64
[2026-02-13T13:25:25] Price: 204.65
[2026-02-13T13:25:35] Price: 204.6
[2026-02-13T13:25:45] Price: 204.58
[2026-02-13T13:25:55] Price: 204.6
[2026-02-13T13:26:05] Price: 204.62
[2026-02-13T13:26:15] Price: 204.66
[2026-02-13T13:26:25] Price: 204.63
[2026-02-13T13:26:35] Price: 204.61
[2026-02-13T13:26:45] Price: 204.62
[2026-02-13T13:26:55] Price: 204.62
[2026-02-13T13:27:05] Price: 204.63
[2026-02-13T13:27:15] Price: 204.6
[2026-02-13T13:27:25] Price: 204.65
[2026-02-13T13:27:35] Price: 204.65
[2026-02-13T13:27:45] Price: 204.65
[2026-02-13T13:27:55] Price: 204.63
[2026-02-13T13:28:05] Price: 204.63
[2026-02-13T13:28:15] Price: 204.6
[2026-02-13T13:28:25] Price: 204.58
[2026-02-13T13:28:35] Price: 204.56
[2026-02-13T13:28:45] Price: 204.63
[2026-02-13T13:28:55] Price: 204.59
[2026-02-13T13:29:05] Price: 204.6
[2026-02-13T13:29:15] Price: 204.64
[2026-02-13T13:29:25] Price: 204.62
[2026-02-13T13:29:35] Price: 204.74
[2026-02-13T13:29:45] Price: 204.71
[2026-02-13T13:29:55] Price: 204.75
[2026-02-13T13:30:05] Price: 204.67
[2026-02-13T13:30:15] Price: 204.7
[2026-02-13T13:30:25] Price: 204.7
[2026-02-13T13:30:35] Price: 204.7
[2026-02-13T13:30:45] Price: 204.72
[2026-02-13T13:30:55] Price: 204.7
[2026-02-13T13:31:05] Price: 204.67
[2026-02-13T13:31:15] Price: 204.72
[2026-02-13T13:31:25] Price: 204.67
[2026-02-13T13:31:35] Price: 204.73
[2026-02-13T13:31:45] Price: 204.73
[2026-02-13T13:31:55] Price: 204.73
[2026-02-13T13:32:05] Price: 204.73
[2026-02-13T13:32:15] Price: 204.67
[2026-02-13T13:32:25] Price: 204.64
[2026-02-13T13:32:35] Price: 204.56
[2026-02-13T13:32:45] Price: 204.59
[2026-02-13T13:32:56] Price: 204.52
[2026-02-13T13:33:05] Price: 204.53
[2026-02-13T13:33:15] Price: 204.55
[2026-02-13T13:33:26] Price: 204.7
[2026-02-13T13:33:36] Price: 204.72
[2026-02-13T13:33:45] Price: 204.73
[2026-02-13T13:33:56] Price: 204.73
[2026-02-13T13:34:06] Price: 204.84
[2026-02-13T13:34:16] Price: 204.84
[2026-02-13T13:34:26] Price: 204.79
[2026-02-13T13:34:36] Price: 204.86
[2026-02-13T13:34:46] Price: 204.86
[2026-02-13T13:34:56] Price: 204.95
[2026-02-13T13:35:06] Price: 204.92
[2026-02-13T13:35:16] Price: 204.98
[2026-02-13T13:35:26] Price: 204.95
[2026-02-13T13:35:36] Price: 204.95
[2026-02-13T13:35:46] Price: 204.98
[2026-02-13T13:35:56] Price: 204.95
[2026-02-13T13:36:06] Price: 205
[2026-02-13T13:36:16] Price: 205
[2026-02-13T13:36:26] Price: 205.06
[2026-02-13T13:36:36] Price: 205.06
[2026-02-13T13:36:46] Price: 205.05
[2026-02-13T13:36:56] Price: 205.08
[2026-02-13T13:37:06] Price: 205.02
[2026-02-13T13:37:16] Price: 205.02
[2026-02-13T13:37:26] Price: 205.03
[2026-02-13T13:37:36] Price: 205.04
[2026-02-13T13:37:46] Price: 205.04
[2026-02-13T13:37:56] Price: 205.16
[2026-02-13T13:38:06] Price: 205.2
[2026-02-13T13:38:16] Price: 205.18
[2026-02-13T13:38:26] Price: 205.17
[2026-02-13T13:38:36] Price: 205.15
[2026-02-13T13:38:46] Price: 205.1
[2026-02-13T13:38:56] Price: 205.11
[2026-02-13T13:39:06] Price: 205.12
[2026-02-13T13:39:16] Price: 205.15
[2026-02-13T13:39:26] Price: 205.14
[2026-02-13T13:39:36] Price: 205.14
[2026-02-13T13:39:46] Price: 205.14
[2026-02-13T13:39:56] Price: 205.2
[2026-02-13T13:40:06] Price: 205.24
[2026-02-13T13:40:16] Price: 205.2
[2026-02-13T13:40:26] Price: 205.2
[2026-02-13T13:40:36] Price: 205.29
[2026-02-13T13:40:46] Price: 205.25
[2026-02-13T13:40:56] Price: 205.25
[2026-02-13T13:41:06] Price: 205.21
[2026-02-13T13:41:16] Price: 205.16
[2026-02-13T13:41:26] Price: 205.16
[2026-02-13T13:41:36] Price: 205.1
[2026-02-13T13:41:46] Price: 205.16
[2026-02-13T13:41:56] Price: 205.35
[2026-02-13T13:42:06] Price: 205.24
[2026-02-13T13:42:16] Price: 205.2
[2026-02-13T13:42:26] Price: 205.28
[2026-02-13T13:42:36] Price: 205.25
[2026-02-13T13:42:46] Price: 205.23
[2026-02-13T13:42:56] Price: 205.23
[2026-02-13T13:43:06] Price: 205.23
[2026-02-13T13:43:16] Price: 205.18
[2026-02-13T13:43:26] Price: 205.23
[2026-02-13T13:43:36] Price: 205.23
[2026-02-13T13:43:46] Price: 205.17
[2026-02-13T13:43:56] Price: 205.16
[2026-02-13T13:44:06] Price: 205.16
[2026-02-13T13:44:16] Price: 205.16
[2026-02-13T13:44:26] Price: 205.15
[2026-02-13T13:44:36] Price: 205.07
[2026-02-13T13:44:46] Price: 205.08
[2026-02-13T13:44:56] Price: 205.18
[2026-02-13T13:45:06] Price: 205.2
[2026-02-13T13:45:16] Price: 205.17
[2026-02-13T13:45:26] Price: 205.15
[2026-02-13T13:45:36] Price: 205.04
[2026-02-13T13:45:46] Price: 205.11
[2026-02-13T13:45:56] Price: 205.03
[2026-02-13T13:46:06] Price: 205.03
[2026-02-13T13:46:16] Price: 205.03
[2026-02-13T13:46:26] Price: 205.05
[2026-02-13T13:46:36] Price: 205.05
[2026-02-13T13:46:46] Price: 204.99
[2026-02-13T13:46:56] Price: 204.83
[2026-02-13T13:47:06] Price: 204.8
[2026-02-13T13:47:16] Price: 204.76
[2026-02-13T13:47:26] Price: 204.7
[2026-02-13T13:47:36] Price: 204.73
[2026-02-13T13:47:46] Price: 204.73
[2026-02-13T13:48:00] Price: 204.64
[2026-02-13T13:48:06] Price: 204.63
[2026-02-13T13:48:16] Price: 204.62
[2026-02-13T13:48:26] Price: 204.69
[2026-02-13T13:48:36] Price: 204.69
[2026-02-13T13:48:46] Price: 204.69
[2026-02-13T13:48:58] Price: 204.75
[2026-02-13T13:49:06] Price: 204.75
[2026-02-13T13:49:16] Price: 204.65
[2026-02-13T13:49:26] Price: 204.67
[2026-02-13T13:49:36] Price: 204.61
[2026-02-13T13:49:46] Price: 204.61
[2026-02-13T13:49:56] Price: 204.67
[2026-02-13T13:50:06] Price: 204.59
[2026-02-13T13:50:16] Price: 204.36
[2026-02-13T13:50:26] Price: 204.47
[2026-02-13T13:50:36] Price: 204.44
[2026-02-13T13:50:46] Price: 204.44
[2026-02-13T13:50:56] Price: 204.4
[2026-02-13T13:51:06] Price: 204.44
[2026-02-13T13:51:16] Price: 204.45
[2026-02-13T13:51:26] Price: 204.44
[2026-02-13T13:51:36] Price: 204.45
[2026-02-13T13:51:46] Price: 204.31
[2026-02-13T13:51:56] Price: 204.27
[2026-02-13T13:52:06] Price: 204.3
[2026-02-13T13:52:16] Price: 204.27
[2026-02-13T13:52:26] Price: 204.33
[2026-02-13T13:52:36] Price: 204.38
[2026-02-13T13:52:46] Price: 204.39
[2026-02-13T13:52:57] Price: 204.39
[2026-02-13T13:53:06] Price: 204.39
[2026-02-13T13:53:17] Price: 204.45
[2026-02-13T13:53:27] Price: 204.45
[2026-02-13T13:53:37] Price: 204.44
[2026-02-13T13:53:46] Price: 204.44
[2026-02-13T13:53:57] Price: 204.44
[2026-02-13T13:54:07] Price: 204.44
[2026-02-13T13:54:16] Price: 204.4
[2026-02-13T13:54:27] Price: 204.4
[2026-02-13T13:54:37] Price: 204.44
[2026-02-13T13:54:47] Price: 204.49
[2026-02-13T13:54:57] Price: 204.53
[2026-02-13T13:55:07] Price: 204.57
[2026-02-13T13:55:17] Price: 204.57
[2026-02-13T13:55:27] Price: 204.52
[2026-02-13T13:55:37] Price: 204.6
[2026-02-13T13:55:47] Price: 204.64
[2026-02-13T13:55:57] Price: 204.65
[2026-02-13T13:56:07] Price: 204.6
[2026-02-13T13:56:17] Price: 204.63
[2026-02-13T13:56:27] Price: 204.57
[2026-02-13T13:56:37] Price: 204.61
[2026-02-13T13:56:47] Price: 204.61
[2026-02-13T13:56:57] Price: 204.56
[2026-02-13T13:57:07] Price: 204.59
[2026-02-13T13:57:17] Price: 204.55
[2026-02-13T13:57:27] Price: 204.53
[2026-02-13T13:57:37] Price: 204.53
[2026-02-13T13:57:47] Price: 204.52
[2026-02-13T13:57:57] Price: 204.52
[2026-02-13T13:58:07] Price: 204.54
[2026-02-13T13:58:17] Price: 204.54
[2026-02-13T13:58:27] Price: 204.58
[2026-02-13T13:58:37] Price: 204.55
[2026-02-13T13:58:47] Price: 204.57
[2026-02-13T13:58:57] Price: 204.57
[2026-02-13T13:59:07] Price: 204.59
[2026-02-13T13:59:17] Price: 204.56
[2026-02-13T13:59:27] Price: 204.54
[2026-02-13T13:59:37] Price: 204.5
[2026-02-13T13:59:47] Price: 204.54
[2026-02-13T13:59:57] Price: 204.45
[2026-02-13T14:00:07] Price: 204.54
[2026-02-13T14:00:17] Price: 204.54
[2026-02-13T14:00:27] Price: 204.53
[2026-02-13T14:00:37] Price: 204.47
[2026-02-13T14:00:47] Price: 204.35
[2026-02-13T14:00:57] Price: 204.33
[2026-02-13T14:01:07] Price: 204.31
[2026-02-13T14:01:17] Price: 204.31
[2026-02-13T14:01:27] Price: 204.31
[2026-02-13T14:01:37] Price: 204.34
[2026-02-13T14:01:47] Price: 204.32
[2026-02-13T14:01:57] Price: 204.31
[2026-02-13T14:02:07] Price: 204.33
[2026-02-13T14:02:17] Price: 204.33
[2026-02-13T14:02:27] Price: 204.4
[2026-02-13T14:02:37] Price: 204.4
[2026-02-13T14:02:47] Price: 204.42
[2026-02-13T14:03:01] Price: 204.41
[2026-02-13T14:03:07] Price: 204.4
[2026-02-13T14:03:17] Price: 204.45
[2026-02-13T14:03:27] Price: 204.41
[2026-02-13T14:03:37] Price: 204.4
[2026-02-13T14:03:47] Price: 204.39
[2026-02-13T14:03:57] Price: 204.38
[2026-02-13T14:04:07] Price: 204.4
[2026-02-13T14:04:17] Price: 204.4
[2026-02-13T14:04:27] Price: 204.46
[2026-02-13T14:04:37] Price: 204.49
[2026-02-13T14:04:47] Price: 204.49
[2026-02-13T14:04:57] Price: 204.49
[2026-02-13T14:05:07] Price: 204.4
[2026-02-13T14:05:17] Price: 204.48
[2026-02-13T14:05:27] Price: 204.6
[2026-02-13T14:05:37] Price: 204.58
[2026-02-13T14:05:47] Price: 204.58
[2026-02-13T14:05:57] Price: 204.55
[2026-02-13T14:06:07] Price: 204.55
[2026-02-13T14:06:17] Price: 204.6
[2026-02-13T14:06:27] Price: 204.6
[2026-02-13T14:06:37] Price: 204.59
[2026-02-13T14:06:47] Price: 204.6
[2026-02-13T14:06:57] Price: 204.52
[2026-02-13T14:07:07] Price: 204.46
[2026-02-13T14:07:17] Price: 204.5
[2026-02-13T14:07:27] Price: 204.53
[2026-02-13T14:07:37] Price: 204.53
[2026-02-13T14:07:47] Price: 204.53
[2026-02-13T14:07:57] Price: 204.53
[2026-02-13T14:08:07] Price: 204.56
[2026-02-13T14:08:17] Price: 204.51
[2026-02-13T14:08:27] Price: 204.55
[2026-02-13T14:08:37] Price: 204.5
[2026-02-13T14:08:47] Price: 204.48
[2026-02-13T14:08:57] Price: 204.4
[2026-02-13T14:09:07] Price: 204.4
[2026-02-13T14:09:17] Price: 204.38
[2026-02-13T14:09:27] Price: 204.46
[2026-02-13T14:09:37] Price: 204.4
[2026-02-13T14:09:47] Price: 204.43
[2026-02-13T14:09:57] Price: 204.4
[2026-02-13T14:10:07] Price: 204.41
[2026-02-13T14:10:17] Price: 204.45
[2026-02-13T14:10:27] Price: 204.44
[2026-02-13T14:10:37] Price: 204.43
[2026-02-13T14:10:47] Price: 204.38
[2026-02-13T14:10:57] Price: 204.4
[2026-02-13T14:11:07] Price: 204.37
[2026-02-13T14:11:17] Price: 204.38
[2026-02-13T14:11:27] Price: 204.38
[2026-02-13T14:11:37] Price: 204.4
[2026-02-13T14:11:47] Price: 204.5
[2026-02-13T14:11:57] Price: 204.5
[2026-02-13T14:12:07] Price: 204.53
[2026-02-13T14:12:17] Price: 204.53
[2026-02-13T14:12:27] Price: 204.53
[2026-02-13T14:12:37] Price: 204.53
[2026-02-13T14:12:47] Price: 204.52
[2026-02-13T14:12:57] Price: 204.52
[2026-02-13T14:13:07] Price: 204.55
[2026-02-13T14:13:17] Price: 204.47
[2026-02-13T14:13:27] Price: 204.42
[2026-02-13T14:13:37] Price: 204.47
[2026-02-13T14:13:47] Price: 204.55
[2026-02-13T14:13:57] Price: 204.51
[2026-02-13T14:14:10] Price: 204.62
[2026-02-13T14:14:17] Price: 204.68
[2026-02-13T14:14:27] Price: 204.63
[2026-02-13T14:14:37] Price: 204.66
[2026-02-13T14:14:47] Price: 204.66
[2026-02-13T14:14:57] Price: 204.7
[2026-02-13T14:15:07] Price: 204.66
[2026-02-13T14:15:17] Price: 204.69
[2026-02-13T14:15:27] Price: 204.69
[2026-02-13T14:15:37] Price: 204.71
[2026-02-13T14:15:47] Price: 204.72
[2026-02-13T14:15:57] Price: 204.72
[2026-02-13T14:16:07] Price: 204.61
[2026-02-13T14:16:17] Price: 204.7
[2026-02-13T14:16:27] Price: 204.7
[2026-02-13T14:16:37] Price: 204.67
[2026-02-13T14:16:48] Price: 204.62
[2026-02-13T14:16:57] Price: 204.6
[2026-02-13T14:17:08] Price: 204.67
[2026-02-13T14:17:18] Price: 204.66
[2026-02-13T14:17:28] Price: 204.6
[2026-02-13T14:17:38] Price: 204.6
[2026-02-13T14:17:48] Price: 204.59
[2026-02-13T14:17:58] Price: 204.58
[2026-02-13T14:18:08] Price: 204.51
[2026-02-13T14:18:18] Price: 204.56
[2026-02-13T14:18:28] Price: 204.51
[2026-02-13T14:18:38] Price: 204.5
[2026-02-13T14:18:48] Price: 204.56
[2026-02-13T14:18:58] Price: 204.53
[2026-02-13T14:19:08] Price: 204.56
[2026-02-13T14:19:18] Price: 204.69
[2026-02-13T14:19:28] Price: 204.69
[2026-02-13T14:19:38] Price: 204.68
[2026-02-13T14:19:48] Price: 204.64
[2026-02-13T14:19:58] Price: 204.67
[2026-02-13T14:20:08] Price: 204.64
[2026-02-13T14:20:18] Price: 204.67
[2026-02-13T14:20:28] Price: 204.64
[2026-02-13T14:20:38] Price: 204.64
[2026-02-13T14:20:48] Price: 204.64
[2026-02-13T14:20:58] Price: 204.68
[2026-02-13T14:21:08] Price: 204.7
[2026-02-13T14:21:18] Price: 204.7
[2026-02-13T14:21:28] Price: 204.66
[2026-02-13T14:21:38] Price: 204.63
[2026-02-13T14:21:48] Price: 204.62
[2026-02-13T14:21:58] Price: 204.58
[2026-02-13T14:22:08] Price: 204.56
[2026-02-13T14:22:18] Price: 204.48
[2026-02-13T14:22:28] Price: 204.48
[2026-02-13T14:22:38] Price: 204.53
[2026-02-13T14:22:48] Price: 204.51
[2026-02-13T14:22:58] Price: 204.51
[2026-02-13T14:23:08] Price: 204.56
[2026-02-13T14:23:18] Price: 204.51
[2026-02-13T14:23:28] Price: 204.49
[2026-02-13T14:23:38] Price: 204.46
[2026-02-13T14:23:48] Price: 204.42
[2026-02-13T14:23:58] Price: 204.42
[2026-02-13T14:24:08] Price: 204.47
[2026-02-13T14:24:18] Price: 204.46
[2026-02-13T14:24:28] Price: 204.46
[2026-02-13T14:24:38] Price: 204.49
[2026-02-13T14:24:48] Price: 204.49
[2026-02-13T14:24:58] Price: 204.48
[2026-02-13T14:25:08] Price: 204.64
[2026-02-13T14:25:18] Price: 204.74
[2026-02-13T14:25:28] Price: 204.78
[2026-02-13T14:25:38] Price: 204.67
[2026-02-13T14:25:48] Price: 204.64
[2026-02-13T14:25:58] Price: 204.68
[2026-02-13T14:26:08] Price: 204.7
[2026-02-13T14:26:18] Price: 204.56
[2026-02-13T14:26:28] Price: 204.42
[2026-02-13T14:26:38] Price: 204.47
[2026-02-13T14:26:48] Price: 204.47
[2026-02-13T14:26:58] Price: 204.44
[2026-02-13T14:27:08] Price: 204.56
[2026-02-13T14:27:18] Price: 204.55
[2026-02-13T14:27:28] Price: 204.6
[2026-02-13T14:27:38] Price: 204.6
[2026-02-13T14:27:48] Price: 204.79
[2026-02-13T14:27:58] Price: 204.75
[2026-02-13T14:28:08] Price: 204.68
[2026-02-13T14:28:18] Price: 204.68
[2026-02-13T14:28:28] Price: 204.67
[2026-02-13T14:28:38] Price: 204.64
[2026-02-13T14:28:48] Price: 204.75
[2026-02-13T14:28:58] Price: 204.6
[2026-02-13T14:29:08] Price: 204.65
[2026-02-13T14:29:18] Price: 204.65
[2026-02-13T14:29:28] Price: 204.65
[2026-02-13T14:29:38] Price: 204.63
[2026-02-13T14:29:48] Price: 204.63
[2026-02-13T14:29:58] Price: 204.55
[2026-02-13T14:30:08] Price: 204.55
[2026-02-13T14:30:18] Price: 204.55
[2026-02-13T14:30:28] Price: 204.55
[2026-02-13T14:30:38] Price: 204.58
[2026-02-13T14:30:48] Price: 204.5
[2026-02-13T14:30:58] Price: 204.52
[2026-02-13T14:31:08] Price: 204.52
[2026-02-13T14:31:18] Price: 204.52
[2026-02-13T14:31:28] Price: 204.46
[2026-02-13T14:31:38] Price: 204.43
[2026-02-13T14:31:48] Price: 204.5
[2026-02-13T14:31:58] Price: 204.65
[2026-02-13T14:32:08] Price: 204.65
[2026-02-13T14:32:18] Price: 204.68
[2026-02-13T14:32:28] Price: 204.66
[2026-02-13T14:32:38] Price: 204.69
[2026-02-13T14:32:48] Price: 204.69
[2026-02-13T14:33:01] Price: 204.54
[2026-02-13T14:33:08] Price: 204.52
[2026-02-13T14:33:18] Price: 204.52
[2026-02-13T14:33:28] Price: 204.52
[2026-02-13T14:33:38] Price: 204.52
[2026-02-13T14:33:48] Price: 204.57
[2026-02-13T14:33:58] Price: 204.57
[2026-02-13T14:34:08] Price: 204.5
[2026-02-13T14:34:18] Price: 204.49
[2026-02-13T14:34:28] Price: 204.42
[2026-02-13T14:34:38] Price: 204.33
[2026-02-13T14:34:48] Price: 204.35
[2026-02-13T14:34:59] Price: 204.2
[2026-02-13T14:35:08] Price: 204.49
[2026-02-13T14:35:18] Price: 204.58
[2026-02-13T14:35:28] Price: 204.58
[2026-02-13T14:35:38] Price: 204.53
[2026-02-13T14:35:48] Price: 204.44
[2026-02-13T14:35:58] Price: 204.42
[2026-02-13T14:36:08] Price: 204.46
[2026-02-13T14:36:18] Price: 204.28
[2026-02-13T14:36:28] Price: 204.21
[2026-02-13T14:36:38] Price: 204.24
[2026-02-13T14:36:48] Price: 204.24
[2026-02-13T14:36:58] Price: 204.24
[2026-02-13T14:37:08] Price: 204.18
[2026-02-13T14:37:19] Price: 204.14
[2026-02-13T14:37:28] Price: 204.12
[2026-02-13T14:37:39] Price: 204
[2026-02-13T14:37:49] Price: 204.07
[2026-02-13T14:37:59] Price: 204.01
[2026-02-13T14:38:09] Price: 204.01
[2026-02-13T14:38:19] Price: 204.04
[2026-02-13T14:38:29] Price: 204
[2026-02-13T14:38:39] Price: 204.01
[2026-02-13T14:38:49] Price: 204.05
[2026-02-13T14:38:59] Price: 204
[2026-02-13T14:39:09] Price: 204.1
[2026-02-13T14:39:19] Price: 204.23
[2026-02-13T14:39:29] Price: 204.27
[2026-02-13T14:39:39] Price: 204.16
[2026-02-13T14:39:49] Price: 204.31
[2026-02-13T14:39:59] Price: 204.3
[2026-02-13T14:40:09] Price: 204.3
[2026-02-13T14:40:19] Price: 204.2
[2026-02-13T14:40:29] Price: 204.23
[2026-02-13T14:40:39] Price: 204.2
[2026-02-13T14:40:49] Price: 204.12
[2026-02-13T14:40:59] Price: 204.09
[2026-02-13T14:41:09] Price: 204.17
[2026-02-13T14:41:19] Price: 204.16
[2026-02-13T14:41:29] Price: 204.12
[2026-02-13T14:41:39] Price: 204.12
[2026-02-13T14:41:49] Price: 204.12
[2026-02-13T14:41:59] Price: 204.12
[2026-02-13T14:42:09] Price: 204.15
[2026-02-13T14:42:19] Price: 204.16
[2026-02-13T14:42:29] Price: 204.1
[2026-02-13T14:42:39] Price: 204.15
[2026-02-13T14:42:49] Price: 204.12
[2026-02-13T14:42:59] Price: 204.12
[2026-02-13T14:43:09] Price: 204.16
[2026-02-13T14:43:19] Price: 204.17
[2026-02-13T14:43:29] Price: 204.2
[2026-02-13T14:43:39] Price: 204.23
[2026-02-13T14:43:49] Price: 204.21
[2026-02-13T14:43:59] Price: 204.23
[2026-02-13T14:44:09] Price: 204.23
[2026-02-13T14:44:19] Price: 204.25
[2026-02-13T14:44:29] Price: 204.25
[2026-02-13T14:44:39] Price: 204.22
[2026-02-13T14:44:49] Price: 204.12
[2026-02-13T14:44:59] Price: 204.14
[2026-02-13T14:45:09] Price: 204.11
[2026-02-13T14:45:19] Price: 204.1
[2026-02-13T14:45:29] Price: 204.1
[2026-02-13T14:45:39] Price: 204.02
[2026-02-13T14:45:49] Price: 204.09
[2026-02-13T14:45:59] Price: 204.09
[2026-02-13T14:46:09] Price: 204.08
[2026-02-13T14:46:19] Price: 204.01
[2026-02-13T14:46:29] Price: 204.09
[2026-02-13T14:46:39] Price: 204.06
[2026-02-13T14:46:49] Price: 204.09
[2026-02-13T14:46:59] Price: 204.1
[2026-02-13T14:47:09] Price: 204.1
[2026-02-13T14:47:19] Price: 204.1
[2026-02-13T14:47:29] Price: 204.09
[2026-02-13T14:47:39] Price: 204.09
[2026-02-13T14:47:49] Price: 204.08
[2026-02-13T14:48:01] Price: 204.03
[2026-02-13T14:48:09] Price: 204.03
[2026-02-13T14:48:19] Price: 204.04
[2026-02-13T14:48:29] Price: 204.04
[2026-02-13T14:48:39] Price: 204.03
[2026-02-13T14:48:49] Price: 204.05
[2026-02-13T14:48:59] Price: 204.05
[2026-02-13T14:49:09] Price: 204
[2026-02-13T14:49:19] Price: 204.02
[2026-02-13T14:49:29] Price: 204.02
[2026-02-13T14:49:39] Price: 203.9
[2026-02-13T14:49:49] Price: 203.93
[2026-02-13T14:49:59] Price: 203.86
[2026-02-13T14:50:09] Price: 203.86
[2026-02-13T14:50:19] Price: 203.93
[2026-02-13T14:50:29] Price: 203.89
[2026-02-13T14:50:39] Price: 203.9
[2026-02-13T14:50:49] Price: 203.84
[2026-02-13T14:50:59] Price: 203.84
[2026-02-13T14:51:09] Price: 203.84
[2026-02-13T14:51:19] Price: 203.78
[2026-02-13T14:51:29] Price: 203.84
[2026-02-13T14:51:39] Price: 203.88
[2026-02-13T14:51:49] Price: 203.92
[2026-02-13T14:51:59] Price: 203.93
[2026-02-13T14:52:09] Price: 203.93
[2026-02-13T14:52:19] Price: 203.97
[2026-02-13T14:52:29] Price: 203.99
[2026-02-13T14:52:39] Price: 203.97
[2026-02-13T14:52:49] Price: 203.99
[2026-02-13T14:52:59] Price: 204.02
[2026-02-13T14:53:09] Price: 203.99
[2026-02-13T14:53:19] Price: 204.02
[2026-02-13T14:53:29] Price: 204.04
[2026-02-13T14:53:39] Price: 204.04
[2026-02-13T14:53:49] Price: 204
[2026-02-13T14:53:59] Price: 204
[2026-02-13T14:54:09] Price: 204.01
[2026-02-13T14:54:19] Price: 204.05
[2026-02-13T14:54:29] Price: 204.06
[2026-02-13T14:54:39] Price: 204.01
[2026-02-13T14:54:49] Price: 204.02
[2026-02-13T14:54:59] Price: 204.04
[2026-02-13T14:55:09] Price: 203.97
[2026-02-13T14:55:19] Price: 203.95
[2026-02-13T14:55:29] Price: 203.92
[2026-02-13T14:55:39] Price: 203.93
[2026-02-13T14:55:49] Price: 203.97
[2026-02-13T14:55:59] Price: 203.97
[2026-02-13T14:56:10] Price: 204
[2026-02-13T14:56:19] Price: 204.06
[2026-02-13T14:56:30] Price: 204
[2026-02-13T14:56:40] Price: 204.04
[2026-02-13T14:56:50] Price: 204.03
[2026-02-13T14:57:00] Price: 204.01
[2026-02-13T14:57:10] Price: 204.03
[2026-02-13T14:57:20] Price: 204.1
[2026-02-13T14:57:30] Price: 204.02
[2026-02-13T14:57:40] Price: 204
[2026-02-13T14:57:50] Price: 204.05
[2026-02-13T14:58:00] Price: 204.04
[2026-02-13T14:58:10] Price: 204.09
[2026-02-13T14:58:20] Price: 204
[2026-02-13T14:58:30] Price: 203.93
[2026-02-13T14:58:40] Price: 203.99
[2026-02-13T14:58:50] Price: 203.99
[2026-02-13T14:59:00] Price: 203.95
[2026-02-13T14:59:10] Price: 204
[2026-02-13T14:59:20] Price: 203.99
[2026-02-13T14:59:30] Price: 203.95
[2026-02-13T14:59:40] Price: 203.95
[2026-02-13T14:59:50] Price: 203.95
[2026-02-13T15:00:00] Price: 203.95
[2026-02-13T15:00:10] Price: 203.88
[2026-02-13T15:00:20] Price: 203.84
[2026-02-13T15:00:30] Price: 203.7
[2026-02-13T15:00:40] Price: 203.7
[2026-02-13T15:00:50] Price: 203.69
[2026-02-13T15:01:00] Price: 203.6
[2026-02-13T15:01:10] Price: 203.53
[2026-02-13T15:01:20] Price: 203.58
[2026-02-13T15:01:30] Price: 203.55
[2026-02-13T15:01:40] Price: 203.56
[2026-02-13T15:01:50] Price: 203.52
[2026-02-13T15:02:00] Price: 203.56
[2026-02-13T15:02:10] Price: 203.6
[2026-02-13T15:02:20] Price: 203.56
[2026-02-13T15:02:30] Price: 203.54
[2026-02-13T15:02:40] Price: 203.47
[2026-02-13T15:02:50] Price: 203.53
[2026-02-13T15:03:00] Price: 203.63
[2026-02-13T15:03:10] Price: 203.68
[2026-02-13T15:03:20] Price: 203.68
[2026-02-13T15:03:30] Price: 203.65
[2026-02-13T15:03:40] Price: 203.63
[2026-02-13T15:03:50] Price: 203.67
[2026-02-13T15:04:00] Price: 203.68
[2026-02-13T15:04:10] Price: 203.71
[2026-02-13T15:04:20] Price: 203.56
[2026-02-13T15:04:30] Price: 203.55
[2026-02-13T15:04:40] Price: 203.61
[2026-02-13T15:04:50] Price: 203.6
[2026-02-13T15:05:00] Price: 203.5
[2026-02-13T15:05:10] Price: 203.55
[2026-02-13T15:05:20] Price: 203.56
[2026-02-13T15:05:30] Price: 203.59
[2026-02-13T15:05:40] Price: 203.58
[2026-02-13T15:05:50] Price: 203.57
[2026-02-13T15:06:00] Price: 203.48
[2026-02-13T15:06:10] Price: 203.46
[2026-02-13T15:06:10] SELL @ 203.46 | P/L -0.52
[2026-02-13T15:06:20] Price: 203.43
[2026-02-13T15:06:30] Price: 203.28
[2026-02-13T15:06:40] Price: 203.27
[2026-02-13T15:06:51] Price: 203.33
[2026-02-13T15:07:00] Price: 203.25
[2026-02-13T15:07:10] Price: 203.3
[2026-02-13T15:07:20] Price: 203.28
[2026-02-13T15:07:30] Price: 203.25
[2026-02-13T15:07:40] Price: 203.23
[2026-02-13T15:07:50] Price: 203.15
[2026-02-13T15:08:00] Price: 203.17
[2026-02-13T15:08:10] Price: 203.15
[2026-02-13T15:08:20] Price: 203.2
[2026-02-13T15:08:30] Price: 203.15
[2026-02-13T15:08:40] Price: 203.14
[2026-02-13T15:08:50] Price: 203.23
[2026-02-13T15:09:00] Price: 203.16
[2026-02-13T15:09:10] Price: 203.16
[2026-02-13T15:09:20] Price: 203.18
[2026-02-13T15:09:30] Price: 203.19
[2026-02-13T15:09:40] Price: 203.22
[2026-02-13T15:09:50] Price: 203.21
[2026-02-13T15:10:00] Price: 203.27
[2026-02-13T15:10:10] Price: 203.24
[2026-02-13T15:10:10] BUY @ 203.24
[2026-02-13T15:10:20] Price: 203.37
[2026-02-13T15:10:30] Price: 203.28
[2026-02-13T15:10:40] Price: 203.3
[2026-02-13T15:10:50] Price: 203.17
[2026-02-13T15:11:00] Price: 203.2
[2026-02-13T15:11:10] Price: 203.24
[2026-02-13T15:11:20] Price: 203.25
[2026-02-13T15:11:30] Price: 203.28
[2026-02-13T15:11:40] Price: 203.33
[2026-02-13T15:11:50] Price: 203.38
[2026-02-13T15:12:00] Price: 203.35
[2026-02-13T15:12:10] Price: 203.35
[2026-02-13T15:12:20] Price: 203.36
[2026-02-13T15:12:30] Price: 203.49
[2026-02-13T15:12:40] Price: 203.41
[2026-02-13T15:12:50] Price: 203.4
[2026-02-13T15:13:00] Price: 203.34
[2026-02-13T15:13:10] Price: 203.34
[2026-02-13T15:13:20] Price: 203.34
[2026-02-13T15:13:30] Price: 203.29
[2026-02-13T15:13:40] Price: 203.42
[2026-02-13T15:13:50] Price: 203.42
[2026-02-13T15:14:00] Price: 203.39
[2026-02-13T15:14:10] Price: 203.35
[2026-02-13T15:14:20] Price: 203.3
[2026-02-13T15:14:30] Price: 203.2
[2026-02-13T15:14:40] Price: 203.31
[2026-02-13T15:14:50] Price: 203.2
[2026-02-13T15:15:00] Price: 203.16
[2026-02-13T15:15:10] Price: 203.22
[2026-02-13T15:15:20] Price: 203.34
[2026-02-13T15:15:30] Price: 203.3
[2026-02-13T15:15:40] Price: 203.4
[2026-02-13T15:15:50] Price: 203.31
[2026-02-13T15:16:00] Price: 203.23
[2026-02-13T15:16:10] Price: 203.25
[2026-02-13T15:16:20] Price: 203.25
[2026-02-13T15:16:30] Price: 203.18
[2026-02-13T15:16:41] Price: 203.11
[2026-02-13T15:16:51] Price: 203.05
[2026-02-13T15:17:01] Price: 203.1
[2026-02-13T15:17:11] Price: 203.06
[2026-02-13T15:17:21] Price: 203.01
[2026-02-13T15:17:31] Price: 203
[2026-02-13T15:17:41] Price: 202.95
[2026-02-13T15:17:51] Price: 202.93
[2026-02-13T15:18:01] Price: 202.85
[2026-02-13T15:18:11] Price: 202.74
[2026-02-13T15:18:11] SELL @ 202.74 | P/L -0.50
[2026-02-13T15:18:21] Price: 202.85
[2026-02-13T15:18:31] Price: 202.84
[2026-02-13T15:18:41] Price: 202.93
[2026-02-13T15:18:51] Price: 202.99
[2026-02-13T15:19:01] Price: 202.96
[2026-02-13T15:19:11] Price: 203
[2026-02-13T15:19:21] Price: 203
[2026-02-13T15:19:31] Price: 203
[2026-02-13T15:19:41] Price: 202.99
[2026-02-13T15:19:51] Price: 202.98
[2026-02-13T15:20:01] Price: 203.08
[2026-02-13T15:20:11] Price: 203.18
[2026-02-13T15:20:11] BUY @ 203.18
[2026-02-13T15:20:21] Price: 203.24
[2026-02-13T15:20:31] Price: 203.16
[2026-02-13T15:20:41] Price: 203.08
[2026-02-13T15:20:51] Price: 203.11
[2026-02-13T15:21:01] Price: 203.11
[2026-02-13T15:21:11] Price: 203.1
[2026-02-13T15:21:21] Price: 203
[2026-02-13T15:21:31] Price: 203
[2026-02-13T15:21:41] Price: 203
[2026-02-13T15:21:51] Price: 203.11
[2026-02-13T15:22:01] Price: 203.08
[2026-02-13T15:22:11] Price: 203.15
[2026-02-13T15:22:21] Price: 203.15
[2026-02-13T15:22:31] Price: 203.14
[2026-02-13T15:22:41] Price: 203.05
[2026-02-13T15:22:51] Price: 203.03
[2026-02-13T15:23:01] Price: 203.03
[2026-02-13T15:23:11] Price: 203.05
[2026-02-13T15:23:21] Price: 203.14
[2026-02-13T15:23:31] Price: 203.1
[2026-02-13T15:23:41] Price: 203.13
[2026-02-13T15:23:51] Price: 203.11
[2026-02-13T15:24:01] Price: 203.11
[2026-02-13T15:24:11] Price: 203
[2026-02-13T15:24:21] Price: 203.04
[2026-02-13T15:24:31] Price: 203.04
[2026-02-13T15:24:41] Price: 203.04
[2026-02-13T15:24:51] Price: 203.05
[2026-02-13T15:25:01] Price: 203.06
[2026-02-13T15:25:11] Price: 203.1
[2026-02-13T15:25:21] Price: 203.14
[2026-02-13T15:25:31] Price: 203.12
[2026-02-13T15:25:41] Price: 203.12
[2026-02-13T15:25:51] Price: 203.11
[2026-02-13T15:26:01] Price: 203.05
[2026-02-13T15:26:11] Price: 203.05
[2026-02-13T15:26:21] Price: 203.09
[2026-02-13T15:26:31] Price: 203.09
[2026-02-13T15:26:41] Price: 203.04
[2026-02-13T15:26:51] Price: 202.89
[2026-02-13T15:27:01] Price: 202.66
[2026-02-13T15:27:11] Price: 202.79
[2026-02-13T15:27:21] Price: 202.85
[2026-02-13T15:27:31] Price: 202.77
[2026-02-13T15:27:41] Price: 202.77
[2026-02-13T15:27:51] Price: 202.8
[2026-02-13T15:28:01] Price: 202.79
[2026-02-13T15:28:11] Price: 202.8
[2026-02-13T15:28:21] Price: 202.73
[2026-02-13T15:28:31] Price: 202.75
[2026-02-13T15:28:41] Price: 202.82
[2026-02-13T15:28:51] Price: 202.9
[2026-02-13T15:29:01] Price: 202.98
[2026-02-13T15:29:11] Price: 202.96
[2026-02-13T15:29:21] Price: 202.94
[2026-02-13T15:29:31] Price: 203
[2026-02-13T15:29:41] Price: 203.14
[2026-02-13T15:29:51] Price: 202.91
[2026-02-13T15:30:01] Price: 202.9
[2026-02-13T15:30:11] Price: 202.98
[2026-02-13T15:30:21] Price: 202.98
[2026-02-13T15:30:31] Price: 202.98
[2026-02-13T15:30:41] Price: 202.98
[2026-02-13T15:30:51] Price: 202.98
[2026-02-13T15:31:01] Price: 202.98
[2026-02-13T15:31:11] Price: 203.18
[2026-02-13T15:31:21] Price: 203.18
[2026-02-13T15:31:31] Price: 203.18
[2026-02-13T15:31:41] Price: 203.18
[2026-02-13T15:31:51] Price: 203.18
[2026-02-13T15:32:01] Price: 203.18
[2026-02-13T15:32:11] Price: 203.18
[2026-02-13T15:32:21] Price: 203.18
[2026-02-13T15:32:31] Price: 203.18
[2026-02-13T15:32:41] Price: 203.18
[2026-02-13T15:32:51] Price: 203.18
[2026-02-13T15:33:01] Price: 203.18
[2026-02-13T15:33:11] Price: 203.18
[2026-02-13T15:33:21] Price: 203.18
[2026-02-13T15:33:31] Price: 203.18
[2026-02-13T15:33:41] Price: 203.18
[2026-02-13T15:33:51] Price: 203.18
[2026-02-13T15:34:01] Price: 203.18
[2026-02-13T15:34:11] Price: 203.18
[2026-02-13T15:34:21] Price: 203.18
[2026-02-13T15:34:31] Price: 203.18
[2026-02-13T15:34:41] Price: 203.18
[2026-02-13T15:34:51] Price: 203.18
[2026-02-13T15:35:01] Price: 203.18
[2026-02-13T15:35:11] Price: 203.18
[2026-02-13T15:35:22] Price: 203.18
[2026-02-13T15:35:31] Price: 203.18
[2026-02-13T15:35:41] Price: 203.18
[2026-02-13T15:35:51] Price: 203.18
[2026-02-13T15:36:01] Price: 203.18
[2026-02-13T15:36:11] Price: 203.18
[2026-02-13T15:36:21] Price: 203.18
[2026-02-13T15:36:31] Price: 203.18
[2026-02-13T15:36:41] Price: 203.18
[2026-02-13T15:36:51] Price: 203.18
[2026-02-13T15:37:01] Price: 203.18
[2026-02-13T15:37:12] Price: 203.18
[2026-02-13T15:37:22] Price: 203.18
[2026-02-13T15:37:31] Price: 203.18
[2026-02-13T15:37:42] Price: 203.18
[2026-02-13T15:37:52] Price: 203.18
[2026-02-13T15:38:02] Price: 203.18
[2026-02-13T15:38:12] Price: 203.18
[2026-02-13T15:38:22] Price: 203.18
[2026-02-13T15:38:32] Price: 203.18
[2026-02-13T15:38:42] Price: 203.18
[2026-02-13T15:38:52] Price: 203.18
[2026-02-13T15:39:02] Price: 203.18
[2026-02-13T15:39:12] Price: 203.18
[2026-02-13T15:39:22] Price: 203.18
[2026-02-13T15:39:32] Price: 203.18
[2026-02-13T15:39:42] Price: 203.18
[2026-02-13T15:39:52] Price: 203.18
[2026-02-13T15:40:02] Price: 203.18
[2026-02-13T15:40:12] Price: 203.18
[2026-02-13T15:40:22] Price: 203.18
[2026-02-13T15:40:32] Price: 203.18
[2026-02-13T15:40:42] Price: 203.18
[2026-02-13T15:40:52] Price: 203.18
[2026-02-13T15:41:02] Price: 203.18
[2026-02-13T15:41:12] Price: 203.18
[2026-02-13T15:41:22] Price: 203.18
[2026-02-13T15:41:32] Price: 203.18
[2026-02-13T15:41:42] Price: 203.18
[2026-02-13T15:41:52] Price: 203.18
[2026-02-13T15:42:02] Price: 203.18
[2026-02-13T15:42:12] Price: 203.18
[2026-02-13T15:42:22] Price: 203.18
[2026-02-13T15:42:32] Price: 203.18
[2026-02-13T15:42:42] Price: 203.18
[2026-02-13T15:42:52] Price: 203.18
[2026-02-13T15:43:02] Price: 203.18
[2026-02-13T15:43:12] Price: 203.18
[2026-02-13T15:43:22] Price: 203.18
[2026-02-13T15:43:32] Price: 203.18
[2026-02-13T15:43:42] Price: 203.18
[2026-02-13T15:43:52] Price: 203.18
[2026-02-13T15:44:02] Price: 203.18
[2026-02-13T15:44:12] Price: 203.18
[2026-02-13T15:44:22] Price: 203.18
[2026-02-13T15:44:32] Price: 203.18
[2026-02-13T15:44:42] Price: 203.18
[2026-02-13T15:44:52] Price: 203.18
[2026-02-13T15:45:02] Price: 203.18
[2026-02-13T15:45:12] Price: 203.18
[2026-02-13T15:45:22] Price: 203.18
[2026-02-13T15:45:32] Price: 203.18
[2026-02-13T15:45:42] Price: 203.18
[2026-02-13T15:45:52] Price: 203.18
[2026-02-13T15:46:02] Price: 203.18
[2026-02-13T15:46:12] Price: 203.18
[2026-02-13T15:46:22] Price: 203.18
[2026-02-13T15:46:32] Price: 203.18
[2026-02-13T15:46:42] Price: 203.18
[2026-02-13T15:46:52] Price: 203.18
[2026-02-13T15:47:02] Price: 203.18
[2026-02-13T15:47:12] Price: 203.18
[2026-02-13T15:47:22] Price: 203.18
[2026-02-13T15:47:32] Price: 203.18
[2026-02-13T15:47:42] Price: 203.18
[2026-02-13T15:47:52] Price: 203.18
[2026-02-13T15:48:02] Price: 203.18
[2026-02-13T15:48:12] Price: 203.18
[2026-02-13T15:48:22] Price: 203.18
[2026-02-13T15:48:32] Price: 203.18
[2026-02-13T15:48:42] Price: 203.18
[2026-02-13T15:48:52] Price: 203.18
[2026-02-13T15:49:02] Price: 203.18
[2026-02-13T15:49:12] Price: 203.18
[2026-02-13T15:49:22] Price: 203.18
[2026-02-13T15:49:32] Price: 203.18
[2026-02-13T15:49:42] Price: 203.18
[2026-02-13T15:49:52] Price: 203.18
[2026-02-13T15:50:02] Price: 203.18
[2026-02-13T15:50:12] Price: 203.18
[2026-02-13T15:50:22] Price: 203.18
[2026-02-13T15:50:32] Price: 203.18
[2026-02-13T15:50:42] Price: 203.18
[2026-02-13T15:50:52] Price: 203.18
[2026-02-13T15:51:02] Price: 203.18
[2026-02-13T15:51:12] Price: 203.18
[2026-02-13T15:51:22] Price: 203.18
[2026-02-13T15:51:32] Price: 203.18
[2026-02-13T15:51:42] Price: 203.18
[2026-02-13T15:51:52] Price: 203.18
[2026-02-13T15:52:02] Price: 203.18
[2026-02-13T15:52:12] Price: 203.18
[2026-02-13T15:52:22] Price: 203.18
[2026-02-13T15:52:32] Price: 203.18
[2026-02-13T15:52:42] Price: 203.18
[2026-02-13T15:52:52] Price: 203.18
[2026-02-13T15:53:02] Price: 203.18
[2026-02-13T15:53:12] Price: 203.18
[2026-02-13T15:53:22] Price: 203.18
[2026-02-13T15:53:32] Price: 203.18
[2026-02-13T15:53:42] Price: 203.18
[2026-02-13T15:53:52] Price: 203.18
[2026-02-13T15:54:02] Price: 203.18
[2026-02-13T15:54:12] Price: 203.18
[2026-02-13T15:54:22] Price: 203.18
[2026-02-13T15:54:32] Price: 203.18
[2026-02-13T15:54:42] Price: 203.18
[2026-02-13T15:54:52] Price: 203.18
[2026-02-13T15:55:02] Price: 203.18
[2026-02-13T15:55:12] Price: 203.18
[2026-02-13T15:55:22] Price: 203.18
[2026-02-13T15:55:32] Price: 203.18
[2026-02-13T15:55:42] Price: 203.18
[2026-02-13T15:55:52] Price: 203.18
[2026-02-13T15:56:02] Price: 203.18
[2026-02-13T15:56:13] Price: 203.18
[2026-02-13T15:56:22] Price: 203.18
[2026-02-13T15:56:32] Price: 203.18
[2026-02-13T15:56:42] Price: 203.18
[2026-02-13T15:56:52] Price: 203.18
[2026-02-13T15:57:02] Price: 203.18
[2026-02-13T15:57:12] Price: 203.18
[2026-02-13T15:57:22] Price: 203.18
[2026-02-13T15:57:32] Price: 203.18
[2026-02-13T15:57:42] Price: 203.18
[2026-02-13T15:57:52] Price: 203.18
[2026-02-13T15:58:02] Price: 203.18
[2026-02-13T15:58:12] Price: 203.18
[2026-02-13T15:58:22] Price: 203.18
[2026-02-13T15:58:32] Price: 203.18
[2026-02-13T15:58:43] Price: 203.18
[2026-02-13T15:58:53] Price: 203.18
[2026-02-13T15:59:03] Price: 203.18
[2026-02-13T15:59:13] Price: 203.18
[2026-02-13T15:59:23] Price: 203.18
[2026-02-13T15:59:33] Price: 203.18
[2026-02-13T15:59:43] Price: 203.18
[2026-02-13T15:59:53] Price: 203.18
[2026-02-13T16:00:03] Price: 203.18
[2026-02-13T16:00:13] Price: 203.18
[2026-02-13T16:00:23] Price: 203.18
[2026-02-13T16:00:33] Price: 203.18
[2026-02-13T16:00:43] Price: 203.18
[2026-02-13T16:00:53] Price: 203.18
[2026-02-13T16:01:03] Price: 203.18
[2026-02-13T16:01:13] Price: 203.18
[2026-02-13T16:01:23] Price: 203.18
[2026-02-13T16:01:33] Price: 203.18
[2026-02-13T16:01:43] Price: 203.18
[2026-02-13T16:01:53] Price: 203.18
[2026-02-13T16:02:03] Price: 203.18
[2026-02-13T16:02:13] Price: 203.18
[2026-02-13T16:02:23] Price: 203.18
[2026-02-13T16:02:33] Price: 203.18
[2026-02-13T16:02:43] Price: 203.18
[2026-02-13T16:02:53] Price: 203.18
[2026-02-13T16:03:03] Price: 203.18
[2026-02-13T16:03:13] Price: 203.18
[2026-02-13T16:03:23] Price: 203.18
[2026-02-13T16:03:33] Price: 203.18
[2026-02-13T16:03:43] Price: 203.18
[2026-02-13T16:03:53] Price: 203.18
[2026-02-13T16:04:03] Price: 203.18
[2026-02-13T16:04:13] Price: 203.18
[2026-02-13T16:04:23] Price: 203.18
[2026-02-13T16:04:33] Price: 203.18
[2026-02-13T16:04:43] Price: 203.18
[2026-02-13T16:04:53] Price: 203.18
[2026-02-13T16:05:03] Price: 203.18
[2026-02-13T16:05:13] Price: 203.18
[2026-02-13T16:05:23] Price: 203.18
[2026-02-13T16:05:33] Price: 203.18
[2026-02-13T16:05:43] Price: 203.18
